[DEBUG] 2018-02-08 17:48:28.907 [main] IntegratorServiceImpl - Adding Integrator [org.hibernate.cfg.beanvalidation.BeanValidationIntegrator].
[DEBUG] 2018-02-08 17:48:28.930 [main] IntegratorServiceImpl - Adding Integrator [org.hibernate.secure.spi.JaccIntegrator].
[DEBUG] 2018-02-08 17:48:28.948 [main] IntegratorServiceImpl - Adding Integrator [org.hibernate.cache.internal.CollectionCacheInvalidator].
[INFO ] 2018-02-08 17:48:29.195 [main] Version - HHH000412: Hibernate Core {5.2.12.Final}
[INFO ] 2018-02-08 17:48:29.198 [main] Environment - HHH000206: hibernate.properties not found
[DEBUG] 2018-02-08 17:48:29.306 [main] LocalXmlResourceResolver - Interpreting public/system identifier : [-//Hibernate/Hibernate Configuration DTD//EN] - [http://www.hibernate.org/dtd/hibernate-configuration-3.0.dtd]
[DEBUG] 2018-02-08 17:48:29.309 [main] LocalXmlResourceResolver - Recognized hibernate-configuration identifier; attempting to resolve on classpath under org/hibernate/
[DEBUG] 2018-02-08 17:48:29.319 [main] JaxbCfgProcessor - cfg.xml document did not define namespaces; wrapping in custom event reader to introduce namespace information
[DEBUG] 2018-02-08 17:48:29.881 [main] ServiceBinding - Overriding existing service binding [org.hibernate.secure.spi.JaccService]
[DEBUG] 2018-02-08 17:48:29.935 [main] RegionFactoryInitiator - Cache region factory : org.hibernate.cache.internal.NoCachingRegionFactory
[INFO ] 2018-02-08 17:48:29.961 [main] Version - HCANN000001: Hibernate Commons Annotations {5.0.1.Final}
[DEBUG] 2018-02-08 17:48:30.061 [main] BasicTypeRegistry - Adding type registration boolean -> org.hibernate.type.BooleanType@1500b2f3
[DEBUG] 2018-02-08 17:48:30.062 [main] BasicTypeRegistry - Adding type registration boolean -> org.hibernate.type.BooleanType@1500b2f3
[DEBUG] 2018-02-08 17:48:30.062 [main] BasicTypeRegistry - Adding type registration java.lang.Boolean -> org.hibernate.type.BooleanType@1500b2f3
[DEBUG] 2018-02-08 17:48:30.064 [main] BasicTypeRegistry - Adding type registration numeric_boolean -> org.hibernate.type.NumericBooleanType@5c86a017
[DEBUG] 2018-02-08 17:48:30.067 [main] BasicTypeRegistry - Adding type registration true_false -> org.hibernate.type.TrueFalseType@4dc27487
[DEBUG] 2018-02-08 17:48:30.067 [main] BasicTypeRegistry - Adding type registration yes_no -> org.hibernate.type.YesNoType@2584b82d
[DEBUG] 2018-02-08 17:48:30.072 [main] BasicTypeRegistry - Adding type registration byte -> org.hibernate.type.ByteType@1f9e9475
[DEBUG] 2018-02-08 17:48:30.072 [main] BasicTypeRegistry - Adding type registration byte -> org.hibernate.type.ByteType@1f9e9475
[DEBUG] 2018-02-08 17:48:30.072 [main] BasicTypeRegistry - Adding type registration java.lang.Byte -> org.hibernate.type.ByteType@1f9e9475
[DEBUG] 2018-02-08 17:48:30.078 [main] BasicTypeRegistry - Adding type registration character -> org.hibernate.type.CharacterType@14dd7b39
[DEBUG] 2018-02-08 17:48:30.078 [main] BasicTypeRegistry - Adding type registration char -> org.hibernate.type.CharacterType@14dd7b39
[DEBUG] 2018-02-08 17:48:30.078 [main] BasicTypeRegistry - Adding type registration java.lang.Character -> org.hibernate.type.CharacterType@14dd7b39
[DEBUG] 2018-02-08 17:48:30.081 [main] BasicTypeRegistry - Adding type registration short -> org.hibernate.type.ShortType@f68f0dc
[DEBUG] 2018-02-08 17:48:30.082 [main] BasicTypeRegistry - Adding type registration short -> org.hibernate.type.ShortType@f68f0dc
[DEBUG] 2018-02-08 17:48:30.082 [main] BasicTypeRegistry - Adding type registration java.lang.Short -> org.hibernate.type.ShortType@f68f0dc
[DEBUG] 2018-02-08 17:48:30.085 [main] BasicTypeRegistry - Adding type registration integer -> org.hibernate.type.IntegerType@38145825
[DEBUG] 2018-02-08 17:48:30.085 [main] BasicTypeRegistry - Adding type registration int -> org.hibernate.type.IntegerType@38145825
[DEBUG] 2018-02-08 17:48:30.085 [main] BasicTypeRegistry - Adding type registration java.lang.Integer -> org.hibernate.type.IntegerType@38145825
[DEBUG] 2018-02-08 17:48:30.087 [main] BasicTypeRegistry - Adding type registration long -> org.hibernate.type.LongType@1e4f4a5c
[DEBUG] 2018-02-08 17:48:30.088 [main] BasicTypeRegistry - Adding type registration long -> org.hibernate.type.LongType@1e4f4a5c
[DEBUG] 2018-02-08 17:48:30.088 [main] BasicTypeRegistry - Adding type registration java.lang.Long -> org.hibernate.type.LongType@1e4f4a5c
[DEBUG] 2018-02-08 17:48:30.090 [main] BasicTypeRegistry - Adding type registration float -> org.hibernate.type.FloatType@5efa40fe
[DEBUG] 2018-02-08 17:48:30.091 [main] BasicTypeRegistry - Adding type registration float -> org.hibernate.type.FloatType@5efa40fe
[DEBUG] 2018-02-08 17:48:30.091 [main] BasicTypeRegistry - Adding type registration java.lang.Float -> org.hibernate.type.FloatType@5efa40fe
[DEBUG] 2018-02-08 17:48:30.093 [main] BasicTypeRegistry - Adding type registration double -> org.hibernate.type.DoubleType@6e2aa843
[DEBUG] 2018-02-08 17:48:30.094 [main] BasicTypeRegistry - Adding type registration double -> org.hibernate.type.DoubleType@6e2aa843
[DEBUG] 2018-02-08 17:48:30.094 [main] BasicTypeRegistry - Adding type registration java.lang.Double -> org.hibernate.type.DoubleType@6e2aa843
[DEBUG] 2018-02-08 17:48:30.096 [main] BasicTypeRegistry - Adding type registration big_decimal -> org.hibernate.type.BigDecimalType@13d73f29
[DEBUG] 2018-02-08 17:48:30.096 [main] BasicTypeRegistry - Adding type registration java.math.BigDecimal -> org.hibernate.type.BigDecimalType@13d73f29
[DEBUG] 2018-02-08 17:48:30.102 [main] BasicTypeRegistry - Adding type registration big_integer -> org.hibernate.type.BigIntegerType@2fb0623e
[DEBUG] 2018-02-08 17:48:30.103 [main] BasicTypeRegistry - Adding type registration java.math.BigInteger -> org.hibernate.type.BigIntegerType@2fb0623e
[DEBUG] 2018-02-08 17:48:30.105 [main] BasicTypeRegistry - Adding type registration string -> org.hibernate.type.StringType@311bf055
[DEBUG] 2018-02-08 17:48:30.105 [main] BasicTypeRegistry - Adding type registration java.lang.String -> org.hibernate.type.StringType@311bf055
[DEBUG] 2018-02-08 17:48:30.110 [main] BasicTypeRegistry - Adding type registration nstring -> org.hibernate.type.StringNVarcharType@78452606
[DEBUG] 2018-02-08 17:48:30.112 [main] BasicTypeRegistry - Adding type registration ncharacter -> org.hibernate.type.CharacterNCharType@7098b907
[DEBUG] 2018-02-08 17:48:30.114 [main] BasicTypeRegistry - Adding type registration url -> org.hibernate.type.UrlType@3bcd05cb
[DEBUG] 2018-02-08 17:48:30.114 [main] BasicTypeRegistry - Adding type registration java.net.URL -> org.hibernate.type.UrlType@3bcd05cb
[DEBUG] 2018-02-08 17:48:30.117 [main] BasicTypeRegistry - Adding type registration Duration -> org.hibernate.type.DurationType@24959ca4
[DEBUG] 2018-02-08 17:48:30.117 [main] BasicTypeRegistry - Adding type registration java.time.Duration -> org.hibernate.type.DurationType@24959ca4
[DEBUG] 2018-02-08 17:48:30.163 [main] BasicTypeRegistry - Adding type registration Instant -> org.hibernate.type.InstantType@7d9f158f
[DEBUG] 2018-02-08 17:48:30.163 [main] BasicTypeRegistry - Adding type registration java.time.Instant -> org.hibernate.type.InstantType@7d9f158f
[DEBUG] 2018-02-08 17:48:30.169 [main] BasicTypeRegistry - Adding type registration LocalDateTime -> org.hibernate.type.LocalDateTimeType@383dc82c
[DEBUG] 2018-02-08 17:48:30.169 [main] BasicTypeRegistry - Adding type registration java.time.LocalDateTime -> org.hibernate.type.LocalDateTimeType@383dc82c
[DEBUG] 2018-02-08 17:48:30.175 [main] BasicTypeRegistry - Adding type registration LocalDate -> org.hibernate.type.LocalDateType@2f01783a
[DEBUG] 2018-02-08 17:48:30.181 [main] BasicTypeRegistry - Adding type registration java.time.LocalDate -> org.hibernate.type.LocalDateType@2f01783a
[DEBUG] 2018-02-08 17:48:30.185 [main] BasicTypeRegistry - Adding type registration LocalTime -> org.hibernate.type.LocalTimeType@22f59fa
[DEBUG] 2018-02-08 17:48:30.185 [main] BasicTypeRegistry - Adding type registration java.time.LocalTime -> org.hibernate.type.LocalTimeType@22f59fa
[DEBUG] 2018-02-08 17:48:30.190 [main] BasicTypeRegistry - Adding type registration OffsetDateTime -> org.hibernate.type.OffsetDateTimeType@79defdc
[DEBUG] 2018-02-08 17:48:30.191 [main] BasicTypeRegistry - Adding type registration java.time.OffsetDateTime -> org.hibernate.type.OffsetDateTimeType@79defdc
[DEBUG] 2018-02-08 17:48:30.195 [main] BasicTypeRegistry - Adding type registration OffsetTime -> org.hibernate.type.OffsetTimeType@5852c06f
[DEBUG] 2018-02-08 17:48:30.195 [main] BasicTypeRegistry - Adding type registration java.time.OffsetTime -> org.hibernate.type.OffsetTimeType@5852c06f
[DEBUG] 2018-02-08 17:48:30.204 [main] BasicTypeRegistry - Adding type registration ZonedDateTime -> org.hibernate.type.ZonedDateTimeType@4bff7da0
[DEBUG] 2018-02-08 17:48:30.204 [main] BasicTypeRegistry - Adding type registration java.time.ZonedDateTime -> org.hibernate.type.ZonedDateTimeType@4bff7da0
[DEBUG] 2018-02-08 17:48:30.207 [main] BasicTypeRegistry - Adding type registration date -> org.hibernate.type.DateType@18ece7f4
[DEBUG] 2018-02-08 17:48:30.208 [main] BasicTypeRegistry - Adding type registration java.sql.Date -> org.hibernate.type.DateType@18ece7f4
[DEBUG] 2018-02-08 17:48:30.213 [main] BasicTypeRegistry - Adding type registration time -> org.hibernate.type.TimeType@264f218
[DEBUG] 2018-02-08 17:48:30.213 [main] BasicTypeRegistry - Adding type registration java.sql.Time -> org.hibernate.type.TimeType@264f218
[DEBUG] 2018-02-08 17:48:30.219 [main] BasicTypeRegistry - Adding type registration timestamp -> org.hibernate.type.TimestampType@81d9a72
[DEBUG] 2018-02-08 17:48:30.219 [main] BasicTypeRegistry - Adding type registration java.sql.Timestamp -> org.hibernate.type.TimestampType@81d9a72
[DEBUG] 2018-02-08 17:48:30.219 [main] BasicTypeRegistry - Adding type registration java.util.Date -> org.hibernate.type.TimestampType@81d9a72
[DEBUG] 2018-02-08 17:48:30.223 [main] BasicTypeRegistry - Adding type registration dbtimestamp -> org.hibernate.type.DbTimestampType@2ca26d77
[DEBUG] 2018-02-08 17:48:30.225 [main] BasicTypeRegistry - Adding type registration calendar -> org.hibernate.type.CalendarType@1ebea008
[DEBUG] 2018-02-08 17:48:30.225 [main] BasicTypeRegistry - Adding type registration java.util.Calendar -> org.hibernate.type.CalendarType@1ebea008
[DEBUG] 2018-02-08 17:48:30.225 [main] BasicTypeRegistry - Adding type registration java.util.GregorianCalendar -> org.hibernate.type.CalendarType@1ebea008
[DEBUG] 2018-02-08 17:48:30.226 [main] BasicTypeRegistry - Adding type registration calendar_date -> org.hibernate.type.CalendarDateType@7de62196
[DEBUG] 2018-02-08 17:48:30.228 [main] BasicTypeRegistry - Adding type registration locale -> org.hibernate.type.LocaleType@389b0789
[DEBUG] 2018-02-08 17:48:30.228 [main] BasicTypeRegistry - Adding type registration java.util.Locale -> org.hibernate.type.LocaleType@389b0789
[DEBUG] 2018-02-08 17:48:30.229 [main] BasicTypeRegistry - Adding type registration currency -> org.hibernate.type.CurrencyType@51bd8b5c
[DEBUG] 2018-02-08 17:48:30.230 [main] BasicTypeRegistry - Adding type registration java.util.Currency -> org.hibernate.type.CurrencyType@51bd8b5c
[DEBUG] 2018-02-08 17:48:30.235 [main] BasicTypeRegistry - Adding type registration timezone -> org.hibernate.type.TimeZoneType@64ec96c6
[DEBUG] 2018-02-08 17:48:30.235 [main] BasicTypeRegistry - Adding type registration java.util.TimeZone -> org.hibernate.type.TimeZoneType@64ec96c6
[DEBUG] 2018-02-08 17:48:30.237 [main] BasicTypeRegistry - Adding type registration class -> org.hibernate.type.ClassType@452e19ca
[DEBUG] 2018-02-08 17:48:30.237 [main] BasicTypeRegistry - Adding type registration java.lang.Class -> org.hibernate.type.ClassType@452e19ca
[DEBUG] 2018-02-08 17:48:30.239 [main] BasicTypeRegistry - Adding type registration uuid-binary -> org.hibernate.type.UUIDBinaryType@2f666ebb
[DEBUG] 2018-02-08 17:48:30.240 [main] BasicTypeRegistry - Adding type registration java.util.UUID -> org.hibernate.type.UUIDBinaryType@2f666ebb
[DEBUG] 2018-02-08 17:48:30.240 [main] BasicTypeRegistry - Adding type registration uuid-char -> org.hibernate.type.UUIDCharType@4b2c5e02
[DEBUG] 2018-02-08 17:48:30.242 [main] BasicTypeRegistry - Adding type registration binary -> org.hibernate.type.BinaryType@6531a794
[DEBUG] 2018-02-08 17:48:30.242 [main] BasicTypeRegistry - Adding type registration byte[] -> org.hibernate.type.BinaryType@6531a794
[DEBUG] 2018-02-08 17:48:30.242 [main] BasicTypeRegistry - Adding type registration [B -> org.hibernate.type.BinaryType@6531a794
[DEBUG] 2018-02-08 17:48:30.243 [main] BasicTypeRegistry - Adding type registration wrapper-binary -> org.hibernate.type.WrapperBinaryType@102cec62
[DEBUG] 2018-02-08 17:48:30.243 [main] BasicTypeRegistry - Adding type registration Byte[] -> org.hibernate.type.WrapperBinaryType@102cec62
[DEBUG] 2018-02-08 17:48:30.244 [main] BasicTypeRegistry - Adding type registration [Ljava.lang.Byte; -> org.hibernate.type.WrapperBinaryType@102cec62
[DEBUG] 2018-02-08 17:48:30.245 [main] BasicTypeRegistry - Adding type registration row_version -> org.hibernate.type.RowVersionType@19b89d4
[DEBUG] 2018-02-08 17:48:30.246 [main] BasicTypeRegistry - Adding type registration image -> org.hibernate.type.ImageType@14f232c4
[DEBUG] 2018-02-08 17:48:30.247 [main] BasicTypeRegistry - Adding type registration characters -> org.hibernate.type.CharArrayType@7ba8c737
[DEBUG] 2018-02-08 17:48:30.247 [main] BasicTypeRegistry - Adding type registration char[] -> org.hibernate.type.CharArrayType@7ba8c737
[DEBUG] 2018-02-08 17:48:30.247 [main] BasicTypeRegistry - Adding type registration [C -> org.hibernate.type.CharArrayType@7ba8c737
[DEBUG] 2018-02-08 17:48:30.249 [main] BasicTypeRegistry - Adding type registration wrapper-characters -> org.hibernate.type.CharacterArrayType@31edaa7d
[DEBUG] 2018-02-08 17:48:30.249 [main] BasicTypeRegistry - Adding type registration [Ljava.lang.Character; -> org.hibernate.type.CharacterArrayType@31edaa7d
[DEBUG] 2018-02-08 17:48:30.249 [main] BasicTypeRegistry - Adding type registration Character[] -> org.hibernate.type.CharacterArrayType@31edaa7d
[DEBUG] 2018-02-08 17:48:30.250 [main] BasicTypeRegistry - Adding type registration text -> org.hibernate.type.TextType@6950ed69
[DEBUG] 2018-02-08 17:48:30.252 [main] BasicTypeRegistry - Adding type registration ntext -> org.hibernate.type.NTextType@189cbd7c
[DEBUG] 2018-02-08 17:48:30.259 [main] BasicTypeRegistry - Adding type registration blob -> org.hibernate.type.BlobType@3fa247d1
[DEBUG] 2018-02-08 17:48:30.259 [main] BasicTypeRegistry - Adding type registration java.sql.Blob -> org.hibernate.type.BlobType@3fa247d1
[DEBUG] 2018-02-08 17:48:30.261 [main] BasicTypeRegistry - Adding type registration materialized_blob -> org.hibernate.type.MaterializedBlobType@723e88f9
[DEBUG] 2018-02-08 17:48:30.268 [main] BasicTypeRegistry - Adding type registration clob -> org.hibernate.type.ClobType@5456afaa
[DEBUG] 2018-02-08 17:48:30.268 [main] BasicTypeRegistry - Adding type registration java.sql.Clob -> org.hibernate.type.ClobType@5456afaa
[DEBUG] 2018-02-08 17:48:30.271 [main] BasicTypeRegistry - Adding type registration nclob -> org.hibernate.type.NClobType@59e2d8e3
[DEBUG] 2018-02-08 17:48:30.271 [main] BasicTypeRegistry - Adding type registration java.sql.NClob -> org.hibernate.type.NClobType@59e2d8e3
[DEBUG] 2018-02-08 17:48:30.271 [main] BasicTypeRegistry - Adding type registration materialized_clob -> org.hibernate.type.MaterializedClobType@5d43661b
[DEBUG] 2018-02-08 17:48:30.271 [main] BasicTypeRegistry - Adding type registration materialized_nclob -> org.hibernate.type.MaterializedNClobType@4bf48f6
[DEBUG] 2018-02-08 17:48:30.274 [main] BasicTypeRegistry - Adding type registration serializable -> org.hibernate.type.SerializableType@266374ef
[DEBUG] 2018-02-08 17:48:30.281 [main] BasicTypeRegistry - Adding type registration object -> org.hibernate.type.ObjectType@1f81aa00
[DEBUG] 2018-02-08 17:48:30.281 [main] BasicTypeRegistry - Adding type registration java.lang.Object -> org.hibernate.type.ObjectType@1f81aa00
[DEBUG] 2018-02-08 17:48:30.282 [main] BasicTypeRegistry - Adding type registration imm_date -> org.hibernate.type.AdaptedImmutableType@1787bc24
[DEBUG] 2018-02-08 17:48:30.282 [main] BasicTypeRegistry - Adding type registration imm_time -> org.hibernate.type.AdaptedImmutableType@544d57e
[DEBUG] 2018-02-08 17:48:30.283 [main] BasicTypeRegistry - Adding type registration imm_timestamp -> org.hibernate.type.AdaptedImmutableType@55c53a33
[DEBUG] 2018-02-08 17:48:30.283 [main] BasicTypeRegistry - Adding type registration imm_dbtimestamp -> org.hibernate.type.AdaptedImmutableType@53b7f657
[DEBUG] 2018-02-08 17:48:30.283 [main] BasicTypeRegistry - Adding type registration imm_calendar -> org.hibernate.type.AdaptedImmutableType@797b0699
[DEBUG] 2018-02-08 17:48:30.283 [main] BasicTypeRegistry - Adding type registration imm_calendar_date -> org.hibernate.type.AdaptedImmutableType@5a37d3ed
[DEBUG] 2018-02-08 17:48:30.283 [main] BasicTypeRegistry - Adding type registration imm_binary -> org.hibernate.type.AdaptedImmutableType@26df6e3a
[DEBUG] 2018-02-08 17:48:30.283 [main] BasicTypeRegistry - Adding type registration imm_serializable -> org.hibernate.type.AdaptedImmutableType@4a3631f8
[INFO ] 2018-02-08 17:48:30.337 [main] C3P0ConnectionProvider - HHH010002: C3P0 using driver: com.mysql.jdbc.Driver at URL: jdbc:mysql://localhost:3306/test_sample
[INFO ] 2018-02-08 17:48:30.337 [main] C3P0ConnectionProvider - HHH10001001: Connection properties: {user=root, password=****}
[INFO ] 2018-02-08 17:48:30.337 [main] C3P0ConnectionProvider - HHH10001003: Autocommit mode: false
[INFO ] 2018-02-08 17:48:30.571 [main] C3P0ConnectionProvider - HHH10001007: JDBC isolation level: <unknown>
[DEBUG] 2018-02-08 17:48:31.275 [main] JdbcEnvironmentInitiator - Database ->
       name : MySQL
    version : 5.7.21
      major : 5
      minor : 7
[DEBUG] 2018-02-08 17:48:31.275 [main] JdbcEnvironmentInitiator - Driver ->
       name : MySQL Connector Java
    version : mysql-connector-java-5.1.39 ( Revision: 3289a357af6d09ecc1a10fd3c26e95183e5790ad )
      major : 5
      minor : 1
[DEBUG] 2018-02-08 17:48:31.276 [main] JdbcEnvironmentInitiator - JDBC version : 4.0
[INFO ] 2018-02-08 17:48:31.313 [main] Dialect - HHH000400: Using dialect: org.hibernate.dialect.MySQL5Dialect
[DEBUG] 2018-02-08 17:48:31.376 [main] IdentifierHelperBuilder - JDBC driver metadata reported database stores quoted identifiers in more than one case
[DEBUG] 2018-02-08 17:48:31.378 [main] IdentifierHelperBuilder - IdentifierCaseStrategy for both quoted and unquoted identifiers was set to the same strategy [MIXED]; that will likely lead to problems in schema update and validation if using quoted identifiers
[DEBUG] 2018-02-08 17:48:31.462 [main] DefaultIdentifierGeneratorFactory - Registering IdentifierGenerator strategy [uuid2] -> [org.hibernate.id.UUIDGenerator]
[DEBUG] 2018-02-08 17:48:31.463 [main] DefaultIdentifierGeneratorFactory - Registering IdentifierGenerator strategy [guid] -> [org.hibernate.id.GUIDGenerator]
[DEBUG] 2018-02-08 17:48:31.465 [main] DefaultIdentifierGeneratorFactory - Registering IdentifierGenerator strategy [uuid] -> [org.hibernate.id.UUIDHexGenerator]
[DEBUG] 2018-02-08 17:48:31.465 [main] DefaultIdentifierGeneratorFactory - Registering IdentifierGenerator strategy [uuid.hex] -> [org.hibernate.id.UUIDHexGenerator]
[DEBUG] 2018-02-08 17:48:31.466 [main] DefaultIdentifierGeneratorFactory - Registering IdentifierGenerator strategy [assigned] -> [org.hibernate.id.Assigned]
[DEBUG] 2018-02-08 17:48:31.469 [main] DefaultIdentifierGeneratorFactory - Registering IdentifierGenerator strategy [identity] -> [org.hibernate.id.IdentityGenerator]
[DEBUG] 2018-02-08 17:48:31.470 [main] DefaultIdentifierGeneratorFactory - Registering IdentifierGenerator strategy [select] -> [org.hibernate.id.SelectGenerator]
[DEBUG] 2018-02-08 17:48:31.472 [main] DefaultIdentifierGeneratorFactory - Registering IdentifierGenerator strategy [sequence] -> [org.hibernate.id.enhanced.SequenceStyleGenerator]
[DEBUG] 2018-02-08 17:48:31.473 [main] DefaultIdentifierGeneratorFactory - Registering IdentifierGenerator strategy [seqhilo] -> [org.hibernate.id.SequenceHiLoGenerator]
[DEBUG] 2018-02-08 17:48:31.474 [main] DefaultIdentifierGeneratorFactory - Registering IdentifierGenerator strategy [increment] -> [org.hibernate.id.IncrementGenerator]
[DEBUG] 2018-02-08 17:48:31.475 [main] DefaultIdentifierGeneratorFactory - Registering IdentifierGenerator strategy [foreign] -> [org.hibernate.id.ForeignGenerator]
[DEBUG] 2018-02-08 17:48:31.475 [main] DefaultIdentifierGeneratorFactory - Registering IdentifierGenerator strategy [sequence-identity] -> [org.hibernate.id.SequenceIdentityGenerator]
[DEBUG] 2018-02-08 17:48:31.476 [main] DefaultIdentifierGeneratorFactory - Registering IdentifierGenerator strategy [enhanced-sequence] -> [org.hibernate.id.enhanced.SequenceStyleGenerator]
[DEBUG] 2018-02-08 17:48:31.477 [main] DefaultIdentifierGeneratorFactory - Registering IdentifierGenerator strategy [enhanced-table] -> [org.hibernate.id.enhanced.TableGenerator]
[DEBUG] 2018-02-08 17:48:31.555 [main] Namespace - Created database namespace [logicalName=Name{catalog=null, schema=null}, physicalName=Name{catalog=null, schema=null}]
[DEBUG] 2018-02-08 17:48:31.607 [main] AnnotationBinder - Binding entity from annotated class: edu.matc.entity.User
[DEBUG] 2018-02-08 17:48:31.653 [main] Ejb3Column - Binding column: Ejb3DiscriminatorColumn{logicalColumnName'DTYPE', discriminatorTypeName='string'}
[DEBUG] 2018-02-08 17:48:31.663 [main] EntityBinder - Import with entity name User
[DEBUG] 2018-02-08 17:48:31.666 [main] EntityBinder - Bind entity edu.matc.entity.User on table users
[DEBUG] 2018-02-08 17:48:31.705 [main] Ejb3Column - Binding column: Ejb3Column{table=org.hibernate.mapping.Table(users), mappingColumn=id, insertable=true, updatable=true, unique=false}
[DEBUG] 2018-02-08 17:48:31.710 [main] PropertyBinder - MetadataSourceProcessor property id with lazy=false
[DEBUG] 2018-02-08 17:48:31.713 [main] AbstractPropertyHolder - Attempting to locate auto-apply AttributeConverter for property [edu.matc.entity.User:id]
[DEBUG] 2018-02-08 17:48:31.715 [main] SimpleValueBinder - building SimpleValue for id
[DEBUG] 2018-02-08 17:48:31.718 [main] PropertyBinder - Building property id
[DEBUG] 2018-02-08 17:48:31.724 [main] Ejb3Column - Binding column: Ejb3Column{table=org.hibernate.mapping.Table(users), mappingColumn=first_name, insertable=true, updatable=true, unique=false}
[DEBUG] 2018-02-08 17:48:31.724 [main] PropertyBinder - MetadataSourceProcessor property firstName with lazy=false
[DEBUG] 2018-02-08 17:48:31.725 [main] AbstractPropertyHolder - Attempting to locate auto-apply AttributeConverter for property [edu.matc.entity.User:firstName]
[DEBUG] 2018-02-08 17:48:31.725 [main] SimpleValueBinder - building SimpleValue for firstName
[DEBUG] 2018-02-08 17:48:31.725 [main] PropertyBinder - Building property firstName
[DEBUG] 2018-02-08 17:48:31.725 [main] Ejb3Column - Binding column: Ejb3Column{table=org.hibernate.mapping.Table(users), mappingColumn=last_name, insertable=true, updatable=true, unique=false}
[DEBUG] 2018-02-08 17:48:31.725 [main] PropertyBinder - MetadataSourceProcessor property lastName with lazy=false
[DEBUG] 2018-02-08 17:48:31.725 [main] AbstractPropertyHolder - Attempting to locate auto-apply AttributeConverter for property [edu.matc.entity.User:lastName]
[DEBUG] 2018-02-08 17:48:31.725 [main] SimpleValueBinder - building SimpleValue for lastName
[DEBUG] 2018-02-08 17:48:31.725 [main] PropertyBinder - Building property lastName
[DEBUG] 2018-02-08 17:48:31.728 [main] SimpleValueBinder - Starting fillSimpleValue for id
[DEBUG] 2018-02-08 17:48:31.728 [main] SimpleValueBinder - Starting fillSimpleValue for firstName
[DEBUG] 2018-02-08 17:48:31.728 [main] SimpleValueBinder - Starting fillSimpleValue for lastName
[DEBUG] 2018-02-08 17:48:31.729 [main] PrimaryKey - Forcing column [id] to be non-null as it is part of the primary key for table [users]
[DEBUG] 2018-02-08 17:48:31.804 [main] SessionFactoryImpl - Building session factory
[DEBUG] 2018-02-08 17:48:31.805 [main] Settings - SessionFactory name : null
[DEBUG] 2018-02-08 17:48:31.806 [main] Settings - Automatic flush during beforeCompletion(): enabled
[DEBUG] 2018-02-08 17:48:31.806 [main] Settings - Automatic session close at end of transaction: disabled
[DEBUG] 2018-02-08 17:48:31.806 [main] Settings - Statistics: disabled
[DEBUG] 2018-02-08 17:48:31.806 [main] Settings - Deleted entity synthetic identifier rollback: disabled
[DEBUG] 2018-02-08 17:48:31.806 [main] Settings - Default entity-mode: pojo
[DEBUG] 2018-02-08 17:48:31.806 [main] Settings - Check Nullability in Core (should be disabled when Bean Validation is on): enabled
[DEBUG] 2018-02-08 17:48:31.806 [main] Settings - Allow initialization of lazy state outside session : disabled
[DEBUG] 2018-02-08 17:48:31.806 [main] Settings - Using BatchFetchStyle : LEGACY
[DEBUG] 2018-02-08 17:48:31.806 [main] Settings - Default batch fetch size: -1
[DEBUG] 2018-02-08 17:48:31.806 [main] Settings - Maximum outer join fetch depth: 2
[DEBUG] 2018-02-08 17:48:31.806 [main] Settings - Default null ordering: NONE
[DEBUG] 2018-02-08 17:48:31.806 [main] Settings - Order SQL updates by primary key: disabled
[DEBUG] 2018-02-08 17:48:31.806 [main] Settings - Order SQL inserts for batching: disabled
[DEBUG] 2018-02-08 17:48:31.806 [main] Settings - multi-tenancy strategy : NONE
[DEBUG] 2018-02-08 17:48:31.806 [main] Settings - JTA Track by Thread: enabled
[DEBUG] 2018-02-08 17:48:31.807 [main] Settings - Query language substitutions: {}
[DEBUG] 2018-02-08 17:48:31.807 [main] Settings - JPA query language strict compliance: disabled
[DEBUG] 2018-02-08 17:48:31.807 [main] Settings - Named query checking : enabled
[DEBUG] 2018-02-08 17:48:31.807 [main] Settings - Second-level cache: enabled
[DEBUG] 2018-02-08 17:48:31.807 [main] Settings - Second-level query cache: disabled
[DEBUG] 2018-02-08 17:48:31.807 [main] Settings - Second-level query cache factory: org.hibernate.cache.internal.StandardQueryCacheFactory@24fb6a80
[DEBUG] 2018-02-08 17:48:31.807 [main] Settings - Second-level cache region prefix: null
[DEBUG] 2018-02-08 17:48:31.807 [main] Settings - Optimize second-level cache for minimal puts: disabled
[DEBUG] 2018-02-08 17:48:31.807 [main] Settings - Structured second-level cache entries: disabled
[DEBUG] 2018-02-08 17:48:31.807 [main] Settings - Second-level cache direct-reference entries: disabled
[DEBUG] 2018-02-08 17:48:31.807 [main] Settings - Automatic eviction of collection cache: disabled
[DEBUG] 2018-02-08 17:48:31.807 [main] Settings - JDBC batch size: 15
[DEBUG] 2018-02-08 17:48:31.807 [main] Settings - JDBC batch updates for versioned data: enabled
[DEBUG] 2018-02-08 17:48:31.807 [main] Settings - Scrollable result sets: enabled
[DEBUG] 2018-02-08 17:48:31.807 [main] Settings - Wrap result sets: disabled
[DEBUG] 2018-02-08 17:48:31.807 [main] Settings - JDBC3 getGeneratedKeys(): enabled
[DEBUG] 2018-02-08 17:48:31.807 [main] Settings - JDBC result set fetch size: null
[DEBUG] 2018-02-08 17:48:31.808 [main] Settings - Connection release mode: AFTER_TRANSACTION
[DEBUG] 2018-02-08 17:48:31.808 [main] Settings - Generate SQL with comments: disabled
[DEBUG] 2018-02-08 17:48:31.932 [main] SessionFactoryImpl - Session factory constructed with filter configurations : {}
[DEBUG] 2018-02-08 17:48:31.933 [main] SessionFactoryImpl - Instantiating session factory with properties: {gopherProxySet=false, awt.toolkit=sun.lwawt.macosx.LWCToolkit, file.encoding.pkg=sun.io, java.specification.version=1.8, hibernate.c3p0.idle_test_period=3000, sun.cpu.isalist=, sun.jnu.encoding=UTF-8, hibernate.c3p0.min_size=5, java.class.path=/Applications/IntelliJ IDEA.app/Contents/lib/idea_rt.jar:/Applications/IntelliJ IDEA.app/Contents/plugins/junit/lib/junit-rt.jar:/Applications/IntelliJ IDEA.app/Contents/plugins/junit/lib/junit5-rt.jar:/Library/Java/JavaVirtualMachines/jdk1.8.0_162.jdk/Contents/Home/jre/lib/charsets.jar:/Library/Java/JavaVirtualMachines/jdk1.8.0_162.jdk/Contents/Home/jre/lib/deploy.jar:/Library/Java/JavaVirtualMachines/jdk1.8.0_162.jdk/Contents/Home/jre/lib/ext/cldrdata.jar:/Library/Java/JavaVirtualMachines/jdk1.8.0_162.jdk/Contents/Home/jre/lib/ext/dnsns.jar:/Library/Java/JavaVirtualMachines/jdk1.8.0_162.jdk/Contents/Home/jre/lib/ext/jaccess.jar:/Library/Java/JavaVirtualMachines/jdk1.8.0_162.jdk/Contents/Home/jre/lib/ext/jfxrt.jar:/Library/Java/JavaVirtualMachines/jdk1.8.0_162.jdk/Contents/Home/jre/lib/ext/localedata.jar:/Library/Java/JavaVirtualMachines/jdk1.8.0_162.jdk/Contents/Home/jre/lib/ext/nashorn.jar:/Library/Java/JavaVirtualMachines/jdk1.8.0_162.jdk/Contents/Home/jre/lib/ext/sunec.jar:/Library/Java/JavaVirtualMachines/jdk1.8.0_162.jdk/Contents/Home/jre/lib/ext/sunjce_provider.jar:/Library/Java/JavaVirtualMachines/jdk1.8.0_162.jdk/Contents/Home/jre/lib/ext/sunpkcs11.jar:/Library/Java/JavaVirtualMachines/jdk1.8.0_162.jdk/Contents/Home/jre/lib/ext/zipfs.jar:/Library/Java/JavaVirtualMachines/jdk1.8.0_162.jdk/Contents/Home/jre/lib/javaws.jar:/Library/Java/JavaVirtualMachines/jdk1.8.0_162.jdk/Contents/Home/jre/lib/jce.jar:/Library/Java/JavaVirtualMachines/jdk1.8.0_162.jdk/Contents/Home/jre/lib/jfr.jar:/Library/Java/JavaVirtualMachines/jdk1.8.0_162.jdk/Contents/Home/jre/lib/jfxswt.jar:/Library/Java/JavaVirtualMachines/jdk1.8.0_162.jdk/Contents/Home/jre/lib/jsse.jar:/Library/Java/JavaVirtualMachines/jdk1.8.0_162.jdk/Contents/Home/jre/lib/management-agent.jar:/Library/Java/JavaVirtualMachines/jdk1.8.0_162.jdk/Contents/Home/jre/lib/plugin.jar:/Library/Java/JavaVirtualMachines/jdk1.8.0_162.jdk/Contents/Home/jre/lib/resources.jar:/Library/Java/JavaVirtualMachines/jdk1.8.0_162.jdk/Contents/Home/jre/lib/rt.jar:/Library/Java/JavaVirtualMachines/jdk1.8.0_162.jdk/Contents/Home/lib/ant-javafx.jar:/Library/Java/JavaVirtualMachines/jdk1.8.0_162.jdk/Contents/Home/lib/dt.jar:/Library/Java/JavaVirtualMachines/jdk1.8.0_162.jdk/Contents/Home/lib/javafx-mx.jar:/Library/Java/JavaVirtualMachines/jdk1.8.0_162.jdk/Contents/Home/lib/jconsole.jar:/Library/Java/JavaVirtualMachines/jdk1.8.0_162.jdk/Contents/Home/lib/packager.jar:/Library/Java/JavaVirtualMachines/jdk1.8.0_162.jdk/Contents/Home/lib/sa-jdi.jar:/Library/Java/JavaVirtualMachines/jdk1.8.0_162.jdk/Contents/Home/lib/tools.jar:/Users/nicolesteck/IdeaProjects/IndividualProject/target/test-classes:/Users/nicolesteck/IdeaProjects/IndividualProject/target/classes:/Users/nicolesteck/.m2/repository/org/junit/jupiter/junit-jupiter-engine/5.0.0/junit-jupiter-engine-5.0.0.jar:/Users/nicolesteck/.m2/repository/org/apiguardian/apiguardian-api/1.0.0/apiguardian-api-1.0.0.jar:/Users/nicolesteck/.m2/repository/org/junit/platform/junit-platform-engine/1.0.0/junit-platform-engine-1.0.0.jar:/Users/nicolesteck/.m2/repository/org/junit/platform/junit-platform-commons/1.0.0/junit-platform-commons-1.0.0.jar:/Users/nicolesteck/.m2/repository/org/opentest4j/opentest4j/1.0.0/opentest4j-1.0.0.jar:/Users/nicolesteck/.m2/repository/org/junit/jupiter/junit-jupiter-api/5.0.0/junit-jupiter-api-5.0.0.jar:/Users/nicolesteck/.m2/repository/junit/junit/4.12/junit-4.12.jar:/Users/nicolesteck/.m2/repository/org/hamcrest/hamcrest-core/1.3/hamcrest-core-1.3.jar:/Users/nicolesteck/.m2/repository/org/junit/platform/junit-platform-runner/1.0.0/junit-platform-runner-1.0.0.jar:/Users/nicolesteck/.m2/repository/org/junit/platform/junit-platform-launcher/1.0.0/junit-platform-launcher-1.0.0.jar:/Users/nicolesteck/.m2/repository/org/junit/platform/junit-platform-suite-api/1.0.0/junit-platform-suite-api-1.0.0.jar:/Users/nicolesteck/.m2/repository/org/junit/vintage/junit-vintage-engine/4.12.0/junit-vintage-engine-4.12.0.jar:/Users/nicolesteck/.m2/repository/javax/javaee-web-api/7.0/javaee-web-api-7.0.jar:/Users/nicolesteck/.m2/repository/org/apache/logging/log4j/log4j-api/2.10.0/log4j-api-2.10.0.jar:/Users/nicolesteck/.m2/repository/org/apache/logging/log4j/log4j-core/2.10.0/log4j-core-2.10.0.jar:/Users/nicolesteck/.m2/repository/org/hibernate/hibernate-core/5.2.12.Final/hibernate-core-5.2.12.Final.jar:/Users/nicolesteck/.m2/repository/org/jboss/logging/jboss-logging/3.3.0.Final/jboss-logging-3.3.0.Final.jar:/Users/nicolesteck/.m2/repository/org/hibernate/javax/persistence/hibernate-jpa-2.1-api/1.0.0.Final/hibernate-jpa-2.1-api-1.0.0.Final.jar:/Users/nicolesteck/.m2/repository/org/javassist/javassist/3.20.0-GA/javassist-3.20.0-GA.jar:/Users/nicolesteck/.m2/repository/antlr/antlr/2.7.7/antlr-2.7.7.jar:/Users/nicolesteck/.m2/repository/org/jboss/spec/javax/transaction/jboss-transaction-api_1.2_spec/1.0.1.Final/jboss-transaction-api_1.2_spec-1.0.1.Final.jar:/Users/nicolesteck/.m2/repository/org/jboss/jandex/2.0.3.Final/jandex-2.0.3.Final.jar:/Users/nicolesteck/.m2/repository/com/fasterxml/classmate/1.3.0/classmate-1.3.0.jar:/Users/nicolesteck/.m2/repository/dom4j/dom4j/1.6.1/dom4j-1.6.1.jar:/Users/nicolesteck/.m2/repository/org/hibernate/common/hibernate-commons-annotations/5.0.1.Final/hibernate-commons-annotations-5.0.1.Final.jar:/Users/nicolesteck/.m2/repository/org/hibernate/hibernate-c3p0/5.2.12.Final/hibernate-c3p0-5.2.12.Final.jar:/Users/nicolesteck/.m2/repository/com/mchange/c3p0/0.9.5.2/c3p0-0.9.5.2.jar:/Users/nicolesteck/.m2/repository/com/mchange/mchange-commons-java/0.2.11/mchange-commons-java-0.2.11.jar:/Users/nicolesteck/.m2/repository/mysql/mysql-connector-java/5.1.39/mysql-connector-java-5.1.39.jar:/Users/nicolesteck/.m2/repository/jstl/jstl/1.2/jstl-1.2.jar:/Users/nicolesteck/.m2/repository/javax/servlet/jstl/1.2/jstl-1.2.jar:/Applications/IntelliJ IDEA.app/Contents/lib/idea_rt.jar, java.vm.vendor=Oracle Corporation, sun.arch.data.model=64, idea.test.cyclic.buffer.size=1048576, java.vendor.url=http://java.oracle.com/, user.timezone=America/Chicago, os.name=Mac OS X, java.vm.specification.version=1.8, user.country=US, sun.java.launcher=SUN_STANDARD, sun.boot.library.path=/Library/Java/JavaVirtualMachines/jdk1.8.0_162.jdk/Contents/Home/jre/lib, sun.java.command=com.intellij.rt.execution.junit.JUnitStarter -ideVersion5 -junit5 edu.matc.persistence.UserDaoTest, http.nonProxyHosts=local|*.local|169.254/16|*.169.254/16, sun.cpu.endian=little, hibernate.c3p0.max_statements=50, user.home=/Users/nicolesteck, user.language=en, java.specification.vendor=Oracle Corporation, java.home=/Library/Java/JavaVirtualMachines/jdk1.8.0_162.jdk/Contents/Home/jre, file.separator=/, line.separator=
, hibernate.c3p0.timeout=300, java.vm.specification.vendor=Oracle Corporation, java.specification.name=Java Platform API Specification, java.awt.graphicsenv=sun.awt.CGraphicsEnvironment, sun.boot.class.path=/Library/Java/JavaVirtualMachines/jdk1.8.0_162.jdk/Contents/Home/jre/lib/resources.jar:/Library/Java/JavaVirtualMachines/jdk1.8.0_162.jdk/Contents/Home/jre/lib/rt.jar:/Library/Java/JavaVirtualMachines/jdk1.8.0_162.jdk/Contents/Home/jre/lib/sunrsasign.jar:/Library/Java/JavaVirtualMachines/jdk1.8.0_162.jdk/Contents/Home/jre/lib/jsse.jar:/Library/Java/JavaVirtualMachines/jdk1.8.0_162.jdk/Contents/Home/jre/lib/jce.jar:/Library/Java/JavaVirtualMachines/jdk1.8.0_162.jdk/Contents/Home/jre/lib/charsets.jar:/Library/Java/JavaVirtualMachines/jdk1.8.0_162.jdk/Contents/Home/jre/lib/jfr.jar:/Library/Java/JavaVirtualMachines/jdk1.8.0_162.jdk/Contents/Home/jre/classes, connection.password=password, sun.management.compiler=HotSpot 64-Bit Tiered Compilers, hibernate.c3p0.max_size=20, ftp.nonProxyHosts=local|*.local|169.254/16|*.169.254/16, java.runtime.version=1.8.0_162-b12, user.name=nicolesteck, path.separator=:, hibernate.connection.username=root, os.version=10.13.2, java.endorsed.dirs=/Library/Java/JavaVirtualMachines/jdk1.8.0_162.jdk/Contents/Home/jre/lib/endorsed, java.runtime.name=Java(TM) SE Runtime Environment, hibernate.connection.url=jdbc:mysql://localhost:3306/test_sample, file.encoding=UTF-8, java.vm.name=Java HotSpot(TM) 64-Bit Server VM, hibernate.connection.driver_class=com.mysql.jdbc.Driver, java.vendor.url.bug=http://bugreport.sun.com/bugreport/, java.io.tmpdir=/var/folders/cm/7hr4w3956s376pt6xd4jsb3m0000gn/T/, java.version=1.8.0_162, user.dir=/Users/nicolesteck/IdeaProjects/IndividualProject, os.arch=x86_64, connection.username=root, java.vm.specification.name=Java Virtual Machine Specification, hibernate.connection.password=****, java.awt.printerjob=sun.lwawt.macosx.CPrinterJob, sun.os.patch.level=unknown, connection.driver_class=com.mysql.jdbc.Driver, hibernate.boot.CfgXmlAccessService.key=org.hibernate.boot.cfgxml.spi.LoadedConfig@ec0c838, java.library.path=/Users/nicolesteck/Library/Java/Extensions:/Library/Java/Extensions:/Network/Library/Java/Extensions:/System/Library/Java/Extensions:/usr/lib/java:., java.vm.info=mixed mode, java.vendor=Oracle Corporation, java.vm.version=25.162-b12, hibernate.bytecode.use_reflection_optimizer=false, java.ext.dirs=/Users/nicolesteck/Library/Java/Extensions:/Library/Java/JavaVirtualMachines/jdk1.8.0_162.jdk/Contents/Home/jre/lib/ext:/Library/Java/Extensions:/Network/Library/Java/Extensions:/System/Library/Java/Extensions:/usr/lib/java, sun.io.unicode.encoding=UnicodeBig, connection.url=jdbc:mysql://localhost:3306/test_sample, java.class.version=52.0, socksNonProxyHosts=local|*.local|169.254/16|*.169.254/16}
[DEBUG] 2018-02-08 17:48:31.973 [main] TypeSafeActivator - Unable to acquire Bean Validation ValidatorFactory, skipping activation
[DEBUG] 2018-02-08 17:48:31.973 [main] JaccIntegrator - Skipping JACC integration as it was not enabled
[DEBUG] 2018-02-08 17:48:31.975 [main] SessionFactoryImpl - Instantiated session factory
[DEBUG] 2018-02-08 17:48:32.048 [main] ClassLoaderAccessImpl - Not known whether passed class name [edu.matc.entity.User] is safe
[DEBUG] 2018-02-08 17:48:32.048 [main] ClassLoaderAccessImpl - No temp ClassLoader provided; using live ClassLoader for loading potentially unsafe class : edu.matc.entity.User
[DEBUG] 2018-02-08 17:48:32.068 [main] ClassLoaderAccessImpl - Not known whether passed class name [edu.matc.entity.User] is safe
[DEBUG] 2018-02-08 17:48:32.068 [main] ClassLoaderAccessImpl - No temp ClassLoader provided; using live ClassLoader for loading potentially unsafe class : edu.matc.entity.User
[DEBUG] 2018-02-08 17:48:32.151 [main] AbstractEntityPersister - Static SQL for entity: edu.matc.entity.User
[DEBUG] 2018-02-08 17:48:32.151 [main] AbstractEntityPersister -  Version select: select id from users where id =?
[DEBUG] 2018-02-08 17:48:32.151 [main] AbstractEntityPersister -  Snapshot select: select user_.id, user_.first_name as first_na2_0_, user_.last_name as last_nam3_0_ from users user_ where user_.id=?
[DEBUG] 2018-02-08 17:48:32.151 [main] AbstractEntityPersister -  Insert 0: insert into users (first_name, last_name, id) values (?, ?, ?)
[DEBUG] 2018-02-08 17:48:32.151 [main] AbstractEntityPersister -  Update 0: update users set first_name=?, last_name=? where id=?
[DEBUG] 2018-02-08 17:48:32.151 [main] AbstractEntityPersister -  Delete 0: delete from users where id=?
[DEBUG] 2018-02-08 17:48:32.151 [main] AbstractEntityPersister -  Identity insert: insert into users (first_name, last_name) values (?, ?)
[DEBUG] 2018-02-08 17:48:32.184 [main] QuerySpacesImpl - Adding QuerySpace : uid = <gen:0> -> org.hibernate.loader.plan.build.internal.spaces.EntityQuerySpaceImpl@85ec632]
[DEBUG] 2018-02-08 17:48:32.185 [main] MetamodelGraphWalker - Visiting attribute path : firstName
[DEBUG] 2018-02-08 17:48:32.185 [main] MetamodelGraphWalker - Visiting attribute path : lastName
[DEBUG] 2018-02-08 17:48:32.185 [main] FetchStyleLoadPlanBuildingAssociationVisitationStrategy - Building LoadPlan...
[DEBUG] 2018-02-08 17:48:32.216 [main] LoadQueryJoinAndFetchProcessor - processing queryspace <gen:0>
[DEBUG] 2018-02-08 17:48:32.252 [main] LoadPlanTreePrinter - LoadPlan(entity=edu.matc.entity.User)
    - Returns
       - EntityReturnImpl(entity=edu.matc.entity.User, querySpaceUid=<gen:0>, path=edu.matc.entity.User)
    - QuerySpaces
       - EntityQuerySpaceImpl(uid=<gen:0>, entity=edu.matc.entity.User)
          - SQL table alias mapping - user0_
          - alias suffix - 0_
          - suffixed key columns - {id1_0_0_}

[DEBUG] 2018-02-08 17:48:32.259 [main] EntityLoader - Static select for entity edu.matc.entity.User [NONE]: select user0_.id as id1_0_0_, user0_.first_name as first_na2_0_0_, user0_.last_name as last_nam3_0_0_ from users user0_ where user0_.id=?
[DEBUG] 2018-02-08 17:48:32.261 [main] QuerySpacesImpl - Adding QuerySpace : uid = <gen:0> -> org.hibernate.loader.plan.build.internal.spaces.EntityQuerySpaceImpl@30457e14]
[DEBUG] 2018-02-08 17:48:32.262 [main] MetamodelGraphWalker - Visiting attribute path : firstName
[DEBUG] 2018-02-08 17:48:32.264 [main] MetamodelGraphWalker - Visiting attribute path : lastName
[DEBUG] 2018-02-08 17:48:32.264 [main] FetchStyleLoadPlanBuildingAssociationVisitationStrategy - Building LoadPlan...
[DEBUG] 2018-02-08 17:48:32.265 [main] LoadQueryJoinAndFetchProcessor - processing queryspace <gen:0>
[DEBUG] 2018-02-08 17:48:32.265 [main] LoadPlanTreePrinter - LoadPlan(entity=edu.matc.entity.User)
    - Returns
       - EntityReturnImpl(entity=edu.matc.entity.User, querySpaceUid=<gen:0>, path=edu.matc.entity.User)
    - QuerySpaces
       - EntityQuerySpaceImpl(uid=<gen:0>, entity=edu.matc.entity.User)
          - SQL table alias mapping - user0_
          - alias suffix - 0_
          - suffixed key columns - {id1_0_0_}

[DEBUG] 2018-02-08 17:48:32.266 [main] EntityLoader - Static select for entity edu.matc.entity.User [READ]: select user0_.id as id1_0_0_, user0_.first_name as first_na2_0_0_, user0_.last_name as last_nam3_0_0_ from users user0_ where user0_.id=?
[DEBUG] 2018-02-08 17:48:32.266 [main] QuerySpacesImpl - Adding QuerySpace : uid = <gen:0> -> org.hibernate.loader.plan.build.internal.spaces.EntityQuerySpaceImpl@632aa1a3]
[DEBUG] 2018-02-08 17:48:32.267 [main] MetamodelGraphWalker - Visiting attribute path : firstName
[DEBUG] 2018-02-08 17:48:32.267 [main] MetamodelGraphWalker - Visiting attribute path : lastName
[DEBUG] 2018-02-08 17:48:32.267 [main] FetchStyleLoadPlanBuildingAssociationVisitationStrategy - Building LoadPlan...
[DEBUG] 2018-02-08 17:48:32.268 [main] LoadQueryJoinAndFetchProcessor - processing queryspace <gen:0>
[DEBUG] 2018-02-08 17:48:32.268 [main] LoadPlanTreePrinter - LoadPlan(entity=edu.matc.entity.User)
    - Returns
       - EntityReturnImpl(entity=edu.matc.entity.User, querySpaceUid=<gen:0>, path=edu.matc.entity.User)
    - QuerySpaces
       - EntityQuerySpaceImpl(uid=<gen:0>, entity=edu.matc.entity.User)
          - SQL table alias mapping - user0_
          - alias suffix - 0_
          - suffixed key columns - {id1_0_0_}

[DEBUG] 2018-02-08 17:48:32.268 [main] EntityLoader - Static select for entity edu.matc.entity.User [UPGRADE]: select user0_.id as id1_0_0_, user0_.first_name as first_na2_0_0_, user0_.last_name as last_nam3_0_0_ from users user0_ where user0_.id=? for update
[DEBUG] 2018-02-08 17:48:32.268 [main] QuerySpacesImpl - Adding QuerySpace : uid = <gen:0> -> org.hibernate.loader.plan.build.internal.spaces.EntityQuerySpaceImpl@3b582111]
[DEBUG] 2018-02-08 17:48:32.268 [main] MetamodelGraphWalker - Visiting attribute path : firstName
[DEBUG] 2018-02-08 17:48:32.268 [main] MetamodelGraphWalker - Visiting attribute path : lastName
[DEBUG] 2018-02-08 17:48:32.268 [main] FetchStyleLoadPlanBuildingAssociationVisitationStrategy - Building LoadPlan...
[DEBUG] 2018-02-08 17:48:32.269 [main] LoadQueryJoinAndFetchProcessor - processing queryspace <gen:0>
[DEBUG] 2018-02-08 17:48:32.269 [main] LoadPlanTreePrinter - LoadPlan(entity=edu.matc.entity.User)
    - Returns
       - EntityReturnImpl(entity=edu.matc.entity.User, querySpaceUid=<gen:0>, path=edu.matc.entity.User)
    - QuerySpaces
       - EntityQuerySpaceImpl(uid=<gen:0>, entity=edu.matc.entity.User)
          - SQL table alias mapping - user0_
          - alias suffix - 0_
          - suffixed key columns - {id1_0_0_}

[DEBUG] 2018-02-08 17:48:32.269 [main] EntityLoader - Static select for entity edu.matc.entity.User [UPGRADE_NOWAIT]: select user0_.id as id1_0_0_, user0_.first_name as first_na2_0_0_, user0_.last_name as last_nam3_0_0_ from users user0_ where user0_.id=? for update
[DEBUG] 2018-02-08 17:48:32.269 [main] QuerySpacesImpl - Adding QuerySpace : uid = <gen:0> -> org.hibernate.loader.plan.build.internal.spaces.EntityQuerySpaceImpl@1e8823d2]
[DEBUG] 2018-02-08 17:48:32.269 [main] MetamodelGraphWalker - Visiting attribute path : firstName
[DEBUG] 2018-02-08 17:48:32.269 [main] MetamodelGraphWalker - Visiting attribute path : lastName
[DEBUG] 2018-02-08 17:48:32.272 [main] FetchStyleLoadPlanBuildingAssociationVisitationStrategy - Building LoadPlan...
[DEBUG] 2018-02-08 17:48:32.276 [main] LoadQueryJoinAndFetchProcessor - processing queryspace <gen:0>
[DEBUG] 2018-02-08 17:48:32.276 [main] LoadPlanTreePrinter - LoadPlan(entity=edu.matc.entity.User)
    - Returns
       - EntityReturnImpl(entity=edu.matc.entity.User, querySpaceUid=<gen:0>, path=edu.matc.entity.User)
    - QuerySpaces
       - EntityQuerySpaceImpl(uid=<gen:0>, entity=edu.matc.entity.User)
          - SQL table alias mapping - user0_
          - alias suffix - 0_
          - suffixed key columns - {id1_0_0_}

[DEBUG] 2018-02-08 17:48:32.276 [main] EntityLoader - Static select for entity edu.matc.entity.User [UPGRADE_SKIPLOCKED]: select user0_.id as id1_0_0_, user0_.first_name as first_na2_0_0_, user0_.last_name as last_nam3_0_0_ from users user0_ where user0_.id=? for update
[DEBUG] 2018-02-08 17:48:32.277 [main] QuerySpacesImpl - Adding QuerySpace : uid = <gen:0> -> org.hibernate.loader.plan.build.internal.spaces.EntityQuerySpaceImpl@76b0ae1b]
[DEBUG] 2018-02-08 17:48:32.277 [main] MetamodelGraphWalker - Visiting attribute path : firstName
[DEBUG] 2018-02-08 17:48:32.277 [main] MetamodelGraphWalker - Visiting attribute path : lastName
[DEBUG] 2018-02-08 17:48:32.277 [main] FetchStyleLoadPlanBuildingAssociationVisitationStrategy - Building LoadPlan...
[DEBUG] 2018-02-08 17:48:32.277 [main] LoadQueryJoinAndFetchProcessor - processing queryspace <gen:0>
[DEBUG] 2018-02-08 17:48:32.278 [main] LoadPlanTreePrinter - LoadPlan(entity=edu.matc.entity.User)
    - Returns
       - EntityReturnImpl(entity=edu.matc.entity.User, querySpaceUid=<gen:0>, path=edu.matc.entity.User)
    - QuerySpaces
       - EntityQuerySpaceImpl(uid=<gen:0>, entity=edu.matc.entity.User)
          - SQL table alias mapping - user0_
          - alias suffix - 0_
          - suffixed key columns - {id1_0_0_}

[DEBUG] 2018-02-08 17:48:32.278 [main] EntityLoader - Static select for entity edu.matc.entity.User [FORCE]: select user0_.id as id1_0_0_, user0_.first_name as first_na2_0_0_, user0_.last_name as last_nam3_0_0_ from users user0_ where user0_.id=? for update
[DEBUG] 2018-02-08 17:48:32.278 [main] QuerySpacesImpl - Adding QuerySpace : uid = <gen:0> -> org.hibernate.loader.plan.build.internal.spaces.EntityQuerySpaceImpl@4c432866]
[DEBUG] 2018-02-08 17:48:32.279 [main] MetamodelGraphWalker - Visiting attribute path : firstName
[DEBUG] 2018-02-08 17:48:32.279 [main] MetamodelGraphWalker - Visiting attribute path : lastName
[DEBUG] 2018-02-08 17:48:32.280 [main] FetchStyleLoadPlanBuildingAssociationVisitationStrategy - Building LoadPlan...
[DEBUG] 2018-02-08 17:48:32.280 [main] LoadQueryJoinAndFetchProcessor - processing queryspace <gen:0>
[DEBUG] 2018-02-08 17:48:32.282 [main] LoadPlanTreePrinter - LoadPlan(entity=edu.matc.entity.User)
    - Returns
       - EntityReturnImpl(entity=edu.matc.entity.User, querySpaceUid=<gen:0>, path=edu.matc.entity.User)
    - QuerySpaces
       - EntityQuerySpaceImpl(uid=<gen:0>, entity=edu.matc.entity.User)
          - SQL table alias mapping - user0_
          - alias suffix - 0_
          - suffixed key columns - {id1_0_0_}

[DEBUG] 2018-02-08 17:48:32.282 [main] EntityLoader - Static select for entity edu.matc.entity.User [PESSIMISTIC_READ]: select user0_.id as id1_0_0_, user0_.first_name as first_na2_0_0_, user0_.last_name as last_nam3_0_0_ from users user0_ where user0_.id=? lock in share mode
[DEBUG] 2018-02-08 17:48:32.283 [main] QuerySpacesImpl - Adding QuerySpace : uid = <gen:0> -> org.hibernate.loader.plan.build.internal.spaces.EntityQuerySpaceImpl@6105f8a3]
[DEBUG] 2018-02-08 17:48:32.284 [main] MetamodelGraphWalker - Visiting attribute path : firstName
[DEBUG] 2018-02-08 17:48:32.284 [main] MetamodelGraphWalker - Visiting attribute path : lastName
[DEBUG] 2018-02-08 17:48:32.285 [main] FetchStyleLoadPlanBuildingAssociationVisitationStrategy - Building LoadPlan...
[DEBUG] 2018-02-08 17:48:32.286 [main] LoadQueryJoinAndFetchProcessor - processing queryspace <gen:0>
[DEBUG] 2018-02-08 17:48:32.287 [main] LoadPlanTreePrinter - LoadPlan(entity=edu.matc.entity.User)
    - Returns
       - EntityReturnImpl(entity=edu.matc.entity.User, querySpaceUid=<gen:0>, path=edu.matc.entity.User)
    - QuerySpaces
       - EntityQuerySpaceImpl(uid=<gen:0>, entity=edu.matc.entity.User)
          - SQL table alias mapping - user0_
          - alias suffix - 0_
          - suffixed key columns - {id1_0_0_}

[DEBUG] 2018-02-08 17:48:32.287 [main] EntityLoader - Static select for entity edu.matc.entity.User [PESSIMISTIC_WRITE]: select user0_.id as id1_0_0_, user0_.first_name as first_na2_0_0_, user0_.last_name as last_nam3_0_0_ from users user0_ where user0_.id=? for update
[DEBUG] 2018-02-08 17:48:32.287 [main] QuerySpacesImpl - Adding QuerySpace : uid = <gen:0> -> org.hibernate.loader.plan.build.internal.spaces.EntityQuerySpaceImpl@77e2a6e2]
[DEBUG] 2018-02-08 17:48:32.287 [main] MetamodelGraphWalker - Visiting attribute path : firstName
[DEBUG] 2018-02-08 17:48:32.287 [main] MetamodelGraphWalker - Visiting attribute path : lastName
[DEBUG] 2018-02-08 17:48:32.287 [main] FetchStyleLoadPlanBuildingAssociationVisitationStrategy - Building LoadPlan...
[DEBUG] 2018-02-08 17:48:32.288 [main] LoadQueryJoinAndFetchProcessor - processing queryspace <gen:0>
[DEBUG] 2018-02-08 17:48:32.288 [main] LoadPlanTreePrinter - LoadPlan(entity=edu.matc.entity.User)
    - Returns
       - EntityReturnImpl(entity=edu.matc.entity.User, querySpaceUid=<gen:0>, path=edu.matc.entity.User)
    - QuerySpaces
       - EntityQuerySpaceImpl(uid=<gen:0>, entity=edu.matc.entity.User)
          - SQL table alias mapping - user0_
          - alias suffix - 0_
          - suffixed key columns - {id1_0_0_}

[DEBUG] 2018-02-08 17:48:32.288 [main] EntityLoader - Static select for entity edu.matc.entity.User [PESSIMISTIC_FORCE_INCREMENT]: select user0_.id as id1_0_0_, user0_.first_name as first_na2_0_0_, user0_.last_name as last_nam3_0_0_ from users user0_ where user0_.id=? for update
[DEBUG] 2018-02-08 17:48:32.289 [main] QuerySpacesImpl - Adding QuerySpace : uid = <gen:0> -> org.hibernate.loader.plan.build.internal.spaces.EntityQuerySpaceImpl@199e4c2b]
[DEBUG] 2018-02-08 17:48:32.289 [main] MetamodelGraphWalker - Visiting attribute path : firstName
[DEBUG] 2018-02-08 17:48:32.289 [main] MetamodelGraphWalker - Visiting attribute path : lastName
[DEBUG] 2018-02-08 17:48:32.289 [main] FetchStyleLoadPlanBuildingAssociationVisitationStrategy - Building LoadPlan...
[DEBUG] 2018-02-08 17:48:32.290 [main] LoadQueryJoinAndFetchProcessor - processing queryspace <gen:0>
[DEBUG] 2018-02-08 17:48:32.290 [main] LoadPlanTreePrinter - LoadPlan(entity=edu.matc.entity.User)
    - Returns
       - EntityReturnImpl(entity=edu.matc.entity.User, querySpaceUid=<gen:0>, path=edu.matc.entity.User)
    - QuerySpaces
       - EntityQuerySpaceImpl(uid=<gen:0>, entity=edu.matc.entity.User)
          - SQL table alias mapping - user0_
          - alias suffix - 0_
          - suffixed key columns - {id1_0_0_}

[DEBUG] 2018-02-08 17:48:32.290 [main] EntityLoader - Static select for entity edu.matc.entity.User [OPTIMISTIC]: select user0_.id as id1_0_0_, user0_.first_name as first_na2_0_0_, user0_.last_name as last_nam3_0_0_ from users user0_ where user0_.id=?
[DEBUG] 2018-02-08 17:48:32.290 [main] QuerySpacesImpl - Adding QuerySpace : uid = <gen:0> -> org.hibernate.loader.plan.build.internal.spaces.EntityQuerySpaceImpl@64d7b720]
[DEBUG] 2018-02-08 17:48:32.290 [main] MetamodelGraphWalker - Visiting attribute path : firstName
[DEBUG] 2018-02-08 17:48:32.290 [main] MetamodelGraphWalker - Visiting attribute path : lastName
[DEBUG] 2018-02-08 17:48:32.290 [main] FetchStyleLoadPlanBuildingAssociationVisitationStrategy - Building LoadPlan...
[DEBUG] 2018-02-08 17:48:32.291 [main] LoadQueryJoinAndFetchProcessor - processing queryspace <gen:0>
[DEBUG] 2018-02-08 17:48:32.291 [main] LoadPlanTreePrinter - LoadPlan(entity=edu.matc.entity.User)
    - Returns
       - EntityReturnImpl(entity=edu.matc.entity.User, querySpaceUid=<gen:0>, path=edu.matc.entity.User)
    - QuerySpaces
       - EntityQuerySpaceImpl(uid=<gen:0>, entity=edu.matc.entity.User)
          - SQL table alias mapping - user0_
          - alias suffix - 0_
          - suffixed key columns - {id1_0_0_}

[DEBUG] 2018-02-08 17:48:32.291 [main] EntityLoader - Static select for entity edu.matc.entity.User [OPTIMISTIC_FORCE_INCREMENT]: select user0_.id as id1_0_0_, user0_.first_name as first_na2_0_0_, user0_.last_name as last_nam3_0_0_ from users user0_ where user0_.id=?
[DEBUG] 2018-02-08 17:48:32.336 [main] Loader - Static select for action ACTION_MERGE on entity edu.matc.entity.User: select user0_.id as id1_0_0_, user0_.first_name as first_na2_0_0_, user0_.last_name as last_nam3_0_0_ from users user0_ where user0_.id=?
[DEBUG] 2018-02-08 17:48:32.336 [main] Loader - Static select for action ACTION_REFRESH on entity edu.matc.entity.User: select user0_.id as id1_0_0_, user0_.first_name as first_na2_0_0_, user0_.last_name as last_nam3_0_0_ from users user0_ where user0_.id=?
[DEBUG] 2018-02-08 17:48:32.390 [main] SchemaManagementToolCoordinator - No actions specified; doing nothing
[DEBUG] 2018-02-08 17:48:32.390 [main] JtaPlatformInitiator - No JtaPlatform was specified, checking resolver
[DEBUG] 2018-02-08 17:48:32.391 [main] JtaPlatformResolverInitiator - No JtaPlatformResolver was specified, using default [org.hibernate.engine.transaction.jta.platform.internal.StandardJtaPlatformResolver]
[DEBUG] 2018-02-08 17:48:32.403 [main] StandardJtaPlatformResolver - Could not resolve JtaPlatform, using default [org.hibernate.engine.transaction.jta.platform.internal.NoJtaPlatform]
[DEBUG] 2018-02-08 17:48:32.405 [main] NamedQueryRepository - Checking 0 named HQL queries
[DEBUG] 2018-02-08 17:48:32.405 [main] NamedQueryRepository - Checking 0 named SQL queries
[DEBUG] 2018-02-08 17:48:32.423 [main] SessionFactoryRegistry - Initializing SessionFactoryRegistry : org.hibernate.internal.SessionFactoryRegistry@3af9aa66
[DEBUG] 2018-02-08 17:48:32.434 [main] SessionFactoryRegistry - Registering SessionFactory: 1a1a141e-6515-497c-87ab-449c261bf090 (<unnamed>)
[DEBUG] 2018-02-08 17:48:32.434 [main] SessionFactoryRegistry - Not binding SessionFactory to JNDI, no JNDI name configured
[DEBUG] 2018-02-08 17:48:32.705 [main] StatisticsInitiator - Statistics initialized [enabled=false]
[DEBUG] 2018-02-08 17:48:32.732 [main] SQL - select user0_.id as id1_0_0_, user0_.first_name as first_na2_0_0_, user0_.last_name as last_nam3_0_0_ from users user0_ where user0_.id=?
[DEBUG] 2018-02-08 17:48:32.772 [main] ResultSetProcessorImpl - Starting ResultSet row #0
[DEBUG] 2018-02-08 17:48:32.773 [main] EntityReferenceInitializerImpl - On call to EntityIdentifierReaderImpl#resolve, EntityKey was already known; should only happen on root returns with an optional identifier specified
[DEBUG] 2018-02-08 17:48:32.789 [main] TwoPhaseLoad - Resolving associations for [edu.matc.entity.User#5]
[DEBUG] 2018-02-08 17:48:32.793 [main] TwoPhaseLoad - Done materializing entity [edu.matc.entity.User#5]
[DEBUG] 2018-02-08 17:48:32.793 [main] ResourceRegistryStandardImpl - HHH000387: ResultSet's statement was not registered
[DEBUG] 2018-02-08 17:48:32.793 [main] AbstractLoadPlanBasedEntityLoader - Done entity load : edu.matc.entity.User#5
[DEBUG] 2018-02-08 17:48:32.794 [main] LogicalConnectionManagedImpl - Initiating JDBC connection release from afterTransaction
[DEBUG] 2018-02-08 17:48:32.799 [main] TransactionImpl - begin
[DEBUG] 2018-02-08 17:48:32.814 [main] TransactionImpl - committing
[DEBUG] 2018-02-08 17:48:32.817 [main] AbstractFlushingEventListener - Processing flush-time cascades
[DEBUG] 2018-02-08 17:48:32.817 [main] AbstractFlushingEventListener - Dirty checking collections
[DEBUG] 2018-02-08 17:48:32.818 [main] AbstractFlushingEventListener - Flushed: 0 insertions, 0 updates, 1 deletions to 1 objects
[DEBUG] 2018-02-08 17:48:32.819 [main] AbstractFlushingEventListener - Flushed: 0 (re)creations, 0 updates, 0 removals to 0 collections
[DEBUG] 2018-02-08 17:48:32.820 [main] EntityPrinter - Listing entities:
[DEBUG] 2018-02-08 17:48:32.821 [main] EntityPrinter - edu.matc.entity.User{firstName=Dianne, lastName=Klein, id=5}
[DEBUG] 2018-02-08 17:48:32.833 [main] SQL - delete from users where id=?
[DEBUG] 2018-02-08 17:48:32.840 [main] LogicalConnectionManagedImpl - Initiating JDBC connection release from afterTransaction
[DEBUG] 2018-02-08 17:48:32.840 [main] LogicalConnectionManagedImpl - Initiating JDBC connection release from afterTransaction
[DEBUG] 2018-02-08 17:48:32.841 [main] JdbcCoordinatorImpl - HHH000420: Closing un-released batch
[DEBUG] 2018-02-08 17:48:32.841 [main] SQL - select user0_.id as id1_0_0_, user0_.first_name as first_na2_0_0_, user0_.last_name as last_nam3_0_0_ from users user0_ where user0_.id=?
[DEBUG] 2018-02-08 17:48:32.843 [main] ResourceRegistryStandardImpl - HHH000387: ResultSet's statement was not registered
[DEBUG] 2018-02-08 17:48:32.843 [main] AbstractLoadPlanBasedEntityLoader - Done entity load : edu.matc.entity.User#5
[DEBUG] 2018-02-08 17:48:32.843 [main] LogicalConnectionManagedImpl - Initiating JDBC connection release from afterTransaction
[DEBUG] 2018-02-08 17:48:32.929 [main] CriteriaQueryImpl - Rendered criteria query -> select generatedAlias0 from User as generatedAlias0 where generatedAlias0.firstName like :param0
[DEBUG] 2018-02-08 17:48:32.985 [main] QueryTranslatorFactoryInitiator - QueryTranslatorFactory : org.hibernate.hql.internal.ast.ASTQueryTranslatorFactory@21f9277b
[INFO ] 2018-02-08 17:48:32.985 [main] QueryTranslatorFactoryInitiator - HHH000397: Using ASTQueryTranslatorFactory
[DEBUG] 2018-02-08 17:48:33.063 [main] QueryTranslatorImpl - parse() - HQL: select generatedAlias0 from edu.matc.entity.User as generatedAlias0 where generatedAlias0.firstName like :param0
[DEBUG] 2018-02-08 17:48:33.079 [main] ErrorCounter - throwQueryException() : no errors
[DEBUG] 2018-02-08 17:48:33.084 [main] QueryTranslatorImpl - --- HQL AST ---
 \-[QUERY] Node: 'query'
    +-[SELECT_FROM] Node: 'SELECT_FROM'
    |  +-[FROM] Node: 'from'
    |  |  \-[RANGE] Node: 'RANGE'
    |  |     +-[DOT] Node: '.'
    |  |     |  +-[DOT] Node: '.'
    |  |     |  |  +-[DOT] Node: '.'
    |  |     |  |  |  +-[IDENT] Node: 'edu'
    |  |     |  |  |  \-[IDENT] Node: 'matc'
    |  |     |  |  \-[IDENT] Node: 'entity'
    |  |     |  \-[IDENT] Node: 'User'
    |  |     \-[ALIAS] Node: 'generatedAlias0'
    |  \-[SELECT] Node: 'select'
    |     \-[IDENT] Node: 'generatedAlias0'
    \-[WHERE] Node: 'where'
       \-[LIKE] Node: 'like'
          +-[DOT] Node: '.'
          |  +-[IDENT] Node: 'generatedAlias0'
          |  \-[IDENT] Node: 'firstName'
          \-[COLON] Node: ':'
             \-[IDENT] Node: 'param0'

[DEBUG] 2018-02-08 17:48:33.138 [main] HqlSqlBaseWalker - select << begin [level=1, statement=select]
[DEBUG] 2018-02-08 17:48:33.166 [main] FromElement - FromClause{level=1} : edu.matc.entity.User (generatedAlias0) -> user0_
[DEBUG] 2018-02-08 17:48:33.169 [main] FromReferenceNode - Resolved : generatedAlias0 -> user0_.id
[DEBUG] 2018-02-08 17:48:33.181 [main] FromReferenceNode - Resolved : generatedAlias0 -> user0_.id
[DEBUG] 2018-02-08 17:48:33.183 [main] DotNode - getDataType() : firstName -> org.hibernate.type.StringType@311bf055
[DEBUG] 2018-02-08 17:48:33.184 [main] FromReferenceNode - Resolved : generatedAlias0.firstName -> user0_.first_name
[DEBUG] 2018-02-08 17:48:33.187 [main] HqlSqlBaseWalker - select : finishing up [level=1, statement=select]
[DEBUG] 2018-02-08 17:48:33.187 [main] HqlSqlWalker - processQuery() :  ( SELECT ( {select clause} user0_.id ) ( FromClause{level=1} users user0_ ) ( where ( like ( user0_.first_name user0_.id firstName ) ? ) ) )
[DEBUG] 2018-02-08 17:48:33.199 [main] JoinProcessor - Using FROM fragment [users user0_]
[DEBUG] 2018-02-08 17:48:33.200 [main] HqlSqlBaseWalker - select >> end [level=1, statement=select]
[DEBUG] 2018-02-08 17:48:33.201 [main] QueryTranslatorImpl - --- SQL AST ---
 \-[SELECT] QueryNode: 'SELECT'  querySpaces (users)
    +-[SELECT_CLAUSE] SelectClause: '{select clause}'
    |  +-[ALIAS_REF] IdentNode: 'user0_.id as id1_0_' {alias=generatedAlias0, className=edu.matc.entity.User, tableAlias=user0_}
    |  \-[SQL_TOKEN] SqlFragment: 'user0_.first_name as first_na2_0_, user0_.last_name as last_nam3_0_'
    +-[FROM] FromClause: 'from' FromClause{level=1, fromElementCounter=1, fromElements=1, fromElementByClassAlias=[generatedAlias0], fromElementByTableAlias=[user0_], fromElementsByPath=[], collectionJoinFromElementsByPath=[], impliedElements=[]}
    |  \-[FROM_FRAGMENT] FromElement: 'users user0_' FromElement{explicit,not a collection join,not a fetch join,fetch non-lazy properties,classAlias=generatedAlias0,role=null,tableName=users,tableAlias=user0_,origin=null,columns={,className=edu.matc.entity.User}}
    \-[WHERE] SqlNode: 'where'
       \-[LIKE] BinaryLogicOperatorNode: 'like'
          +-[DOT] DotNode: 'user0_.first_name' {propertyName=firstName,dereferenceType=PRIMITIVE,getPropertyPath=firstName,path=generatedAlias0.firstName,tableAlias=user0_,className=edu.matc.entity.User,classAlias=generatedAlias0}
          |  +-[ALIAS_REF] IdentNode: 'user0_.id' {alias=generatedAlias0, className=edu.matc.entity.User, tableAlias=user0_}
          |  \-[IDENT] IdentNode: 'firstName' {originalText=firstName}
          \-[NAMED_PARAM] ParameterNode: '?' {name=param0, expectedType=org.hibernate.type.StringType@311bf055}

[DEBUG] 2018-02-08 17:48:33.201 [main] ErrorCounter - throwQueryException() : no errors
[DEBUG] 2018-02-08 17:48:33.211 [main] QueryTranslatorImpl - HQL: select generatedAlias0 from edu.matc.entity.User as generatedAlias0 where generatedAlias0.firstName like :param0
[DEBUG] 2018-02-08 17:48:33.211 [main] QueryTranslatorImpl - SQL: select user0_.id as id1_0_, user0_.first_name as first_na2_0_, user0_.last_name as last_nam3_0_ from users user0_ where user0_.first_name like ?
[DEBUG] 2018-02-08 17:48:33.211 [main] ErrorCounter - throwQueryException() : no errors
[DEBUG] 2018-02-08 17:48:33.234 [main] SQL - select user0_.id as id1_0_, user0_.first_name as first_na2_0_, user0_.last_name as last_nam3_0_ from users user0_ where user0_.first_name like ?
[DEBUG] 2018-02-08 17:48:33.238 [main] Loader - Result set row: 0
[DEBUG] 2018-02-08 17:48:33.242 [main] Loader - Result row: EntityKey[edu.matc.entity.User#3]
[DEBUG] 2018-02-08 17:48:33.242 [main] Loader - Result set row: 1
[DEBUG] 2018-02-08 17:48:33.242 [main] Loader - Result row: EntityKey[edu.matc.entity.User#4]
[DEBUG] 2018-02-08 17:48:33.243 [main] TwoPhaseLoad - Resolving associations for [edu.matc.entity.User#3]
[DEBUG] 2018-02-08 17:48:33.243 [main] TwoPhaseLoad - Done materializing entity [edu.matc.entity.User#3]
[DEBUG] 2018-02-08 17:48:33.243 [main] TwoPhaseLoad - Resolving associations for [edu.matc.entity.User#4]
[DEBUG] 2018-02-08 17:48:33.243 [main] TwoPhaseLoad - Done materializing entity [edu.matc.entity.User#4]
[DEBUG] 2018-02-08 17:48:33.246 [main] LogicalConnectionManagedImpl - Initiating JDBC connection release from afterTransaction
[DEBUG] 2018-02-08 17:48:33.264 [main] SQL - select user0_.id as id1_0_0_, user0_.first_name as first_na2_0_0_, user0_.last_name as last_nam3_0_0_ from users user0_ where user0_.id=?
[DEBUG] 2018-02-08 17:48:33.265 [main] ResultSetProcessorImpl - Starting ResultSet row #0
[DEBUG] 2018-02-08 17:48:33.265 [main] EntityReferenceInitializerImpl - On call to EntityIdentifierReaderImpl#resolve, EntityKey was already known; should only happen on root returns with an optional identifier specified
[DEBUG] 2018-02-08 17:48:33.267 [main] TwoPhaseLoad - Resolving associations for [edu.matc.entity.User#3]
[DEBUG] 2018-02-08 17:48:33.267 [main] TwoPhaseLoad - Done materializing entity [edu.matc.entity.User#3]
[DEBUG] 2018-02-08 17:48:33.268 [main] ResourceRegistryStandardImpl - HHH000387: ResultSet's statement was not registered
[DEBUG] 2018-02-08 17:48:33.268 [main] AbstractLoadPlanBasedEntityLoader - Done entity load : edu.matc.entity.User#3
[DEBUG] 2018-02-08 17:48:33.268 [main] LogicalConnectionManagedImpl - Initiating JDBC connection release from afterTransaction
[DEBUG] 2018-02-08 17:48:33.295 [main] SQL - select user0_.id as id1_0_0_, user0_.first_name as first_na2_0_0_, user0_.last_name as last_nam3_0_0_ from users user0_ where user0_.id=?
[DEBUG] 2018-02-08 17:48:33.298 [main] ResultSetProcessorImpl - Starting ResultSet row #0
[DEBUG] 2018-02-08 17:48:33.299 [main] EntityReferenceInitializerImpl - On call to EntityIdentifierReaderImpl#resolve, EntityKey was already known; should only happen on root returns with an optional identifier specified
[DEBUG] 2018-02-08 17:48:33.300 [main] TwoPhaseLoad - Resolving associations for [edu.matc.entity.User#3]
[DEBUG] 2018-02-08 17:48:33.300 [main] TwoPhaseLoad - Done materializing entity [edu.matc.entity.User#3]
[DEBUG] 2018-02-08 17:48:33.300 [main] ResourceRegistryStandardImpl - HHH000387: ResultSet's statement was not registered
[DEBUG] 2018-02-08 17:48:33.300 [main] AbstractLoadPlanBasedEntityLoader - Done entity load : edu.matc.entity.User#3
[DEBUG] 2018-02-08 17:48:33.301 [main] LogicalConnectionManagedImpl - Initiating JDBC connection release from afterTransaction
[DEBUG] 2018-02-08 17:48:33.315 [main] SQL - select user0_.id as id1_0_0_, user0_.first_name as first_na2_0_0_, user0_.last_name as last_nam3_0_0_ from users user0_ where user0_.id=?
[DEBUG] 2018-02-08 17:48:33.319 [main] ResultSetProcessorImpl - Starting ResultSet row #0
[DEBUG] 2018-02-08 17:48:33.320 [main] EntityReferenceInitializerImpl - On call to EntityIdentifierReaderImpl#resolve, EntityKey was already known; should only happen on root returns with an optional identifier specified
[DEBUG] 2018-02-08 17:48:33.321 [main] TwoPhaseLoad - Resolving associations for [edu.matc.entity.User#3]
[DEBUG] 2018-02-08 17:48:33.322 [main] TwoPhaseLoad - Done materializing entity [edu.matc.entity.User#3]
[DEBUG] 2018-02-08 17:48:33.322 [main] ResourceRegistryStandardImpl - HHH000387: ResultSet's statement was not registered
[DEBUG] 2018-02-08 17:48:33.322 [main] AbstractLoadPlanBasedEntityLoader - Done entity load : edu.matc.entity.User#3
[DEBUG] 2018-02-08 17:48:33.322 [main] LogicalConnectionManagedImpl - Initiating JDBC connection release from afterTransaction
[DEBUG] 2018-02-08 17:48:33.324 [main] TransactionImpl - begin
[DEBUG] 2018-02-08 17:48:33.332 [main] TransactionImpl - committing
[DEBUG] 2018-02-08 17:48:33.332 [main] AbstractFlushingEventListener - Processing flush-time cascades
[DEBUG] 2018-02-08 17:48:33.332 [main] AbstractFlushingEventListener - Dirty checking collections
[DEBUG] 2018-02-08 17:48:33.334 [main] AbstractFlushingEventListener - Flushed: 0 insertions, 1 updates, 0 deletions to 1 objects
[DEBUG] 2018-02-08 17:48:33.334 [main] AbstractFlushingEventListener - Flushed: 0 (re)creations, 0 updates, 0 removals to 0 collections
[DEBUG] 2018-02-08 17:48:33.334 [main] EntityPrinter - Listing entities:
[DEBUG] 2018-02-08 17:48:33.334 [main] EntityPrinter - edu.matc.entity.User{firstName=Barney, lastName=Wolfenstein, id=3}
[DEBUG] 2018-02-08 17:48:33.335 [main] SQL - update users set first_name=?, last_name=? where id=?
[DEBUG] 2018-02-08 17:48:33.338 [main] LogicalConnectionManagedImpl - Initiating JDBC connection release from afterTransaction
[DEBUG] 2018-02-08 17:48:33.338 [main] LogicalConnectionManagedImpl - Initiating JDBC connection release from afterTransaction
[DEBUG] 2018-02-08 17:48:33.338 [main] JdbcCoordinatorImpl - HHH000420: Closing un-released batch
[DEBUG] 2018-02-08 17:48:33.339 [main] SQL - select user0_.id as id1_0_0_, user0_.first_name as first_na2_0_0_, user0_.last_name as last_nam3_0_0_ from users user0_ where user0_.id=?
[DEBUG] 2018-02-08 17:48:33.340 [main] ResultSetProcessorImpl - Starting ResultSet row #0
[DEBUG] 2018-02-08 17:48:33.340 [main] EntityReferenceInitializerImpl - On call to EntityIdentifierReaderImpl#resolve, EntityKey was already known; should only happen on root returns with an optional identifier specified
[DEBUG] 2018-02-08 17:48:33.340 [main] TwoPhaseLoad - Resolving associations for [edu.matc.entity.User#3]
[DEBUG] 2018-02-08 17:48:33.340 [main] TwoPhaseLoad - Done materializing entity [edu.matc.entity.User#3]
[DEBUG] 2018-02-08 17:48:33.341 [main] ResourceRegistryStandardImpl - HHH000387: ResultSet's statement was not registered
[DEBUG] 2018-02-08 17:48:33.341 [main] AbstractLoadPlanBasedEntityLoader - Done entity load : edu.matc.entity.User#3
[DEBUG] 2018-02-08 17:48:33.341 [main] LogicalConnectionManagedImpl - Initiating JDBC connection release from afterTransaction
[DEBUG] 2018-02-08 17:48:33.381 [main] CriteriaQueryImpl - Rendered criteria query -> select generatedAlias0 from User as generatedAlias0
[DEBUG] 2018-02-08 17:48:33.381 [main] QueryTranslatorImpl - parse() - HQL: select generatedAlias0 from edu.matc.entity.User as generatedAlias0
[DEBUG] 2018-02-08 17:48:33.382 [main] ErrorCounter - throwQueryException() : no errors
[DEBUG] 2018-02-08 17:48:33.382 [main] QueryTranslatorImpl - --- HQL AST ---
 \-[QUERY] Node: 'query'
    \-[SELECT_FROM] Node: 'SELECT_FROM'
       +-[FROM] Node: 'from'
       |  \-[RANGE] Node: 'RANGE'
       |     +-[DOT] Node: '.'
       |     |  +-[DOT] Node: '.'
       |     |  |  +-[DOT] Node: '.'
       |     |  |  |  +-[IDENT] Node: 'edu'
       |     |  |  |  \-[IDENT] Node: 'matc'
       |     |  |  \-[IDENT] Node: 'entity'
       |     |  \-[IDENT] Node: 'User'
       |     \-[ALIAS] Node: 'generatedAlias0'
       \-[SELECT] Node: 'select'
          \-[IDENT] Node: 'generatedAlias0'

[DEBUG] 2018-02-08 17:48:33.382 [main] HqlSqlBaseWalker - select << begin [level=1, statement=select]
[DEBUG] 2018-02-08 17:48:33.383 [main] FromElement - FromClause{level=1} : edu.matc.entity.User (generatedAlias0) -> user0_
[DEBUG] 2018-02-08 17:48:33.383 [main] FromReferenceNode - Resolved : generatedAlias0 -> user0_.id
[DEBUG] 2018-02-08 17:48:33.383 [main] HqlSqlBaseWalker - select : finishing up [level=1, statement=select]
[DEBUG] 2018-02-08 17:48:33.383 [main] HqlSqlWalker - processQuery() :  ( SELECT ( {select clause} user0_.id ) ( FromClause{level=1} users user0_ ) )
[DEBUG] 2018-02-08 17:48:33.384 [main] JoinProcessor - Using FROM fragment [users user0_]
[DEBUG] 2018-02-08 17:48:33.384 [main] HqlSqlBaseWalker - select >> end [level=1, statement=select]
[DEBUG] 2018-02-08 17:48:33.384 [main] QueryTranslatorImpl - --- SQL AST ---
 \-[SELECT] QueryNode: 'SELECT'  querySpaces (users)
    +-[SELECT_CLAUSE] SelectClause: '{select clause}'
    |  +-[ALIAS_REF] IdentNode: 'user0_.id as id1_0_' {alias=generatedAlias0, className=edu.matc.entity.User, tableAlias=user0_}
    |  \-[SQL_TOKEN] SqlFragment: 'user0_.first_name as first_na2_0_, user0_.last_name as last_nam3_0_'
    \-[FROM] FromClause: 'from' FromClause{level=1, fromElementCounter=1, fromElements=1, fromElementByClassAlias=[generatedAlias0], fromElementByTableAlias=[user0_], fromElementsByPath=[], collectionJoinFromElementsByPath=[], impliedElements=[]}
       \-[FROM_FRAGMENT] FromElement: 'users user0_' FromElement{explicit,not a collection join,not a fetch join,fetch non-lazy properties,classAlias=generatedAlias0,role=null,tableName=users,tableAlias=user0_,origin=null,columns={,className=edu.matc.entity.User}}

[DEBUG] 2018-02-08 17:48:33.384 [main] ErrorCounter - throwQueryException() : no errors
[DEBUG] 2018-02-08 17:48:33.384 [main] QueryTranslatorImpl - HQL: select generatedAlias0 from edu.matc.entity.User as generatedAlias0
[DEBUG] 2018-02-08 17:48:33.384 [main] QueryTranslatorImpl - SQL: select user0_.id as id1_0_, user0_.first_name as first_na2_0_, user0_.last_name as last_nam3_0_ from users user0_
[DEBUG] 2018-02-08 17:48:33.384 [main] ErrorCounter - throwQueryException() : no errors
[DEBUG] 2018-02-08 17:48:33.385 [main] SQL - select user0_.id as id1_0_, user0_.first_name as first_na2_0_, user0_.last_name as last_nam3_0_ from users user0_
[DEBUG] 2018-02-08 17:48:33.388 [main] Loader - Result set row: 0
[DEBUG] 2018-02-08 17:48:33.389 [main] Loader - Result row: EntityKey[edu.matc.entity.User#1]
[DEBUG] 2018-02-08 17:48:33.389 [main] Loader - Result set row: 1
[DEBUG] 2018-02-08 17:48:33.389 [main] Loader - Result row: EntityKey[edu.matc.entity.User#2]
[DEBUG] 2018-02-08 17:48:33.389 [main] Loader - Result set row: 2
[DEBUG] 2018-02-08 17:48:33.389 [main] Loader - Result row: EntityKey[edu.matc.entity.User#3]
[DEBUG] 2018-02-08 17:48:33.389 [main] Loader - Result set row: 3
[DEBUG] 2018-02-08 17:48:33.390 [main] Loader - Result row: EntityKey[edu.matc.entity.User#4]
[DEBUG] 2018-02-08 17:48:33.390 [main] Loader - Result set row: 4
[DEBUG] 2018-02-08 17:48:33.390 [main] Loader - Result row: EntityKey[edu.matc.entity.User#5]
[DEBUG] 2018-02-08 17:48:33.390 [main] Loader - Result set row: 5
[DEBUG] 2018-02-08 17:48:33.390 [main] Loader - Result row: EntityKey[edu.matc.entity.User#6]
[DEBUG] 2018-02-08 17:48:33.390 [main] TwoPhaseLoad - Resolving associations for [edu.matc.entity.User#1]
[DEBUG] 2018-02-08 17:48:33.390 [main] TwoPhaseLoad - Done materializing entity [edu.matc.entity.User#1]
[DEBUG] 2018-02-08 17:48:33.390 [main] TwoPhaseLoad - Resolving associations for [edu.matc.entity.User#2]
[DEBUG] 2018-02-08 17:48:33.390 [main] TwoPhaseLoad - Done materializing entity [edu.matc.entity.User#2]
[DEBUG] 2018-02-08 17:48:33.391 [main] TwoPhaseLoad - Resolving associations for [edu.matc.entity.User#3]
[DEBUG] 2018-02-08 17:48:33.391 [main] TwoPhaseLoad - Done materializing entity [edu.matc.entity.User#3]
[DEBUG] 2018-02-08 17:48:33.391 [main] TwoPhaseLoad - Resolving associations for [edu.matc.entity.User#4]
[DEBUG] 2018-02-08 17:48:33.391 [main] TwoPhaseLoad - Done materializing entity [edu.matc.entity.User#4]
[DEBUG] 2018-02-08 17:48:33.391 [main] TwoPhaseLoad - Resolving associations for [edu.matc.entity.User#5]
[DEBUG] 2018-02-08 17:48:33.391 [main] TwoPhaseLoad - Done materializing entity [edu.matc.entity.User#5]
[DEBUG] 2018-02-08 17:48:33.392 [main] TwoPhaseLoad - Resolving associations for [edu.matc.entity.User#6]
[DEBUG] 2018-02-08 17:48:33.392 [main] TwoPhaseLoad - Done materializing entity [edu.matc.entity.User#6]
[DEBUG] 2018-02-08 17:48:33.392 [main] LogicalConnectionManagedImpl - Initiating JDBC connection release from afterTransaction
[DEBUG] 2018-02-08 17:48:33.415 [main] TransactionImpl - begin
[DEBUG] 2018-02-08 17:48:33.424 [main] ActionQueue - Executing identity-insert immediately
[DEBUG] 2018-02-08 17:48:33.427 [main] SQL - insert into users (first_name, last_name) values (?, ?)
[DEBUG] 2018-02-08 17:48:33.437 [main] IdentifierGeneratorHelper - Natively generated identity: 19
[DEBUG] 2018-02-08 17:48:33.437 [main] ResourceRegistryStandardImpl - HHH000387: ResultSet's statement was not registered
[DEBUG] 2018-02-08 17:48:33.437 [main] TransactionImpl - committing
[DEBUG] 2018-02-08 17:48:33.437 [main] AbstractFlushingEventListener - Processing flush-time cascades
[DEBUG] 2018-02-08 17:48:33.437 [main] AbstractFlushingEventListener - Dirty checking collections
[DEBUG] 2018-02-08 17:48:33.438 [main] AbstractFlushingEventListener - Flushed: 0 insertions, 0 updates, 0 deletions to 1 objects
[DEBUG] 2018-02-08 17:48:33.438 [main] AbstractFlushingEventListener - Flushed: 0 (re)creations, 0 updates, 0 removals to 0 collections
[DEBUG] 2018-02-08 17:48:33.438 [main] EntityPrinter - Listing entities:
[DEBUG] 2018-02-08 17:48:33.438 [main] EntityPrinter - edu.matc.entity.User{firstName=Joe, lastName=Trebek, id=19}
[DEBUG] 2018-02-08 17:48:33.439 [main] LogicalConnectionManagedImpl - Initiating JDBC connection release from afterTransaction
[DEBUG] 2018-02-08 17:48:33.439 [main] LogicalConnectionManagedImpl - Initiating JDBC connection release from afterTransaction
[DEBUG] 2018-02-08 17:48:33.441 [main] SQL - select user0_.id as id1_0_0_, user0_.first_name as first_na2_0_0_, user0_.last_name as last_nam3_0_0_ from users user0_ where user0_.id=?
[DEBUG] 2018-02-08 17:48:33.442 [main] ResultSetProcessorImpl - Starting ResultSet row #0
[DEBUG] 2018-02-08 17:48:33.443 [main] EntityReferenceInitializerImpl - On call to EntityIdentifierReaderImpl#resolve, EntityKey was already known; should only happen on root returns with an optional identifier specified
[DEBUG] 2018-02-08 17:48:33.443 [main] TwoPhaseLoad - Resolving associations for [edu.matc.entity.User#19]
[DEBUG] 2018-02-08 17:48:33.443 [main] TwoPhaseLoad - Done materializing entity [edu.matc.entity.User#19]
[DEBUG] 2018-02-08 17:48:33.443 [main] ResourceRegistryStandardImpl - HHH000387: ResultSet's statement was not registered
[DEBUG] 2018-02-08 17:48:33.443 [main] AbstractLoadPlanBasedEntityLoader - Done entity load : edu.matc.entity.User#19
[DEBUG] 2018-02-08 17:48:33.443 [main] LogicalConnectionManagedImpl - Initiating JDBC connection release from afterTransaction
