[DEBUG] 2018-02-13 20:01:35.769 [main] IntegratorServiceImpl - Adding Integrator [org.hibernate.cfg.beanvalidation.BeanValidationIntegrator].
[DEBUG] 2018-02-13 20:01:35.777 [main] IntegratorServiceImpl - Adding Integrator [org.hibernate.secure.spi.JaccIntegrator].
[DEBUG] 2018-02-13 20:01:35.787 [main] IntegratorServiceImpl - Adding Integrator [org.hibernate.cache.internal.CollectionCacheInvalidator].
[INFO ] 2018-02-13 20:01:36.046 [main] Version - HHH000412: Hibernate Core {5.2.12.Final}
[INFO ] 2018-02-13 20:01:36.051 [main] Environment - HHH000206: hibernate.properties not found
[DEBUG] 2018-02-13 20:01:36.165 [main] LocalXmlResourceResolver - Interpreting public/system identifier : [-//Hibernate/Hibernate Configuration DTD//EN] - [http://www.hibernate.org/dtd/hibernate-configuration-3.0.dtd]
[DEBUG] 2018-02-13 20:01:36.166 [main] LocalXmlResourceResolver - Recognized hibernate-configuration identifier; attempting to resolve on classpath under org/hibernate/
[DEBUG] 2018-02-13 20:01:36.182 [main] JaxbCfgProcessor - cfg.xml document did not define namespaces; wrapping in custom event reader to introduce namespace information
[DEBUG] 2018-02-13 20:01:36.586 [main] ServiceBinding - Overriding existing service binding [org.hibernate.secure.spi.JaccService]
[DEBUG] 2018-02-13 20:01:36.616 [main] RegionFactoryInitiator - Cache region factory : org.hibernate.cache.internal.NoCachingRegionFactory
[INFO ] 2018-02-13 20:01:36.646 [main] Version - HCANN000001: Hibernate Commons Annotations {5.0.1.Final}
[DEBUG] 2018-02-13 20:01:36.701 [main] BasicTypeRegistry - Adding type registration boolean -> org.hibernate.type.BooleanType@6a4f1a55
[DEBUG] 2018-02-13 20:01:36.701 [main] BasicTypeRegistry - Adding type registration boolean -> org.hibernate.type.BooleanType@6a4f1a55
[DEBUG] 2018-02-13 20:01:36.701 [main] BasicTypeRegistry - Adding type registration java.lang.Boolean -> org.hibernate.type.BooleanType@6a4f1a55
[DEBUG] 2018-02-13 20:01:36.702 [main] BasicTypeRegistry - Adding type registration numeric_boolean -> org.hibernate.type.NumericBooleanType@7d3e8655
[DEBUG] 2018-02-13 20:01:36.704 [main] BasicTypeRegistry - Adding type registration true_false -> org.hibernate.type.TrueFalseType@46d59067
[DEBUG] 2018-02-13 20:01:36.705 [main] BasicTypeRegistry - Adding type registration yes_no -> org.hibernate.type.YesNoType@66ea810
[DEBUG] 2018-02-13 20:01:36.707 [main] BasicTypeRegistry - Adding type registration byte -> org.hibernate.type.ByteType@d2de489
[DEBUG] 2018-02-13 20:01:36.707 [main] BasicTypeRegistry - Adding type registration byte -> org.hibernate.type.ByteType@d2de489
[DEBUG] 2018-02-13 20:01:36.707 [main] BasicTypeRegistry - Adding type registration java.lang.Byte -> org.hibernate.type.ByteType@d2de489
[DEBUG] 2018-02-13 20:01:36.709 [main] BasicTypeRegistry - Adding type registration character -> org.hibernate.type.CharacterType@41330d4f
[DEBUG] 2018-02-13 20:01:36.709 [main] BasicTypeRegistry - Adding type registration char -> org.hibernate.type.CharacterType@41330d4f
[DEBUG] 2018-02-13 20:01:36.709 [main] BasicTypeRegistry - Adding type registration java.lang.Character -> org.hibernate.type.CharacterType@41330d4f
[DEBUG] 2018-02-13 20:01:36.711 [main] BasicTypeRegistry - Adding type registration short -> org.hibernate.type.ShortType@37313c65
[DEBUG] 2018-02-13 20:01:36.711 [main] BasicTypeRegistry - Adding type registration short -> org.hibernate.type.ShortType@37313c65
[DEBUG] 2018-02-13 20:01:36.711 [main] BasicTypeRegistry - Adding type registration java.lang.Short -> org.hibernate.type.ShortType@37313c65
[DEBUG] 2018-02-13 20:01:36.712 [main] BasicTypeRegistry - Adding type registration integer -> org.hibernate.type.IntegerType@7486b455
[DEBUG] 2018-02-13 20:01:36.713 [main] BasicTypeRegistry - Adding type registration int -> org.hibernate.type.IntegerType@7486b455
[DEBUG] 2018-02-13 20:01:36.713 [main] BasicTypeRegistry - Adding type registration java.lang.Integer -> org.hibernate.type.IntegerType@7486b455
[DEBUG] 2018-02-13 20:01:36.715 [main] BasicTypeRegistry - Adding type registration long -> org.hibernate.type.LongType@49c90a9c
[DEBUG] 2018-02-13 20:01:36.716 [main] BasicTypeRegistry - Adding type registration long -> org.hibernate.type.LongType@49c90a9c
[DEBUG] 2018-02-13 20:01:36.716 [main] BasicTypeRegistry - Adding type registration java.lang.Long -> org.hibernate.type.LongType@49c90a9c
[DEBUG] 2018-02-13 20:01:36.718 [main] BasicTypeRegistry - Adding type registration float -> org.hibernate.type.FloatType@3b35a229
[DEBUG] 2018-02-13 20:01:36.718 [main] BasicTypeRegistry - Adding type registration float -> org.hibernate.type.FloatType@3b35a229
[DEBUG] 2018-02-13 20:01:36.718 [main] BasicTypeRegistry - Adding type registration java.lang.Float -> org.hibernate.type.FloatType@3b35a229
[DEBUG] 2018-02-13 20:01:36.723 [main] BasicTypeRegistry - Adding type registration double -> org.hibernate.type.DoubleType@5e3f861
[DEBUG] 2018-02-13 20:01:36.723 [main] BasicTypeRegistry - Adding type registration double -> org.hibernate.type.DoubleType@5e3f861
[DEBUG] 2018-02-13 20:01:36.723 [main] BasicTypeRegistry - Adding type registration java.lang.Double -> org.hibernate.type.DoubleType@5e3f861
[DEBUG] 2018-02-13 20:01:36.725 [main] BasicTypeRegistry - Adding type registration big_decimal -> org.hibernate.type.BigDecimalType@21be3395
[DEBUG] 2018-02-13 20:01:36.725 [main] BasicTypeRegistry - Adding type registration java.math.BigDecimal -> org.hibernate.type.BigDecimalType@21be3395
[DEBUG] 2018-02-13 20:01:36.729 [main] BasicTypeRegistry - Adding type registration big_integer -> org.hibernate.type.BigIntegerType@4470fbd6
[DEBUG] 2018-02-13 20:01:36.729 [main] BasicTypeRegistry - Adding type registration java.math.BigInteger -> org.hibernate.type.BigIntegerType@4470fbd6
[DEBUG] 2018-02-13 20:01:36.731 [main] BasicTypeRegistry - Adding type registration string -> org.hibernate.type.StringType@2235eaab
[DEBUG] 2018-02-13 20:01:36.731 [main] BasicTypeRegistry - Adding type registration java.lang.String -> org.hibernate.type.StringType@2235eaab
[DEBUG] 2018-02-13 20:01:36.733 [main] BasicTypeRegistry - Adding type registration nstring -> org.hibernate.type.StringNVarcharType@20bd8be5
[DEBUG] 2018-02-13 20:01:36.734 [main] BasicTypeRegistry - Adding type registration ncharacter -> org.hibernate.type.CharacterNCharType@461ad730
[DEBUG] 2018-02-13 20:01:36.751 [main] BasicTypeRegistry - Adding type registration url -> org.hibernate.type.UrlType@3e78b6a5
[DEBUG] 2018-02-13 20:01:36.764 [main] BasicTypeRegistry - Adding type registration java.net.URL -> org.hibernate.type.UrlType@3e78b6a5
[DEBUG] 2018-02-13 20:01:36.767 [main] BasicTypeRegistry - Adding type registration Duration -> org.hibernate.type.DurationType@24105dc5
[DEBUG] 2018-02-13 20:01:36.767 [main] BasicTypeRegistry - Adding type registration java.time.Duration -> org.hibernate.type.DurationType@24105dc5
[DEBUG] 2018-02-13 20:01:36.802 [main] BasicTypeRegistry - Adding type registration Instant -> org.hibernate.type.InstantType@68878f6d
[DEBUG] 2018-02-13 20:01:36.802 [main] BasicTypeRegistry - Adding type registration java.time.Instant -> org.hibernate.type.InstantType@68878f6d
[DEBUG] 2018-02-13 20:01:36.806 [main] BasicTypeRegistry - Adding type registration LocalDateTime -> org.hibernate.type.LocalDateTimeType@7fd7a283
[DEBUG] 2018-02-13 20:01:36.806 [main] BasicTypeRegistry - Adding type registration java.time.LocalDateTime -> org.hibernate.type.LocalDateTimeType@7fd7a283
[DEBUG] 2018-02-13 20:01:36.808 [main] BasicTypeRegistry - Adding type registration LocalDate -> org.hibernate.type.LocalDateType@18317edc
[DEBUG] 2018-02-13 20:01:36.808 [main] BasicTypeRegistry - Adding type registration java.time.LocalDate -> org.hibernate.type.LocalDateType@18317edc
[DEBUG] 2018-02-13 20:01:36.810 [main] BasicTypeRegistry - Adding type registration LocalTime -> org.hibernate.type.LocalTimeType@76b07f29
[DEBUG] 2018-02-13 20:01:36.810 [main] BasicTypeRegistry - Adding type registration java.time.LocalTime -> org.hibernate.type.LocalTimeType@76b07f29
[DEBUG] 2018-02-13 20:01:36.812 [main] BasicTypeRegistry - Adding type registration OffsetDateTime -> org.hibernate.type.OffsetDateTimeType@53f3bdbd
[DEBUG] 2018-02-13 20:01:36.812 [main] BasicTypeRegistry - Adding type registration java.time.OffsetDateTime -> org.hibernate.type.OffsetDateTimeType@53f3bdbd
[DEBUG] 2018-02-13 20:01:36.814 [main] BasicTypeRegistry - Adding type registration OffsetTime -> org.hibernate.type.OffsetTimeType@4c2bb6e0
[DEBUG] 2018-02-13 20:01:36.814 [main] BasicTypeRegistry - Adding type registration java.time.OffsetTime -> org.hibernate.type.OffsetTimeType@4c2bb6e0
[DEBUG] 2018-02-13 20:01:36.819 [main] BasicTypeRegistry - Adding type registration ZonedDateTime -> org.hibernate.type.ZonedDateTimeType@3576ddc2
[DEBUG] 2018-02-13 20:01:36.820 [main] BasicTypeRegistry - Adding type registration java.time.ZonedDateTime -> org.hibernate.type.ZonedDateTimeType@3576ddc2
[DEBUG] 2018-02-13 20:01:36.823 [main] BasicTypeRegistry - Adding type registration date -> org.hibernate.type.DateType@2ca26d77
[DEBUG] 2018-02-13 20:01:36.823 [main] BasicTypeRegistry - Adding type registration java.sql.Date -> org.hibernate.type.DateType@2ca26d77
[DEBUG] 2018-02-13 20:01:36.824 [main] BasicTypeRegistry - Adding type registration time -> org.hibernate.type.TimeType@1ebea008
[DEBUG] 2018-02-13 20:01:36.825 [main] BasicTypeRegistry - Adding type registration java.sql.Time -> org.hibernate.type.TimeType@1ebea008
[DEBUG] 2018-02-13 20:01:36.827 [main] BasicTypeRegistry - Adding type registration timestamp -> org.hibernate.type.TimestampType@51bf5add
[DEBUG] 2018-02-13 20:01:36.827 [main] BasicTypeRegistry - Adding type registration java.sql.Timestamp -> org.hibernate.type.TimestampType@51bf5add
[DEBUG] 2018-02-13 20:01:36.827 [main] BasicTypeRegistry - Adding type registration java.util.Date -> org.hibernate.type.TimestampType@51bf5add
[DEBUG] 2018-02-13 20:01:36.835 [main] BasicTypeRegistry - Adding type registration dbtimestamp -> org.hibernate.type.DbTimestampType@389b0789
[DEBUG] 2018-02-13 20:01:36.837 [main] BasicTypeRegistry - Adding type registration calendar -> org.hibernate.type.CalendarType@51bd8b5c
[DEBUG] 2018-02-13 20:01:36.837 [main] BasicTypeRegistry - Adding type registration java.util.Calendar -> org.hibernate.type.CalendarType@51bd8b5c
[DEBUG] 2018-02-13 20:01:36.837 [main] BasicTypeRegistry - Adding type registration java.util.GregorianCalendar -> org.hibernate.type.CalendarType@51bd8b5c
[DEBUG] 2018-02-13 20:01:36.839 [main] BasicTypeRegistry - Adding type registration calendar_date -> org.hibernate.type.CalendarDateType@2462cb01
[DEBUG] 2018-02-13 20:01:36.843 [main] BasicTypeRegistry - Adding type registration locale -> org.hibernate.type.LocaleType@1e13529a
[DEBUG] 2018-02-13 20:01:36.843 [main] BasicTypeRegistry - Adding type registration java.util.Locale -> org.hibernate.type.LocaleType@1e13529a
[DEBUG] 2018-02-13 20:01:36.845 [main] BasicTypeRegistry - Adding type registration currency -> org.hibernate.type.CurrencyType@3cfdd820
[DEBUG] 2018-02-13 20:01:36.845 [main] BasicTypeRegistry - Adding type registration java.util.Currency -> org.hibernate.type.CurrencyType@3cfdd820
[DEBUG] 2018-02-13 20:01:36.848 [main] BasicTypeRegistry - Adding type registration timezone -> org.hibernate.type.TimeZoneType@dc9876b
[DEBUG] 2018-02-13 20:01:36.849 [main] BasicTypeRegistry - Adding type registration java.util.TimeZone -> org.hibernate.type.TimeZoneType@dc9876b
[DEBUG] 2018-02-13 20:01:36.850 [main] BasicTypeRegistry - Adding type registration class -> org.hibernate.type.ClassType@57a3e26a
[DEBUG] 2018-02-13 20:01:36.850 [main] BasicTypeRegistry - Adding type registration java.lang.Class -> org.hibernate.type.ClassType@57a3e26a
[DEBUG] 2018-02-13 20:01:36.851 [main] BasicTypeRegistry - Adding type registration uuid-binary -> org.hibernate.type.UUIDBinaryType@102cec62
[DEBUG] 2018-02-13 20:01:36.851 [main] BasicTypeRegistry - Adding type registration java.util.UUID -> org.hibernate.type.UUIDBinaryType@102cec62
[DEBUG] 2018-02-13 20:01:36.852 [main] BasicTypeRegistry - Adding type registration uuid-char -> org.hibernate.type.UUIDCharType@34b9f960
[DEBUG] 2018-02-13 20:01:36.854 [main] BasicTypeRegistry - Adding type registration binary -> org.hibernate.type.BinaryType@791d1f8b
[DEBUG] 2018-02-13 20:01:36.855 [main] BasicTypeRegistry - Adding type registration byte[] -> org.hibernate.type.BinaryType@791d1f8b
[DEBUG] 2018-02-13 20:01:36.855 [main] BasicTypeRegistry - Adding type registration [B -> org.hibernate.type.BinaryType@791d1f8b
[DEBUG] 2018-02-13 20:01:36.858 [main] BasicTypeRegistry - Adding type registration wrapper-binary -> org.hibernate.type.WrapperBinaryType@93081b6
[DEBUG] 2018-02-13 20:01:36.859 [main] BasicTypeRegistry - Adding type registration Byte[] -> org.hibernate.type.WrapperBinaryType@93081b6
[DEBUG] 2018-02-13 20:01:36.859 [main] BasicTypeRegistry - Adding type registration [Ljava.lang.Byte; -> org.hibernate.type.WrapperBinaryType@93081b6
[DEBUG] 2018-02-13 20:01:36.860 [main] BasicTypeRegistry - Adding type registration row_version -> org.hibernate.type.RowVersionType@16c069df
[DEBUG] 2018-02-13 20:01:36.862 [main] BasicTypeRegistry - Adding type registration image -> org.hibernate.type.ImageType@7c3fdb62
[DEBUG] 2018-02-13 20:01:36.862 [main] BasicTypeRegistry - Adding type registration characters -> org.hibernate.type.CharArrayType@2663e964
[DEBUG] 2018-02-13 20:01:36.863 [main] BasicTypeRegistry - Adding type registration char[] -> org.hibernate.type.CharArrayType@2663e964
[DEBUG] 2018-02-13 20:01:36.863 [main] BasicTypeRegistry - Adding type registration [C -> org.hibernate.type.CharArrayType@2663e964
[DEBUG] 2018-02-13 20:01:36.863 [main] BasicTypeRegistry - Adding type registration wrapper-characters -> org.hibernate.type.CharacterArrayType@39b43d60
[DEBUG] 2018-02-13 20:01:36.863 [main] BasicTypeRegistry - Adding type registration [Ljava.lang.Character; -> org.hibernate.type.CharacterArrayType@39b43d60
[DEBUG] 2018-02-13 20:01:36.864 [main] BasicTypeRegistry - Adding type registration Character[] -> org.hibernate.type.CharacterArrayType@39b43d60
[DEBUG] 2018-02-13 20:01:36.865 [main] BasicTypeRegistry - Adding type registration text -> org.hibernate.type.TextType@5e21e98f
[DEBUG] 2018-02-13 20:01:36.865 [main] BasicTypeRegistry - Adding type registration ntext -> org.hibernate.type.NTextType@3fce8fd9
[DEBUG] 2018-02-13 20:01:36.871 [main] BasicTypeRegistry - Adding type registration blob -> org.hibernate.type.BlobType@3224a577
[DEBUG] 2018-02-13 20:01:36.871 [main] BasicTypeRegistry - Adding type registration java.sql.Blob -> org.hibernate.type.BlobType@3224a577
[DEBUG] 2018-02-13 20:01:36.871 [main] BasicTypeRegistry - Adding type registration materialized_blob -> org.hibernate.type.MaterializedBlobType@3e44f2a5
[DEBUG] 2018-02-13 20:01:36.876 [main] BasicTypeRegistry - Adding type registration clob -> org.hibernate.type.ClobType@4bd31064
[DEBUG] 2018-02-13 20:01:36.876 [main] BasicTypeRegistry - Adding type registration java.sql.Clob -> org.hibernate.type.ClobType@4bd31064
[DEBUG] 2018-02-13 20:01:36.919 [main] BasicTypeRegistry - Adding type registration nclob -> org.hibernate.type.NClobType@266374ef
[DEBUG] 2018-02-13 20:01:36.919 [main] BasicTypeRegistry - Adding type registration java.sql.NClob -> org.hibernate.type.NClobType@266374ef
[DEBUG] 2018-02-13 20:01:36.920 [main] BasicTypeRegistry - Adding type registration materialized_clob -> org.hibernate.type.MaterializedClobType@37fb0bed
[DEBUG] 2018-02-13 20:01:36.920 [main] BasicTypeRegistry - Adding type registration materialized_nclob -> org.hibernate.type.MaterializedNClobType@51c693d
[DEBUG] 2018-02-13 20:01:36.922 [main] BasicTypeRegistry - Adding type registration serializable -> org.hibernate.type.SerializableType@48c76607
[DEBUG] 2018-02-13 20:01:36.926 [main] BasicTypeRegistry - Adding type registration object -> org.hibernate.type.ObjectType@52e7a6b2
[DEBUG] 2018-02-13 20:01:36.926 [main] BasicTypeRegistry - Adding type registration java.lang.Object -> org.hibernate.type.ObjectType@52e7a6b2
[DEBUG] 2018-02-13 20:01:36.926 [main] BasicTypeRegistry - Adding type registration imm_date -> org.hibernate.type.AdaptedImmutableType@2d9caaeb
[DEBUG] 2018-02-13 20:01:36.927 [main] BasicTypeRegistry - Adding type registration imm_time -> org.hibernate.type.AdaptedImmutableType@42a15bdc
[DEBUG] 2018-02-13 20:01:36.927 [main] BasicTypeRegistry - Adding type registration imm_timestamp -> org.hibernate.type.AdaptedImmutableType@44a59da3
[DEBUG] 2018-02-13 20:01:36.927 [main] BasicTypeRegistry - Adding type registration imm_dbtimestamp -> org.hibernate.type.AdaptedImmutableType@27e47833
[DEBUG] 2018-02-13 20:01:36.927 [main] BasicTypeRegistry - Adding type registration imm_calendar -> org.hibernate.type.AdaptedImmutableType@6f6745d6
[DEBUG] 2018-02-13 20:01:36.928 [main] BasicTypeRegistry - Adding type registration imm_calendar_date -> org.hibernate.type.AdaptedImmutableType@27508c5d
[DEBUG] 2018-02-13 20:01:36.928 [main] BasicTypeRegistry - Adding type registration imm_binary -> org.hibernate.type.AdaptedImmutableType@4f704591
[DEBUG] 2018-02-13 20:01:36.928 [main] BasicTypeRegistry - Adding type registration imm_serializable -> org.hibernate.type.AdaptedImmutableType@4b5189ac
[INFO ] 2018-02-13 20:01:36.951 [main] C3P0ConnectionProvider - HHH010002: C3P0 using driver: com.mysql.jdbc.Driver at URL: jdbc:mysql://localhost:3306/li_test
[INFO ] 2018-02-13 20:01:36.951 [main] C3P0ConnectionProvider - HHH10001001: Connection properties: {user=root, password=****}
[INFO ] 2018-02-13 20:01:36.951 [main] C3P0ConnectionProvider - HHH10001003: Autocommit mode: false
[INFO ] 2018-02-13 20:01:37.138 [main] C3P0ConnectionProvider - HHH10001007: JDBC isolation level: <unknown>
[DEBUG] 2018-02-13 20:01:37.669 [main] JdbcEnvironmentInitiator - Database ->
       name : MySQL
    version : 5.7.21
      major : 5
      minor : 7
[DEBUG] 2018-02-13 20:01:37.669 [main] JdbcEnvironmentInitiator - Driver ->
       name : MySQL Connector Java
    version : mysql-connector-java-5.1.39 ( Revision: 3289a357af6d09ecc1a10fd3c26e95183e5790ad )
      major : 5
      minor : 1
[DEBUG] 2018-02-13 20:01:37.669 [main] JdbcEnvironmentInitiator - JDBC version : 4.0
[INFO ] 2018-02-13 20:01:37.689 [main] Dialect - HHH000400: Using dialect: org.hibernate.dialect.MySQL5Dialect
[DEBUG] 2018-02-13 20:01:37.735 [main] IdentifierHelperBuilder - JDBC driver metadata reported database stores quoted identifiers in more than one case
[DEBUG] 2018-02-13 20:01:37.738 [main] IdentifierHelperBuilder - IdentifierCaseStrategy for both quoted and unquoted identifiers was set to the same strategy [MIXED]; that will likely lead to problems in schema update and validation if using quoted identifiers
[DEBUG] 2018-02-13 20:01:37.805 [main] DefaultIdentifierGeneratorFactory - Registering IdentifierGenerator strategy [uuid2] -> [org.hibernate.id.UUIDGenerator]
[DEBUG] 2018-02-13 20:01:37.806 [main] DefaultIdentifierGeneratorFactory - Registering IdentifierGenerator strategy [guid] -> [org.hibernate.id.GUIDGenerator]
[DEBUG] 2018-02-13 20:01:37.807 [main] DefaultIdentifierGeneratorFactory - Registering IdentifierGenerator strategy [uuid] -> [org.hibernate.id.UUIDHexGenerator]
[DEBUG] 2018-02-13 20:01:37.807 [main] DefaultIdentifierGeneratorFactory - Registering IdentifierGenerator strategy [uuid.hex] -> [org.hibernate.id.UUIDHexGenerator]
[DEBUG] 2018-02-13 20:01:37.807 [main] DefaultIdentifierGeneratorFactory - Registering IdentifierGenerator strategy [assigned] -> [org.hibernate.id.Assigned]
[DEBUG] 2018-02-13 20:01:37.808 [main] DefaultIdentifierGeneratorFactory - Registering IdentifierGenerator strategy [identity] -> [org.hibernate.id.IdentityGenerator]
[DEBUG] 2018-02-13 20:01:37.809 [main] DefaultIdentifierGeneratorFactory - Registering IdentifierGenerator strategy [select] -> [org.hibernate.id.SelectGenerator]
[DEBUG] 2018-02-13 20:01:37.810 [main] DefaultIdentifierGeneratorFactory - Registering IdentifierGenerator strategy [sequence] -> [org.hibernate.id.enhanced.SequenceStyleGenerator]
[DEBUG] 2018-02-13 20:01:37.811 [main] DefaultIdentifierGeneratorFactory - Registering IdentifierGenerator strategy [seqhilo] -> [org.hibernate.id.SequenceHiLoGenerator]
[DEBUG] 2018-02-13 20:01:37.812 [main] DefaultIdentifierGeneratorFactory - Registering IdentifierGenerator strategy [increment] -> [org.hibernate.id.IncrementGenerator]
[DEBUG] 2018-02-13 20:01:37.813 [main] DefaultIdentifierGeneratorFactory - Registering IdentifierGenerator strategy [foreign] -> [org.hibernate.id.ForeignGenerator]
[DEBUG] 2018-02-13 20:01:37.813 [main] DefaultIdentifierGeneratorFactory - Registering IdentifierGenerator strategy [sequence-identity] -> [org.hibernate.id.SequenceIdentityGenerator]
[DEBUG] 2018-02-13 20:01:37.814 [main] DefaultIdentifierGeneratorFactory - Registering IdentifierGenerator strategy [enhanced-sequence] -> [org.hibernate.id.enhanced.SequenceStyleGenerator]
[DEBUG] 2018-02-13 20:01:37.815 [main] DefaultIdentifierGeneratorFactory - Registering IdentifierGenerator strategy [enhanced-table] -> [org.hibernate.id.enhanced.TableGenerator]
[DEBUG] 2018-02-13 20:01:37.869 [main] Namespace - Created database namespace [logicalName=Name{catalog=null, schema=null}, physicalName=Name{catalog=null, schema=null}]
[DEBUG] 2018-02-13 20:01:37.920 [main] AnnotationBinder - Binding entity from annotated class: edu.matc.entity.User
[DEBUG] 2018-02-13 20:01:37.967 [main] Ejb3Column - Binding column: Ejb3DiscriminatorColumn{logicalColumnName'DTYPE', discriminatorTypeName='string'}
[DEBUG] 2018-02-13 20:01:37.980 [main] EntityBinder - Import with entity name User
[DEBUG] 2018-02-13 20:01:37.985 [main] EntityBinder - Bind entity edu.matc.entity.User on table user
[DEBUG] 2018-02-13 20:01:38.020 [main] Ejb3Column - Binding column: Ejb3Column{table=org.hibernate.mapping.Table(user), mappingColumn=id, insertable=true, updatable=true, unique=false}
[DEBUG] 2018-02-13 20:01:38.025 [main] PropertyBinder - MetadataSourceProcessor property id with lazy=false
[DEBUG] 2018-02-13 20:01:38.028 [main] AbstractPropertyHolder - Attempting to locate auto-apply AttributeConverter for property [edu.matc.entity.User:id]
[DEBUG] 2018-02-13 20:01:38.031 [main] SimpleValueBinder - building SimpleValue for id
[DEBUG] 2018-02-13 20:01:38.035 [main] PropertyBinder - Building property id
[DEBUG] 2018-02-13 20:01:38.042 [main] Ejb3Column - Binding column: Ejb3Column{table=org.hibernate.mapping.Table(user), mappingColumn=email, insertable=true, updatable=true, unique=false}
[DEBUG] 2018-02-13 20:01:38.042 [main] PropertyBinder - MetadataSourceProcessor property email with lazy=false
[DEBUG] 2018-02-13 20:01:38.042 [main] AbstractPropertyHolder - Attempting to locate auto-apply AttributeConverter for property [edu.matc.entity.User:email]
[DEBUG] 2018-02-13 20:01:38.042 [main] SimpleValueBinder - building SimpleValue for email
[DEBUG] 2018-02-13 20:01:38.043 [main] PropertyBinder - Building property email
[DEBUG] 2018-02-13 20:01:38.043 [main] Ejb3Column - Binding column: Ejb3Column{table=org.hibernate.mapping.Table(user), mappingColumn=first_name, insertable=true, updatable=true, unique=false}
[DEBUG] 2018-02-13 20:01:38.043 [main] PropertyBinder - MetadataSourceProcessor property firstName with lazy=false
[DEBUG] 2018-02-13 20:01:38.043 [main] AbstractPropertyHolder - Attempting to locate auto-apply AttributeConverter for property [edu.matc.entity.User:firstName]
[DEBUG] 2018-02-13 20:01:38.044 [main] SimpleValueBinder - building SimpleValue for firstName
[DEBUG] 2018-02-13 20:01:38.044 [main] PropertyBinder - Building property firstName
[DEBUG] 2018-02-13 20:01:38.044 [main] Ejb3Column - Binding column: Ejb3Column{table=org.hibernate.mapping.Table(user), mappingColumn=last_name, insertable=true, updatable=true, unique=false}
[DEBUG] 2018-02-13 20:01:38.044 [main] PropertyBinder - MetadataSourceProcessor property lastName with lazy=false
[DEBUG] 2018-02-13 20:01:38.044 [main] AbstractPropertyHolder - Attempting to locate auto-apply AttributeConverter for property [edu.matc.entity.User:lastName]
[DEBUG] 2018-02-13 20:01:38.045 [main] SimpleValueBinder - building SimpleValue for lastName
[DEBUG] 2018-02-13 20:01:38.045 [main] PropertyBinder - Building property lastName
[DEBUG] 2018-02-13 20:01:38.047 [main] SimpleValueBinder - Starting fillSimpleValue for id
[DEBUG] 2018-02-13 20:01:38.047 [main] SimpleValueBinder - Starting fillSimpleValue for email
[DEBUG] 2018-02-13 20:01:38.048 [main] SimpleValueBinder - Starting fillSimpleValue for firstName
[DEBUG] 2018-02-13 20:01:38.048 [main] SimpleValueBinder - Starting fillSimpleValue for lastName
[DEBUG] 2018-02-13 20:01:38.050 [main] PrimaryKey - Forcing column [id] to be non-null as it is part of the primary key for table [user]
[DEBUG] 2018-02-13 20:01:38.098 [main] SessionFactoryImpl - Building session factory
[DEBUG] 2018-02-13 20:01:38.099 [main] Settings - SessionFactory name : null
[DEBUG] 2018-02-13 20:01:38.099 [main] Settings - Automatic flush during beforeCompletion(): enabled
[DEBUG] 2018-02-13 20:01:38.099 [main] Settings - Automatic session close at end of transaction: disabled
[DEBUG] 2018-02-13 20:01:38.099 [main] Settings - Statistics: disabled
[DEBUG] 2018-02-13 20:01:38.100 [main] Settings - Deleted entity synthetic identifier rollback: disabled
[DEBUG] 2018-02-13 20:01:38.100 [main] Settings - Default entity-mode: pojo
[DEBUG] 2018-02-13 20:01:38.100 [main] Settings - Check Nullability in Core (should be disabled when Bean Validation is on): enabled
[DEBUG] 2018-02-13 20:01:38.100 [main] Settings - Allow initialization of lazy state outside session : disabled
[DEBUG] 2018-02-13 20:01:38.100 [main] Settings - Using BatchFetchStyle : LEGACY
[DEBUG] 2018-02-13 20:01:38.100 [main] Settings - Default batch fetch size: -1
[DEBUG] 2018-02-13 20:01:38.100 [main] Settings - Maximum outer join fetch depth: 2
[DEBUG] 2018-02-13 20:01:38.100 [main] Settings - Default null ordering: NONE
[DEBUG] 2018-02-13 20:01:38.100 [main] Settings - Order SQL updates by primary key: disabled
[DEBUG] 2018-02-13 20:01:38.100 [main] Settings - Order SQL inserts for batching: disabled
[DEBUG] 2018-02-13 20:01:38.100 [main] Settings - multi-tenancy strategy : NONE
[DEBUG] 2018-02-13 20:01:38.100 [main] Settings - JTA Track by Thread: enabled
[DEBUG] 2018-02-13 20:01:38.100 [main] Settings - Query language substitutions: {}
[DEBUG] 2018-02-13 20:01:38.100 [main] Settings - JPA query language strict compliance: disabled
[DEBUG] 2018-02-13 20:01:38.100 [main] Settings - Named query checking : enabled
[DEBUG] 2018-02-13 20:01:38.101 [main] Settings - Second-level cache: enabled
[DEBUG] 2018-02-13 20:01:38.101 [main] Settings - Second-level query cache: disabled
[DEBUG] 2018-02-13 20:01:38.101 [main] Settings - Second-level query cache factory: org.hibernate.cache.internal.StandardQueryCacheFactory@346a361
[DEBUG] 2018-02-13 20:01:38.101 [main] Settings - Second-level cache region prefix: null
[DEBUG] 2018-02-13 20:01:38.101 [main] Settings - Optimize second-level cache for minimal puts: disabled
[DEBUG] 2018-02-13 20:01:38.101 [main] Settings - Structured second-level cache entries: disabled
[DEBUG] 2018-02-13 20:01:38.101 [main] Settings - Second-level cache direct-reference entries: disabled
[DEBUG] 2018-02-13 20:01:38.101 [main] Settings - Automatic eviction of collection cache: disabled
[DEBUG] 2018-02-13 20:01:38.101 [main] Settings - JDBC batch size: 15
[DEBUG] 2018-02-13 20:01:38.101 [main] Settings - JDBC batch updates for versioned data: enabled
[DEBUG] 2018-02-13 20:01:38.101 [main] Settings - Scrollable result sets: enabled
[DEBUG] 2018-02-13 20:01:38.102 [main] Settings - Wrap result sets: disabled
[DEBUG] 2018-02-13 20:01:38.102 [main] Settings - JDBC3 getGeneratedKeys(): enabled
[DEBUG] 2018-02-13 20:01:38.102 [main] Settings - JDBC result set fetch size: null
[DEBUG] 2018-02-13 20:01:38.102 [main] Settings - Connection release mode: AFTER_TRANSACTION
[DEBUG] 2018-02-13 20:01:38.102 [main] Settings - Generate SQL with comments: disabled
[DEBUG] 2018-02-13 20:01:38.177 [main] SessionFactoryImpl - Session factory constructed with filter configurations : {}
[DEBUG] 2018-02-13 20:01:38.177 [main] SessionFactoryImpl - Instantiating session factory with properties: {gopherProxySet=false, awt.toolkit=sun.lwawt.macosx.LWCToolkit, file.encoding.pkg=sun.io, java.specification.version=1.8, hibernate.c3p0.idle_test_period=3000, sun.cpu.isalist=, sun.jnu.encoding=UTF-8, hibernate.c3p0.min_size=5, java.class.path=/Applications/IntelliJ IDEA.app/Contents/lib/idea_rt.jar:/Applications/IntelliJ IDEA.app/Contents/plugins/junit/lib/junit-rt.jar:/Applications/IntelliJ IDEA.app/Contents/plugins/junit/lib/junit5-rt.jar:/Library/Java/JavaVirtualMachines/jdk1.8.0_162.jdk/Contents/Home/jre/lib/charsets.jar:/Library/Java/JavaVirtualMachines/jdk1.8.0_162.jdk/Contents/Home/jre/lib/deploy.jar:/Library/Java/JavaVirtualMachines/jdk1.8.0_162.jdk/Contents/Home/jre/lib/ext/cldrdata.jar:/Library/Java/JavaVirtualMachines/jdk1.8.0_162.jdk/Contents/Home/jre/lib/ext/dnsns.jar:/Library/Java/JavaVirtualMachines/jdk1.8.0_162.jdk/Contents/Home/jre/lib/ext/jaccess.jar:/Library/Java/JavaVirtualMachines/jdk1.8.0_162.jdk/Contents/Home/jre/lib/ext/jfxrt.jar:/Library/Java/JavaVirtualMachines/jdk1.8.0_162.jdk/Contents/Home/jre/lib/ext/localedata.jar:/Library/Java/JavaVirtualMachines/jdk1.8.0_162.jdk/Contents/Home/jre/lib/ext/nashorn.jar:/Library/Java/JavaVirtualMachines/jdk1.8.0_162.jdk/Contents/Home/jre/lib/ext/sunec.jar:/Library/Java/JavaVirtualMachines/jdk1.8.0_162.jdk/Contents/Home/jre/lib/ext/sunjce_provider.jar:/Library/Java/JavaVirtualMachines/jdk1.8.0_162.jdk/Contents/Home/jre/lib/ext/sunpkcs11.jar:/Library/Java/JavaVirtualMachines/jdk1.8.0_162.jdk/Contents/Home/jre/lib/ext/zipfs.jar:/Library/Java/JavaVirtualMachines/jdk1.8.0_162.jdk/Contents/Home/jre/lib/javaws.jar:/Library/Java/JavaVirtualMachines/jdk1.8.0_162.jdk/Contents/Home/jre/lib/jce.jar:/Library/Java/JavaVirtualMachines/jdk1.8.0_162.jdk/Contents/Home/jre/lib/jfr.jar:/Library/Java/JavaVirtualMachines/jdk1.8.0_162.jdk/Contents/Home/jre/lib/jfxswt.jar:/Library/Java/JavaVirtualMachines/jdk1.8.0_162.jdk/Contents/Home/jre/lib/jsse.jar:/Library/Java/JavaVirtualMachines/jdk1.8.0_162.jdk/Contents/Home/jre/lib/management-agent.jar:/Library/Java/JavaVirtualMachines/jdk1.8.0_162.jdk/Contents/Home/jre/lib/plugin.jar:/Library/Java/JavaVirtualMachines/jdk1.8.0_162.jdk/Contents/Home/jre/lib/resources.jar:/Library/Java/JavaVirtualMachines/jdk1.8.0_162.jdk/Contents/Home/jre/lib/rt.jar:/Library/Java/JavaVirtualMachines/jdk1.8.0_162.jdk/Contents/Home/lib/ant-javafx.jar:/Library/Java/JavaVirtualMachines/jdk1.8.0_162.jdk/Contents/Home/lib/dt.jar:/Library/Java/JavaVirtualMachines/jdk1.8.0_162.jdk/Contents/Home/lib/javafx-mx.jar:/Library/Java/JavaVirtualMachines/jdk1.8.0_162.jdk/Contents/Home/lib/jconsole.jar:/Library/Java/JavaVirtualMachines/jdk1.8.0_162.jdk/Contents/Home/lib/packager.jar:/Library/Java/JavaVirtualMachines/jdk1.8.0_162.jdk/Contents/Home/lib/sa-jdi.jar:/Library/Java/JavaVirtualMachines/jdk1.8.0_162.jdk/Contents/Home/lib/tools.jar:/Users/nicolesteck/IdeaProjects/IndividualProject/target/test-classes:/Users/nicolesteck/IdeaProjects/IndividualProject/target/classes:/Users/nicolesteck/.m2/repository/org/junit/jupiter/junit-jupiter-engine/5.0.0/junit-jupiter-engine-5.0.0.jar:/Users/nicolesteck/.m2/repository/org/apiguardian/apiguardian-api/1.0.0/apiguardian-api-1.0.0.jar:/Users/nicolesteck/.m2/repository/org/junit/platform/junit-platform-engine/1.0.0/junit-platform-engine-1.0.0.jar:/Users/nicolesteck/.m2/repository/org/junit/platform/junit-platform-commons/1.0.0/junit-platform-commons-1.0.0.jar:/Users/nicolesteck/.m2/repository/org/opentest4j/opentest4j/1.0.0/opentest4j-1.0.0.jar:/Users/nicolesteck/.m2/repository/org/junit/jupiter/junit-jupiter-api/5.0.0/junit-jupiter-api-5.0.0.jar:/Users/nicolesteck/.m2/repository/junit/junit/4.12/junit-4.12.jar:/Users/nicolesteck/.m2/repository/org/hamcrest/hamcrest-core/1.3/hamcrest-core-1.3.jar:/Users/nicolesteck/.m2/repository/org/junit/platform/junit-platform-runner/1.0.0/junit-platform-runner-1.0.0.jar:/Users/nicolesteck/.m2/repository/org/junit/platform/junit-platform-launcher/1.0.0/junit-platform-launcher-1.0.0.jar:/Users/nicolesteck/.m2/repository/org/junit/platform/junit-platform-suite-api/1.0.0/junit-platform-suite-api-1.0.0.jar:/Users/nicolesteck/.m2/repository/org/junit/vintage/junit-vintage-engine/4.12.0/junit-vintage-engine-4.12.0.jar:/Users/nicolesteck/.m2/repository/javax/javaee-web-api/7.0/javaee-web-api-7.0.jar:/Users/nicolesteck/.m2/repository/org/apache/logging/log4j/log4j-api/2.10.0/log4j-api-2.10.0.jar:/Users/nicolesteck/.m2/repository/org/apache/logging/log4j/log4j-core/2.10.0/log4j-core-2.10.0.jar:/Users/nicolesteck/.m2/repository/org/hibernate/hibernate-core/5.2.12.Final/hibernate-core-5.2.12.Final.jar:/Users/nicolesteck/.m2/repository/org/jboss/logging/jboss-logging/3.3.0.Final/jboss-logging-3.3.0.Final.jar:/Users/nicolesteck/.m2/repository/org/hibernate/javax/persistence/hibernate-jpa-2.1-api/1.0.0.Final/hibernate-jpa-2.1-api-1.0.0.Final.jar:/Users/nicolesteck/.m2/repository/org/javassist/javassist/3.20.0-GA/javassist-3.20.0-GA.jar:/Users/nicolesteck/.m2/repository/antlr/antlr/2.7.7/antlr-2.7.7.jar:/Users/nicolesteck/.m2/repository/org/jboss/spec/javax/transaction/jboss-transaction-api_1.2_spec/1.0.1.Final/jboss-transaction-api_1.2_spec-1.0.1.Final.jar:/Users/nicolesteck/.m2/repository/org/jboss/jandex/2.0.3.Final/jandex-2.0.3.Final.jar:/Users/nicolesteck/.m2/repository/com/fasterxml/classmate/1.3.0/classmate-1.3.0.jar:/Users/nicolesteck/.m2/repository/dom4j/dom4j/1.6.1/dom4j-1.6.1.jar:/Users/nicolesteck/.m2/repository/org/hibernate/common/hibernate-commons-annotations/5.0.1.Final/hibernate-commons-annotations-5.0.1.Final.jar:/Users/nicolesteck/.m2/repository/org/hibernate/hibernate-c3p0/5.2.12.Final/hibernate-c3p0-5.2.12.Final.jar:/Users/nicolesteck/.m2/repository/com/mchange/c3p0/0.9.5.2/c3p0-0.9.5.2.jar:/Users/nicolesteck/.m2/repository/com/mchange/mchange-commons-java/0.2.11/mchange-commons-java-0.2.11.jar:/Users/nicolesteck/.m2/repository/mysql/mysql-connector-java/5.1.39/mysql-connector-java-5.1.39.jar:/Users/nicolesteck/.m2/repository/jstl/jstl/1.2/jstl-1.2.jar:/Users/nicolesteck/.m2/repository/javax/servlet/jstl/1.2/jstl-1.2.jar:/Applications/IntelliJ IDEA.app/Contents/lib/idea_rt.jar, java.vm.vendor=Oracle Corporation, sun.arch.data.model=64, idea.test.cyclic.buffer.size=1048576, java.vendor.url=http://java.oracle.com/, user.timezone=America/Chicago, os.name=Mac OS X, java.vm.specification.version=1.8, user.country=US, sun.java.launcher=SUN_STANDARD, sun.boot.library.path=/Library/Java/JavaVirtualMachines/jdk1.8.0_162.jdk/Contents/Home/jre/lib, sun.java.command=com.intellij.rt.execution.junit.JUnitStarter -ideVersion5 -junit5 edu.matc.persistence.UserDaoTest, http.nonProxyHosts=local|*.local|169.254/16|*.169.254/16, sun.cpu.endian=little, hibernate.c3p0.max_statements=50, user.home=/Users/nicolesteck, user.language=en, java.specification.vendor=Oracle Corporation, java.home=/Library/Java/JavaVirtualMachines/jdk1.8.0_162.jdk/Contents/Home/jre, file.separator=/, line.separator=
, hibernate.c3p0.timeout=300, java.vm.specification.vendor=Oracle Corporation, java.specification.name=Java Platform API Specification, java.awt.graphicsenv=sun.awt.CGraphicsEnvironment, sun.boot.class.path=/Library/Java/JavaVirtualMachines/jdk1.8.0_162.jdk/Contents/Home/jre/lib/resources.jar:/Library/Java/JavaVirtualMachines/jdk1.8.0_162.jdk/Contents/Home/jre/lib/rt.jar:/Library/Java/JavaVirtualMachines/jdk1.8.0_162.jdk/Contents/Home/jre/lib/sunrsasign.jar:/Library/Java/JavaVirtualMachines/jdk1.8.0_162.jdk/Contents/Home/jre/lib/jsse.jar:/Library/Java/JavaVirtualMachines/jdk1.8.0_162.jdk/Contents/Home/jre/lib/jce.jar:/Library/Java/JavaVirtualMachines/jdk1.8.0_162.jdk/Contents/Home/jre/lib/charsets.jar:/Library/Java/JavaVirtualMachines/jdk1.8.0_162.jdk/Contents/Home/jre/lib/jfr.jar:/Library/Java/JavaVirtualMachines/jdk1.8.0_162.jdk/Contents/Home/jre/classes, connection.password=password, sun.management.compiler=HotSpot 64-Bit Tiered Compilers, hibernate.c3p0.max_size=20, ftp.nonProxyHosts=local|*.local|169.254/16|*.169.254/16, java.runtime.version=1.8.0_162-b12, user.name=nicolesteck, path.separator=:, hibernate.connection.username=root, os.version=10.13.2, java.endorsed.dirs=/Library/Java/JavaVirtualMachines/jdk1.8.0_162.jdk/Contents/Home/jre/lib/endorsed, java.runtime.name=Java(TM) SE Runtime Environment, hibernate.connection.url=jdbc:mysql://localhost:3306/li_test, file.encoding=UTF-8, java.vm.name=Java HotSpot(TM) 64-Bit Server VM, hibernate.connection.driver_class=com.mysql.jdbc.Driver, java.vendor.url.bug=http://bugreport.sun.com/bugreport/, java.io.tmpdir=/var/folders/cm/7hr4w3956s376pt6xd4jsb3m0000gn/T/, java.version=1.8.0_162, user.dir=/Users/nicolesteck/IdeaProjects/IndividualProject, os.arch=x86_64, connection.username=root, java.vm.specification.name=Java Virtual Machine Specification, hibernate.connection.password=****, java.awt.printerjob=sun.lwawt.macosx.CPrinterJob, sun.os.patch.level=unknown, connection.driver_class=com.mysql.jdbc.Driver, hibernate.boot.CfgXmlAccessService.key=org.hibernate.boot.cfgxml.spi.LoadedConfig@6bab2585, java.library.path=/Users/nicolesteck/Library/Java/Extensions:/Library/Java/Extensions:/Network/Library/Java/Extensions:/System/Library/Java/Extensions:/usr/lib/java:., java.vm.info=mixed mode, java.vendor=Oracle Corporation, java.vm.version=25.162-b12, hibernate.bytecode.use_reflection_optimizer=false, java.ext.dirs=/Users/nicolesteck/Library/Java/Extensions:/Library/Java/JavaVirtualMachines/jdk1.8.0_162.jdk/Contents/Home/jre/lib/ext:/Library/Java/Extensions:/Network/Library/Java/Extensions:/System/Library/Java/Extensions:/usr/lib/java, sun.io.unicode.encoding=UnicodeBig, connection.url=jdbc:mysql://localhost:3306/li_test, java.class.version=52.0, socksNonProxyHosts=local|*.local|169.254/16|*.169.254/16}
[DEBUG] 2018-02-13 20:01:38.201 [main] TypeSafeActivator - Unable to acquire Bean Validation ValidatorFactory, skipping activation
[DEBUG] 2018-02-13 20:01:38.201 [main] JaccIntegrator - Skipping JACC integration as it was not enabled
[DEBUG] 2018-02-13 20:01:38.203 [main] SessionFactoryImpl - Instantiated session factory
[DEBUG] 2018-02-13 20:01:38.275 [main] ClassLoaderAccessImpl - Not known whether passed class name [edu.matc.entity.User] is safe
[DEBUG] 2018-02-13 20:01:38.276 [main] ClassLoaderAccessImpl - No temp ClassLoader provided; using live ClassLoader for loading potentially unsafe class : edu.matc.entity.User
[DEBUG] 2018-02-13 20:01:38.298 [main] ClassLoaderAccessImpl - Not known whether passed class name [edu.matc.entity.User] is safe
[DEBUG] 2018-02-13 20:01:38.298 [main] ClassLoaderAccessImpl - No temp ClassLoader provided; using live ClassLoader for loading potentially unsafe class : edu.matc.entity.User
[DEBUG] 2018-02-13 20:01:38.381 [main] AbstractEntityPersister - Static SQL for entity: edu.matc.entity.User
[DEBUG] 2018-02-13 20:01:38.382 [main] AbstractEntityPersister -  Version select: select id from user where id =?
[DEBUG] 2018-02-13 20:01:38.382 [main] AbstractEntityPersister -  Snapshot select: select user_.id, user_.email as email2_0_, user_.first_name as first_na3_0_, user_.last_name as last_nam4_0_ from user user_ where user_.id=?
[DEBUG] 2018-02-13 20:01:38.383 [main] AbstractEntityPersister -  Insert 0: insert into user (email, first_name, last_name, id) values (?, ?, ?, ?)
[DEBUG] 2018-02-13 20:01:38.383 [main] AbstractEntityPersister -  Update 0: update user set email=?, first_name=?, last_name=? where id=?
[DEBUG] 2018-02-13 20:01:38.383 [main] AbstractEntityPersister -  Delete 0: delete from user where id=?
[DEBUG] 2018-02-13 20:01:38.383 [main] AbstractEntityPersister -  Identity insert: insert into user (email, first_name, last_name) values (?, ?, ?)
[DEBUG] 2018-02-13 20:01:38.414 [main] QuerySpacesImpl - Adding QuerySpace : uid = <gen:0> -> org.hibernate.loader.plan.build.internal.spaces.EntityQuerySpaceImpl@62577d6]
[DEBUG] 2018-02-13 20:01:38.418 [main] MetamodelGraphWalker - Visiting attribute path : email
[DEBUG] 2018-02-13 20:01:38.418 [main] MetamodelGraphWalker - Visiting attribute path : firstName
[DEBUG] 2018-02-13 20:01:38.418 [main] MetamodelGraphWalker - Visiting attribute path : lastName
[DEBUG] 2018-02-13 20:01:38.418 [main] FetchStyleLoadPlanBuildingAssociationVisitationStrategy - Building LoadPlan...
[DEBUG] 2018-02-13 20:01:38.446 [main] LoadQueryJoinAndFetchProcessor - processing queryspace <gen:0>
[DEBUG] 2018-02-13 20:01:38.454 [main] LoadPlanTreePrinter - LoadPlan(entity=edu.matc.entity.User)
    - Returns
       - EntityReturnImpl(entity=edu.matc.entity.User, querySpaceUid=<gen:0>, path=edu.matc.entity.User)
    - QuerySpaces
       - EntityQuerySpaceImpl(uid=<gen:0>, entity=edu.matc.entity.User)
          - SQL table alias mapping - user0_
          - alias suffix - 0_
          - suffixed key columns - {id1_0_0_}

[DEBUG] 2018-02-13 20:01:38.460 [main] EntityLoader - Static select for entity edu.matc.entity.User [NONE]: select user0_.id as id1_0_0_, user0_.email as email2_0_0_, user0_.first_name as first_na3_0_0_, user0_.last_name as last_nam4_0_0_ from user user0_ where user0_.id=?
[DEBUG] 2018-02-13 20:01:38.460 [main] QuerySpacesImpl - Adding QuerySpace : uid = <gen:0> -> org.hibernate.loader.plan.build.internal.spaces.EntityQuerySpaceImpl@5710768a]
[DEBUG] 2018-02-13 20:01:38.461 [main] MetamodelGraphWalker - Visiting attribute path : email
[DEBUG] 2018-02-13 20:01:38.461 [main] MetamodelGraphWalker - Visiting attribute path : firstName
[DEBUG] 2018-02-13 20:01:38.461 [main] MetamodelGraphWalker - Visiting attribute path : lastName
[DEBUG] 2018-02-13 20:01:38.461 [main] FetchStyleLoadPlanBuildingAssociationVisitationStrategy - Building LoadPlan...
[DEBUG] 2018-02-13 20:01:38.462 [main] LoadQueryJoinAndFetchProcessor - processing queryspace <gen:0>
[DEBUG] 2018-02-13 20:01:38.462 [main] LoadPlanTreePrinter - LoadPlan(entity=edu.matc.entity.User)
    - Returns
       - EntityReturnImpl(entity=edu.matc.entity.User, querySpaceUid=<gen:0>, path=edu.matc.entity.User)
    - QuerySpaces
       - EntityQuerySpaceImpl(uid=<gen:0>, entity=edu.matc.entity.User)
          - SQL table alias mapping - user0_
          - alias suffix - 0_
          - suffixed key columns - {id1_0_0_}

[DEBUG] 2018-02-13 20:01:38.462 [main] EntityLoader - Static select for entity edu.matc.entity.User [READ]: select user0_.id as id1_0_0_, user0_.email as email2_0_0_, user0_.first_name as first_na3_0_0_, user0_.last_name as last_nam4_0_0_ from user user0_ where user0_.id=?
[DEBUG] 2018-02-13 20:01:38.462 [main] QuerySpacesImpl - Adding QuerySpace : uid = <gen:0> -> org.hibernate.loader.plan.build.internal.spaces.EntityQuerySpaceImpl@6e0d4a8]
[DEBUG] 2018-02-13 20:01:38.462 [main] MetamodelGraphWalker - Visiting attribute path : email
[DEBUG] 2018-02-13 20:01:38.462 [main] MetamodelGraphWalker - Visiting attribute path : firstName
[DEBUG] 2018-02-13 20:01:38.462 [main] MetamodelGraphWalker - Visiting attribute path : lastName
[DEBUG] 2018-02-13 20:01:38.463 [main] FetchStyleLoadPlanBuildingAssociationVisitationStrategy - Building LoadPlan...
[DEBUG] 2018-02-13 20:01:38.463 [main] LoadQueryJoinAndFetchProcessor - processing queryspace <gen:0>
[DEBUG] 2018-02-13 20:01:38.463 [main] LoadPlanTreePrinter - LoadPlan(entity=edu.matc.entity.User)
    - Returns
       - EntityReturnImpl(entity=edu.matc.entity.User, querySpaceUid=<gen:0>, path=edu.matc.entity.User)
    - QuerySpaces
       - EntityQuerySpaceImpl(uid=<gen:0>, entity=edu.matc.entity.User)
          - SQL table alias mapping - user0_
          - alias suffix - 0_
          - suffixed key columns - {id1_0_0_}

[DEBUG] 2018-02-13 20:01:38.463 [main] EntityLoader - Static select for entity edu.matc.entity.User [UPGRADE]: select user0_.id as id1_0_0_, user0_.email as email2_0_0_, user0_.first_name as first_na3_0_0_, user0_.last_name as last_nam4_0_0_ from user user0_ where user0_.id=? for update
[DEBUG] 2018-02-13 20:01:38.463 [main] QuerySpacesImpl - Adding QuerySpace : uid = <gen:0> -> org.hibernate.loader.plan.build.internal.spaces.EntityQuerySpaceImpl@30272916]
[DEBUG] 2018-02-13 20:01:38.464 [main] MetamodelGraphWalker - Visiting attribute path : email
[DEBUG] 2018-02-13 20:01:38.464 [main] MetamodelGraphWalker - Visiting attribute path : firstName
[DEBUG] 2018-02-13 20:01:38.464 [main] MetamodelGraphWalker - Visiting attribute path : lastName
[DEBUG] 2018-02-13 20:01:38.464 [main] FetchStyleLoadPlanBuildingAssociationVisitationStrategy - Building LoadPlan...
[DEBUG] 2018-02-13 20:01:38.464 [main] LoadQueryJoinAndFetchProcessor - processing queryspace <gen:0>
[DEBUG] 2018-02-13 20:01:38.464 [main] LoadPlanTreePrinter - LoadPlan(entity=edu.matc.entity.User)
    - Returns
       - EntityReturnImpl(entity=edu.matc.entity.User, querySpaceUid=<gen:0>, path=edu.matc.entity.User)
    - QuerySpaces
       - EntityQuerySpaceImpl(uid=<gen:0>, entity=edu.matc.entity.User)
          - SQL table alias mapping - user0_
          - alias suffix - 0_
          - suffixed key columns - {id1_0_0_}

[DEBUG] 2018-02-13 20:01:38.465 [main] EntityLoader - Static select for entity edu.matc.entity.User [UPGRADE_NOWAIT]: select user0_.id as id1_0_0_, user0_.email as email2_0_0_, user0_.first_name as first_na3_0_0_, user0_.last_name as last_nam4_0_0_ from user user0_ where user0_.id=? for update
[DEBUG] 2018-02-13 20:01:38.465 [main] QuerySpacesImpl - Adding QuerySpace : uid = <gen:0> -> org.hibernate.loader.plan.build.internal.spaces.EntityQuerySpaceImpl@5bf61e67]
[DEBUG] 2018-02-13 20:01:38.465 [main] MetamodelGraphWalker - Visiting attribute path : email
[DEBUG] 2018-02-13 20:01:38.465 [main] MetamodelGraphWalker - Visiting attribute path : firstName
[DEBUG] 2018-02-13 20:01:38.465 [main] MetamodelGraphWalker - Visiting attribute path : lastName
[DEBUG] 2018-02-13 20:01:38.465 [main] FetchStyleLoadPlanBuildingAssociationVisitationStrategy - Building LoadPlan...
[DEBUG] 2018-02-13 20:01:38.465 [main] LoadQueryJoinAndFetchProcessor - processing queryspace <gen:0>
[DEBUG] 2018-02-13 20:01:38.466 [main] LoadPlanTreePrinter - LoadPlan(entity=edu.matc.entity.User)
    - Returns
       - EntityReturnImpl(entity=edu.matc.entity.User, querySpaceUid=<gen:0>, path=edu.matc.entity.User)
    - QuerySpaces
       - EntityQuerySpaceImpl(uid=<gen:0>, entity=edu.matc.entity.User)
          - SQL table alias mapping - user0_
          - alias suffix - 0_
          - suffixed key columns - {id1_0_0_}

[DEBUG] 2018-02-13 20:01:38.466 [main] EntityLoader - Static select for entity edu.matc.entity.User [UPGRADE_SKIPLOCKED]: select user0_.id as id1_0_0_, user0_.email as email2_0_0_, user0_.first_name as first_na3_0_0_, user0_.last_name as last_nam4_0_0_ from user user0_ where user0_.id=? for update
[DEBUG] 2018-02-13 20:01:38.466 [main] QuerySpacesImpl - Adding QuerySpace : uid = <gen:0> -> org.hibernate.loader.plan.build.internal.spaces.EntityQuerySpaceImpl@b273a59]
[DEBUG] 2018-02-13 20:01:38.466 [main] MetamodelGraphWalker - Visiting attribute path : email
[DEBUG] 2018-02-13 20:01:38.466 [main] MetamodelGraphWalker - Visiting attribute path : firstName
[DEBUG] 2018-02-13 20:01:38.466 [main] MetamodelGraphWalker - Visiting attribute path : lastName
[DEBUG] 2018-02-13 20:01:38.466 [main] FetchStyleLoadPlanBuildingAssociationVisitationStrategy - Building LoadPlan...
[DEBUG] 2018-02-13 20:01:38.467 [main] LoadQueryJoinAndFetchProcessor - processing queryspace <gen:0>
[DEBUG] 2018-02-13 20:01:38.467 [main] LoadPlanTreePrinter - LoadPlan(entity=edu.matc.entity.User)
    - Returns
       - EntityReturnImpl(entity=edu.matc.entity.User, querySpaceUid=<gen:0>, path=edu.matc.entity.User)
    - QuerySpaces
       - EntityQuerySpaceImpl(uid=<gen:0>, entity=edu.matc.entity.User)
          - SQL table alias mapping - user0_
          - alias suffix - 0_
          - suffixed key columns - {id1_0_0_}

[DEBUG] 2018-02-13 20:01:38.467 [main] EntityLoader - Static select for entity edu.matc.entity.User [FORCE]: select user0_.id as id1_0_0_, user0_.email as email2_0_0_, user0_.first_name as first_na3_0_0_, user0_.last_name as last_nam4_0_0_ from user user0_ where user0_.id=? for update
[DEBUG] 2018-02-13 20:01:38.467 [main] QuerySpacesImpl - Adding QuerySpace : uid = <gen:0> -> org.hibernate.loader.plan.build.internal.spaces.EntityQuerySpaceImpl@251ebf23]
[DEBUG] 2018-02-13 20:01:38.467 [main] MetamodelGraphWalker - Visiting attribute path : email
[DEBUG] 2018-02-13 20:01:38.467 [main] MetamodelGraphWalker - Visiting attribute path : firstName
[DEBUG] 2018-02-13 20:01:38.468 [main] MetamodelGraphWalker - Visiting attribute path : lastName
[DEBUG] 2018-02-13 20:01:38.469 [main] FetchStyleLoadPlanBuildingAssociationVisitationStrategy - Building LoadPlan...
[DEBUG] 2018-02-13 20:01:38.470 [main] LoadQueryJoinAndFetchProcessor - processing queryspace <gen:0>
[DEBUG] 2018-02-13 20:01:38.470 [main] LoadPlanTreePrinter - LoadPlan(entity=edu.matc.entity.User)
    - Returns
       - EntityReturnImpl(entity=edu.matc.entity.User, querySpaceUid=<gen:0>, path=edu.matc.entity.User)
    - QuerySpaces
       - EntityQuerySpaceImpl(uid=<gen:0>, entity=edu.matc.entity.User)
          - SQL table alias mapping - user0_
          - alias suffix - 0_
          - suffixed key columns - {id1_0_0_}

[DEBUG] 2018-02-13 20:01:38.471 [main] EntityLoader - Static select for entity edu.matc.entity.User [PESSIMISTIC_READ]: select user0_.id as id1_0_0_, user0_.email as email2_0_0_, user0_.first_name as first_na3_0_0_, user0_.last_name as last_nam4_0_0_ from user user0_ where user0_.id=? lock in share mode
[DEBUG] 2018-02-13 20:01:38.471 [main] QuerySpacesImpl - Adding QuerySpace : uid = <gen:0> -> org.hibernate.loader.plan.build.internal.spaces.EntityQuerySpaceImpl@1b70203f]
[DEBUG] 2018-02-13 20:01:38.471 [main] MetamodelGraphWalker - Visiting attribute path : email
[DEBUG] 2018-02-13 20:01:38.471 [main] MetamodelGraphWalker - Visiting attribute path : firstName
[DEBUG] 2018-02-13 20:01:38.471 [main] MetamodelGraphWalker - Visiting attribute path : lastName
[DEBUG] 2018-02-13 20:01:38.471 [main] FetchStyleLoadPlanBuildingAssociationVisitationStrategy - Building LoadPlan...
[DEBUG] 2018-02-13 20:01:38.472 [main] LoadQueryJoinAndFetchProcessor - processing queryspace <gen:0>
[DEBUG] 2018-02-13 20:01:38.472 [main] LoadPlanTreePrinter - LoadPlan(entity=edu.matc.entity.User)
    - Returns
       - EntityReturnImpl(entity=edu.matc.entity.User, querySpaceUid=<gen:0>, path=edu.matc.entity.User)
    - QuerySpaces
       - EntityQuerySpaceImpl(uid=<gen:0>, entity=edu.matc.entity.User)
          - SQL table alias mapping - user0_
          - alias suffix - 0_
          - suffixed key columns - {id1_0_0_}

[DEBUG] 2018-02-13 20:01:38.472 [main] EntityLoader - Static select for entity edu.matc.entity.User [PESSIMISTIC_WRITE]: select user0_.id as id1_0_0_, user0_.email as email2_0_0_, user0_.first_name as first_na3_0_0_, user0_.last_name as last_nam4_0_0_ from user user0_ where user0_.id=? for update
[DEBUG] 2018-02-13 20:01:38.473 [main] QuerySpacesImpl - Adding QuerySpace : uid = <gen:0> -> org.hibernate.loader.plan.build.internal.spaces.EntityQuerySpaceImpl@15051a0]
[DEBUG] 2018-02-13 20:01:38.473 [main] MetamodelGraphWalker - Visiting attribute path : email
[DEBUG] 2018-02-13 20:01:38.473 [main] MetamodelGraphWalker - Visiting attribute path : firstName
[DEBUG] 2018-02-13 20:01:38.473 [main] MetamodelGraphWalker - Visiting attribute path : lastName
[DEBUG] 2018-02-13 20:01:38.474 [main] FetchStyleLoadPlanBuildingAssociationVisitationStrategy - Building LoadPlan...
[DEBUG] 2018-02-13 20:01:38.475 [main] LoadQueryJoinAndFetchProcessor - processing queryspace <gen:0>
[DEBUG] 2018-02-13 20:01:38.477 [main] LoadPlanTreePrinter - LoadPlan(entity=edu.matc.entity.User)
    - Returns
       - EntityReturnImpl(entity=edu.matc.entity.User, querySpaceUid=<gen:0>, path=edu.matc.entity.User)
    - QuerySpaces
       - EntityQuerySpaceImpl(uid=<gen:0>, entity=edu.matc.entity.User)
          - SQL table alias mapping - user0_
          - alias suffix - 0_
          - suffixed key columns - {id1_0_0_}

[DEBUG] 2018-02-13 20:01:38.477 [main] EntityLoader - Static select for entity edu.matc.entity.User [PESSIMISTIC_FORCE_INCREMENT]: select user0_.id as id1_0_0_, user0_.email as email2_0_0_, user0_.first_name as first_na3_0_0_, user0_.last_name as last_nam4_0_0_ from user user0_ where user0_.id=? for update
[DEBUG] 2018-02-13 20:01:38.477 [main] QuerySpacesImpl - Adding QuerySpace : uid = <gen:0> -> org.hibernate.loader.plan.build.internal.spaces.EntityQuerySpaceImpl@b09fac1]
[DEBUG] 2018-02-13 20:01:38.478 [main] MetamodelGraphWalker - Visiting attribute path : email
[DEBUG] 2018-02-13 20:01:38.478 [main] MetamodelGraphWalker - Visiting attribute path : firstName
[DEBUG] 2018-02-13 20:01:38.478 [main] MetamodelGraphWalker - Visiting attribute path : lastName
[DEBUG] 2018-02-13 20:01:38.479 [main] FetchStyleLoadPlanBuildingAssociationVisitationStrategy - Building LoadPlan...
[DEBUG] 2018-02-13 20:01:38.479 [main] LoadQueryJoinAndFetchProcessor - processing queryspace <gen:0>
[DEBUG] 2018-02-13 20:01:38.479 [main] LoadPlanTreePrinter - LoadPlan(entity=edu.matc.entity.User)
    - Returns
       - EntityReturnImpl(entity=edu.matc.entity.User, querySpaceUid=<gen:0>, path=edu.matc.entity.User)
    - QuerySpaces
       - EntityQuerySpaceImpl(uid=<gen:0>, entity=edu.matc.entity.User)
          - SQL table alias mapping - user0_
          - alias suffix - 0_
          - suffixed key columns - {id1_0_0_}

[DEBUG] 2018-02-13 20:01:38.479 [main] EntityLoader - Static select for entity edu.matc.entity.User [OPTIMISTIC]: select user0_.id as id1_0_0_, user0_.email as email2_0_0_, user0_.first_name as first_na3_0_0_, user0_.last_name as last_nam4_0_0_ from user user0_ where user0_.id=?
[DEBUG] 2018-02-13 20:01:38.480 [main] QuerySpacesImpl - Adding QuerySpace : uid = <gen:0> -> org.hibernate.loader.plan.build.internal.spaces.EntityQuerySpaceImpl@61019f59]
[DEBUG] 2018-02-13 20:01:38.480 [main] MetamodelGraphWalker - Visiting attribute path : email
[DEBUG] 2018-02-13 20:01:38.480 [main] MetamodelGraphWalker - Visiting attribute path : firstName
[DEBUG] 2018-02-13 20:01:38.480 [main] MetamodelGraphWalker - Visiting attribute path : lastName
[DEBUG] 2018-02-13 20:01:38.480 [main] FetchStyleLoadPlanBuildingAssociationVisitationStrategy - Building LoadPlan...
[DEBUG] 2018-02-13 20:01:38.480 [main] LoadQueryJoinAndFetchProcessor - processing queryspace <gen:0>
[DEBUG] 2018-02-13 20:01:38.481 [main] LoadPlanTreePrinter - LoadPlan(entity=edu.matc.entity.User)
    - Returns
       - EntityReturnImpl(entity=edu.matc.entity.User, querySpaceUid=<gen:0>, path=edu.matc.entity.User)
    - QuerySpaces
       - EntityQuerySpaceImpl(uid=<gen:0>, entity=edu.matc.entity.User)
          - SQL table alias mapping - user0_
          - alias suffix - 0_
          - suffixed key columns - {id1_0_0_}

[DEBUG] 2018-02-13 20:01:38.481 [main] EntityLoader - Static select for entity edu.matc.entity.User [OPTIMISTIC_FORCE_INCREMENT]: select user0_.id as id1_0_0_, user0_.email as email2_0_0_, user0_.first_name as first_na3_0_0_, user0_.last_name as last_nam4_0_0_ from user user0_ where user0_.id=?
[DEBUG] 2018-02-13 20:01:38.507 [main] Loader - Static select for action ACTION_MERGE on entity edu.matc.entity.User: select user0_.id as id1_0_0_, user0_.email as email2_0_0_, user0_.first_name as first_na3_0_0_, user0_.last_name as last_nam4_0_0_ from user user0_ where user0_.id=?
[DEBUG] 2018-02-13 20:01:38.507 [main] Loader - Static select for action ACTION_REFRESH on entity edu.matc.entity.User: select user0_.id as id1_0_0_, user0_.email as email2_0_0_, user0_.first_name as first_na3_0_0_, user0_.last_name as last_nam4_0_0_ from user user0_ where user0_.id=?
[DEBUG] 2018-02-13 20:01:38.537 [main] SchemaManagementToolCoordinator - No actions specified; doing nothing
[DEBUG] 2018-02-13 20:01:38.537 [main] JtaPlatformInitiator - No JtaPlatform was specified, checking resolver
[DEBUG] 2018-02-13 20:01:38.538 [main] JtaPlatformResolverInitiator - No JtaPlatformResolver was specified, using default [org.hibernate.engine.transaction.jta.platform.internal.StandardJtaPlatformResolver]
[DEBUG] 2018-02-13 20:01:38.543 [main] StandardJtaPlatformResolver - Could not resolve JtaPlatform, using default [org.hibernate.engine.transaction.jta.platform.internal.NoJtaPlatform]
[DEBUG] 2018-02-13 20:01:38.545 [main] NamedQueryRepository - Checking 0 named HQL queries
[DEBUG] 2018-02-13 20:01:38.545 [main] NamedQueryRepository - Checking 0 named SQL queries
[DEBUG] 2018-02-13 20:01:38.547 [main] SessionFactoryRegistry - Initializing SessionFactoryRegistry : org.hibernate.internal.SessionFactoryRegistry@1da6ee17
[DEBUG] 2018-02-13 20:01:38.550 [main] SessionFactoryRegistry - Registering SessionFactory: 0e114759-ac9e-4319-a933-53cca3107d75 (<unnamed>)
[DEBUG] 2018-02-13 20:01:38.550 [main] SessionFactoryRegistry - Not binding SessionFactory to JNDI, no JNDI name configured
[DEBUG] 2018-02-13 20:01:38.898 [main] StatisticsInitiator - Statistics initialized [enabled=false]
[DEBUG] 2018-02-13 20:01:38.927 [main] SQL - select user0_.id as id1_0_0_, user0_.email as email2_0_0_, user0_.first_name as first_na3_0_0_, user0_.last_name as last_nam4_0_0_ from user user0_ where user0_.id=?
[DEBUG] 2018-02-13 20:01:38.968 [main] ResultSetProcessorImpl - Starting ResultSet row #0
[DEBUG] 2018-02-13 20:01:38.969 [main] EntityReferenceInitializerImpl - On call to EntityIdentifierReaderImpl#resolve, EntityKey was already known; should only happen on root returns with an optional identifier specified
[DEBUG] 2018-02-13 20:01:39.019 [main] TwoPhaseLoad - Resolving associations for [edu.matc.entity.User#5]
[DEBUG] 2018-02-13 20:01:39.029 [main] TwoPhaseLoad - Done materializing entity [edu.matc.entity.User#5]
[DEBUG] 2018-02-13 20:01:39.030 [main] ResourceRegistryStandardImpl - HHH000387: ResultSet's statement was not registered
[DEBUG] 2018-02-13 20:01:39.030 [main] AbstractLoadPlanBasedEntityLoader - Done entity load : edu.matc.entity.User#5
[DEBUG] 2018-02-13 20:01:39.031 [main] LogicalConnectionManagedImpl - Initiating JDBC connection release from afterTransaction
[DEBUG] 2018-02-13 20:01:39.041 [main] TransactionImpl - begin
[DEBUG] 2018-02-13 20:01:39.062 [main] TransactionImpl - committing
[DEBUG] 2018-02-13 20:01:39.063 [main] AbstractFlushingEventListener - Processing flush-time cascades
[DEBUG] 2018-02-13 20:01:39.063 [main] AbstractFlushingEventListener - Dirty checking collections
[DEBUG] 2018-02-13 20:01:39.065 [main] AbstractFlushingEventListener - Flushed: 0 insertions, 0 updates, 1 deletions to 1 objects
[DEBUG] 2018-02-13 20:01:39.065 [main] AbstractFlushingEventListener - Flushed: 0 (re)creations, 0 updates, 0 removals to 0 collections
[DEBUG] 2018-02-13 20:01:39.067 [main] EntityPrinter - Listing entities:
[DEBUG] 2018-02-13 20:01:39.067 [main] EntityPrinter - edu.matc.entity.User{firstName=Dianne, lastName=Klein, id=5, email=dklein@gmail.com}
[DEBUG] 2018-02-13 20:01:39.076 [main] SQL - delete from user where id=?
[DEBUG] 2018-02-13 20:01:39.080 [main] LogicalConnectionManagedImpl - Initiating JDBC connection release from afterTransaction
[DEBUG] 2018-02-13 20:01:39.081 [main] LogicalConnectionManagedImpl - Initiating JDBC connection release from afterTransaction
[DEBUG] 2018-02-13 20:01:39.081 [main] JdbcCoordinatorImpl - HHH000420: Closing un-released batch
[DEBUG] 2018-02-13 20:01:39.082 [main] SQL - select user0_.id as id1_0_0_, user0_.email as email2_0_0_, user0_.first_name as first_na3_0_0_, user0_.last_name as last_nam4_0_0_ from user user0_ where user0_.id=?
[DEBUG] 2018-02-13 20:01:39.084 [main] ResourceRegistryStandardImpl - HHH000387: ResultSet's statement was not registered
[DEBUG] 2018-02-13 20:01:39.084 [main] AbstractLoadPlanBasedEntityLoader - Done entity load : edu.matc.entity.User#5
[DEBUG] 2018-02-13 20:01:39.084 [main] LogicalConnectionManagedImpl - Initiating JDBC connection release from afterTransaction
[DEBUG] 2018-02-13 20:01:39.191 [main] CriteriaQueryImpl - Rendered criteria query -> select generatedAlias0 from User as generatedAlias0 where generatedAlias0.firstName like :param0
[DEBUG] 2018-02-13 20:01:39.227 [main] QueryTranslatorFactoryInitiator - QueryTranslatorFactory : org.hibernate.hql.internal.ast.ASTQueryTranslatorFactory@6079cf5
[INFO ] 2018-02-13 20:01:39.227 [main] QueryTranslatorFactoryInitiator - HHH000397: Using ASTQueryTranslatorFactory
[DEBUG] 2018-02-13 20:01:39.281 [main] QueryTranslatorImpl - parse() - HQL: select generatedAlias0 from edu.matc.entity.User as generatedAlias0 where generatedAlias0.firstName like :param0
[DEBUG] 2018-02-13 20:01:39.293 [main] ErrorCounter - throwQueryException() : no errors
[DEBUG] 2018-02-13 20:01:39.297 [main] QueryTranslatorImpl - --- HQL AST ---
 \-[QUERY] Node: 'query'
    +-[SELECT_FROM] Node: 'SELECT_FROM'
    |  +-[FROM] Node: 'from'
    |  |  \-[RANGE] Node: 'RANGE'
    |  |     +-[DOT] Node: '.'
    |  |     |  +-[DOT] Node: '.'
    |  |     |  |  +-[DOT] Node: '.'
    |  |     |  |  |  +-[IDENT] Node: 'edu'
    |  |     |  |  |  \-[IDENT] Node: 'matc'
    |  |     |  |  \-[IDENT] Node: 'entity'
    |  |     |  \-[IDENT] Node: 'User'
    |  |     \-[ALIAS] Node: 'generatedAlias0'
    |  \-[SELECT] Node: 'select'
    |     \-[IDENT] Node: 'generatedAlias0'
    \-[WHERE] Node: 'where'
       \-[LIKE] Node: 'like'
          +-[DOT] Node: '.'
          |  +-[IDENT] Node: 'generatedAlias0'
          |  \-[IDENT] Node: 'firstName'
          \-[COLON] Node: ':'
             \-[IDENT] Node: 'param0'

[DEBUG] 2018-02-13 20:01:39.341 [main] HqlSqlBaseWalker - select << begin [level=1, statement=select]
[DEBUG] 2018-02-13 20:01:39.360 [main] FromElement - FromClause{level=1} : edu.matc.entity.User (generatedAlias0) -> user0_
[DEBUG] 2018-02-13 20:01:39.361 [main] FromReferenceNode - Resolved : generatedAlias0 -> user0_.id
[DEBUG] 2018-02-13 20:01:39.366 [main] FromReferenceNode - Resolved : generatedAlias0 -> user0_.id
[DEBUG] 2018-02-13 20:01:39.367 [main] DotNode - getDataType() : firstName -> org.hibernate.type.StringType@2235eaab
[DEBUG] 2018-02-13 20:01:39.368 [main] FromReferenceNode - Resolved : generatedAlias0.firstName -> user0_.first_name
[DEBUG] 2018-02-13 20:01:39.371 [main] HqlSqlBaseWalker - select : finishing up [level=1, statement=select]
[DEBUG] 2018-02-13 20:01:39.371 [main] HqlSqlWalker - processQuery() :  ( SELECT ( {select clause} user0_.id ) ( FromClause{level=1} user user0_ ) ( where ( like ( user0_.first_name user0_.id firstName ) ? ) ) )
[DEBUG] 2018-02-13 20:01:39.386 [main] JoinProcessor - Using FROM fragment [user user0_]
[DEBUG] 2018-02-13 20:01:39.387 [main] HqlSqlBaseWalker - select >> end [level=1, statement=select]
[DEBUG] 2018-02-13 20:01:39.388 [main] QueryTranslatorImpl - --- SQL AST ---
 \-[SELECT] QueryNode: 'SELECT'  querySpaces (user)
    +-[SELECT_CLAUSE] SelectClause: '{select clause}'
    |  +-[ALIAS_REF] IdentNode: 'user0_.id as id1_0_' {alias=generatedAlias0, className=edu.matc.entity.User, tableAlias=user0_}
    |  \-[SQL_TOKEN] SqlFragment: 'user0_.email as email2_0_, user0_.first_name as first_na3_0_, user0_.last_name as last_nam4_0_'
    +-[FROM] FromClause: 'from' FromClause{level=1, fromElementCounter=1, fromElements=1, fromElementByClassAlias=[generatedAlias0], fromElementByTableAlias=[user0_], fromElementsByPath=[], collectionJoinFromElementsByPath=[], impliedElements=[]}
    |  \-[FROM_FRAGMENT] FromElement: 'user user0_' FromElement{explicit,not a collection join,not a fetch join,fetch non-lazy properties,classAlias=generatedAlias0,role=null,tableName=user,tableAlias=user0_,origin=null,columns={,className=edu.matc.entity.User}}
    \-[WHERE] SqlNode: 'where'
       \-[LIKE] BinaryLogicOperatorNode: 'like'
          +-[DOT] DotNode: 'user0_.first_name' {propertyName=firstName,dereferenceType=PRIMITIVE,getPropertyPath=firstName,path=generatedAlias0.firstName,tableAlias=user0_,className=edu.matc.entity.User,classAlias=generatedAlias0}
          |  +-[ALIAS_REF] IdentNode: 'user0_.id' {alias=generatedAlias0, className=edu.matc.entity.User, tableAlias=user0_}
          |  \-[IDENT] IdentNode: 'firstName' {originalText=firstName}
          \-[NAMED_PARAM] ParameterNode: '?' {name=param0, expectedType=org.hibernate.type.StringType@2235eaab}

[DEBUG] 2018-02-13 20:01:39.388 [main] ErrorCounter - throwQueryException() : no errors
[DEBUG] 2018-02-13 20:01:39.398 [main] QueryTranslatorImpl - HQL: select generatedAlias0 from edu.matc.entity.User as generatedAlias0 where generatedAlias0.firstName like :param0
[DEBUG] 2018-02-13 20:01:39.398 [main] QueryTranslatorImpl - SQL: select user0_.id as id1_0_, user0_.email as email2_0_, user0_.first_name as first_na3_0_, user0_.last_name as last_nam4_0_ from user user0_ where user0_.first_name like ?
[DEBUG] 2018-02-13 20:01:39.398 [main] ErrorCounter - throwQueryException() : no errors
[DEBUG] 2018-02-13 20:01:39.425 [main] SQL - select user0_.id as id1_0_, user0_.email as email2_0_, user0_.first_name as first_na3_0_, user0_.last_name as last_nam4_0_ from user user0_ where user0_.first_name like ?
[DEBUG] 2018-02-13 20:01:39.430 [main] Loader - Result set row: 0
[DEBUG] 2018-02-13 20:01:39.432 [main] Loader - Result row: EntityKey[edu.matc.entity.User#3]
[DEBUG] 2018-02-13 20:01:39.432 [main] Loader - Result set row: 1
[DEBUG] 2018-02-13 20:01:39.432 [main] Loader - Result row: EntityKey[edu.matc.entity.User#4]
[DEBUG] 2018-02-13 20:01:39.433 [main] TwoPhaseLoad - Resolving associations for [edu.matc.entity.User#3]
[DEBUG] 2018-02-13 20:01:39.433 [main] TwoPhaseLoad - Done materializing entity [edu.matc.entity.User#3]
[DEBUG] 2018-02-13 20:01:39.433 [main] TwoPhaseLoad - Resolving associations for [edu.matc.entity.User#4]
[DEBUG] 2018-02-13 20:01:39.433 [main] TwoPhaseLoad - Done materializing entity [edu.matc.entity.User#4]
[DEBUG] 2018-02-13 20:01:39.447 [main] LogicalConnectionManagedImpl - Initiating JDBC connection release from afterTransaction
[DEBUG] 2018-02-13 20:01:39.483 [main] SQL - select user0_.id as id1_0_0_, user0_.email as email2_0_0_, user0_.first_name as first_na3_0_0_, user0_.last_name as last_nam4_0_0_ from user user0_ where user0_.id=?
[DEBUG] 2018-02-13 20:01:39.485 [main] ResultSetProcessorImpl - Starting ResultSet row #0
[DEBUG] 2018-02-13 20:01:39.486 [main] EntityReferenceInitializerImpl - On call to EntityIdentifierReaderImpl#resolve, EntityKey was already known; should only happen on root returns with an optional identifier specified
[DEBUG] 2018-02-13 20:01:39.486 [main] TwoPhaseLoad - Resolving associations for [edu.matc.entity.User#3]
[DEBUG] 2018-02-13 20:01:39.486 [main] TwoPhaseLoad - Done materializing entity [edu.matc.entity.User#3]
[DEBUG] 2018-02-13 20:01:39.486 [main] ResourceRegistryStandardImpl - HHH000387: ResultSet's statement was not registered
[DEBUG] 2018-02-13 20:01:39.487 [main] AbstractLoadPlanBasedEntityLoader - Done entity load : edu.matc.entity.User#3
[DEBUG] 2018-02-13 20:01:39.487 [main] LogicalConnectionManagedImpl - Initiating JDBC connection release from afterTransaction
[DEBUG] 2018-02-13 20:01:39.518 [main] SQL - select user0_.id as id1_0_0_, user0_.email as email2_0_0_, user0_.first_name as first_na3_0_0_, user0_.last_name as last_nam4_0_0_ from user user0_ where user0_.id=?
[DEBUG] 2018-02-13 20:01:39.519 [main] ResultSetProcessorImpl - Starting ResultSet row #0
[DEBUG] 2018-02-13 20:01:39.519 [main] EntityReferenceInitializerImpl - On call to EntityIdentifierReaderImpl#resolve, EntityKey was already known; should only happen on root returns with an optional identifier specified
[DEBUG] 2018-02-13 20:01:39.520 [main] TwoPhaseLoad - Resolving associations for [edu.matc.entity.User#3]
[DEBUG] 2018-02-13 20:01:39.520 [main] TwoPhaseLoad - Done materializing entity [edu.matc.entity.User#3]
[DEBUG] 2018-02-13 20:01:39.520 [main] ResourceRegistryStandardImpl - HHH000387: ResultSet's statement was not registered
[DEBUG] 2018-02-13 20:01:39.521 [main] AbstractLoadPlanBasedEntityLoader - Done entity load : edu.matc.entity.User#3
[DEBUG] 2018-02-13 20:01:39.521 [main] LogicalConnectionManagedImpl - Initiating JDBC connection release from afterTransaction
[DEBUG] 2018-02-13 20:01:39.547 [main] SQL - select user0_.id as id1_0_0_, user0_.email as email2_0_0_, user0_.first_name as first_na3_0_0_, user0_.last_name as last_nam4_0_0_ from user user0_ where user0_.id=?
[DEBUG] 2018-02-13 20:01:39.551 [main] ResultSetProcessorImpl - Starting ResultSet row #0
[DEBUG] 2018-02-13 20:01:39.551 [main] EntityReferenceInitializerImpl - On call to EntityIdentifierReaderImpl#resolve, EntityKey was already known; should only happen on root returns with an optional identifier specified
[DEBUG] 2018-02-13 20:01:39.551 [main] TwoPhaseLoad - Resolving associations for [edu.matc.entity.User#3]
[DEBUG] 2018-02-13 20:01:39.551 [main] TwoPhaseLoad - Done materializing entity [edu.matc.entity.User#3]
[DEBUG] 2018-02-13 20:01:39.552 [main] ResourceRegistryStandardImpl - HHH000387: ResultSet's statement was not registered
[DEBUG] 2018-02-13 20:01:39.552 [main] AbstractLoadPlanBasedEntityLoader - Done entity load : edu.matc.entity.User#3
[DEBUG] 2018-02-13 20:01:39.552 [main] LogicalConnectionManagedImpl - Initiating JDBC connection release from afterTransaction
[DEBUG] 2018-02-13 20:01:39.553 [main] TransactionImpl - begin
[DEBUG] 2018-02-13 20:01:39.558 [main] TransactionImpl - committing
[DEBUG] 2018-02-13 20:01:39.559 [main] AbstractFlushingEventListener - Processing flush-time cascades
[DEBUG] 2018-02-13 20:01:39.560 [main] AbstractFlushingEventListener - Dirty checking collections
[DEBUG] 2018-02-13 20:01:39.564 [main] AbstractFlushingEventListener - Flushed: 0 insertions, 1 updates, 0 deletions to 1 objects
[DEBUG] 2018-02-13 20:01:39.569 [main] AbstractFlushingEventListener - Flushed: 0 (re)creations, 0 updates, 0 removals to 0 collections
[DEBUG] 2018-02-13 20:01:39.570 [main] EntityPrinter - Listing entities:
[DEBUG] 2018-02-13 20:01:39.570 [main] EntityPrinter - edu.matc.entity.User{firstName=Barney, lastName=Wolfenstein, id=3, email=bcurry@gmail.com}
[DEBUG] 2018-02-13 20:01:39.574 [main] SQL - update user set email=?, first_name=?, last_name=? where id=?
[DEBUG] 2018-02-13 20:01:39.582 [main] LogicalConnectionManagedImpl - Initiating JDBC connection release from afterTransaction
[DEBUG] 2018-02-13 20:01:39.583 [main] LogicalConnectionManagedImpl - Initiating JDBC connection release from afterTransaction
[DEBUG] 2018-02-13 20:01:39.583 [main] JdbcCoordinatorImpl - HHH000420: Closing un-released batch
[DEBUG] 2018-02-13 20:01:39.584 [main] SQL - select user0_.id as id1_0_0_, user0_.email as email2_0_0_, user0_.first_name as first_na3_0_0_, user0_.last_name as last_nam4_0_0_ from user user0_ where user0_.id=?
[DEBUG] 2018-02-13 20:01:39.585 [main] ResultSetProcessorImpl - Starting ResultSet row #0
[DEBUG] 2018-02-13 20:01:39.585 [main] EntityReferenceInitializerImpl - On call to EntityIdentifierReaderImpl#resolve, EntityKey was already known; should only happen on root returns with an optional identifier specified
[DEBUG] 2018-02-13 20:01:39.585 [main] TwoPhaseLoad - Resolving associations for [edu.matc.entity.User#3]
[DEBUG] 2018-02-13 20:01:39.586 [main] TwoPhaseLoad - Done materializing entity [edu.matc.entity.User#3]
[DEBUG] 2018-02-13 20:01:39.586 [main] ResourceRegistryStandardImpl - HHH000387: ResultSet's statement was not registered
[DEBUG] 2018-02-13 20:01:39.586 [main] AbstractLoadPlanBasedEntityLoader - Done entity load : edu.matc.entity.User#3
[DEBUG] 2018-02-13 20:01:39.586 [main] LogicalConnectionManagedImpl - Initiating JDBC connection release from afterTransaction
[DEBUG] 2018-02-13 20:01:39.617 [main] CriteriaQueryImpl - Rendered criteria query -> select generatedAlias0 from User as generatedAlias0
[DEBUG] 2018-02-13 20:01:39.618 [main] QueryTranslatorImpl - parse() - HQL: select generatedAlias0 from edu.matc.entity.User as generatedAlias0
[DEBUG] 2018-02-13 20:01:39.619 [main] ErrorCounter - throwQueryException() : no errors
[DEBUG] 2018-02-13 20:01:39.619 [main] QueryTranslatorImpl - --- HQL AST ---
 \-[QUERY] Node: 'query'
    \-[SELECT_FROM] Node: 'SELECT_FROM'
       +-[FROM] Node: 'from'
       |  \-[RANGE] Node: 'RANGE'
       |     +-[DOT] Node: '.'
       |     |  +-[DOT] Node: '.'
       |     |  |  +-[DOT] Node: '.'
       |     |  |  |  +-[IDENT] Node: 'edu'
       |     |  |  |  \-[IDENT] Node: 'matc'
       |     |  |  \-[IDENT] Node: 'entity'
       |     |  \-[IDENT] Node: 'User'
       |     \-[ALIAS] Node: 'generatedAlias0'
       \-[SELECT] Node: 'select'
          \-[IDENT] Node: 'generatedAlias0'

[DEBUG] 2018-02-13 20:01:39.619 [main] HqlSqlBaseWalker - select << begin [level=1, statement=select]
[DEBUG] 2018-02-13 20:01:39.620 [main] FromElement - FromClause{level=1} : edu.matc.entity.User (generatedAlias0) -> user0_
[DEBUG] 2018-02-13 20:01:39.620 [main] FromReferenceNode - Resolved : generatedAlias0 -> user0_.id
[DEBUG] 2018-02-13 20:01:39.620 [main] HqlSqlBaseWalker - select : finishing up [level=1, statement=select]
[DEBUG] 2018-02-13 20:01:39.620 [main] HqlSqlWalker - processQuery() :  ( SELECT ( {select clause} user0_.id ) ( FromClause{level=1} user user0_ ) )
[DEBUG] 2018-02-13 20:01:39.621 [main] JoinProcessor - Using FROM fragment [user user0_]
[DEBUG] 2018-02-13 20:01:39.621 [main] HqlSqlBaseWalker - select >> end [level=1, statement=select]
[DEBUG] 2018-02-13 20:01:39.621 [main] QueryTranslatorImpl - --- SQL AST ---
 \-[SELECT] QueryNode: 'SELECT'  querySpaces (user)
    +-[SELECT_CLAUSE] SelectClause: '{select clause}'
    |  +-[ALIAS_REF] IdentNode: 'user0_.id as id1_0_' {alias=generatedAlias0, className=edu.matc.entity.User, tableAlias=user0_}
    |  \-[SQL_TOKEN] SqlFragment: 'user0_.email as email2_0_, user0_.first_name as first_na3_0_, user0_.last_name as last_nam4_0_'
    \-[FROM] FromClause: 'from' FromClause{level=1, fromElementCounter=1, fromElements=1, fromElementByClassAlias=[generatedAlias0], fromElementByTableAlias=[user0_], fromElementsByPath=[], collectionJoinFromElementsByPath=[], impliedElements=[]}
       \-[FROM_FRAGMENT] FromElement: 'user user0_' FromElement{explicit,not a collection join,not a fetch join,fetch non-lazy properties,classAlias=generatedAlias0,role=null,tableName=user,tableAlias=user0_,origin=null,columns={,className=edu.matc.entity.User}}

[DEBUG] 2018-02-13 20:01:39.621 [main] ErrorCounter - throwQueryException() : no errors
[DEBUG] 2018-02-13 20:01:39.621 [main] QueryTranslatorImpl - HQL: select generatedAlias0 from edu.matc.entity.User as generatedAlias0
[DEBUG] 2018-02-13 20:01:39.622 [main] QueryTranslatorImpl - SQL: select user0_.id as id1_0_, user0_.email as email2_0_, user0_.first_name as first_na3_0_, user0_.last_name as last_nam4_0_ from user user0_
[DEBUG] 2018-02-13 20:01:39.622 [main] ErrorCounter - throwQueryException() : no errors
[DEBUG] 2018-02-13 20:01:39.623 [main] SQL - select user0_.id as id1_0_, user0_.email as email2_0_, user0_.first_name as first_na3_0_, user0_.last_name as last_nam4_0_ from user user0_
[DEBUG] 2018-02-13 20:01:39.627 [main] Loader - Result set row: 0
[DEBUG] 2018-02-13 20:01:39.628 [main] Loader - Result row: EntityKey[edu.matc.entity.User#1]
[DEBUG] 2018-02-13 20:01:39.628 [main] Loader - Result set row: 1
[DEBUG] 2018-02-13 20:01:39.628 [main] Loader - Result row: EntityKey[edu.matc.entity.User#2]
[DEBUG] 2018-02-13 20:01:39.628 [main] Loader - Result set row: 2
[DEBUG] 2018-02-13 20:01:39.628 [main] Loader - Result row: EntityKey[edu.matc.entity.User#3]
[DEBUG] 2018-02-13 20:01:39.629 [main] Loader - Result set row: 3
[DEBUG] 2018-02-13 20:01:39.629 [main] Loader - Result row: EntityKey[edu.matc.entity.User#4]
[DEBUG] 2018-02-13 20:01:39.629 [main] Loader - Result set row: 4
[DEBUG] 2018-02-13 20:01:39.629 [main] Loader - Result row: EntityKey[edu.matc.entity.User#5]
[DEBUG] 2018-02-13 20:01:39.629 [main] Loader - Result set row: 5
[DEBUG] 2018-02-13 20:01:39.629 [main] Loader - Result row: EntityKey[edu.matc.entity.User#6]
[DEBUG] 2018-02-13 20:01:39.629 [main] TwoPhaseLoad - Resolving associations for [edu.matc.entity.User#1]
[DEBUG] 2018-02-13 20:01:39.630 [main] TwoPhaseLoad - Done materializing entity [edu.matc.entity.User#1]
[DEBUG] 2018-02-13 20:01:39.630 [main] TwoPhaseLoad - Resolving associations for [edu.matc.entity.User#2]
[DEBUG] 2018-02-13 20:01:39.630 [main] TwoPhaseLoad - Done materializing entity [edu.matc.entity.User#2]
[DEBUG] 2018-02-13 20:01:39.630 [main] TwoPhaseLoad - Resolving associations for [edu.matc.entity.User#3]
[DEBUG] 2018-02-13 20:01:39.630 [main] TwoPhaseLoad - Done materializing entity [edu.matc.entity.User#3]
[DEBUG] 2018-02-13 20:01:39.630 [main] TwoPhaseLoad - Resolving associations for [edu.matc.entity.User#4]
[DEBUG] 2018-02-13 20:01:39.630 [main] TwoPhaseLoad - Done materializing entity [edu.matc.entity.User#4]
[DEBUG] 2018-02-13 20:01:39.630 [main] TwoPhaseLoad - Resolving associations for [edu.matc.entity.User#5]
[DEBUG] 2018-02-13 20:01:39.630 [main] TwoPhaseLoad - Done materializing entity [edu.matc.entity.User#5]
[DEBUG] 2018-02-13 20:01:39.630 [main] TwoPhaseLoad - Resolving associations for [edu.matc.entity.User#6]
[DEBUG] 2018-02-13 20:01:39.630 [main] TwoPhaseLoad - Done materializing entity [edu.matc.entity.User#6]
[DEBUG] 2018-02-13 20:01:39.631 [main] LogicalConnectionManagedImpl - Initiating JDBC connection release from afterTransaction
[DEBUG] 2018-02-13 20:01:39.651 [main] TransactionImpl - begin
[DEBUG] 2018-02-13 20:01:39.659 [main] ActionQueue - Executing identity-insert immediately
[DEBUG] 2018-02-13 20:01:39.661 [main] SQL - insert into user (email, first_name, last_name) values (?, ?, ?)
[DEBUG] 2018-02-13 20:01:39.665 [main] IdentifierGeneratorHelper - Natively generated identity: 380
[DEBUG] 2018-02-13 20:01:39.665 [main] ResourceRegistryStandardImpl - HHH000387: ResultSet's statement was not registered
[DEBUG] 2018-02-13 20:01:39.666 [main] TransactionImpl - committing
[DEBUG] 2018-02-13 20:01:39.666 [main] AbstractFlushingEventListener - Processing flush-time cascades
[DEBUG] 2018-02-13 20:01:39.666 [main] AbstractFlushingEventListener - Dirty checking collections
[DEBUG] 2018-02-13 20:01:39.667 [main] AbstractFlushingEventListener - Flushed: 0 insertions, 0 updates, 0 deletions to 1 objects
[DEBUG] 2018-02-13 20:01:39.667 [main] AbstractFlushingEventListener - Flushed: 0 (re)creations, 0 updates, 0 removals to 0 collections
[DEBUG] 2018-02-13 20:01:39.667 [main] EntityPrinter - Listing entities:
[DEBUG] 2018-02-13 20:01:39.667 [main] EntityPrinter - edu.matc.entity.User{firstName=Joe, lastName=Trebek, id=380, email=null}
[DEBUG] 2018-02-13 20:01:39.668 [main] LogicalConnectionManagedImpl - Initiating JDBC connection release from afterTransaction
[DEBUG] 2018-02-13 20:01:39.668 [main] LogicalConnectionManagedImpl - Initiating JDBC connection release from afterTransaction
[DEBUG] 2018-02-13 20:01:39.670 [main] SQL - select user0_.id as id1_0_0_, user0_.email as email2_0_0_, user0_.first_name as first_na3_0_0_, user0_.last_name as last_nam4_0_0_ from user user0_ where user0_.id=?
[DEBUG] 2018-02-13 20:01:39.671 [main] ResultSetProcessorImpl - Starting ResultSet row #0
[DEBUG] 2018-02-13 20:01:39.671 [main] EntityReferenceInitializerImpl - On call to EntityIdentifierReaderImpl#resolve, EntityKey was already known; should only happen on root returns with an optional identifier specified
[DEBUG] 2018-02-13 20:01:39.672 [main] TwoPhaseLoad - Resolving associations for [edu.matc.entity.User#380]
[DEBUG] 2018-02-13 20:01:39.672 [main] TwoPhaseLoad - Done materializing entity [edu.matc.entity.User#380]
[DEBUG] 2018-02-13 20:01:39.672 [main] ResourceRegistryStandardImpl - HHH000387: ResultSet's statement was not registered
[DEBUG] 2018-02-13 20:01:39.672 [main] AbstractLoadPlanBasedEntityLoader - Done entity load : edu.matc.entity.User#380
[DEBUG] 2018-02-13 20:01:39.672 [main] LogicalConnectionManagedImpl - Initiating JDBC connection release from afterTransaction
