[DEBUG] 2018-02-13 19:54:46.627 [main] IntegratorServiceImpl - Adding Integrator [org.hibernate.cfg.beanvalidation.BeanValidationIntegrator].
[DEBUG] 2018-02-13 19:54:46.646 [main] IntegratorServiceImpl - Adding Integrator [org.hibernate.secure.spi.JaccIntegrator].
[DEBUG] 2018-02-13 19:54:46.652 [main] IntegratorServiceImpl - Adding Integrator [org.hibernate.cache.internal.CollectionCacheInvalidator].
[INFO ] 2018-02-13 19:54:46.869 [main] Version - HHH000412: Hibernate Core {5.2.12.Final}
[INFO ] 2018-02-13 19:54:46.872 [main] Environment - HHH000206: hibernate.properties not found
[DEBUG] 2018-02-13 19:54:46.970 [main] LocalXmlResourceResolver - Interpreting public/system identifier : [-//Hibernate/Hibernate Configuration DTD//EN] - [http://www.hibernate.org/dtd/hibernate-configuration-3.0.dtd]
[DEBUG] 2018-02-13 19:54:46.972 [main] LocalXmlResourceResolver - Recognized hibernate-configuration identifier; attempting to resolve on classpath under org/hibernate/
[DEBUG] 2018-02-13 19:54:46.981 [main] JaxbCfgProcessor - cfg.xml document did not define namespaces; wrapping in custom event reader to introduce namespace information
[DEBUG] 2018-02-13 19:54:47.383 [main] ServiceBinding - Overriding existing service binding [org.hibernate.secure.spi.JaccService]
[DEBUG] 2018-02-13 19:54:47.423 [main] RegionFactoryInitiator - Cache region factory : org.hibernate.cache.internal.NoCachingRegionFactory
[INFO ] 2018-02-13 19:54:47.454 [main] Version - HCANN000001: Hibernate Commons Annotations {5.0.1.Final}
[DEBUG] 2018-02-13 19:54:47.546 [main] BasicTypeRegistry - Adding type registration boolean -> org.hibernate.type.BooleanType@6a4f1a55
[DEBUG] 2018-02-13 19:54:47.546 [main] BasicTypeRegistry - Adding type registration boolean -> org.hibernate.type.BooleanType@6a4f1a55
[DEBUG] 2018-02-13 19:54:47.546 [main] BasicTypeRegistry - Adding type registration java.lang.Boolean -> org.hibernate.type.BooleanType@6a4f1a55
[DEBUG] 2018-02-13 19:54:47.548 [main] BasicTypeRegistry - Adding type registration numeric_boolean -> org.hibernate.type.NumericBooleanType@7d3e8655
[DEBUG] 2018-02-13 19:54:47.550 [main] BasicTypeRegistry - Adding type registration true_false -> org.hibernate.type.TrueFalseType@46d59067
[DEBUG] 2018-02-13 19:54:47.551 [main] BasicTypeRegistry - Adding type registration yes_no -> org.hibernate.type.YesNoType@66ea810
[DEBUG] 2018-02-13 19:54:47.553 [main] BasicTypeRegistry - Adding type registration byte -> org.hibernate.type.ByteType@d2de489
[DEBUG] 2018-02-13 19:54:47.553 [main] BasicTypeRegistry - Adding type registration byte -> org.hibernate.type.ByteType@d2de489
[DEBUG] 2018-02-13 19:54:47.553 [main] BasicTypeRegistry - Adding type registration java.lang.Byte -> org.hibernate.type.ByteType@d2de489
[DEBUG] 2018-02-13 19:54:47.555 [main] BasicTypeRegistry - Adding type registration character -> org.hibernate.type.CharacterType@41330d4f
[DEBUG] 2018-02-13 19:54:47.555 [main] BasicTypeRegistry - Adding type registration char -> org.hibernate.type.CharacterType@41330d4f
[DEBUG] 2018-02-13 19:54:47.555 [main] BasicTypeRegistry - Adding type registration java.lang.Character -> org.hibernate.type.CharacterType@41330d4f
[DEBUG] 2018-02-13 19:54:47.557 [main] BasicTypeRegistry - Adding type registration short -> org.hibernate.type.ShortType@37313c65
[DEBUG] 2018-02-13 19:54:47.557 [main] BasicTypeRegistry - Adding type registration short -> org.hibernate.type.ShortType@37313c65
[DEBUG] 2018-02-13 19:54:47.557 [main] BasicTypeRegistry - Adding type registration java.lang.Short -> org.hibernate.type.ShortType@37313c65
[DEBUG] 2018-02-13 19:54:47.569 [main] BasicTypeRegistry - Adding type registration integer -> org.hibernate.type.IntegerType@7486b455
[DEBUG] 2018-02-13 19:54:47.569 [main] BasicTypeRegistry - Adding type registration int -> org.hibernate.type.IntegerType@7486b455
[DEBUG] 2018-02-13 19:54:47.569 [main] BasicTypeRegistry - Adding type registration java.lang.Integer -> org.hibernate.type.IntegerType@7486b455
[DEBUG] 2018-02-13 19:54:47.571 [main] BasicTypeRegistry - Adding type registration long -> org.hibernate.type.LongType@49c90a9c
[DEBUG] 2018-02-13 19:54:47.571 [main] BasicTypeRegistry - Adding type registration long -> org.hibernate.type.LongType@49c90a9c
[DEBUG] 2018-02-13 19:54:47.572 [main] BasicTypeRegistry - Adding type registration java.lang.Long -> org.hibernate.type.LongType@49c90a9c
[DEBUG] 2018-02-13 19:54:47.577 [main] BasicTypeRegistry - Adding type registration float -> org.hibernate.type.FloatType@3b35a229
[DEBUG] 2018-02-13 19:54:47.577 [main] BasicTypeRegistry - Adding type registration float -> org.hibernate.type.FloatType@3b35a229
[DEBUG] 2018-02-13 19:54:47.577 [main] BasicTypeRegistry - Adding type registration java.lang.Float -> org.hibernate.type.FloatType@3b35a229
[DEBUG] 2018-02-13 19:54:47.579 [main] BasicTypeRegistry - Adding type registration double -> org.hibernate.type.DoubleType@5e3f861
[DEBUG] 2018-02-13 19:54:47.580 [main] BasicTypeRegistry - Adding type registration double -> org.hibernate.type.DoubleType@5e3f861
[DEBUG] 2018-02-13 19:54:47.580 [main] BasicTypeRegistry - Adding type registration java.lang.Double -> org.hibernate.type.DoubleType@5e3f861
[DEBUG] 2018-02-13 19:54:47.582 [main] BasicTypeRegistry - Adding type registration big_decimal -> org.hibernate.type.BigDecimalType@21be3395
[DEBUG] 2018-02-13 19:54:47.582 [main] BasicTypeRegistry - Adding type registration java.math.BigDecimal -> org.hibernate.type.BigDecimalType@21be3395
[DEBUG] 2018-02-13 19:54:47.583 [main] BasicTypeRegistry - Adding type registration big_integer -> org.hibernate.type.BigIntegerType@4470fbd6
[DEBUG] 2018-02-13 19:54:47.584 [main] BasicTypeRegistry - Adding type registration java.math.BigInteger -> org.hibernate.type.BigIntegerType@4470fbd6
[DEBUG] 2018-02-13 19:54:47.585 [main] BasicTypeRegistry - Adding type registration string -> org.hibernate.type.StringType@2235eaab
[DEBUG] 2018-02-13 19:54:47.585 [main] BasicTypeRegistry - Adding type registration java.lang.String -> org.hibernate.type.StringType@2235eaab
[DEBUG] 2018-02-13 19:54:47.586 [main] BasicTypeRegistry - Adding type registration nstring -> org.hibernate.type.StringNVarcharType@20bd8be5
[DEBUG] 2018-02-13 19:54:47.587 [main] BasicTypeRegistry - Adding type registration ncharacter -> org.hibernate.type.CharacterNCharType@461ad730
[DEBUG] 2018-02-13 19:54:47.604 [main] BasicTypeRegistry - Adding type registration url -> org.hibernate.type.UrlType@3e78b6a5
[DEBUG] 2018-02-13 19:54:47.604 [main] BasicTypeRegistry - Adding type registration java.net.URL -> org.hibernate.type.UrlType@3e78b6a5
[DEBUG] 2018-02-13 19:54:47.606 [main] BasicTypeRegistry - Adding type registration Duration -> org.hibernate.type.DurationType@24105dc5
[DEBUG] 2018-02-13 19:54:47.606 [main] BasicTypeRegistry - Adding type registration java.time.Duration -> org.hibernate.type.DurationType@24105dc5
[DEBUG] 2018-02-13 19:54:47.645 [main] BasicTypeRegistry - Adding type registration Instant -> org.hibernate.type.InstantType@68878f6d
[DEBUG] 2018-02-13 19:54:47.645 [main] BasicTypeRegistry - Adding type registration java.time.Instant -> org.hibernate.type.InstantType@68878f6d
[DEBUG] 2018-02-13 19:54:47.647 [main] BasicTypeRegistry - Adding type registration LocalDateTime -> org.hibernate.type.LocalDateTimeType@7fd7a283
[DEBUG] 2018-02-13 19:54:47.648 [main] BasicTypeRegistry - Adding type registration java.time.LocalDateTime -> org.hibernate.type.LocalDateTimeType@7fd7a283
[DEBUG] 2018-02-13 19:54:47.650 [main] BasicTypeRegistry - Adding type registration LocalDate -> org.hibernate.type.LocalDateType@18317edc
[DEBUG] 2018-02-13 19:54:47.650 [main] BasicTypeRegistry - Adding type registration java.time.LocalDate -> org.hibernate.type.LocalDateType@18317edc
[DEBUG] 2018-02-13 19:54:47.652 [main] BasicTypeRegistry - Adding type registration LocalTime -> org.hibernate.type.LocalTimeType@76b07f29
[DEBUG] 2018-02-13 19:54:47.653 [main] BasicTypeRegistry - Adding type registration java.time.LocalTime -> org.hibernate.type.LocalTimeType@76b07f29
[DEBUG] 2018-02-13 19:54:47.654 [main] BasicTypeRegistry - Adding type registration OffsetDateTime -> org.hibernate.type.OffsetDateTimeType@53f3bdbd
[DEBUG] 2018-02-13 19:54:47.654 [main] BasicTypeRegistry - Adding type registration java.time.OffsetDateTime -> org.hibernate.type.OffsetDateTimeType@53f3bdbd
[DEBUG] 2018-02-13 19:54:47.656 [main] BasicTypeRegistry - Adding type registration OffsetTime -> org.hibernate.type.OffsetTimeType@4c2bb6e0
[DEBUG] 2018-02-13 19:54:47.657 [main] BasicTypeRegistry - Adding type registration java.time.OffsetTime -> org.hibernate.type.OffsetTimeType@4c2bb6e0
[DEBUG] 2018-02-13 19:54:47.660 [main] BasicTypeRegistry - Adding type registration ZonedDateTime -> org.hibernate.type.ZonedDateTimeType@3576ddc2
[DEBUG] 2018-02-13 19:54:47.660 [main] BasicTypeRegistry - Adding type registration java.time.ZonedDateTime -> org.hibernate.type.ZonedDateTimeType@3576ddc2
[DEBUG] 2018-02-13 19:54:47.662 [main] BasicTypeRegistry - Adding type registration date -> org.hibernate.type.DateType@2ca26d77
[DEBUG] 2018-02-13 19:54:47.663 [main] BasicTypeRegistry - Adding type registration java.sql.Date -> org.hibernate.type.DateType@2ca26d77
[DEBUG] 2018-02-13 19:54:47.664 [main] BasicTypeRegistry - Adding type registration time -> org.hibernate.type.TimeType@1ebea008
[DEBUG] 2018-02-13 19:54:47.664 [main] BasicTypeRegistry - Adding type registration java.sql.Time -> org.hibernate.type.TimeType@1ebea008
[DEBUG] 2018-02-13 19:54:47.666 [main] BasicTypeRegistry - Adding type registration timestamp -> org.hibernate.type.TimestampType@51bf5add
[DEBUG] 2018-02-13 19:54:47.666 [main] BasicTypeRegistry - Adding type registration java.sql.Timestamp -> org.hibernate.type.TimestampType@51bf5add
[DEBUG] 2018-02-13 19:54:47.666 [main] BasicTypeRegistry - Adding type registration java.util.Date -> org.hibernate.type.TimestampType@51bf5add
[DEBUG] 2018-02-13 19:54:47.669 [main] BasicTypeRegistry - Adding type registration dbtimestamp -> org.hibernate.type.DbTimestampType@389b0789
[DEBUG] 2018-02-13 19:54:47.671 [main] BasicTypeRegistry - Adding type registration calendar -> org.hibernate.type.CalendarType@51bd8b5c
[DEBUG] 2018-02-13 19:54:47.671 [main] BasicTypeRegistry - Adding type registration java.util.Calendar -> org.hibernate.type.CalendarType@51bd8b5c
[DEBUG] 2018-02-13 19:54:47.671 [main] BasicTypeRegistry - Adding type registration java.util.GregorianCalendar -> org.hibernate.type.CalendarType@51bd8b5c
[DEBUG] 2018-02-13 19:54:47.672 [main] BasicTypeRegistry - Adding type registration calendar_date -> org.hibernate.type.CalendarDateType@2462cb01
[DEBUG] 2018-02-13 19:54:47.675 [main] BasicTypeRegistry - Adding type registration locale -> org.hibernate.type.LocaleType@1e13529a
[DEBUG] 2018-02-13 19:54:47.677 [main] BasicTypeRegistry - Adding type registration java.util.Locale -> org.hibernate.type.LocaleType@1e13529a
[DEBUG] 2018-02-13 19:54:47.678 [main] BasicTypeRegistry - Adding type registration currency -> org.hibernate.type.CurrencyType@3cfdd820
[DEBUG] 2018-02-13 19:54:47.678 [main] BasicTypeRegistry - Adding type registration java.util.Currency -> org.hibernate.type.CurrencyType@3cfdd820
[DEBUG] 2018-02-13 19:54:47.678 [main] BasicTypeRegistry - Adding type registration timezone -> org.hibernate.type.TimeZoneType@dc9876b
[DEBUG] 2018-02-13 19:54:47.679 [main] BasicTypeRegistry - Adding type registration java.util.TimeZone -> org.hibernate.type.TimeZoneType@dc9876b
[DEBUG] 2018-02-13 19:54:47.680 [main] BasicTypeRegistry - Adding type registration class -> org.hibernate.type.ClassType@57a3e26a
[DEBUG] 2018-02-13 19:54:47.680 [main] BasicTypeRegistry - Adding type registration java.lang.Class -> org.hibernate.type.ClassType@57a3e26a
[DEBUG] 2018-02-13 19:54:47.681 [main] BasicTypeRegistry - Adding type registration uuid-binary -> org.hibernate.type.UUIDBinaryType@102cec62
[DEBUG] 2018-02-13 19:54:47.682 [main] BasicTypeRegistry - Adding type registration java.util.UUID -> org.hibernate.type.UUIDBinaryType@102cec62
[DEBUG] 2018-02-13 19:54:47.682 [main] BasicTypeRegistry - Adding type registration uuid-char -> org.hibernate.type.UUIDCharType@34b9f960
[DEBUG] 2018-02-13 19:54:47.684 [main] BasicTypeRegistry - Adding type registration binary -> org.hibernate.type.BinaryType@791d1f8b
[DEBUG] 2018-02-13 19:54:47.684 [main] BasicTypeRegistry - Adding type registration byte[] -> org.hibernate.type.BinaryType@791d1f8b
[DEBUG] 2018-02-13 19:54:47.684 [main] BasicTypeRegistry - Adding type registration [B -> org.hibernate.type.BinaryType@791d1f8b
[DEBUG] 2018-02-13 19:54:47.685 [main] BasicTypeRegistry - Adding type registration wrapper-binary -> org.hibernate.type.WrapperBinaryType@93081b6
[DEBUG] 2018-02-13 19:54:47.685 [main] BasicTypeRegistry - Adding type registration Byte[] -> org.hibernate.type.WrapperBinaryType@93081b6
[DEBUG] 2018-02-13 19:54:47.686 [main] BasicTypeRegistry - Adding type registration [Ljava.lang.Byte; -> org.hibernate.type.WrapperBinaryType@93081b6
[DEBUG] 2018-02-13 19:54:47.687 [main] BasicTypeRegistry - Adding type registration row_version -> org.hibernate.type.RowVersionType@16c069df
[DEBUG] 2018-02-13 19:54:47.688 [main] BasicTypeRegistry - Adding type registration image -> org.hibernate.type.ImageType@7c3fdb62
[DEBUG] 2018-02-13 19:54:47.689 [main] BasicTypeRegistry - Adding type registration characters -> org.hibernate.type.CharArrayType@2663e964
[DEBUG] 2018-02-13 19:54:47.689 [main] BasicTypeRegistry - Adding type registration char[] -> org.hibernate.type.CharArrayType@2663e964
[DEBUG] 2018-02-13 19:54:47.689 [main] BasicTypeRegistry - Adding type registration [C -> org.hibernate.type.CharArrayType@2663e964
[DEBUG] 2018-02-13 19:54:47.692 [main] BasicTypeRegistry - Adding type registration wrapper-characters -> org.hibernate.type.CharacterArrayType@39b43d60
[DEBUG] 2018-02-13 19:54:47.692 [main] BasicTypeRegistry - Adding type registration [Ljava.lang.Character; -> org.hibernate.type.CharacterArrayType@39b43d60
[DEBUG] 2018-02-13 19:54:47.692 [main] BasicTypeRegistry - Adding type registration Character[] -> org.hibernate.type.CharacterArrayType@39b43d60
[DEBUG] 2018-02-13 19:54:47.695 [main] BasicTypeRegistry - Adding type registration text -> org.hibernate.type.TextType@5e21e98f
[DEBUG] 2018-02-13 19:54:47.696 [main] BasicTypeRegistry - Adding type registration ntext -> org.hibernate.type.NTextType@3fce8fd9
[DEBUG] 2018-02-13 19:54:47.700 [main] BasicTypeRegistry - Adding type registration blob -> org.hibernate.type.BlobType@3224a577
[DEBUG] 2018-02-13 19:54:47.701 [main] BasicTypeRegistry - Adding type registration java.sql.Blob -> org.hibernate.type.BlobType@3224a577
[DEBUG] 2018-02-13 19:54:47.701 [main] BasicTypeRegistry - Adding type registration materialized_blob -> org.hibernate.type.MaterializedBlobType@3e44f2a5
[DEBUG] 2018-02-13 19:54:47.706 [main] BasicTypeRegistry - Adding type registration clob -> org.hibernate.type.ClobType@4bd31064
[DEBUG] 2018-02-13 19:54:47.707 [main] BasicTypeRegistry - Adding type registration java.sql.Clob -> org.hibernate.type.ClobType@4bd31064
[DEBUG] 2018-02-13 19:54:47.767 [main] BasicTypeRegistry - Adding type registration nclob -> org.hibernate.type.NClobType@266374ef
[DEBUG] 2018-02-13 19:54:47.767 [main] BasicTypeRegistry - Adding type registration java.sql.NClob -> org.hibernate.type.NClobType@266374ef
[DEBUG] 2018-02-13 19:54:47.769 [main] BasicTypeRegistry - Adding type registration materialized_clob -> org.hibernate.type.MaterializedClobType@37fb0bed
[DEBUG] 2018-02-13 19:54:47.769 [main] BasicTypeRegistry - Adding type registration materialized_nclob -> org.hibernate.type.MaterializedNClobType@51c693d
[DEBUG] 2018-02-13 19:54:47.771 [main] BasicTypeRegistry - Adding type registration serializable -> org.hibernate.type.SerializableType@48c76607
[DEBUG] 2018-02-13 19:54:47.778 [main] BasicTypeRegistry - Adding type registration object -> org.hibernate.type.ObjectType@52e7a6b2
[DEBUG] 2018-02-13 19:54:47.779 [main] BasicTypeRegistry - Adding type registration java.lang.Object -> org.hibernate.type.ObjectType@52e7a6b2
[DEBUG] 2018-02-13 19:54:47.779 [main] BasicTypeRegistry - Adding type registration imm_date -> org.hibernate.type.AdaptedImmutableType@2d9caaeb
[DEBUG] 2018-02-13 19:54:47.779 [main] BasicTypeRegistry - Adding type registration imm_time -> org.hibernate.type.AdaptedImmutableType@42a15bdc
[DEBUG] 2018-02-13 19:54:47.780 [main] BasicTypeRegistry - Adding type registration imm_timestamp -> org.hibernate.type.AdaptedImmutableType@44a59da3
[DEBUG] 2018-02-13 19:54:47.780 [main] BasicTypeRegistry - Adding type registration imm_dbtimestamp -> org.hibernate.type.AdaptedImmutableType@27e47833
[DEBUG] 2018-02-13 19:54:47.780 [main] BasicTypeRegistry - Adding type registration imm_calendar -> org.hibernate.type.AdaptedImmutableType@6f6745d6
[DEBUG] 2018-02-13 19:54:47.780 [main] BasicTypeRegistry - Adding type registration imm_calendar_date -> org.hibernate.type.AdaptedImmutableType@27508c5d
[DEBUG] 2018-02-13 19:54:47.780 [main] BasicTypeRegistry - Adding type registration imm_binary -> org.hibernate.type.AdaptedImmutableType@4f704591
[DEBUG] 2018-02-13 19:54:47.780 [main] BasicTypeRegistry - Adding type registration imm_serializable -> org.hibernate.type.AdaptedImmutableType@4b5189ac
[INFO ] 2018-02-13 19:54:47.796 [main] C3P0ConnectionProvider - HHH010002: C3P0 using driver: com.mysql.jdbc.Driver at URL: jdbc:mysql://localhost:3306/li_test
[INFO ] 2018-02-13 19:54:47.797 [main] C3P0ConnectionProvider - HHH10001001: Connection properties: {user=root, password=****}
[INFO ] 2018-02-13 19:54:47.797 [main] C3P0ConnectionProvider - HHH10001003: Autocommit mode: false
[INFO ] 2018-02-13 19:54:47.979 [main] C3P0ConnectionProvider - HHH10001007: JDBC isolation level: <unknown>
[DEBUG] 2018-02-13 19:54:48.529 [main] JdbcEnvironmentInitiator - Database ->
       name : MySQL
    version : 5.7.21
      major : 5
      minor : 7
[DEBUG] 2018-02-13 19:54:48.530 [main] JdbcEnvironmentInitiator - Driver ->
       name : MySQL Connector Java
    version : mysql-connector-java-5.1.39 ( Revision: 3289a357af6d09ecc1a10fd3c26e95183e5790ad )
      major : 5
      minor : 1
[DEBUG] 2018-02-13 19:54:48.530 [main] JdbcEnvironmentInitiator - JDBC version : 4.0
[INFO ] 2018-02-13 19:54:48.547 [main] Dialect - HHH000400: Using dialect: org.hibernate.dialect.MySQL5Dialect
[DEBUG] 2018-02-13 19:54:48.604 [main] IdentifierHelperBuilder - JDBC driver metadata reported database stores quoted identifiers in more than one case
[DEBUG] 2018-02-13 19:54:48.606 [main] IdentifierHelperBuilder - IdentifierCaseStrategy for both quoted and unquoted identifiers was set to the same strategy [MIXED]; that will likely lead to problems in schema update and validation if using quoted identifiers
[DEBUG] 2018-02-13 19:54:48.682 [main] DefaultIdentifierGeneratorFactory - Registering IdentifierGenerator strategy [uuid2] -> [org.hibernate.id.UUIDGenerator]
[DEBUG] 2018-02-13 19:54:48.683 [main] DefaultIdentifierGeneratorFactory - Registering IdentifierGenerator strategy [guid] -> [org.hibernate.id.GUIDGenerator]
[DEBUG] 2018-02-13 19:54:48.684 [main] DefaultIdentifierGeneratorFactory - Registering IdentifierGenerator strategy [uuid] -> [org.hibernate.id.UUIDHexGenerator]
[DEBUG] 2018-02-13 19:54:48.684 [main] DefaultIdentifierGeneratorFactory - Registering IdentifierGenerator strategy [uuid.hex] -> [org.hibernate.id.UUIDHexGenerator]
[DEBUG] 2018-02-13 19:54:48.685 [main] DefaultIdentifierGeneratorFactory - Registering IdentifierGenerator strategy [assigned] -> [org.hibernate.id.Assigned]
[DEBUG] 2018-02-13 19:54:48.687 [main] DefaultIdentifierGeneratorFactory - Registering IdentifierGenerator strategy [identity] -> [org.hibernate.id.IdentityGenerator]
[DEBUG] 2018-02-13 19:54:48.690 [main] DefaultIdentifierGeneratorFactory - Registering IdentifierGenerator strategy [select] -> [org.hibernate.id.SelectGenerator]
[DEBUG] 2018-02-13 19:54:48.693 [main] DefaultIdentifierGeneratorFactory - Registering IdentifierGenerator strategy [sequence] -> [org.hibernate.id.enhanced.SequenceStyleGenerator]
[DEBUG] 2018-02-13 19:54:48.697 [main] DefaultIdentifierGeneratorFactory - Registering IdentifierGenerator strategy [seqhilo] -> [org.hibernate.id.SequenceHiLoGenerator]
[DEBUG] 2018-02-13 19:54:48.697 [main] DefaultIdentifierGeneratorFactory - Registering IdentifierGenerator strategy [increment] -> [org.hibernate.id.IncrementGenerator]
[DEBUG] 2018-02-13 19:54:48.698 [main] DefaultIdentifierGeneratorFactory - Registering IdentifierGenerator strategy [foreign] -> [org.hibernate.id.ForeignGenerator]
[DEBUG] 2018-02-13 19:54:48.699 [main] DefaultIdentifierGeneratorFactory - Registering IdentifierGenerator strategy [sequence-identity] -> [org.hibernate.id.SequenceIdentityGenerator]
[DEBUG] 2018-02-13 19:54:48.699 [main] DefaultIdentifierGeneratorFactory - Registering IdentifierGenerator strategy [enhanced-sequence] -> [org.hibernate.id.enhanced.SequenceStyleGenerator]
[DEBUG] 2018-02-13 19:54:48.700 [main] DefaultIdentifierGeneratorFactory - Registering IdentifierGenerator strategy [enhanced-table] -> [org.hibernate.id.enhanced.TableGenerator]
[DEBUG] 2018-02-13 19:54:48.770 [main] Namespace - Created database namespace [logicalName=Name{catalog=null, schema=null}, physicalName=Name{catalog=null, schema=null}]
[DEBUG] 2018-02-13 19:54:48.822 [main] AnnotationBinder - Binding entity from annotated class: edu.matc.entity.User
[DEBUG] 2018-02-13 19:54:48.859 [main] Ejb3Column - Binding column: Ejb3DiscriminatorColumn{logicalColumnName'DTYPE', discriminatorTypeName='string'}
[DEBUG] 2018-02-13 19:54:48.869 [main] EntityBinder - Import with entity name User
[DEBUG] 2018-02-13 19:54:48.873 [main] EntityBinder - Bind entity edu.matc.entity.User on table user
[DEBUG] 2018-02-13 19:54:48.918 [main] Ejb3Column - Binding column: Ejb3Column{table=org.hibernate.mapping.Table(user), mappingColumn=id, insertable=true, updatable=true, unique=false}
[DEBUG] 2018-02-13 19:54:48.923 [main] PropertyBinder - MetadataSourceProcessor property id with lazy=false
[DEBUG] 2018-02-13 19:54:48.926 [main] AbstractPropertyHolder - Attempting to locate auto-apply AttributeConverter for property [edu.matc.entity.User:id]
[DEBUG] 2018-02-13 19:54:48.928 [main] SimpleValueBinder - building SimpleValue for id
[DEBUG] 2018-02-13 19:54:48.931 [main] PropertyBinder - Building property id
[DEBUG] 2018-02-13 19:54:48.939 [main] Ejb3Column - Binding column: Ejb3Column{table=org.hibernate.mapping.Table(user), mappingColumn=email, insertable=true, updatable=true, unique=false}
[DEBUG] 2018-02-13 19:54:48.939 [main] PropertyBinder - MetadataSourceProcessor property email with lazy=false
[DEBUG] 2018-02-13 19:54:48.940 [main] AbstractPropertyHolder - Attempting to locate auto-apply AttributeConverter for property [edu.matc.entity.User:email]
[DEBUG] 2018-02-13 19:54:48.940 [main] SimpleValueBinder - building SimpleValue for email
[DEBUG] 2018-02-13 19:54:48.940 [main] PropertyBinder - Building property email
[DEBUG] 2018-02-13 19:54:48.940 [main] Ejb3Column - Binding column: Ejb3Column{table=org.hibernate.mapping.Table(user), mappingColumn=first_name, insertable=true, updatable=true, unique=false}
[DEBUG] 2018-02-13 19:54:48.941 [main] PropertyBinder - MetadataSourceProcessor property firstName with lazy=false
[DEBUG] 2018-02-13 19:54:48.941 [main] AbstractPropertyHolder - Attempting to locate auto-apply AttributeConverter for property [edu.matc.entity.User:firstName]
[DEBUG] 2018-02-13 19:54:48.941 [main] SimpleValueBinder - building SimpleValue for firstName
[DEBUG] 2018-02-13 19:54:48.941 [main] PropertyBinder - Building property firstName
[DEBUG] 2018-02-13 19:54:48.941 [main] Ejb3Column - Binding column: Ejb3Column{table=org.hibernate.mapping.Table(user), mappingColumn=last_name, insertable=true, updatable=true, unique=false}
[DEBUG] 2018-02-13 19:54:48.941 [main] PropertyBinder - MetadataSourceProcessor property lastName with lazy=false
[DEBUG] 2018-02-13 19:54:48.941 [main] AbstractPropertyHolder - Attempting to locate auto-apply AttributeConverter for property [edu.matc.entity.User:lastName]
[DEBUG] 2018-02-13 19:54:48.942 [main] SimpleValueBinder - building SimpleValue for lastName
[DEBUG] 2018-02-13 19:54:48.942 [main] PropertyBinder - Building property lastName
[DEBUG] 2018-02-13 19:54:48.944 [main] SimpleValueBinder - Starting fillSimpleValue for id
[DEBUG] 2018-02-13 19:54:48.944 [main] SimpleValueBinder - Starting fillSimpleValue for email
[DEBUG] 2018-02-13 19:54:48.944 [main] SimpleValueBinder - Starting fillSimpleValue for firstName
[DEBUG] 2018-02-13 19:54:48.944 [main] SimpleValueBinder - Starting fillSimpleValue for lastName
[DEBUG] 2018-02-13 19:54:48.946 [main] PrimaryKey - Forcing column [id] to be non-null as it is part of the primary key for table [user]
[DEBUG] 2018-02-13 19:54:49.000 [main] SessionFactoryImpl - Building session factory
[DEBUG] 2018-02-13 19:54:49.002 [main] Settings - SessionFactory name : null
[DEBUG] 2018-02-13 19:54:49.002 [main] Settings - Automatic flush during beforeCompletion(): enabled
[DEBUG] 2018-02-13 19:54:49.002 [main] Settings - Automatic session close at end of transaction: disabled
[DEBUG] 2018-02-13 19:54:49.003 [main] Settings - Statistics: disabled
[DEBUG] 2018-02-13 19:54:49.003 [main] Settings - Deleted entity synthetic identifier rollback: disabled
[DEBUG] 2018-02-13 19:54:49.003 [main] Settings - Default entity-mode: pojo
[DEBUG] 2018-02-13 19:54:49.004 [main] Settings - Check Nullability in Core (should be disabled when Bean Validation is on): enabled
[DEBUG] 2018-02-13 19:54:49.004 [main] Settings - Allow initialization of lazy state outside session : disabled
[DEBUG] 2018-02-13 19:54:49.004 [main] Settings - Using BatchFetchStyle : LEGACY
[DEBUG] 2018-02-13 19:54:49.004 [main] Settings - Default batch fetch size: -1
[DEBUG] 2018-02-13 19:54:49.004 [main] Settings - Maximum outer join fetch depth: 2
[DEBUG] 2018-02-13 19:54:49.004 [main] Settings - Default null ordering: NONE
[DEBUG] 2018-02-13 19:54:49.004 [main] Settings - Order SQL updates by primary key: disabled
[DEBUG] 2018-02-13 19:54:49.004 [main] Settings - Order SQL inserts for batching: disabled
[DEBUG] 2018-02-13 19:54:49.004 [main] Settings - multi-tenancy strategy : NONE
[DEBUG] 2018-02-13 19:54:49.004 [main] Settings - JTA Track by Thread: enabled
[DEBUG] 2018-02-13 19:54:49.004 [main] Settings - Query language substitutions: {}
[DEBUG] 2018-02-13 19:54:49.005 [main] Settings - JPA query language strict compliance: disabled
[DEBUG] 2018-02-13 19:54:49.005 [main] Settings - Named query checking : enabled
[DEBUG] 2018-02-13 19:54:49.005 [main] Settings - Second-level cache: enabled
[DEBUG] 2018-02-13 19:54:49.005 [main] Settings - Second-level query cache: disabled
[DEBUG] 2018-02-13 19:54:49.005 [main] Settings - Second-level query cache factory: org.hibernate.cache.internal.StandardQueryCacheFactory@34a75079
[DEBUG] 2018-02-13 19:54:49.005 [main] Settings - Second-level cache region prefix: null
[DEBUG] 2018-02-13 19:54:49.005 [main] Settings - Optimize second-level cache for minimal puts: disabled
[DEBUG] 2018-02-13 19:54:49.005 [main] Settings - Structured second-level cache entries: disabled
[DEBUG] 2018-02-13 19:54:49.005 [main] Settings - Second-level cache direct-reference entries: disabled
[DEBUG] 2018-02-13 19:54:49.005 [main] Settings - Automatic eviction of collection cache: disabled
[DEBUG] 2018-02-13 19:54:49.005 [main] Settings - JDBC batch size: 15
[DEBUG] 2018-02-13 19:54:49.005 [main] Settings - JDBC batch updates for versioned data: enabled
[DEBUG] 2018-02-13 19:54:49.005 [main] Settings - Scrollable result sets: enabled
[DEBUG] 2018-02-13 19:54:49.005 [main] Settings - Wrap result sets: disabled
[DEBUG] 2018-02-13 19:54:49.006 [main] Settings - JDBC3 getGeneratedKeys(): enabled
[DEBUG] 2018-02-13 19:54:49.006 [main] Settings - JDBC result set fetch size: null
[DEBUG] 2018-02-13 19:54:49.006 [main] Settings - Connection release mode: AFTER_TRANSACTION
[DEBUG] 2018-02-13 19:54:49.006 [main] Settings - Generate SQL with comments: disabled
[DEBUG] 2018-02-13 19:54:49.096 [main] SessionFactoryImpl - Session factory constructed with filter configurations : {}
[DEBUG] 2018-02-13 19:54:49.097 [main] SessionFactoryImpl - Instantiating session factory with properties: {gopherProxySet=false, awt.toolkit=sun.lwawt.macosx.LWCToolkit, file.encoding.pkg=sun.io, java.specification.version=1.8, hibernate.c3p0.idle_test_period=3000, sun.cpu.isalist=, sun.jnu.encoding=UTF-8, hibernate.c3p0.min_size=5, java.class.path=/Applications/IntelliJ IDEA.app/Contents/lib/idea_rt.jar:/Applications/IntelliJ IDEA.app/Contents/plugins/junit/lib/junit-rt.jar:/Applications/IntelliJ IDEA.app/Contents/plugins/junit/lib/junit5-rt.jar:/Library/Java/JavaVirtualMachines/jdk1.8.0_162.jdk/Contents/Home/jre/lib/charsets.jar:/Library/Java/JavaVirtualMachines/jdk1.8.0_162.jdk/Contents/Home/jre/lib/deploy.jar:/Library/Java/JavaVirtualMachines/jdk1.8.0_162.jdk/Contents/Home/jre/lib/ext/cldrdata.jar:/Library/Java/JavaVirtualMachines/jdk1.8.0_162.jdk/Contents/Home/jre/lib/ext/dnsns.jar:/Library/Java/JavaVirtualMachines/jdk1.8.0_162.jdk/Contents/Home/jre/lib/ext/jaccess.jar:/Library/Java/JavaVirtualMachines/jdk1.8.0_162.jdk/Contents/Home/jre/lib/ext/jfxrt.jar:/Library/Java/JavaVirtualMachines/jdk1.8.0_162.jdk/Contents/Home/jre/lib/ext/localedata.jar:/Library/Java/JavaVirtualMachines/jdk1.8.0_162.jdk/Contents/Home/jre/lib/ext/nashorn.jar:/Library/Java/JavaVirtualMachines/jdk1.8.0_162.jdk/Contents/Home/jre/lib/ext/sunec.jar:/Library/Java/JavaVirtualMachines/jdk1.8.0_162.jdk/Contents/Home/jre/lib/ext/sunjce_provider.jar:/Library/Java/JavaVirtualMachines/jdk1.8.0_162.jdk/Contents/Home/jre/lib/ext/sunpkcs11.jar:/Library/Java/JavaVirtualMachines/jdk1.8.0_162.jdk/Contents/Home/jre/lib/ext/zipfs.jar:/Library/Java/JavaVirtualMachines/jdk1.8.0_162.jdk/Contents/Home/jre/lib/javaws.jar:/Library/Java/JavaVirtualMachines/jdk1.8.0_162.jdk/Contents/Home/jre/lib/jce.jar:/Library/Java/JavaVirtualMachines/jdk1.8.0_162.jdk/Contents/Home/jre/lib/jfr.jar:/Library/Java/JavaVirtualMachines/jdk1.8.0_162.jdk/Contents/Home/jre/lib/jfxswt.jar:/Library/Java/JavaVirtualMachines/jdk1.8.0_162.jdk/Contents/Home/jre/lib/jsse.jar:/Library/Java/JavaVirtualMachines/jdk1.8.0_162.jdk/Contents/Home/jre/lib/management-agent.jar:/Library/Java/JavaVirtualMachines/jdk1.8.0_162.jdk/Contents/Home/jre/lib/plugin.jar:/Library/Java/JavaVirtualMachines/jdk1.8.0_162.jdk/Contents/Home/jre/lib/resources.jar:/Library/Java/JavaVirtualMachines/jdk1.8.0_162.jdk/Contents/Home/jre/lib/rt.jar:/Library/Java/JavaVirtualMachines/jdk1.8.0_162.jdk/Contents/Home/lib/ant-javafx.jar:/Library/Java/JavaVirtualMachines/jdk1.8.0_162.jdk/Contents/Home/lib/dt.jar:/Library/Java/JavaVirtualMachines/jdk1.8.0_162.jdk/Contents/Home/lib/javafx-mx.jar:/Library/Java/JavaVirtualMachines/jdk1.8.0_162.jdk/Contents/Home/lib/jconsole.jar:/Library/Java/JavaVirtualMachines/jdk1.8.0_162.jdk/Contents/Home/lib/packager.jar:/Library/Java/JavaVirtualMachines/jdk1.8.0_162.jdk/Contents/Home/lib/sa-jdi.jar:/Library/Java/JavaVirtualMachines/jdk1.8.0_162.jdk/Contents/Home/lib/tools.jar:/Users/nicolesteck/IdeaProjects/IndividualProject/target/test-classes:/Users/nicolesteck/IdeaProjects/IndividualProject/target/classes:/Users/nicolesteck/.m2/repository/org/junit/jupiter/junit-jupiter-engine/5.0.0/junit-jupiter-engine-5.0.0.jar:/Users/nicolesteck/.m2/repository/org/apiguardian/apiguardian-api/1.0.0/apiguardian-api-1.0.0.jar:/Users/nicolesteck/.m2/repository/org/junit/platform/junit-platform-engine/1.0.0/junit-platform-engine-1.0.0.jar:/Users/nicolesteck/.m2/repository/org/junit/platform/junit-platform-commons/1.0.0/junit-platform-commons-1.0.0.jar:/Users/nicolesteck/.m2/repository/org/opentest4j/opentest4j/1.0.0/opentest4j-1.0.0.jar:/Users/nicolesteck/.m2/repository/org/junit/jupiter/junit-jupiter-api/5.0.0/junit-jupiter-api-5.0.0.jar:/Users/nicolesteck/.m2/repository/junit/junit/4.12/junit-4.12.jar:/Users/nicolesteck/.m2/repository/org/hamcrest/hamcrest-core/1.3/hamcrest-core-1.3.jar:/Users/nicolesteck/.m2/repository/org/junit/platform/junit-platform-runner/1.0.0/junit-platform-runner-1.0.0.jar:/Users/nicolesteck/.m2/repository/org/junit/platform/junit-platform-launcher/1.0.0/junit-platform-launcher-1.0.0.jar:/Users/nicolesteck/.m2/repository/org/junit/platform/junit-platform-suite-api/1.0.0/junit-platform-suite-api-1.0.0.jar:/Users/nicolesteck/.m2/repository/org/junit/vintage/junit-vintage-engine/4.12.0/junit-vintage-engine-4.12.0.jar:/Users/nicolesteck/.m2/repository/javax/javaee-web-api/7.0/javaee-web-api-7.0.jar:/Users/nicolesteck/.m2/repository/org/apache/logging/log4j/log4j-api/2.10.0/log4j-api-2.10.0.jar:/Users/nicolesteck/.m2/repository/org/apache/logging/log4j/log4j-core/2.10.0/log4j-core-2.10.0.jar:/Users/nicolesteck/.m2/repository/org/hibernate/hibernate-core/5.2.12.Final/hibernate-core-5.2.12.Final.jar:/Users/nicolesteck/.m2/repository/org/jboss/logging/jboss-logging/3.3.0.Final/jboss-logging-3.3.0.Final.jar:/Users/nicolesteck/.m2/repository/org/hibernate/javax/persistence/hibernate-jpa-2.1-api/1.0.0.Final/hibernate-jpa-2.1-api-1.0.0.Final.jar:/Users/nicolesteck/.m2/repository/org/javassist/javassist/3.20.0-GA/javassist-3.20.0-GA.jar:/Users/nicolesteck/.m2/repository/antlr/antlr/2.7.7/antlr-2.7.7.jar:/Users/nicolesteck/.m2/repository/org/jboss/spec/javax/transaction/jboss-transaction-api_1.2_spec/1.0.1.Final/jboss-transaction-api_1.2_spec-1.0.1.Final.jar:/Users/nicolesteck/.m2/repository/org/jboss/jandex/2.0.3.Final/jandex-2.0.3.Final.jar:/Users/nicolesteck/.m2/repository/com/fasterxml/classmate/1.3.0/classmate-1.3.0.jar:/Users/nicolesteck/.m2/repository/dom4j/dom4j/1.6.1/dom4j-1.6.1.jar:/Users/nicolesteck/.m2/repository/org/hibernate/common/hibernate-commons-annotations/5.0.1.Final/hibernate-commons-annotations-5.0.1.Final.jar:/Users/nicolesteck/.m2/repository/org/hibernate/hibernate-c3p0/5.2.12.Final/hibernate-c3p0-5.2.12.Final.jar:/Users/nicolesteck/.m2/repository/com/mchange/c3p0/0.9.5.2/c3p0-0.9.5.2.jar:/Users/nicolesteck/.m2/repository/com/mchange/mchange-commons-java/0.2.11/mchange-commons-java-0.2.11.jar:/Users/nicolesteck/.m2/repository/mysql/mysql-connector-java/5.1.39/mysql-connector-java-5.1.39.jar:/Users/nicolesteck/.m2/repository/jstl/jstl/1.2/jstl-1.2.jar:/Users/nicolesteck/.m2/repository/javax/servlet/jstl/1.2/jstl-1.2.jar:/Applications/IntelliJ IDEA.app/Contents/lib/idea_rt.jar, java.vm.vendor=Oracle Corporation, sun.arch.data.model=64, idea.test.cyclic.buffer.size=1048576, java.vendor.url=http://java.oracle.com/, user.timezone=America/Chicago, os.name=Mac OS X, java.vm.specification.version=1.8, user.country=US, sun.java.launcher=SUN_STANDARD, sun.boot.library.path=/Library/Java/JavaVirtualMachines/jdk1.8.0_162.jdk/Contents/Home/jre/lib, sun.java.command=com.intellij.rt.execution.junit.JUnitStarter -ideVersion5 -junit5 edu.matc.persistence.UserDaoTest, http.nonProxyHosts=local|*.local|169.254/16|*.169.254/16, sun.cpu.endian=little, hibernate.c3p0.max_statements=50, user.home=/Users/nicolesteck, user.language=en, java.specification.vendor=Oracle Corporation, java.home=/Library/Java/JavaVirtualMachines/jdk1.8.0_162.jdk/Contents/Home/jre, file.separator=/, line.separator=
, hibernate.c3p0.timeout=300, java.vm.specification.vendor=Oracle Corporation, java.specification.name=Java Platform API Specification, java.awt.graphicsenv=sun.awt.CGraphicsEnvironment, sun.boot.class.path=/Library/Java/JavaVirtualMachines/jdk1.8.0_162.jdk/Contents/Home/jre/lib/resources.jar:/Library/Java/JavaVirtualMachines/jdk1.8.0_162.jdk/Contents/Home/jre/lib/rt.jar:/Library/Java/JavaVirtualMachines/jdk1.8.0_162.jdk/Contents/Home/jre/lib/sunrsasign.jar:/Library/Java/JavaVirtualMachines/jdk1.8.0_162.jdk/Contents/Home/jre/lib/jsse.jar:/Library/Java/JavaVirtualMachines/jdk1.8.0_162.jdk/Contents/Home/jre/lib/jce.jar:/Library/Java/JavaVirtualMachines/jdk1.8.0_162.jdk/Contents/Home/jre/lib/charsets.jar:/Library/Java/JavaVirtualMachines/jdk1.8.0_162.jdk/Contents/Home/jre/lib/jfr.jar:/Library/Java/JavaVirtualMachines/jdk1.8.0_162.jdk/Contents/Home/jre/classes, connection.password=password, sun.management.compiler=HotSpot 64-Bit Tiered Compilers, hibernate.c3p0.max_size=20, ftp.nonProxyHosts=local|*.local|169.254/16|*.169.254/16, java.runtime.version=1.8.0_162-b12, user.name=nicolesteck, path.separator=:, hibernate.connection.username=root, os.version=10.13.2, java.endorsed.dirs=/Library/Java/JavaVirtualMachines/jdk1.8.0_162.jdk/Contents/Home/jre/lib/endorsed, java.runtime.name=Java(TM) SE Runtime Environment, hibernate.connection.url=jdbc:mysql://localhost:3306/li_test, file.encoding=UTF-8, java.vm.name=Java HotSpot(TM) 64-Bit Server VM, hibernate.connection.driver_class=com.mysql.jdbc.Driver, java.vendor.url.bug=http://bugreport.sun.com/bugreport/, java.io.tmpdir=/var/folders/cm/7hr4w3956s376pt6xd4jsb3m0000gn/T/, java.version=1.8.0_162, user.dir=/Users/nicolesteck/IdeaProjects/IndividualProject, os.arch=x86_64, connection.username=root, java.vm.specification.name=Java Virtual Machine Specification, hibernate.connection.password=****, java.awt.printerjob=sun.lwawt.macosx.CPrinterJob, sun.os.patch.level=unknown, connection.driver_class=com.mysql.jdbc.Driver, hibernate.boot.CfgXmlAccessService.key=org.hibernate.boot.cfgxml.spi.LoadedConfig@76a82f33, java.library.path=/Users/nicolesteck/Library/Java/Extensions:/Library/Java/Extensions:/Network/Library/Java/Extensions:/System/Library/Java/Extensions:/usr/lib/java:., java.vm.info=mixed mode, java.vendor=Oracle Corporation, java.vm.version=25.162-b12, hibernate.bytecode.use_reflection_optimizer=false, java.ext.dirs=/Users/nicolesteck/Library/Java/Extensions:/Library/Java/JavaVirtualMachines/jdk1.8.0_162.jdk/Contents/Home/jre/lib/ext:/Library/Java/Extensions:/Network/Library/Java/Extensions:/System/Library/Java/Extensions:/usr/lib/java, sun.io.unicode.encoding=UnicodeBig, connection.url=jdbc:mysql://localhost:3306/li_test, java.class.version=52.0, socksNonProxyHosts=local|*.local|169.254/16|*.169.254/16}
[DEBUG] 2018-02-13 19:54:49.128 [main] TypeSafeActivator - Unable to acquire Bean Validation ValidatorFactory, skipping activation
[DEBUG] 2018-02-13 19:54:49.128 [main] JaccIntegrator - Skipping JACC integration as it was not enabled
[DEBUG] 2018-02-13 19:54:49.130 [main] SessionFactoryImpl - Instantiated session factory
[DEBUG] 2018-02-13 19:54:49.201 [main] ClassLoaderAccessImpl - Not known whether passed class name [edu.matc.entity.User] is safe
[DEBUG] 2018-02-13 19:54:49.201 [main] ClassLoaderAccessImpl - No temp ClassLoader provided; using live ClassLoader for loading potentially unsafe class : edu.matc.entity.User
[DEBUG] 2018-02-13 19:54:49.239 [main] ClassLoaderAccessImpl - Not known whether passed class name [edu.matc.entity.User] is safe
[DEBUG] 2018-02-13 19:54:49.239 [main] ClassLoaderAccessImpl - No temp ClassLoader provided; using live ClassLoader for loading potentially unsafe class : edu.matc.entity.User
[DEBUG] 2018-02-13 19:54:49.341 [main] AbstractEntityPersister - Static SQL for entity: edu.matc.entity.User
[DEBUG] 2018-02-13 19:54:49.341 [main] AbstractEntityPersister -  Version select: select id from user where id =?
[DEBUG] 2018-02-13 19:54:49.341 [main] AbstractEntityPersister -  Snapshot select: select user_.id, user_.email as email2_0_, user_.first_name as first_na3_0_, user_.last_name as last_nam4_0_ from user user_ where user_.id=?
[DEBUG] 2018-02-13 19:54:49.341 [main] AbstractEntityPersister -  Insert 0: insert into user (email, first_name, last_name, id) values (?, ?, ?, ?)
[DEBUG] 2018-02-13 19:54:49.341 [main] AbstractEntityPersister -  Update 0: update user set email=?, first_name=?, last_name=? where id=?
[DEBUG] 2018-02-13 19:54:49.341 [main] AbstractEntityPersister -  Delete 0: delete from user where id=?
[DEBUG] 2018-02-13 19:54:49.341 [main] AbstractEntityPersister -  Identity insert: insert into user (email, first_name, last_name) values (?, ?, ?)
[DEBUG] 2018-02-13 19:54:49.366 [main] QuerySpacesImpl - Adding QuerySpace : uid = <gen:0> -> org.hibernate.loader.plan.build.internal.spaces.EntityQuerySpaceImpl@35e52059]
[DEBUG] 2018-02-13 19:54:49.368 [main] MetamodelGraphWalker - Visiting attribute path : email
[DEBUG] 2018-02-13 19:54:49.368 [main] MetamodelGraphWalker - Visiting attribute path : firstName
[DEBUG] 2018-02-13 19:54:49.368 [main] MetamodelGraphWalker - Visiting attribute path : lastName
[DEBUG] 2018-02-13 19:54:49.368 [main] FetchStyleLoadPlanBuildingAssociationVisitationStrategy - Building LoadPlan...
[DEBUG] 2018-02-13 19:54:49.384 [main] LoadQueryJoinAndFetchProcessor - processing queryspace <gen:0>
[DEBUG] 2018-02-13 19:54:49.391 [main] LoadPlanTreePrinter - LoadPlan(entity=edu.matc.entity.User)
    - Returns
       - EntityReturnImpl(entity=edu.matc.entity.User, querySpaceUid=<gen:0>, path=edu.matc.entity.User)
    - QuerySpaces
       - EntityQuerySpaceImpl(uid=<gen:0>, entity=edu.matc.entity.User)
          - SQL table alias mapping - user0_
          - alias suffix - 0_
          - suffixed key columns - {id1_0_0_}

[DEBUG] 2018-02-13 19:54:49.400 [main] EntityLoader - Static select for entity edu.matc.entity.User [NONE]: select user0_.id as id1_0_0_, user0_.email as email2_0_0_, user0_.first_name as first_na3_0_0_, user0_.last_name as last_nam4_0_0_ from user user0_ where user0_.id=?
[DEBUG] 2018-02-13 19:54:49.401 [main] QuerySpacesImpl - Adding QuerySpace : uid = <gen:0> -> org.hibernate.loader.plan.build.internal.spaces.EntityQuerySpaceImpl@77e2a6e2]
[DEBUG] 2018-02-13 19:54:49.401 [main] MetamodelGraphWalker - Visiting attribute path : email
[DEBUG] 2018-02-13 19:54:49.401 [main] MetamodelGraphWalker - Visiting attribute path : firstName
[DEBUG] 2018-02-13 19:54:49.401 [main] MetamodelGraphWalker - Visiting attribute path : lastName
[DEBUG] 2018-02-13 19:54:49.401 [main] FetchStyleLoadPlanBuildingAssociationVisitationStrategy - Building LoadPlan...
[DEBUG] 2018-02-13 19:54:49.402 [main] LoadQueryJoinAndFetchProcessor - processing queryspace <gen:0>
[DEBUG] 2018-02-13 19:54:49.402 [main] LoadPlanTreePrinter - LoadPlan(entity=edu.matc.entity.User)
    - Returns
       - EntityReturnImpl(entity=edu.matc.entity.User, querySpaceUid=<gen:0>, path=edu.matc.entity.User)
    - QuerySpaces
       - EntityQuerySpaceImpl(uid=<gen:0>, entity=edu.matc.entity.User)
          - SQL table alias mapping - user0_
          - alias suffix - 0_
          - suffixed key columns - {id1_0_0_}

[DEBUG] 2018-02-13 19:54:49.402 [main] EntityLoader - Static select for entity edu.matc.entity.User [READ]: select user0_.id as id1_0_0_, user0_.email as email2_0_0_, user0_.first_name as first_na3_0_0_, user0_.last_name as last_nam4_0_0_ from user user0_ where user0_.id=?
[DEBUG] 2018-02-13 19:54:49.402 [main] QuerySpacesImpl - Adding QuerySpace : uid = <gen:0> -> org.hibernate.loader.plan.build.internal.spaces.EntityQuerySpaceImpl@199e4c2b]
[DEBUG] 2018-02-13 19:54:49.402 [main] MetamodelGraphWalker - Visiting attribute path : email
[DEBUG] 2018-02-13 19:54:49.402 [main] MetamodelGraphWalker - Visiting attribute path : firstName
[DEBUG] 2018-02-13 19:54:49.402 [main] MetamodelGraphWalker - Visiting attribute path : lastName
[DEBUG] 2018-02-13 19:54:49.403 [main] FetchStyleLoadPlanBuildingAssociationVisitationStrategy - Building LoadPlan...
[DEBUG] 2018-02-13 19:54:49.406 [main] LoadQueryJoinAndFetchProcessor - processing queryspace <gen:0>
[DEBUG] 2018-02-13 19:54:49.406 [main] LoadPlanTreePrinter - LoadPlan(entity=edu.matc.entity.User)
    - Returns
       - EntityReturnImpl(entity=edu.matc.entity.User, querySpaceUid=<gen:0>, path=edu.matc.entity.User)
    - QuerySpaces
       - EntityQuerySpaceImpl(uid=<gen:0>, entity=edu.matc.entity.User)
          - SQL table alias mapping - user0_
          - alias suffix - 0_
          - suffixed key columns - {id1_0_0_}

[DEBUG] 2018-02-13 19:54:49.406 [main] EntityLoader - Static select for entity edu.matc.entity.User [UPGRADE]: select user0_.id as id1_0_0_, user0_.email as email2_0_0_, user0_.first_name as first_na3_0_0_, user0_.last_name as last_nam4_0_0_ from user user0_ where user0_.id=? for update
[DEBUG] 2018-02-13 19:54:49.406 [main] QuerySpacesImpl - Adding QuerySpace : uid = <gen:0> -> org.hibernate.loader.plan.build.internal.spaces.EntityQuerySpaceImpl@64d7b720]
[DEBUG] 2018-02-13 19:54:49.410 [main] MetamodelGraphWalker - Visiting attribute path : email
[DEBUG] 2018-02-13 19:54:49.413 [main] MetamodelGraphWalker - Visiting attribute path : firstName
[DEBUG] 2018-02-13 19:54:49.415 [main] MetamodelGraphWalker - Visiting attribute path : lastName
[DEBUG] 2018-02-13 19:54:49.415 [main] FetchStyleLoadPlanBuildingAssociationVisitationStrategy - Building LoadPlan...
[DEBUG] 2018-02-13 19:54:49.415 [main] LoadQueryJoinAndFetchProcessor - processing queryspace <gen:0>
[DEBUG] 2018-02-13 19:54:49.415 [main] LoadPlanTreePrinter - LoadPlan(entity=edu.matc.entity.User)
    - Returns
       - EntityReturnImpl(entity=edu.matc.entity.User, querySpaceUid=<gen:0>, path=edu.matc.entity.User)
    - QuerySpaces
       - EntityQuerySpaceImpl(uid=<gen:0>, entity=edu.matc.entity.User)
          - SQL table alias mapping - user0_
          - alias suffix - 0_
          - suffixed key columns - {id1_0_0_}

[DEBUG] 2018-02-13 19:54:49.415 [main] EntityLoader - Static select for entity edu.matc.entity.User [UPGRADE_NOWAIT]: select user0_.id as id1_0_0_, user0_.email as email2_0_0_, user0_.first_name as first_na3_0_0_, user0_.last_name as last_nam4_0_0_ from user user0_ where user0_.id=? for update
[DEBUG] 2018-02-13 19:54:49.416 [main] QuerySpacesImpl - Adding QuerySpace : uid = <gen:0> -> org.hibernate.loader.plan.build.internal.spaces.EntityQuerySpaceImpl@5bb3d42d]
[DEBUG] 2018-02-13 19:54:49.416 [main] MetamodelGraphWalker - Visiting attribute path : email
[DEBUG] 2018-02-13 19:54:49.416 [main] MetamodelGraphWalker - Visiting attribute path : firstName
[DEBUG] 2018-02-13 19:54:49.416 [main] MetamodelGraphWalker - Visiting attribute path : lastName
[DEBUG] 2018-02-13 19:54:49.416 [main] FetchStyleLoadPlanBuildingAssociationVisitationStrategy - Building LoadPlan...
[DEBUG] 2018-02-13 19:54:49.416 [main] LoadQueryJoinAndFetchProcessor - processing queryspace <gen:0>
[DEBUG] 2018-02-13 19:54:49.416 [main] LoadPlanTreePrinter - LoadPlan(entity=edu.matc.entity.User)
    - Returns
       - EntityReturnImpl(entity=edu.matc.entity.User, querySpaceUid=<gen:0>, path=edu.matc.entity.User)
    - QuerySpaces
       - EntityQuerySpaceImpl(uid=<gen:0>, entity=edu.matc.entity.User)
          - SQL table alias mapping - user0_
          - alias suffix - 0_
          - suffixed key columns - {id1_0_0_}

[DEBUG] 2018-02-13 19:54:49.416 [main] EntityLoader - Static select for entity edu.matc.entity.User [UPGRADE_SKIPLOCKED]: select user0_.id as id1_0_0_, user0_.email as email2_0_0_, user0_.first_name as first_na3_0_0_, user0_.last_name as last_nam4_0_0_ from user user0_ where user0_.id=? for update
[DEBUG] 2018-02-13 19:54:49.417 [main] QuerySpacesImpl - Adding QuerySpace : uid = <gen:0> -> org.hibernate.loader.plan.build.internal.spaces.EntityQuerySpaceImpl@2c1dc8e]
[DEBUG] 2018-02-13 19:54:49.417 [main] MetamodelGraphWalker - Visiting attribute path : email
[DEBUG] 2018-02-13 19:54:49.417 [main] MetamodelGraphWalker - Visiting attribute path : firstName
[DEBUG] 2018-02-13 19:54:49.417 [main] MetamodelGraphWalker - Visiting attribute path : lastName
[DEBUG] 2018-02-13 19:54:49.418 [main] FetchStyleLoadPlanBuildingAssociationVisitationStrategy - Building LoadPlan...
[DEBUG] 2018-02-13 19:54:49.418 [main] LoadQueryJoinAndFetchProcessor - processing queryspace <gen:0>
[DEBUG] 2018-02-13 19:54:49.418 [main] LoadPlanTreePrinter - LoadPlan(entity=edu.matc.entity.User)
    - Returns
       - EntityReturnImpl(entity=edu.matc.entity.User, querySpaceUid=<gen:0>, path=edu.matc.entity.User)
    - QuerySpaces
       - EntityQuerySpaceImpl(uid=<gen:0>, entity=edu.matc.entity.User)
          - SQL table alias mapping - user0_
          - alias suffix - 0_
          - suffixed key columns - {id1_0_0_}

[DEBUG] 2018-02-13 19:54:49.419 [main] EntityLoader - Static select for entity edu.matc.entity.User [FORCE]: select user0_.id as id1_0_0_, user0_.email as email2_0_0_, user0_.first_name as first_na3_0_0_, user0_.last_name as last_nam4_0_0_ from user user0_ where user0_.id=? for update
[DEBUG] 2018-02-13 19:54:49.419 [main] QuerySpacesImpl - Adding QuerySpace : uid = <gen:0> -> org.hibernate.loader.plan.build.internal.spaces.EntityQuerySpaceImpl@4e7095ac]
[DEBUG] 2018-02-13 19:54:49.419 [main] MetamodelGraphWalker - Visiting attribute path : email
[DEBUG] 2018-02-13 19:54:49.419 [main] MetamodelGraphWalker - Visiting attribute path : firstName
[DEBUG] 2018-02-13 19:54:49.419 [main] MetamodelGraphWalker - Visiting attribute path : lastName
[DEBUG] 2018-02-13 19:54:49.419 [main] FetchStyleLoadPlanBuildingAssociationVisitationStrategy - Building LoadPlan...
[DEBUG] 2018-02-13 19:54:49.419 [main] LoadQueryJoinAndFetchProcessor - processing queryspace <gen:0>
[DEBUG] 2018-02-13 19:54:49.420 [main] LoadPlanTreePrinter - LoadPlan(entity=edu.matc.entity.User)
    - Returns
       - EntityReturnImpl(entity=edu.matc.entity.User, querySpaceUid=<gen:0>, path=edu.matc.entity.User)
    - QuerySpaces
       - EntityQuerySpaceImpl(uid=<gen:0>, entity=edu.matc.entity.User)
          - SQL table alias mapping - user0_
          - alias suffix - 0_
          - suffixed key columns - {id1_0_0_}

[DEBUG] 2018-02-13 19:54:49.420 [main] EntityLoader - Static select for entity edu.matc.entity.User [PESSIMISTIC_READ]: select user0_.id as id1_0_0_, user0_.email as email2_0_0_, user0_.first_name as first_na3_0_0_, user0_.last_name as last_nam4_0_0_ from user user0_ where user0_.id=? lock in share mode
[DEBUG] 2018-02-13 19:54:49.420 [main] QuerySpacesImpl - Adding QuerySpace : uid = <gen:0> -> org.hibernate.loader.plan.build.internal.spaces.EntityQuerySpaceImpl@29b732a2]
[DEBUG] 2018-02-13 19:54:49.420 [main] MetamodelGraphWalker - Visiting attribute path : email
[DEBUG] 2018-02-13 19:54:49.420 [main] MetamodelGraphWalker - Visiting attribute path : firstName
[DEBUG] 2018-02-13 19:54:49.420 [main] MetamodelGraphWalker - Visiting attribute path : lastName
[DEBUG] 2018-02-13 19:54:49.420 [main] FetchStyleLoadPlanBuildingAssociationVisitationStrategy - Building LoadPlan...
[DEBUG] 2018-02-13 19:54:49.421 [main] LoadQueryJoinAndFetchProcessor - processing queryspace <gen:0>
[DEBUG] 2018-02-13 19:54:49.421 [main] LoadPlanTreePrinter - LoadPlan(entity=edu.matc.entity.User)
    - Returns
       - EntityReturnImpl(entity=edu.matc.entity.User, querySpaceUid=<gen:0>, path=edu.matc.entity.User)
    - QuerySpaces
       - EntityQuerySpaceImpl(uid=<gen:0>, entity=edu.matc.entity.User)
          - SQL table alias mapping - user0_
          - alias suffix - 0_
          - suffixed key columns - {id1_0_0_}

[DEBUG] 2018-02-13 19:54:49.421 [main] EntityLoader - Static select for entity edu.matc.entity.User [PESSIMISTIC_WRITE]: select user0_.id as id1_0_0_, user0_.email as email2_0_0_, user0_.first_name as first_na3_0_0_, user0_.last_name as last_nam4_0_0_ from user user0_ where user0_.id=? for update
[DEBUG] 2018-02-13 19:54:49.421 [main] QuerySpacesImpl - Adding QuerySpace : uid = <gen:0> -> org.hibernate.loader.plan.build.internal.spaces.EntityQuerySpaceImpl@51671b08]
[DEBUG] 2018-02-13 19:54:49.421 [main] MetamodelGraphWalker - Visiting attribute path : email
[DEBUG] 2018-02-13 19:54:49.421 [main] MetamodelGraphWalker - Visiting attribute path : firstName
[DEBUG] 2018-02-13 19:54:49.421 [main] MetamodelGraphWalker - Visiting attribute path : lastName
[DEBUG] 2018-02-13 19:54:49.421 [main] FetchStyleLoadPlanBuildingAssociationVisitationStrategy - Building LoadPlan...
[DEBUG] 2018-02-13 19:54:49.422 [main] LoadQueryJoinAndFetchProcessor - processing queryspace <gen:0>
[DEBUG] 2018-02-13 19:54:49.422 [main] LoadPlanTreePrinter - LoadPlan(entity=edu.matc.entity.User)
    - Returns
       - EntityReturnImpl(entity=edu.matc.entity.User, querySpaceUid=<gen:0>, path=edu.matc.entity.User)
    - QuerySpaces
       - EntityQuerySpaceImpl(uid=<gen:0>, entity=edu.matc.entity.User)
          - SQL table alias mapping - user0_
          - alias suffix - 0_
          - suffixed key columns - {id1_0_0_}

[DEBUG] 2018-02-13 19:54:49.422 [main] EntityLoader - Static select for entity edu.matc.entity.User [PESSIMISTIC_FORCE_INCREMENT]: select user0_.id as id1_0_0_, user0_.email as email2_0_0_, user0_.first_name as first_na3_0_0_, user0_.last_name as last_nam4_0_0_ from user user0_ where user0_.id=? for update
[DEBUG] 2018-02-13 19:54:49.423 [main] QuerySpacesImpl - Adding QuerySpace : uid = <gen:0> -> org.hibernate.loader.plan.build.internal.spaces.EntityQuerySpaceImpl@1162410a]
[DEBUG] 2018-02-13 19:54:49.423 [main] MetamodelGraphWalker - Visiting attribute path : email
[DEBUG] 2018-02-13 19:54:49.423 [main] MetamodelGraphWalker - Visiting attribute path : firstName
[DEBUG] 2018-02-13 19:54:49.423 [main] MetamodelGraphWalker - Visiting attribute path : lastName
[DEBUG] 2018-02-13 19:54:49.423 [main] FetchStyleLoadPlanBuildingAssociationVisitationStrategy - Building LoadPlan...
[DEBUG] 2018-02-13 19:54:49.423 [main] LoadQueryJoinAndFetchProcessor - processing queryspace <gen:0>
[DEBUG] 2018-02-13 19:54:49.424 [main] LoadPlanTreePrinter - LoadPlan(entity=edu.matc.entity.User)
    - Returns
       - EntityReturnImpl(entity=edu.matc.entity.User, querySpaceUid=<gen:0>, path=edu.matc.entity.User)
    - QuerySpaces
       - EntityQuerySpaceImpl(uid=<gen:0>, entity=edu.matc.entity.User)
          - SQL table alias mapping - user0_
          - alias suffix - 0_
          - suffixed key columns - {id1_0_0_}

[DEBUG] 2018-02-13 19:54:49.424 [main] EntityLoader - Static select for entity edu.matc.entity.User [OPTIMISTIC]: select user0_.id as id1_0_0_, user0_.email as email2_0_0_, user0_.first_name as first_na3_0_0_, user0_.last_name as last_nam4_0_0_ from user user0_ where user0_.id=?
[DEBUG] 2018-02-13 19:54:49.424 [main] QuerySpacesImpl - Adding QuerySpace : uid = <gen:0> -> org.hibernate.loader.plan.build.internal.spaces.EntityQuerySpaceImpl@62df0ff3]
[DEBUG] 2018-02-13 19:54:49.424 [main] MetamodelGraphWalker - Visiting attribute path : email
[DEBUG] 2018-02-13 19:54:49.424 [main] MetamodelGraphWalker - Visiting attribute path : firstName
[DEBUG] 2018-02-13 19:54:49.424 [main] MetamodelGraphWalker - Visiting attribute path : lastName
[DEBUG] 2018-02-13 19:54:49.424 [main] FetchStyleLoadPlanBuildingAssociationVisitationStrategy - Building LoadPlan...
[DEBUG] 2018-02-13 19:54:49.425 [main] LoadQueryJoinAndFetchProcessor - processing queryspace <gen:0>
[DEBUG] 2018-02-13 19:54:49.425 [main] LoadPlanTreePrinter - LoadPlan(entity=edu.matc.entity.User)
    - Returns
       - EntityReturnImpl(entity=edu.matc.entity.User, querySpaceUid=<gen:0>, path=edu.matc.entity.User)
    - QuerySpaces
       - EntityQuerySpaceImpl(uid=<gen:0>, entity=edu.matc.entity.User)
          - SQL table alias mapping - user0_
          - alias suffix - 0_
          - suffixed key columns - {id1_0_0_}

[DEBUG] 2018-02-13 19:54:49.425 [main] EntityLoader - Static select for entity edu.matc.entity.User [OPTIMISTIC_FORCE_INCREMENT]: select user0_.id as id1_0_0_, user0_.email as email2_0_0_, user0_.first_name as first_na3_0_0_, user0_.last_name as last_nam4_0_0_ from user user0_ where user0_.id=?
[DEBUG] 2018-02-13 19:54:49.464 [main] Loader - Static select for action ACTION_MERGE on entity edu.matc.entity.User: select user0_.id as id1_0_0_, user0_.email as email2_0_0_, user0_.first_name as first_na3_0_0_, user0_.last_name as last_nam4_0_0_ from user user0_ where user0_.id=?
[DEBUG] 2018-02-13 19:54:49.472 [main] Loader - Static select for action ACTION_REFRESH on entity edu.matc.entity.User: select user0_.id as id1_0_0_, user0_.email as email2_0_0_, user0_.first_name as first_na3_0_0_, user0_.last_name as last_nam4_0_0_ from user user0_ where user0_.id=?
[DEBUG] 2018-02-13 19:54:49.576 [main] SchemaManagementToolCoordinator - No actions specified; doing nothing
[DEBUG] 2018-02-13 19:54:49.576 [main] JtaPlatformInitiator - No JtaPlatform was specified, checking resolver
[DEBUG] 2018-02-13 19:54:49.580 [main] JtaPlatformResolverInitiator - No JtaPlatformResolver was specified, using default [org.hibernate.engine.transaction.jta.platform.internal.StandardJtaPlatformResolver]
[DEBUG] 2018-02-13 19:54:49.589 [main] StandardJtaPlatformResolver - Could not resolve JtaPlatform, using default [org.hibernate.engine.transaction.jta.platform.internal.NoJtaPlatform]
[DEBUG] 2018-02-13 19:54:49.593 [main] NamedQueryRepository - Checking 0 named HQL queries
[DEBUG] 2018-02-13 19:54:49.593 [main] NamedQueryRepository - Checking 0 named SQL queries
[DEBUG] 2018-02-13 19:54:49.610 [main] SessionFactoryRegistry - Initializing SessionFactoryRegistry : org.hibernate.internal.SessionFactoryRegistry@1e7f2e0f
[DEBUG] 2018-02-13 19:54:49.613 [main] SessionFactoryRegistry - Registering SessionFactory: 0b64e144-9ce2-4c33-abe9-52dbd07ecda1 (<unnamed>)
[DEBUG] 2018-02-13 19:54:49.614 [main] SessionFactoryRegistry - Not binding SessionFactory to JNDI, no JNDI name configured
[DEBUG] 2018-02-13 19:54:49.867 [main] StatisticsInitiator - Statistics initialized [enabled=false]
[DEBUG] 2018-02-13 19:54:49.923 [main] CriteriaQueryImpl - Rendered criteria query -> select generatedAlias0 from User as generatedAlias0 where generatedAlias0.email like :param0
[DEBUG] 2018-02-13 19:54:49.946 [main] QueryTranslatorFactoryInitiator - QueryTranslatorFactory : org.hibernate.hql.internal.ast.ASTQueryTranslatorFactory@29a23c3d
[INFO ] 2018-02-13 19:54:49.947 [main] QueryTranslatorFactoryInitiator - HHH000397: Using ASTQueryTranslatorFactory
[DEBUG] 2018-02-13 19:54:49.992 [main] QueryTranslatorImpl - parse() - HQL: select generatedAlias0 from edu.matc.entity.User as generatedAlias0 where generatedAlias0.email like :param0
[DEBUG] 2018-02-13 19:54:50.007 [main] ErrorCounter - throwQueryException() : no errors
[DEBUG] 2018-02-13 19:54:50.016 [main] QueryTranslatorImpl - --- HQL AST ---
 \-[QUERY] Node: 'query'
    +-[SELECT_FROM] Node: 'SELECT_FROM'
    |  +-[FROM] Node: 'from'
    |  |  \-[RANGE] Node: 'RANGE'
    |  |     +-[DOT] Node: '.'
    |  |     |  +-[DOT] Node: '.'
    |  |     |  |  +-[DOT] Node: '.'
    |  |     |  |  |  +-[IDENT] Node: 'edu'
    |  |     |  |  |  \-[IDENT] Node: 'matc'
    |  |     |  |  \-[IDENT] Node: 'entity'
    |  |     |  \-[IDENT] Node: 'User'
    |  |     \-[ALIAS] Node: 'generatedAlias0'
    |  \-[SELECT] Node: 'select'
    |     \-[IDENT] Node: 'generatedAlias0'
    \-[WHERE] Node: 'where'
       \-[LIKE] Node: 'like'
          +-[DOT] Node: '.'
          |  +-[IDENT] Node: 'generatedAlias0'
          |  \-[IDENT] Node: 'email'
          \-[COLON] Node: ':'
             \-[IDENT] Node: 'param0'

[DEBUG] 2018-02-13 19:54:50.053 [main] HqlSqlBaseWalker - select << begin [level=1, statement=select]
[DEBUG] 2018-02-13 19:54:50.074 [main] FromElement - FromClause{level=1} : edu.matc.entity.User (generatedAlias0) -> user0_
[DEBUG] 2018-02-13 19:54:50.076 [main] FromReferenceNode - Resolved : generatedAlias0 -> user0_.id
[DEBUG] 2018-02-13 19:54:50.079 [main] FromReferenceNode - Resolved : generatedAlias0 -> user0_.id
[DEBUG] 2018-02-13 19:54:50.081 [main] DotNode - getDataType() : email -> org.hibernate.type.StringType@2235eaab
[DEBUG] 2018-02-13 19:54:50.083 [main] FromReferenceNode - Resolved : generatedAlias0.email -> user0_.email
[DEBUG] 2018-02-13 19:54:50.086 [main] HqlSqlBaseWalker - select : finishing up [level=1, statement=select]
[DEBUG] 2018-02-13 19:54:50.086 [main] HqlSqlWalker - processQuery() :  ( SELECT ( {select clause} user0_.id ) ( FromClause{level=1} user user0_ ) ( where ( like ( user0_.email user0_.id email ) ? ) ) )
[DEBUG] 2018-02-13 19:54:50.098 [main] JoinProcessor - Using FROM fragment [user user0_]
[DEBUG] 2018-02-13 19:54:50.099 [main] HqlSqlBaseWalker - select >> end [level=1, statement=select]
[DEBUG] 2018-02-13 19:54:50.102 [main] QueryTranslatorImpl - --- SQL AST ---
 \-[SELECT] QueryNode: 'SELECT'  querySpaces (user)
    +-[SELECT_CLAUSE] SelectClause: '{select clause}'
    |  +-[ALIAS_REF] IdentNode: 'user0_.id as id1_0_' {alias=generatedAlias0, className=edu.matc.entity.User, tableAlias=user0_}
    |  \-[SQL_TOKEN] SqlFragment: 'user0_.email as email2_0_, user0_.first_name as first_na3_0_, user0_.last_name as last_nam4_0_'
    +-[FROM] FromClause: 'from' FromClause{level=1, fromElementCounter=1, fromElements=1, fromElementByClassAlias=[generatedAlias0], fromElementByTableAlias=[user0_], fromElementsByPath=[], collectionJoinFromElementsByPath=[], impliedElements=[]}
    |  \-[FROM_FRAGMENT] FromElement: 'user user0_' FromElement{explicit,not a collection join,not a fetch join,fetch non-lazy properties,classAlias=generatedAlias0,role=null,tableName=user,tableAlias=user0_,origin=null,columns={,className=edu.matc.entity.User}}
    \-[WHERE] SqlNode: 'where'
       \-[LIKE] BinaryLogicOperatorNode: 'like'
          +-[DOT] DotNode: 'user0_.email' {propertyName=email,dereferenceType=PRIMITIVE,getPropertyPath=email,path=generatedAlias0.email,tableAlias=user0_,className=edu.matc.entity.User,classAlias=generatedAlias0}
          |  +-[ALIAS_REF] IdentNode: 'user0_.id' {alias=generatedAlias0, className=edu.matc.entity.User, tableAlias=user0_}
          |  \-[IDENT] IdentNode: 'email' {originalText=email}
          \-[NAMED_PARAM] ParameterNode: '?' {name=param0, expectedType=org.hibernate.type.StringType@2235eaab}

[DEBUG] 2018-02-13 19:54:50.102 [main] ErrorCounter - throwQueryException() : no errors
[DEBUG] 2018-02-13 19:54:50.117 [main] QueryTranslatorImpl - HQL: select generatedAlias0 from edu.matc.entity.User as generatedAlias0 where generatedAlias0.email like :param0
[DEBUG] 2018-02-13 19:54:50.117 [main] QueryTranslatorImpl - SQL: select user0_.id as id1_0_, user0_.email as email2_0_, user0_.first_name as first_na3_0_, user0_.last_name as last_nam4_0_ from user user0_ where user0_.email like ?
[DEBUG] 2018-02-13 19:54:50.117 [main] ErrorCounter - throwQueryException() : no errors
[DEBUG] 2018-02-13 19:54:50.157 [main] SQL - select user0_.id as id1_0_, user0_.email as email2_0_, user0_.first_name as first_na3_0_, user0_.last_name as last_nam4_0_ from user user0_ where user0_.email like ?
[DEBUG] 2018-02-13 19:54:50.189 [main] Loader - Result set row: 0
[DEBUG] 2018-02-13 19:54:50.193 [main] Loader - Result row: EntityKey[edu.matc.entity.User#292]
[DEBUG] 2018-02-13 19:54:50.206 [main] TwoPhaseLoad - Resolving associations for [edu.matc.entity.User#292]
[DEBUG] 2018-02-13 19:54:50.210 [main] TwoPhaseLoad - Done materializing entity [edu.matc.entity.User#292]
[DEBUG] 2018-02-13 19:54:50.219 [main] LogicalConnectionManagedImpl - Initiating JDBC connection release from afterTransaction
[DEBUG] 2018-02-13 19:54:50.226 [main] TransactionImpl - begin
[DEBUG] 2018-02-13 19:54:50.241 [main] TransactionImpl - committing
[DEBUG] 2018-02-13 19:54:50.242 [main] AbstractFlushingEventListener - Processing flush-time cascades
[DEBUG] 2018-02-13 19:54:50.242 [main] AbstractFlushingEventListener - Dirty checking collections
[DEBUG] 2018-02-13 19:54:50.244 [main] AbstractFlushingEventListener - Flushed: 0 insertions, 0 updates, 1 deletions to 1 objects
[DEBUG] 2018-02-13 19:54:50.245 [main] AbstractFlushingEventListener - Flushed: 0 (re)creations, 0 updates, 0 removals to 0 collections
[DEBUG] 2018-02-13 19:54:50.247 [main] EntityPrinter - Listing entities:
[DEBUG] 2018-02-13 19:54:50.247 [main] EntityPrinter - edu.matc.entity.User{firstName=Dianne, lastName=Klein, id=292, email=dklein@gmail.com}
[DEBUG] 2018-02-13 19:54:50.264 [main] SQL - delete from user where id=?
[DEBUG] 2018-02-13 19:54:50.270 [main] LogicalConnectionManagedImpl - Initiating JDBC connection release from afterTransaction
[DEBUG] 2018-02-13 19:54:50.270 [main] LogicalConnectionManagedImpl - Initiating JDBC connection release from afterTransaction
[DEBUG] 2018-02-13 19:54:50.270 [main] JdbcCoordinatorImpl - HHH000420: Closing un-released batch
[DEBUG] 2018-02-13 19:54:50.271 [main] CriteriaQueryImpl - Rendered criteria query -> select generatedAlias0 from User as generatedAlias0 where generatedAlias0.email like :param0
[DEBUG] 2018-02-13 19:54:50.271 [main] SQL - select user0_.id as id1_0_, user0_.email as email2_0_, user0_.first_name as first_na3_0_, user0_.last_name as last_nam4_0_ from user user0_ where user0_.email like ?
[DEBUG] 2018-02-13 19:54:50.274 [main] LogicalConnectionManagedImpl - Initiating JDBC connection release from afterTransaction
[DEBUG] 2018-02-13 19:54:50.316 [main] CriteriaQueryImpl - Rendered criteria query -> select generatedAlias0 from User as generatedAlias0 where generatedAlias0.email like :param0
[DEBUG] 2018-02-13 19:54:50.317 [main] SQL - select user0_.id as id1_0_, user0_.email as email2_0_, user0_.first_name as first_na3_0_, user0_.last_name as last_nam4_0_ from user user0_ where user0_.email like ?
[DEBUG] 2018-02-13 19:54:50.318 [main] Loader - Result set row: 0
[DEBUG] 2018-02-13 19:54:50.319 [main] Loader - Result row: EntityKey[edu.matc.entity.User#296]
[DEBUG] 2018-02-13 19:54:50.319 [main] TwoPhaseLoad - Resolving associations for [edu.matc.entity.User#296]
[DEBUG] 2018-02-13 19:54:50.319 [main] TwoPhaseLoad - Done materializing entity [edu.matc.entity.User#296]
[DEBUG] 2018-02-13 19:54:50.319 [main] LogicalConnectionManagedImpl - Initiating JDBC connection release from afterTransaction
[DEBUG] 2018-02-13 19:54:50.349 [main] CriteriaQueryImpl - Rendered criteria query -> select generatedAlias0 from User as generatedAlias0 where generatedAlias0.email like :param0
[DEBUG] 2018-02-13 19:54:50.350 [main] SQL - select user0_.id as id1_0_, user0_.email as email2_0_, user0_.first_name as first_na3_0_, user0_.last_name as last_nam4_0_ from user user0_ where user0_.email like ?
[DEBUG] 2018-02-13 19:54:50.351 [main] Loader - Result set row: 0
[DEBUG] 2018-02-13 19:54:50.351 [main] Loader - Result row: EntityKey[edu.matc.entity.User#302]
[DEBUG] 2018-02-13 19:54:50.351 [main] TwoPhaseLoad - Resolving associations for [edu.matc.entity.User#302]
[DEBUG] 2018-02-13 19:54:50.352 [main] TwoPhaseLoad - Done materializing entity [edu.matc.entity.User#302]
[DEBUG] 2018-02-13 19:54:50.352 [main] LogicalConnectionManagedImpl - Initiating JDBC connection release from afterTransaction
[DEBUG] 2018-02-13 19:54:50.380 [main] SQL - select user0_.id as id1_0_0_, user0_.email as email2_0_0_, user0_.first_name as first_na3_0_0_, user0_.last_name as last_nam4_0_0_ from user user0_ where user0_.id=?
[DEBUG] 2018-02-13 19:54:50.386 [main] ResourceRegistryStandardImpl - HHH000387: ResultSet's statement was not registered
[DEBUG] 2018-02-13 19:54:50.386 [main] AbstractLoadPlanBasedEntityLoader - Done entity load : edu.matc.entity.User#3
[DEBUG] 2018-02-13 19:54:50.386 [main] LogicalConnectionManagedImpl - Initiating JDBC connection release from afterTransaction
[DEBUG] 2018-02-13 19:54:50.437 [main] SQL - select user0_.id as id1_0_0_, user0_.email as email2_0_0_, user0_.first_name as first_na3_0_0_, user0_.last_name as last_nam4_0_0_ from user user0_ where user0_.id=?
[DEBUG] 2018-02-13 19:54:50.438 [main] ResourceRegistryStandardImpl - HHH000387: ResultSet's statement was not registered
[DEBUG] 2018-02-13 19:54:50.438 [main] AbstractLoadPlanBasedEntityLoader - Done entity load : edu.matc.entity.User#3
[DEBUG] 2018-02-13 19:54:50.438 [main] LogicalConnectionManagedImpl - Initiating JDBC connection release from afterTransaction
[DEBUG] 2018-02-13 19:54:50.461 [main] CriteriaQueryImpl - Rendered criteria query -> select generatedAlias0 from User as generatedAlias0
[DEBUG] 2018-02-13 19:54:50.463 [main] QueryTranslatorImpl - parse() - HQL: select generatedAlias0 from edu.matc.entity.User as generatedAlias0
[DEBUG] 2018-02-13 19:54:50.464 [main] ErrorCounter - throwQueryException() : no errors
[DEBUG] 2018-02-13 19:54:50.465 [main] QueryTranslatorImpl - --- HQL AST ---
 \-[QUERY] Node: 'query'
    \-[SELECT_FROM] Node: 'SELECT_FROM'
       +-[FROM] Node: 'from'
       |  \-[RANGE] Node: 'RANGE'
       |     +-[DOT] Node: '.'
       |     |  +-[DOT] Node: '.'
       |     |  |  +-[DOT] Node: '.'
       |     |  |  |  +-[IDENT] Node: 'edu'
       |     |  |  |  \-[IDENT] Node: 'matc'
       |     |  |  \-[IDENT] Node: 'entity'
       |     |  \-[IDENT] Node: 'User'
       |     \-[ALIAS] Node: 'generatedAlias0'
       \-[SELECT] Node: 'select'
          \-[IDENT] Node: 'generatedAlias0'

[DEBUG] 2018-02-13 19:54:50.465 [main] HqlSqlBaseWalker - select << begin [level=1, statement=select]
[DEBUG] 2018-02-13 19:54:50.466 [main] FromElement - FromClause{level=1} : edu.matc.entity.User (generatedAlias0) -> user0_
[DEBUG] 2018-02-13 19:54:50.466 [main] FromReferenceNode - Resolved : generatedAlias0 -> user0_.id
[DEBUG] 2018-02-13 19:54:50.466 [main] HqlSqlBaseWalker - select : finishing up [level=1, statement=select]
[DEBUG] 2018-02-13 19:54:50.466 [main] HqlSqlWalker - processQuery() :  ( SELECT ( {select clause} user0_.id ) ( FromClause{level=1} user user0_ ) )
[DEBUG] 2018-02-13 19:54:50.466 [main] JoinProcessor - Using FROM fragment [user user0_]
[DEBUG] 2018-02-13 19:54:50.467 [main] HqlSqlBaseWalker - select >> end [level=1, statement=select]
[DEBUG] 2018-02-13 19:54:50.467 [main] QueryTranslatorImpl - --- SQL AST ---
 \-[SELECT] QueryNode: 'SELECT'  querySpaces (user)
    +-[SELECT_CLAUSE] SelectClause: '{select clause}'
    |  +-[ALIAS_REF] IdentNode: 'user0_.id as id1_0_' {alias=generatedAlias0, className=edu.matc.entity.User, tableAlias=user0_}
    |  \-[SQL_TOKEN] SqlFragment: 'user0_.email as email2_0_, user0_.first_name as first_na3_0_, user0_.last_name as last_nam4_0_'
    \-[FROM] FromClause: 'from' FromClause{level=1, fromElementCounter=1, fromElements=1, fromElementByClassAlias=[generatedAlias0], fromElementByTableAlias=[user0_], fromElementsByPath=[], collectionJoinFromElementsByPath=[], impliedElements=[]}
       \-[FROM_FRAGMENT] FromElement: 'user user0_' FromElement{explicit,not a collection join,not a fetch join,fetch non-lazy properties,classAlias=generatedAlias0,role=null,tableName=user,tableAlias=user0_,origin=null,columns={,className=edu.matc.entity.User}}

[DEBUG] 2018-02-13 19:54:50.467 [main] ErrorCounter - throwQueryException() : no errors
[DEBUG] 2018-02-13 19:54:50.467 [main] QueryTranslatorImpl - HQL: select generatedAlias0 from edu.matc.entity.User as generatedAlias0
[DEBUG] 2018-02-13 19:54:50.468 [main] QueryTranslatorImpl - SQL: select user0_.id as id1_0_, user0_.email as email2_0_, user0_.first_name as first_na3_0_, user0_.last_name as last_nam4_0_ from user user0_
[DEBUG] 2018-02-13 19:54:50.468 [main] ErrorCounter - throwQueryException() : no errors
[DEBUG] 2018-02-13 19:54:50.468 [main] SQL - select user0_.id as id1_0_, user0_.email as email2_0_, user0_.first_name as first_na3_0_, user0_.last_name as last_nam4_0_ from user user0_
[DEBUG] 2018-02-13 19:54:50.470 [main] Loader - Result set row: 0
[DEBUG] 2018-02-13 19:54:50.470 [main] Loader - Result row: EntityKey[edu.matc.entity.User#318]
[DEBUG] 2018-02-13 19:54:50.470 [main] Loader - Result set row: 1
[DEBUG] 2018-02-13 19:54:50.471 [main] Loader - Result row: EntityKey[edu.matc.entity.User#319]
[DEBUG] 2018-02-13 19:54:50.471 [main] Loader - Result set row: 2
[DEBUG] 2018-02-13 19:54:50.471 [main] Loader - Result row: EntityKey[edu.matc.entity.User#320]
[DEBUG] 2018-02-13 19:54:50.471 [main] Loader - Result set row: 3
[DEBUG] 2018-02-13 19:54:50.471 [main] Loader - Result row: EntityKey[edu.matc.entity.User#321]
[DEBUG] 2018-02-13 19:54:50.471 [main] Loader - Result set row: 4
[DEBUG] 2018-02-13 19:54:50.471 [main] Loader - Result row: EntityKey[edu.matc.entity.User#322]
[DEBUG] 2018-02-13 19:54:50.471 [main] Loader - Result set row: 5
[DEBUG] 2018-02-13 19:54:50.472 [main] Loader - Result row: EntityKey[edu.matc.entity.User#323]
[DEBUG] 2018-02-13 19:54:50.472 [main] TwoPhaseLoad - Resolving associations for [edu.matc.entity.User#318]
[DEBUG] 2018-02-13 19:54:50.472 [main] TwoPhaseLoad - Done materializing entity [edu.matc.entity.User#318]
[DEBUG] 2018-02-13 19:54:50.472 [main] TwoPhaseLoad - Resolving associations for [edu.matc.entity.User#319]
[DEBUG] 2018-02-13 19:54:50.472 [main] TwoPhaseLoad - Done materializing entity [edu.matc.entity.User#319]
[DEBUG] 2018-02-13 19:54:50.472 [main] TwoPhaseLoad - Resolving associations for [edu.matc.entity.User#320]
[DEBUG] 2018-02-13 19:54:50.472 [main] TwoPhaseLoad - Done materializing entity [edu.matc.entity.User#320]
[DEBUG] 2018-02-13 19:54:50.472 [main] TwoPhaseLoad - Resolving associations for [edu.matc.entity.User#321]
[DEBUG] 2018-02-13 19:54:50.473 [main] TwoPhaseLoad - Done materializing entity [edu.matc.entity.User#321]
[DEBUG] 2018-02-13 19:54:50.473 [main] TwoPhaseLoad - Resolving associations for [edu.matc.entity.User#322]
[DEBUG] 2018-02-13 19:54:50.473 [main] TwoPhaseLoad - Done materializing entity [edu.matc.entity.User#322]
[DEBUG] 2018-02-13 19:54:50.473 [main] TwoPhaseLoad - Resolving associations for [edu.matc.entity.User#323]
[DEBUG] 2018-02-13 19:54:50.473 [main] TwoPhaseLoad - Done materializing entity [edu.matc.entity.User#323]
[DEBUG] 2018-02-13 19:54:50.473 [main] LogicalConnectionManagedImpl - Initiating JDBC connection release from afterTransaction
[DEBUG] 2018-02-13 19:54:50.514 [main] TransactionImpl - begin
[DEBUG] 2018-02-13 19:54:50.521 [main] ActionQueue - Executing identity-insert immediately
[DEBUG] 2018-02-13 19:54:50.522 [main] SQL - insert into user (email, first_name, last_name) values (?, ?, ?)
[DEBUG] 2018-02-13 19:54:50.539 [main] IdentifierGeneratorHelper - Natively generated identity: 330
[DEBUG] 2018-02-13 19:54:50.539 [main] ResourceRegistryStandardImpl - HHH000387: ResultSet's statement was not registered
[DEBUG] 2018-02-13 19:54:50.541 [main] TransactionImpl - committing
[DEBUG] 2018-02-13 19:54:50.541 [main] AbstractFlushingEventListener - Processing flush-time cascades
[DEBUG] 2018-02-13 19:54:50.541 [main] AbstractFlushingEventListener - Dirty checking collections
[DEBUG] 2018-02-13 19:54:50.541 [main] AbstractFlushingEventListener - Flushed: 0 insertions, 0 updates, 0 deletions to 1 objects
[DEBUG] 2018-02-13 19:54:50.541 [main] AbstractFlushingEventListener - Flushed: 0 (re)creations, 0 updates, 0 removals to 0 collections
[DEBUG] 2018-02-13 19:54:50.541 [main] EntityPrinter - Listing entities:
[DEBUG] 2018-02-13 19:54:50.541 [main] EntityPrinter - edu.matc.entity.User{firstName=Joe, lastName=Trebek, id=330, email=null}
[DEBUG] 2018-02-13 19:54:50.545 [main] LogicalConnectionManagedImpl - Initiating JDBC connection release from afterTransaction
[DEBUG] 2018-02-13 19:54:50.548 [main] LogicalConnectionManagedImpl - Initiating JDBC connection release from afterTransaction
[DEBUG] 2018-02-13 19:54:50.549 [main] SQL - select user0_.id as id1_0_0_, user0_.email as email2_0_0_, user0_.first_name as first_na3_0_0_, user0_.last_name as last_nam4_0_0_ from user user0_ where user0_.id=?
[DEBUG] 2018-02-13 19:54:50.551 [main] ResultSetProcessorImpl - Starting ResultSet row #0
[DEBUG] 2018-02-13 19:54:50.552 [main] EntityReferenceInitializerImpl - On call to EntityIdentifierReaderImpl#resolve, EntityKey was already known; should only happen on root returns with an optional identifier specified
[DEBUG] 2018-02-13 19:54:50.553 [main] TwoPhaseLoad - Resolving associations for [edu.matc.entity.User#330]
[DEBUG] 2018-02-13 19:54:50.553 [main] TwoPhaseLoad - Done materializing entity [edu.matc.entity.User#330]
[DEBUG] 2018-02-13 19:54:50.553 [main] ResourceRegistryStandardImpl - HHH000387: ResultSet's statement was not registered
[DEBUG] 2018-02-13 19:54:50.554 [main] AbstractLoadPlanBasedEntityLoader - Done entity load : edu.matc.entity.User#330
[DEBUG] 2018-02-13 19:54:50.554 [main] LogicalConnectionManagedImpl - Initiating JDBC connection release from afterTransaction
