[DEBUG] 2018-02-07 20:54:25.895 [main] IntegratorServiceImpl - Adding Integrator [org.hibernate.cfg.beanvalidation.BeanValidationIntegrator].
[DEBUG] 2018-02-07 20:54:25.909 [main] IntegratorServiceImpl - Adding Integrator [org.hibernate.secure.spi.JaccIntegrator].
[DEBUG] 2018-02-07 20:54:25.914 [main] IntegratorServiceImpl - Adding Integrator [org.hibernate.cache.internal.CollectionCacheInvalidator].
[INFO ] 2018-02-07 20:54:26.072 [main] Version - HHH000412: Hibernate Core {5.2.12.Final}
[INFO ] 2018-02-07 20:54:26.074 [main] Environment - HHH000206: hibernate.properties not found
[DEBUG] 2018-02-07 20:54:26.136 [main] LocalXmlResourceResolver - Interpreting public/system identifier : [-//Hibernate/Hibernate Configuration DTD//EN] - [http://www.hibernate.org/dtd/hibernate-configuration-3.0.dtd]
[DEBUG] 2018-02-07 20:54:26.137 [main] LocalXmlResourceResolver - Recognized hibernate-configuration identifier; attempting to resolve on classpath under org/hibernate/
[DEBUG] 2018-02-07 20:54:26.150 [main] JaxbCfgProcessor - cfg.xml document did not define namespaces; wrapping in custom event reader to introduce namespace information
[DEBUG] 2018-02-07 20:54:26.539 [main] ServiceBinding - Overriding existing service binding [org.hibernate.secure.spi.JaccService]
[DEBUG] 2018-02-07 20:54:26.597 [main] RegionFactoryInitiator - Cache region factory : org.hibernate.cache.internal.NoCachingRegionFactory
[INFO ] 2018-02-07 20:54:26.610 [main] Version - HCANN000001: Hibernate Commons Annotations {5.0.1.Final}
[DEBUG] 2018-02-07 20:54:26.694 [main] BasicTypeRegistry - Adding type registration boolean -> org.hibernate.type.BooleanType@6a4f1a55
[DEBUG] 2018-02-07 20:54:26.694 [main] BasicTypeRegistry - Adding type registration boolean -> org.hibernate.type.BooleanType@6a4f1a55
[DEBUG] 2018-02-07 20:54:26.694 [main] BasicTypeRegistry - Adding type registration java.lang.Boolean -> org.hibernate.type.BooleanType@6a4f1a55
[DEBUG] 2018-02-07 20:54:26.696 [main] BasicTypeRegistry - Adding type registration numeric_boolean -> org.hibernate.type.NumericBooleanType@7d3e8655
[DEBUG] 2018-02-07 20:54:26.697 [main] BasicTypeRegistry - Adding type registration true_false -> org.hibernate.type.TrueFalseType@46d59067
[DEBUG] 2018-02-07 20:54:26.698 [main] BasicTypeRegistry - Adding type registration yes_no -> org.hibernate.type.YesNoType@66ea810
[DEBUG] 2018-02-07 20:54:26.700 [main] BasicTypeRegistry - Adding type registration byte -> org.hibernate.type.ByteType@d2de489
[DEBUG] 2018-02-07 20:54:26.700 [main] BasicTypeRegistry - Adding type registration byte -> org.hibernate.type.ByteType@d2de489
[DEBUG] 2018-02-07 20:54:26.700 [main] BasicTypeRegistry - Adding type registration java.lang.Byte -> org.hibernate.type.ByteType@d2de489
[DEBUG] 2018-02-07 20:54:26.718 [main] BasicTypeRegistry - Adding type registration character -> org.hibernate.type.CharacterType@41330d4f
[DEBUG] 2018-02-07 20:54:26.718 [main] BasicTypeRegistry - Adding type registration char -> org.hibernate.type.CharacterType@41330d4f
[DEBUG] 2018-02-07 20:54:26.718 [main] BasicTypeRegistry - Adding type registration java.lang.Character -> org.hibernate.type.CharacterType@41330d4f
[DEBUG] 2018-02-07 20:54:26.721 [main] BasicTypeRegistry - Adding type registration short -> org.hibernate.type.ShortType@37313c65
[DEBUG] 2018-02-07 20:54:26.721 [main] BasicTypeRegistry - Adding type registration short -> org.hibernate.type.ShortType@37313c65
[DEBUG] 2018-02-07 20:54:26.721 [main] BasicTypeRegistry - Adding type registration java.lang.Short -> org.hibernate.type.ShortType@37313c65
[DEBUG] 2018-02-07 20:54:26.723 [main] BasicTypeRegistry - Adding type registration integer -> org.hibernate.type.IntegerType@7486b455
[DEBUG] 2018-02-07 20:54:26.723 [main] BasicTypeRegistry - Adding type registration int -> org.hibernate.type.IntegerType@7486b455
[DEBUG] 2018-02-07 20:54:26.723 [main] BasicTypeRegistry - Adding type registration java.lang.Integer -> org.hibernate.type.IntegerType@7486b455
[DEBUG] 2018-02-07 20:54:26.725 [main] BasicTypeRegistry - Adding type registration long -> org.hibernate.type.LongType@49c90a9c
[DEBUG] 2018-02-07 20:54:26.729 [main] BasicTypeRegistry - Adding type registration long -> org.hibernate.type.LongType@49c90a9c
[DEBUG] 2018-02-07 20:54:26.729 [main] BasicTypeRegistry - Adding type registration java.lang.Long -> org.hibernate.type.LongType@49c90a9c
[DEBUG] 2018-02-07 20:54:26.731 [main] BasicTypeRegistry - Adding type registration float -> org.hibernate.type.FloatType@3b35a229
[DEBUG] 2018-02-07 20:54:26.732 [main] BasicTypeRegistry - Adding type registration float -> org.hibernate.type.FloatType@3b35a229
[DEBUG] 2018-02-07 20:54:26.732 [main] BasicTypeRegistry - Adding type registration java.lang.Float -> org.hibernate.type.FloatType@3b35a229
[DEBUG] 2018-02-07 20:54:26.734 [main] BasicTypeRegistry - Adding type registration double -> org.hibernate.type.DoubleType@5e3f861
[DEBUG] 2018-02-07 20:54:26.734 [main] BasicTypeRegistry - Adding type registration double -> org.hibernate.type.DoubleType@5e3f861
[DEBUG] 2018-02-07 20:54:26.734 [main] BasicTypeRegistry - Adding type registration java.lang.Double -> org.hibernate.type.DoubleType@5e3f861
[DEBUG] 2018-02-07 20:54:26.737 [main] BasicTypeRegistry - Adding type registration big_decimal -> org.hibernate.type.BigDecimalType@21be3395
[DEBUG] 2018-02-07 20:54:26.738 [main] BasicTypeRegistry - Adding type registration java.math.BigDecimal -> org.hibernate.type.BigDecimalType@21be3395
[DEBUG] 2018-02-07 20:54:26.739 [main] BasicTypeRegistry - Adding type registration big_integer -> org.hibernate.type.BigIntegerType@4470fbd6
[DEBUG] 2018-02-07 20:54:26.739 [main] BasicTypeRegistry - Adding type registration java.math.BigInteger -> org.hibernate.type.BigIntegerType@4470fbd6
[DEBUG] 2018-02-07 20:54:26.741 [main] BasicTypeRegistry - Adding type registration string -> org.hibernate.type.StringType@2235eaab
[DEBUG] 2018-02-07 20:54:26.741 [main] BasicTypeRegistry - Adding type registration java.lang.String -> org.hibernate.type.StringType@2235eaab
[DEBUG] 2018-02-07 20:54:26.742 [main] BasicTypeRegistry - Adding type registration nstring -> org.hibernate.type.StringNVarcharType@20bd8be5
[DEBUG] 2018-02-07 20:54:26.743 [main] BasicTypeRegistry - Adding type registration ncharacter -> org.hibernate.type.CharacterNCharType@461ad730
[DEBUG] 2018-02-07 20:54:26.744 [main] BasicTypeRegistry - Adding type registration url -> org.hibernate.type.UrlType@3e78b6a5
[DEBUG] 2018-02-07 20:54:26.745 [main] BasicTypeRegistry - Adding type registration java.net.URL -> org.hibernate.type.UrlType@3e78b6a5
[DEBUG] 2018-02-07 20:54:26.746 [main] BasicTypeRegistry - Adding type registration Duration -> org.hibernate.type.DurationType@24105dc5
[DEBUG] 2018-02-07 20:54:26.746 [main] BasicTypeRegistry - Adding type registration java.time.Duration -> org.hibernate.type.DurationType@24105dc5
[DEBUG] 2018-02-07 20:54:26.761 [main] BasicTypeRegistry - Adding type registration Instant -> org.hibernate.type.InstantType@68878f6d
[DEBUG] 2018-02-07 20:54:26.762 [main] BasicTypeRegistry - Adding type registration java.time.Instant -> org.hibernate.type.InstantType@68878f6d
[DEBUG] 2018-02-07 20:54:26.763 [main] BasicTypeRegistry - Adding type registration LocalDateTime -> org.hibernate.type.LocalDateTimeType@7fd7a283
[DEBUG] 2018-02-07 20:54:26.763 [main] BasicTypeRegistry - Adding type registration java.time.LocalDateTime -> org.hibernate.type.LocalDateTimeType@7fd7a283
[DEBUG] 2018-02-07 20:54:26.765 [main] BasicTypeRegistry - Adding type registration LocalDate -> org.hibernate.type.LocalDateType@18317edc
[DEBUG] 2018-02-07 20:54:26.765 [main] BasicTypeRegistry - Adding type registration java.time.LocalDate -> org.hibernate.type.LocalDateType@18317edc
[DEBUG] 2018-02-07 20:54:26.766 [main] BasicTypeRegistry - Adding type registration LocalTime -> org.hibernate.type.LocalTimeType@76b07f29
[DEBUG] 2018-02-07 20:54:26.766 [main] BasicTypeRegistry - Adding type registration java.time.LocalTime -> org.hibernate.type.LocalTimeType@76b07f29
[DEBUG] 2018-02-07 20:54:26.767 [main] BasicTypeRegistry - Adding type registration OffsetDateTime -> org.hibernate.type.OffsetDateTimeType@53f3bdbd
[DEBUG] 2018-02-07 20:54:26.768 [main] BasicTypeRegistry - Adding type registration java.time.OffsetDateTime -> org.hibernate.type.OffsetDateTimeType@53f3bdbd
[DEBUG] 2018-02-07 20:54:26.770 [main] BasicTypeRegistry - Adding type registration OffsetTime -> org.hibernate.type.OffsetTimeType@4c2bb6e0
[DEBUG] 2018-02-07 20:54:26.770 [main] BasicTypeRegistry - Adding type registration java.time.OffsetTime -> org.hibernate.type.OffsetTimeType@4c2bb6e0
[DEBUG] 2018-02-07 20:54:26.774 [main] BasicTypeRegistry - Adding type registration ZonedDateTime -> org.hibernate.type.ZonedDateTimeType@3576ddc2
[DEBUG] 2018-02-07 20:54:26.774 [main] BasicTypeRegistry - Adding type registration java.time.ZonedDateTime -> org.hibernate.type.ZonedDateTimeType@3576ddc2
[DEBUG] 2018-02-07 20:54:26.776 [main] BasicTypeRegistry - Adding type registration date -> org.hibernate.type.DateType@2ca26d77
[DEBUG] 2018-02-07 20:54:26.776 [main] BasicTypeRegistry - Adding type registration java.sql.Date -> org.hibernate.type.DateType@2ca26d77
[DEBUG] 2018-02-07 20:54:26.778 [main] BasicTypeRegistry - Adding type registration time -> org.hibernate.type.TimeType@1ebea008
[DEBUG] 2018-02-07 20:54:26.778 [main] BasicTypeRegistry - Adding type registration java.sql.Time -> org.hibernate.type.TimeType@1ebea008
[DEBUG] 2018-02-07 20:54:26.783 [main] BasicTypeRegistry - Adding type registration timestamp -> org.hibernate.type.TimestampType@51bf5add
[DEBUG] 2018-02-07 20:54:26.783 [main] BasicTypeRegistry - Adding type registration java.sql.Timestamp -> org.hibernate.type.TimestampType@51bf5add
[DEBUG] 2018-02-07 20:54:26.783 [main] BasicTypeRegistry - Adding type registration java.util.Date -> org.hibernate.type.TimestampType@51bf5add
[DEBUG] 2018-02-07 20:54:26.806 [main] BasicTypeRegistry - Adding type registration dbtimestamp -> org.hibernate.type.DbTimestampType@389b0789
[DEBUG] 2018-02-07 20:54:26.810 [main] BasicTypeRegistry - Adding type registration calendar -> org.hibernate.type.CalendarType@51bd8b5c
[DEBUG] 2018-02-07 20:54:26.811 [main] BasicTypeRegistry - Adding type registration java.util.Calendar -> org.hibernate.type.CalendarType@51bd8b5c
[DEBUG] 2018-02-07 20:54:26.811 [main] BasicTypeRegistry - Adding type registration java.util.GregorianCalendar -> org.hibernate.type.CalendarType@51bd8b5c
[DEBUG] 2018-02-07 20:54:26.812 [main] BasicTypeRegistry - Adding type registration calendar_date -> org.hibernate.type.CalendarDateType@2462cb01
[DEBUG] 2018-02-07 20:54:26.813 [main] BasicTypeRegistry - Adding type registration locale -> org.hibernate.type.LocaleType@1e13529a
[DEBUG] 2018-02-07 20:54:26.813 [main] BasicTypeRegistry - Adding type registration java.util.Locale -> org.hibernate.type.LocaleType@1e13529a
[DEBUG] 2018-02-07 20:54:26.815 [main] BasicTypeRegistry - Adding type registration currency -> org.hibernate.type.CurrencyType@3cfdd820
[DEBUG] 2018-02-07 20:54:26.815 [main] BasicTypeRegistry - Adding type registration java.util.Currency -> org.hibernate.type.CurrencyType@3cfdd820
[DEBUG] 2018-02-07 20:54:26.820 [main] BasicTypeRegistry - Adding type registration timezone -> org.hibernate.type.TimeZoneType@dc9876b
[DEBUG] 2018-02-07 20:54:26.822 [main] BasicTypeRegistry - Adding type registration java.util.TimeZone -> org.hibernate.type.TimeZoneType@dc9876b
[DEBUG] 2018-02-07 20:54:26.827 [main] BasicTypeRegistry - Adding type registration class -> org.hibernate.type.ClassType@57a3e26a
[DEBUG] 2018-02-07 20:54:26.827 [main] BasicTypeRegistry - Adding type registration java.lang.Class -> org.hibernate.type.ClassType@57a3e26a
[DEBUG] 2018-02-07 20:54:26.829 [main] BasicTypeRegistry - Adding type registration uuid-binary -> org.hibernate.type.UUIDBinaryType@102cec62
[DEBUG] 2018-02-07 20:54:26.829 [main] BasicTypeRegistry - Adding type registration java.util.UUID -> org.hibernate.type.UUIDBinaryType@102cec62
[DEBUG] 2018-02-07 20:54:26.830 [main] BasicTypeRegistry - Adding type registration uuid-char -> org.hibernate.type.UUIDCharType@34b9f960
[DEBUG] 2018-02-07 20:54:26.831 [main] BasicTypeRegistry - Adding type registration binary -> org.hibernate.type.BinaryType@791d1f8b
[DEBUG] 2018-02-07 20:54:26.831 [main] BasicTypeRegistry - Adding type registration byte[] -> org.hibernate.type.BinaryType@791d1f8b
[DEBUG] 2018-02-07 20:54:26.831 [main] BasicTypeRegistry - Adding type registration [B -> org.hibernate.type.BinaryType@791d1f8b
[DEBUG] 2018-02-07 20:54:26.832 [main] BasicTypeRegistry - Adding type registration wrapper-binary -> org.hibernate.type.WrapperBinaryType@93081b6
[DEBUG] 2018-02-07 20:54:26.832 [main] BasicTypeRegistry - Adding type registration Byte[] -> org.hibernate.type.WrapperBinaryType@93081b6
[DEBUG] 2018-02-07 20:54:26.832 [main] BasicTypeRegistry - Adding type registration [Ljava.lang.Byte; -> org.hibernate.type.WrapperBinaryType@93081b6
[DEBUG] 2018-02-07 20:54:26.833 [main] BasicTypeRegistry - Adding type registration row_version -> org.hibernate.type.RowVersionType@16c069df
[DEBUG] 2018-02-07 20:54:26.834 [main] BasicTypeRegistry - Adding type registration image -> org.hibernate.type.ImageType@7c3fdb62
[DEBUG] 2018-02-07 20:54:26.835 [main] BasicTypeRegistry - Adding type registration characters -> org.hibernate.type.CharArrayType@2663e964
[DEBUG] 2018-02-07 20:54:26.835 [main] BasicTypeRegistry - Adding type registration char[] -> org.hibernate.type.CharArrayType@2663e964
[DEBUG] 2018-02-07 20:54:26.835 [main] BasicTypeRegistry - Adding type registration [C -> org.hibernate.type.CharArrayType@2663e964
[DEBUG] 2018-02-07 20:54:26.836 [main] BasicTypeRegistry - Adding type registration wrapper-characters -> org.hibernate.type.CharacterArrayType@39b43d60
[DEBUG] 2018-02-07 20:54:26.836 [main] BasicTypeRegistry - Adding type registration [Ljava.lang.Character; -> org.hibernate.type.CharacterArrayType@39b43d60
[DEBUG] 2018-02-07 20:54:26.836 [main] BasicTypeRegistry - Adding type registration Character[] -> org.hibernate.type.CharacterArrayType@39b43d60
[DEBUG] 2018-02-07 20:54:26.837 [main] BasicTypeRegistry - Adding type registration text -> org.hibernate.type.TextType@5e21e98f
[DEBUG] 2018-02-07 20:54:26.837 [main] BasicTypeRegistry - Adding type registration ntext -> org.hibernate.type.NTextType@3fce8fd9
[DEBUG] 2018-02-07 20:54:26.841 [main] BasicTypeRegistry - Adding type registration blob -> org.hibernate.type.BlobType@3224a577
[DEBUG] 2018-02-07 20:54:26.841 [main] BasicTypeRegistry - Adding type registration java.sql.Blob -> org.hibernate.type.BlobType@3224a577
[DEBUG] 2018-02-07 20:54:26.841 [main] BasicTypeRegistry - Adding type registration materialized_blob -> org.hibernate.type.MaterializedBlobType@3e44f2a5
[DEBUG] 2018-02-07 20:54:26.844 [main] BasicTypeRegistry - Adding type registration clob -> org.hibernate.type.ClobType@4bd31064
[DEBUG] 2018-02-07 20:54:26.845 [main] BasicTypeRegistry - Adding type registration java.sql.Clob -> org.hibernate.type.ClobType@4bd31064
[DEBUG] 2018-02-07 20:54:26.891 [main] BasicTypeRegistry - Adding type registration nclob -> org.hibernate.type.NClobType@266374ef
[DEBUG] 2018-02-07 20:54:26.892 [main] BasicTypeRegistry - Adding type registration java.sql.NClob -> org.hibernate.type.NClobType@266374ef
[DEBUG] 2018-02-07 20:54:26.892 [main] BasicTypeRegistry - Adding type registration materialized_clob -> org.hibernate.type.MaterializedClobType@37fb0bed
[DEBUG] 2018-02-07 20:54:26.892 [main] BasicTypeRegistry - Adding type registration materialized_nclob -> org.hibernate.type.MaterializedNClobType@51c693d
[DEBUG] 2018-02-07 20:54:26.894 [main] BasicTypeRegistry - Adding type registration serializable -> org.hibernate.type.SerializableType@48c76607
[DEBUG] 2018-02-07 20:54:26.896 [main] BasicTypeRegistry - Adding type registration object -> org.hibernate.type.ObjectType@52e7a6b2
[DEBUG] 2018-02-07 20:54:26.896 [main] BasicTypeRegistry - Adding type registration java.lang.Object -> org.hibernate.type.ObjectType@52e7a6b2
[DEBUG] 2018-02-07 20:54:26.897 [main] BasicTypeRegistry - Adding type registration imm_date -> org.hibernate.type.AdaptedImmutableType@2d9caaeb
[DEBUG] 2018-02-07 20:54:26.897 [main] BasicTypeRegistry - Adding type registration imm_time -> org.hibernate.type.AdaptedImmutableType@42a15bdc
[DEBUG] 2018-02-07 20:54:26.897 [main] BasicTypeRegistry - Adding type registration imm_timestamp -> org.hibernate.type.AdaptedImmutableType@44a59da3
[DEBUG] 2018-02-07 20:54:26.897 [main] BasicTypeRegistry - Adding type registration imm_dbtimestamp -> org.hibernate.type.AdaptedImmutableType@27e47833
[DEBUG] 2018-02-07 20:54:26.897 [main] BasicTypeRegistry - Adding type registration imm_calendar -> org.hibernate.type.AdaptedImmutableType@6f6745d6
[DEBUG] 2018-02-07 20:54:26.897 [main] BasicTypeRegistry - Adding type registration imm_calendar_date -> org.hibernate.type.AdaptedImmutableType@27508c5d
[DEBUG] 2018-02-07 20:54:26.897 [main] BasicTypeRegistry - Adding type registration imm_binary -> org.hibernate.type.AdaptedImmutableType@4f704591
[DEBUG] 2018-02-07 20:54:26.897 [main] BasicTypeRegistry - Adding type registration imm_serializable -> org.hibernate.type.AdaptedImmutableType@4b5189ac
[INFO ] 2018-02-07 20:54:26.910 [main] C3P0ConnectionProvider - HHH010002: C3P0 using driver: com.mysql.jdbc.Driver at URL: jdbc:mysql://localhost:3306/test_sample
[INFO ] 2018-02-07 20:54:26.910 [main] C3P0ConnectionProvider - HHH10001001: Connection properties: {user=root, password=****}
[INFO ] 2018-02-07 20:54:26.910 [main] C3P0ConnectionProvider - HHH10001003: Autocommit mode: false
[INFO ] 2018-02-07 20:54:27.060 [main] C3P0ConnectionProvider - HHH10001007: JDBC isolation level: <unknown>
[DEBUG] 2018-02-07 20:54:27.524 [main] JdbcEnvironmentInitiator - Database ->
       name : MySQL
    version : 5.7.21
      major : 5
      minor : 7
[DEBUG] 2018-02-07 20:54:27.525 [main] JdbcEnvironmentInitiator - Driver ->
       name : MySQL Connector Java
    version : mysql-connector-java-5.1.39 ( Revision: 3289a357af6d09ecc1a10fd3c26e95183e5790ad )
      major : 5
      minor : 1
[DEBUG] 2018-02-07 20:54:27.525 [main] JdbcEnvironmentInitiator - JDBC version : 4.0
[INFO ] 2018-02-07 20:54:27.537 [main] Dialect - HHH000400: Using dialect: org.hibernate.dialect.MySQL5Dialect
[DEBUG] 2018-02-07 20:54:27.573 [main] IdentifierHelperBuilder - JDBC driver metadata reported database stores quoted identifiers in more than one case
[DEBUG] 2018-02-07 20:54:27.576 [main] IdentifierHelperBuilder - IdentifierCaseStrategy for both quoted and unquoted identifiers was set to the same strategy [MIXED]; that will likely lead to problems in schema update and validation if using quoted identifiers
[DEBUG] 2018-02-07 20:54:27.630 [main] DefaultIdentifierGeneratorFactory - Registering IdentifierGenerator strategy [uuid2] -> [org.hibernate.id.UUIDGenerator]
[DEBUG] 2018-02-07 20:54:27.630 [main] DefaultIdentifierGeneratorFactory - Registering IdentifierGenerator strategy [guid] -> [org.hibernate.id.GUIDGenerator]
[DEBUG] 2018-02-07 20:54:27.631 [main] DefaultIdentifierGeneratorFactory - Registering IdentifierGenerator strategy [uuid] -> [org.hibernate.id.UUIDHexGenerator]
[DEBUG] 2018-02-07 20:54:27.631 [main] DefaultIdentifierGeneratorFactory - Registering IdentifierGenerator strategy [uuid.hex] -> [org.hibernate.id.UUIDHexGenerator]
[DEBUG] 2018-02-07 20:54:27.631 [main] DefaultIdentifierGeneratorFactory - Registering IdentifierGenerator strategy [assigned] -> [org.hibernate.id.Assigned]
[DEBUG] 2018-02-07 20:54:27.632 [main] DefaultIdentifierGeneratorFactory - Registering IdentifierGenerator strategy [identity] -> [org.hibernate.id.IdentityGenerator]
[DEBUG] 2018-02-07 20:54:27.633 [main] DefaultIdentifierGeneratorFactory - Registering IdentifierGenerator strategy [select] -> [org.hibernate.id.SelectGenerator]
[DEBUG] 2018-02-07 20:54:27.634 [main] DefaultIdentifierGeneratorFactory - Registering IdentifierGenerator strategy [sequence] -> [org.hibernate.id.enhanced.SequenceStyleGenerator]
[DEBUG] 2018-02-07 20:54:27.635 [main] DefaultIdentifierGeneratorFactory - Registering IdentifierGenerator strategy [seqhilo] -> [org.hibernate.id.SequenceHiLoGenerator]
[DEBUG] 2018-02-07 20:54:27.635 [main] DefaultIdentifierGeneratorFactory - Registering IdentifierGenerator strategy [increment] -> [org.hibernate.id.IncrementGenerator]
[DEBUG] 2018-02-07 20:54:27.636 [main] DefaultIdentifierGeneratorFactory - Registering IdentifierGenerator strategy [foreign] -> [org.hibernate.id.ForeignGenerator]
[DEBUG] 2018-02-07 20:54:27.636 [main] DefaultIdentifierGeneratorFactory - Registering IdentifierGenerator strategy [sequence-identity] -> [org.hibernate.id.SequenceIdentityGenerator]
[DEBUG] 2018-02-07 20:54:27.636 [main] DefaultIdentifierGeneratorFactory - Registering IdentifierGenerator strategy [enhanced-sequence] -> [org.hibernate.id.enhanced.SequenceStyleGenerator]
[DEBUG] 2018-02-07 20:54:27.638 [main] DefaultIdentifierGeneratorFactory - Registering IdentifierGenerator strategy [enhanced-table] -> [org.hibernate.id.enhanced.TableGenerator]
[DEBUG] 2018-02-07 20:54:27.684 [main] Namespace - Created database namespace [logicalName=Name{catalog=null, schema=null}, physicalName=Name{catalog=null, schema=null}]
[DEBUG] 2018-02-07 20:54:27.722 [main] AnnotationBinder - Binding entity from annotated class: edu.matc.entity.User
[DEBUG] 2018-02-07 20:54:27.754 [main] Ejb3Column - Binding column: Ejb3DiscriminatorColumn{logicalColumnName'DTYPE', discriminatorTypeName='string'}
[DEBUG] 2018-02-07 20:54:27.759 [main] EntityBinder - Import with entity name User
[DEBUG] 2018-02-07 20:54:27.762 [main] EntityBinder - Bind entity edu.matc.entity.User on table users
[DEBUG] 2018-02-07 20:54:27.790 [main] Ejb3Column - Binding column: Ejb3Column{table=org.hibernate.mapping.Table(users), mappingColumn=id, insertable=true, updatable=true, unique=false}
[DEBUG] 2018-02-07 20:54:27.794 [main] PropertyBinder - MetadataSourceProcessor property id with lazy=false
[DEBUG] 2018-02-07 20:54:27.805 [main] AbstractPropertyHolder - Attempting to locate auto-apply AttributeConverter for property [edu.matc.entity.User:id]
[DEBUG] 2018-02-07 20:54:27.809 [main] SimpleValueBinder - building SimpleValue for id
[DEBUG] 2018-02-07 20:54:27.813 [main] PropertyBinder - Building property id
[DEBUG] 2018-02-07 20:54:27.825 [main] Ejb3Column - Binding column: Ejb3Column{table=org.hibernate.mapping.Table(users), mappingColumn=first_name, insertable=true, updatable=true, unique=false}
[DEBUG] 2018-02-07 20:54:27.825 [main] PropertyBinder - MetadataSourceProcessor property firstName with lazy=false
[DEBUG] 2018-02-07 20:54:27.825 [main] AbstractPropertyHolder - Attempting to locate auto-apply AttributeConverter for property [edu.matc.entity.User:firstName]
[DEBUG] 2018-02-07 20:54:27.825 [main] SimpleValueBinder - building SimpleValue for firstName
[DEBUG] 2018-02-07 20:54:27.825 [main] PropertyBinder - Building property firstName
[DEBUG] 2018-02-07 20:54:27.826 [main] Ejb3Column - Binding column: Ejb3Column{table=org.hibernate.mapping.Table(users), mappingColumn=last_name, insertable=true, updatable=true, unique=false}
[DEBUG] 2018-02-07 20:54:27.826 [main] PropertyBinder - MetadataSourceProcessor property lastName with lazy=false
[DEBUG] 2018-02-07 20:54:27.826 [main] AbstractPropertyHolder - Attempting to locate auto-apply AttributeConverter for property [edu.matc.entity.User:lastName]
[DEBUG] 2018-02-07 20:54:27.826 [main] SimpleValueBinder - building SimpleValue for lastName
[DEBUG] 2018-02-07 20:54:27.826 [main] PropertyBinder - Building property lastName
[DEBUG] 2018-02-07 20:54:27.827 [main] SimpleValueBinder - Starting fillSimpleValue for id
[DEBUG] 2018-02-07 20:54:27.828 [main] SimpleValueBinder - Starting fillSimpleValue for firstName
[DEBUG] 2018-02-07 20:54:27.828 [main] SimpleValueBinder - Starting fillSimpleValue for lastName
[DEBUG] 2018-02-07 20:54:27.829 [main] PrimaryKey - Forcing column [id] to be non-null as it is part of the primary key for table [users]
[DEBUG] 2018-02-07 20:54:27.866 [main] SessionFactoryImpl - Building session factory
[DEBUG] 2018-02-07 20:54:27.867 [main] Settings - SessionFactory name : null
[DEBUG] 2018-02-07 20:54:27.867 [main] Settings - Automatic flush during beforeCompletion(): enabled
[DEBUG] 2018-02-07 20:54:27.867 [main] Settings - Automatic session close at end of transaction: disabled
[DEBUG] 2018-02-07 20:54:27.867 [main] Settings - Statistics: disabled
[DEBUG] 2018-02-07 20:54:27.868 [main] Settings - Deleted entity synthetic identifier rollback: disabled
[DEBUG] 2018-02-07 20:54:27.868 [main] Settings - Default entity-mode: pojo
[DEBUG] 2018-02-07 20:54:27.868 [main] Settings - Check Nullability in Core (should be disabled when Bean Validation is on): enabled
[DEBUG] 2018-02-07 20:54:27.868 [main] Settings - Allow initialization of lazy state outside session : disabled
[DEBUG] 2018-02-07 20:54:27.868 [main] Settings - Using BatchFetchStyle : LEGACY
[DEBUG] 2018-02-07 20:54:27.868 [main] Settings - Default batch fetch size: -1
[DEBUG] 2018-02-07 20:54:27.868 [main] Settings - Maximum outer join fetch depth: 2
[DEBUG] 2018-02-07 20:54:27.868 [main] Settings - Default null ordering: NONE
[DEBUG] 2018-02-07 20:54:27.868 [main] Settings - Order SQL updates by primary key: disabled
[DEBUG] 2018-02-07 20:54:27.868 [main] Settings - Order SQL inserts for batching: disabled
[DEBUG] 2018-02-07 20:54:27.868 [main] Settings - multi-tenancy strategy : NONE
[DEBUG] 2018-02-07 20:54:27.868 [main] Settings - JTA Track by Thread: enabled
[DEBUG] 2018-02-07 20:54:27.868 [main] Settings - Query language substitutions: {}
[DEBUG] 2018-02-07 20:54:27.868 [main] Settings - JPA query language strict compliance: disabled
[DEBUG] 2018-02-07 20:54:27.868 [main] Settings - Named query checking : enabled
[DEBUG] 2018-02-07 20:54:27.869 [main] Settings - Second-level cache: enabled
[DEBUG] 2018-02-07 20:54:27.869 [main] Settings - Second-level query cache: disabled
[DEBUG] 2018-02-07 20:54:27.869 [main] Settings - Second-level query cache factory: org.hibernate.cache.internal.StandardQueryCacheFactory@34a75079
[DEBUG] 2018-02-07 20:54:27.869 [main] Settings - Second-level cache region prefix: null
[DEBUG] 2018-02-07 20:54:27.869 [main] Settings - Optimize second-level cache for minimal puts: disabled
[DEBUG] 2018-02-07 20:54:27.869 [main] Settings - Structured second-level cache entries: disabled
[DEBUG] 2018-02-07 20:54:27.869 [main] Settings - Second-level cache direct-reference entries: disabled
[DEBUG] 2018-02-07 20:54:27.869 [main] Settings - Automatic eviction of collection cache: disabled
[DEBUG] 2018-02-07 20:54:27.869 [main] Settings - JDBC batch size: 15
[DEBUG] 2018-02-07 20:54:27.869 [main] Settings - JDBC batch updates for versioned data: enabled
[DEBUG] 2018-02-07 20:54:27.869 [main] Settings - Scrollable result sets: enabled
[DEBUG] 2018-02-07 20:54:27.869 [main] Settings - Wrap result sets: disabled
[DEBUG] 2018-02-07 20:54:27.869 [main] Settings - JDBC3 getGeneratedKeys(): enabled
[DEBUG] 2018-02-07 20:54:27.869 [main] Settings - JDBC result set fetch size: null
[DEBUG] 2018-02-07 20:54:27.869 [main] Settings - Connection release mode: AFTER_TRANSACTION
[DEBUG] 2018-02-07 20:54:27.869 [main] Settings - Generate SQL with comments: disabled
[DEBUG] 2018-02-07 20:54:27.944 [main] SessionFactoryImpl - Session factory constructed with filter configurations : {}
[DEBUG] 2018-02-07 20:54:27.944 [main] SessionFactoryImpl - Instantiating session factory with properties: {gopherProxySet=false, awt.toolkit=sun.lwawt.macosx.LWCToolkit, file.encoding.pkg=sun.io, java.specification.version=1.8, hibernate.c3p0.idle_test_period=3000, sun.cpu.isalist=, sun.jnu.encoding=UTF-8, hibernate.c3p0.min_size=5, java.class.path=/Applications/IntelliJ IDEA.app/Contents/lib/idea_rt.jar:/Applications/IntelliJ IDEA.app/Contents/plugins/junit/lib/junit-rt.jar:/Applications/IntelliJ IDEA.app/Contents/plugins/junit/lib/junit5-rt.jar:/Library/Java/JavaVirtualMachines/jdk1.8.0_162.jdk/Contents/Home/jre/lib/charsets.jar:/Library/Java/JavaVirtualMachines/jdk1.8.0_162.jdk/Contents/Home/jre/lib/deploy.jar:/Library/Java/JavaVirtualMachines/jdk1.8.0_162.jdk/Contents/Home/jre/lib/ext/cldrdata.jar:/Library/Java/JavaVirtualMachines/jdk1.8.0_162.jdk/Contents/Home/jre/lib/ext/dnsns.jar:/Library/Java/JavaVirtualMachines/jdk1.8.0_162.jdk/Contents/Home/jre/lib/ext/jaccess.jar:/Library/Java/JavaVirtualMachines/jdk1.8.0_162.jdk/Contents/Home/jre/lib/ext/jfxrt.jar:/Library/Java/JavaVirtualMachines/jdk1.8.0_162.jdk/Contents/Home/jre/lib/ext/localedata.jar:/Library/Java/JavaVirtualMachines/jdk1.8.0_162.jdk/Contents/Home/jre/lib/ext/nashorn.jar:/Library/Java/JavaVirtualMachines/jdk1.8.0_162.jdk/Contents/Home/jre/lib/ext/sunec.jar:/Library/Java/JavaVirtualMachines/jdk1.8.0_162.jdk/Contents/Home/jre/lib/ext/sunjce_provider.jar:/Library/Java/JavaVirtualMachines/jdk1.8.0_162.jdk/Contents/Home/jre/lib/ext/sunpkcs11.jar:/Library/Java/JavaVirtualMachines/jdk1.8.0_162.jdk/Contents/Home/jre/lib/ext/zipfs.jar:/Library/Java/JavaVirtualMachines/jdk1.8.0_162.jdk/Contents/Home/jre/lib/javaws.jar:/Library/Java/JavaVirtualMachines/jdk1.8.0_162.jdk/Contents/Home/jre/lib/jce.jar:/Library/Java/JavaVirtualMachines/jdk1.8.0_162.jdk/Contents/Home/jre/lib/jfr.jar:/Library/Java/JavaVirtualMachines/jdk1.8.0_162.jdk/Contents/Home/jre/lib/jfxswt.jar:/Library/Java/JavaVirtualMachines/jdk1.8.0_162.jdk/Contents/Home/jre/lib/jsse.jar:/Library/Java/JavaVirtualMachines/jdk1.8.0_162.jdk/Contents/Home/jre/lib/management-agent.jar:/Library/Java/JavaVirtualMachines/jdk1.8.0_162.jdk/Contents/Home/jre/lib/plugin.jar:/Library/Java/JavaVirtualMachines/jdk1.8.0_162.jdk/Contents/Home/jre/lib/resources.jar:/Library/Java/JavaVirtualMachines/jdk1.8.0_162.jdk/Contents/Home/jre/lib/rt.jar:/Library/Java/JavaVirtualMachines/jdk1.8.0_162.jdk/Contents/Home/lib/ant-javafx.jar:/Library/Java/JavaVirtualMachines/jdk1.8.0_162.jdk/Contents/Home/lib/dt.jar:/Library/Java/JavaVirtualMachines/jdk1.8.0_162.jdk/Contents/Home/lib/javafx-mx.jar:/Library/Java/JavaVirtualMachines/jdk1.8.0_162.jdk/Contents/Home/lib/jconsole.jar:/Library/Java/JavaVirtualMachines/jdk1.8.0_162.jdk/Contents/Home/lib/packager.jar:/Library/Java/JavaVirtualMachines/jdk1.8.0_162.jdk/Contents/Home/lib/sa-jdi.jar:/Library/Java/JavaVirtualMachines/jdk1.8.0_162.jdk/Contents/Home/lib/tools.jar:/Users/nicolesteck/IdeaProjects/IndividualProject/target/test-classes:/Users/nicolesteck/IdeaProjects/IndividualProject/target/classes:/Users/nicolesteck/.m2/repository/org/junit/jupiter/junit-jupiter-engine/5.0.0/junit-jupiter-engine-5.0.0.jar:/Users/nicolesteck/.m2/repository/org/apiguardian/apiguardian-api/1.0.0/apiguardian-api-1.0.0.jar:/Users/nicolesteck/.m2/repository/org/junit/platform/junit-platform-engine/1.0.0/junit-platform-engine-1.0.0.jar:/Users/nicolesteck/.m2/repository/org/junit/platform/junit-platform-commons/1.0.0/junit-platform-commons-1.0.0.jar:/Users/nicolesteck/.m2/repository/org/opentest4j/opentest4j/1.0.0/opentest4j-1.0.0.jar:/Users/nicolesteck/.m2/repository/org/junit/jupiter/junit-jupiter-api/5.0.0/junit-jupiter-api-5.0.0.jar:/Users/nicolesteck/.m2/repository/junit/junit/4.12/junit-4.12.jar:/Users/nicolesteck/.m2/repository/org/hamcrest/hamcrest-core/1.3/hamcrest-core-1.3.jar:/Users/nicolesteck/.m2/repository/org/junit/platform/junit-platform-runner/1.0.0/junit-platform-runner-1.0.0.jar:/Users/nicolesteck/.m2/repository/org/junit/platform/junit-platform-launcher/1.0.0/junit-platform-launcher-1.0.0.jar:/Users/nicolesteck/.m2/repository/org/junit/platform/junit-platform-suite-api/1.0.0/junit-platform-suite-api-1.0.0.jar:/Users/nicolesteck/.m2/repository/org/junit/vintage/junit-vintage-engine/4.12.0/junit-vintage-engine-4.12.0.jar:/Users/nicolesteck/.m2/repository/javax/javaee-web-api/7.0/javaee-web-api-7.0.jar:/Users/nicolesteck/.m2/repository/org/apache/logging/log4j/log4j-api/2.10.0/log4j-api-2.10.0.jar:/Users/nicolesteck/.m2/repository/org/apache/logging/log4j/log4j-core/2.10.0/log4j-core-2.10.0.jar:/Users/nicolesteck/.m2/repository/org/hibernate/hibernate-core/5.2.12.Final/hibernate-core-5.2.12.Final.jar:/Users/nicolesteck/.m2/repository/org/jboss/logging/jboss-logging/3.3.0.Final/jboss-logging-3.3.0.Final.jar:/Users/nicolesteck/.m2/repository/org/hibernate/javax/persistence/hibernate-jpa-2.1-api/1.0.0.Final/hibernate-jpa-2.1-api-1.0.0.Final.jar:/Users/nicolesteck/.m2/repository/org/javassist/javassist/3.20.0-GA/javassist-3.20.0-GA.jar:/Users/nicolesteck/.m2/repository/antlr/antlr/2.7.7/antlr-2.7.7.jar:/Users/nicolesteck/.m2/repository/org/jboss/spec/javax/transaction/jboss-transaction-api_1.2_spec/1.0.1.Final/jboss-transaction-api_1.2_spec-1.0.1.Final.jar:/Users/nicolesteck/.m2/repository/org/jboss/jandex/2.0.3.Final/jandex-2.0.3.Final.jar:/Users/nicolesteck/.m2/repository/com/fasterxml/classmate/1.3.0/classmate-1.3.0.jar:/Users/nicolesteck/.m2/repository/dom4j/dom4j/1.6.1/dom4j-1.6.1.jar:/Users/nicolesteck/.m2/repository/org/hibernate/common/hibernate-commons-annotations/5.0.1.Final/hibernate-commons-annotations-5.0.1.Final.jar:/Users/nicolesteck/.m2/repository/org/hibernate/hibernate-c3p0/5.2.12.Final/hibernate-c3p0-5.2.12.Final.jar:/Users/nicolesteck/.m2/repository/com/mchange/c3p0/0.9.5.2/c3p0-0.9.5.2.jar:/Users/nicolesteck/.m2/repository/com/mchange/mchange-commons-java/0.2.11/mchange-commons-java-0.2.11.jar:/Users/nicolesteck/.m2/repository/mysql/mysql-connector-java/5.1.39/mysql-connector-java-5.1.39.jar:/Users/nicolesteck/.m2/repository/jstl/jstl/1.2/jstl-1.2.jar:/Users/nicolesteck/.m2/repository/javax/servlet/jstl/1.2/jstl-1.2.jar:/Applications/IntelliJ IDEA.app/Contents/lib/idea_rt.jar, java.vm.vendor=Oracle Corporation, sun.arch.data.model=64, idea.test.cyclic.buffer.size=1048576, java.vendor.url=http://java.oracle.com/, user.timezone=America/Chicago, os.name=Mac OS X, java.vm.specification.version=1.8, user.country=US, sun.java.launcher=SUN_STANDARD, sun.boot.library.path=/Library/Java/JavaVirtualMachines/jdk1.8.0_162.jdk/Contents/Home/jre/lib, sun.java.command=com.intellij.rt.execution.junit.JUnitStarter -ideVersion5 -junit5 edu.matc.persistence.UserDaoTest, http.nonProxyHosts=local|*.local|169.254/16|*.169.254/16, sun.cpu.endian=little, hibernate.c3p0.max_statements=50, user.home=/Users/nicolesteck, user.language=en, java.specification.vendor=Oracle Corporation, java.home=/Library/Java/JavaVirtualMachines/jdk1.8.0_162.jdk/Contents/Home/jre, file.separator=/, line.separator=
, hibernate.c3p0.timeout=300, java.vm.specification.vendor=Oracle Corporation, java.specification.name=Java Platform API Specification, java.awt.graphicsenv=sun.awt.CGraphicsEnvironment, sun.boot.class.path=/Library/Java/JavaVirtualMachines/jdk1.8.0_162.jdk/Contents/Home/jre/lib/resources.jar:/Library/Java/JavaVirtualMachines/jdk1.8.0_162.jdk/Contents/Home/jre/lib/rt.jar:/Library/Java/JavaVirtualMachines/jdk1.8.0_162.jdk/Contents/Home/jre/lib/sunrsasign.jar:/Library/Java/JavaVirtualMachines/jdk1.8.0_162.jdk/Contents/Home/jre/lib/jsse.jar:/Library/Java/JavaVirtualMachines/jdk1.8.0_162.jdk/Contents/Home/jre/lib/jce.jar:/Library/Java/JavaVirtualMachines/jdk1.8.0_162.jdk/Contents/Home/jre/lib/charsets.jar:/Library/Java/JavaVirtualMachines/jdk1.8.0_162.jdk/Contents/Home/jre/lib/jfr.jar:/Library/Java/JavaVirtualMachines/jdk1.8.0_162.jdk/Contents/Home/jre/classes, connection.password=password, sun.management.compiler=HotSpot 64-Bit Tiered Compilers, hibernate.c3p0.max_size=20, ftp.nonProxyHosts=local|*.local|169.254/16|*.169.254/16, java.runtime.version=1.8.0_162-b12, user.name=nicolesteck, path.separator=:, hibernate.connection.username=root, os.version=10.13.2, java.endorsed.dirs=/Library/Java/JavaVirtualMachines/jdk1.8.0_162.jdk/Contents/Home/jre/lib/endorsed, java.runtime.name=Java(TM) SE Runtime Environment, hibernate.connection.url=jdbc:mysql://localhost:3306/test_sample, file.encoding=UTF-8, java.vm.name=Java HotSpot(TM) 64-Bit Server VM, hibernate.connection.driver_class=com.mysql.jdbc.Driver, java.vendor.url.bug=http://bugreport.sun.com/bugreport/, java.io.tmpdir=/var/folders/cm/7hr4w3956s376pt6xd4jsb3m0000gn/T/, java.version=1.8.0_162, user.dir=/Users/nicolesteck/IdeaProjects/IndividualProject, os.arch=x86_64, connection.username=root, java.vm.specification.name=Java Virtual Machine Specification, hibernate.connection.password=****, java.awt.printerjob=sun.lwawt.macosx.CPrinterJob, sun.os.patch.level=unknown, connection.driver_class=com.mysql.jdbc.Driver, hibernate.boot.CfgXmlAccessService.key=org.hibernate.boot.cfgxml.spi.LoadedConfig@76a82f33, java.library.path=/Users/nicolesteck/Library/Java/Extensions:/Library/Java/Extensions:/Network/Library/Java/Extensions:/System/Library/Java/Extensions:/usr/lib/java:., java.vm.info=mixed mode, java.vendor=Oracle Corporation, java.vm.version=25.162-b12, hibernate.bytecode.use_reflection_optimizer=false, java.ext.dirs=/Users/nicolesteck/Library/Java/Extensions:/Library/Java/JavaVirtualMachines/jdk1.8.0_162.jdk/Contents/Home/jre/lib/ext:/Library/Java/Extensions:/Network/Library/Java/Extensions:/System/Library/Java/Extensions:/usr/lib/java, sun.io.unicode.encoding=UnicodeBig, connection.url=jdbc:mysql://localhost:3306/test_sample, java.class.version=52.0, socksNonProxyHosts=local|*.local|169.254/16|*.169.254/16}
[DEBUG] 2018-02-07 20:54:27.968 [main] TypeSafeActivator - Unable to acquire Bean Validation ValidatorFactory, skipping activation
[DEBUG] 2018-02-07 20:54:27.968 [main] JaccIntegrator - Skipping JACC integration as it was not enabled
[DEBUG] 2018-02-07 20:54:27.970 [main] SessionFactoryImpl - Instantiated session factory
[DEBUG] 2018-02-07 20:54:28.031 [main] ClassLoaderAccessImpl - Not known whether passed class name [edu.matc.entity.User] is safe
[DEBUG] 2018-02-07 20:54:28.031 [main] ClassLoaderAccessImpl - No temp ClassLoader provided; using live ClassLoader for loading potentially unsafe class : edu.matc.entity.User
[DEBUG] 2018-02-07 20:54:28.051 [main] ClassLoaderAccessImpl - Not known whether passed class name [edu.matc.entity.User] is safe
[DEBUG] 2018-02-07 20:54:28.052 [main] ClassLoaderAccessImpl - No temp ClassLoader provided; using live ClassLoader for loading potentially unsafe class : edu.matc.entity.User
[DEBUG] 2018-02-07 20:54:28.127 [main] AbstractEntityPersister - Static SQL for entity: edu.matc.entity.User
[DEBUG] 2018-02-07 20:54:28.127 [main] AbstractEntityPersister -  Version select: select id from users where id =?
[DEBUG] 2018-02-07 20:54:28.127 [main] AbstractEntityPersister -  Snapshot select: select user_.id, user_.first_name as first_na2_0_, user_.last_name as last_nam3_0_ from users user_ where user_.id=?
[DEBUG] 2018-02-07 20:54:28.128 [main] AbstractEntityPersister -  Insert 0: insert into users (first_name, last_name, id) values (?, ?, ?)
[DEBUG] 2018-02-07 20:54:28.128 [main] AbstractEntityPersister -  Update 0: update users set first_name=?, last_name=? where id=?
[DEBUG] 2018-02-07 20:54:28.128 [main] AbstractEntityPersister -  Delete 0: delete from users where id=?
[DEBUG] 2018-02-07 20:54:28.128 [main] AbstractEntityPersister -  Identity insert: insert into users (first_name, last_name) values (?, ?)
[DEBUG] 2018-02-07 20:54:28.152 [main] QuerySpacesImpl - Adding QuerySpace : uid = <gen:0> -> org.hibernate.loader.plan.build.internal.spaces.EntityQuerySpaceImpl@1556f2dd]
[DEBUG] 2018-02-07 20:54:28.154 [main] MetamodelGraphWalker - Visiting attribute path : firstName
[DEBUG] 2018-02-07 20:54:28.154 [main] MetamodelGraphWalker - Visiting attribute path : lastName
[DEBUG] 2018-02-07 20:54:28.155 [main] FetchStyleLoadPlanBuildingAssociationVisitationStrategy - Building LoadPlan...
[DEBUG] 2018-02-07 20:54:28.171 [main] LoadQueryJoinAndFetchProcessor - processing queryspace <gen:0>
[DEBUG] 2018-02-07 20:54:28.176 [main] LoadPlanTreePrinter - LoadPlan(entity=edu.matc.entity.User)
    - Returns
       - EntityReturnImpl(entity=edu.matc.entity.User, querySpaceUid=<gen:0>, path=edu.matc.entity.User)
    - QuerySpaces
       - EntityQuerySpaceImpl(uid=<gen:0>, entity=edu.matc.entity.User)
          - SQL table alias mapping - user0_
          - alias suffix - 0_
          - suffixed key columns - {id1_0_0_}

[DEBUG] 2018-02-07 20:54:28.179 [main] EntityLoader - Static select for entity edu.matc.entity.User [NONE]: select user0_.id as id1_0_0_, user0_.first_name as first_na2_0_0_, user0_.last_name as last_nam3_0_0_ from users user0_ where user0_.id=?
[DEBUG] 2018-02-07 20:54:28.179 [main] QuerySpacesImpl - Adding QuerySpace : uid = <gen:0> -> org.hibernate.loader.plan.build.internal.spaces.EntityQuerySpaceImpl@2237bada]
[DEBUG] 2018-02-07 20:54:28.179 [main] MetamodelGraphWalker - Visiting attribute path : firstName
[DEBUG] 2018-02-07 20:54:28.179 [main] MetamodelGraphWalker - Visiting attribute path : lastName
[DEBUG] 2018-02-07 20:54:28.179 [main] FetchStyleLoadPlanBuildingAssociationVisitationStrategy - Building LoadPlan...
[DEBUG] 2018-02-07 20:54:28.179 [main] LoadQueryJoinAndFetchProcessor - processing queryspace <gen:0>
[DEBUG] 2018-02-07 20:54:28.180 [main] LoadPlanTreePrinter - LoadPlan(entity=edu.matc.entity.User)
    - Returns
       - EntityReturnImpl(entity=edu.matc.entity.User, querySpaceUid=<gen:0>, path=edu.matc.entity.User)
    - QuerySpaces
       - EntityQuerySpaceImpl(uid=<gen:0>, entity=edu.matc.entity.User)
          - SQL table alias mapping - user0_
          - alias suffix - 0_
          - suffixed key columns - {id1_0_0_}

[DEBUG] 2018-02-07 20:54:28.180 [main] EntityLoader - Static select for entity edu.matc.entity.User [READ]: select user0_.id as id1_0_0_, user0_.first_name as first_na2_0_0_, user0_.last_name as last_nam3_0_0_ from users user0_ where user0_.id=?
[DEBUG] 2018-02-07 20:54:28.180 [main] QuerySpacesImpl - Adding QuerySpace : uid = <gen:0> -> org.hibernate.loader.plan.build.internal.spaces.EntityQuerySpaceImpl@5710768a]
[DEBUG] 2018-02-07 20:54:28.180 [main] MetamodelGraphWalker - Visiting attribute path : firstName
[DEBUG] 2018-02-07 20:54:28.180 [main] MetamodelGraphWalker - Visiting attribute path : lastName
[DEBUG] 2018-02-07 20:54:28.180 [main] FetchStyleLoadPlanBuildingAssociationVisitationStrategy - Building LoadPlan...
[DEBUG] 2018-02-07 20:54:28.181 [main] LoadQueryJoinAndFetchProcessor - processing queryspace <gen:0>
[DEBUG] 2018-02-07 20:54:28.181 [main] LoadPlanTreePrinter - LoadPlan(entity=edu.matc.entity.User)
    - Returns
       - EntityReturnImpl(entity=edu.matc.entity.User, querySpaceUid=<gen:0>, path=edu.matc.entity.User)
    - QuerySpaces
       - EntityQuerySpaceImpl(uid=<gen:0>, entity=edu.matc.entity.User)
          - SQL table alias mapping - user0_
          - alias suffix - 0_
          - suffixed key columns - {id1_0_0_}

[DEBUG] 2018-02-07 20:54:28.181 [main] EntityLoader - Static select for entity edu.matc.entity.User [UPGRADE]: select user0_.id as id1_0_0_, user0_.first_name as first_na2_0_0_, user0_.last_name as last_nam3_0_0_ from users user0_ where user0_.id=? for update
[DEBUG] 2018-02-07 20:54:28.181 [main] QuerySpacesImpl - Adding QuerySpace : uid = <gen:0> -> org.hibernate.loader.plan.build.internal.spaces.EntityQuerySpaceImpl@6e0d4a8]
[DEBUG] 2018-02-07 20:54:28.181 [main] MetamodelGraphWalker - Visiting attribute path : firstName
[DEBUG] 2018-02-07 20:54:28.181 [main] MetamodelGraphWalker - Visiting attribute path : lastName
[DEBUG] 2018-02-07 20:54:28.181 [main] FetchStyleLoadPlanBuildingAssociationVisitationStrategy - Building LoadPlan...
[DEBUG] 2018-02-07 20:54:28.182 [main] LoadQueryJoinAndFetchProcessor - processing queryspace <gen:0>
[DEBUG] 2018-02-07 20:54:28.182 [main] LoadPlanTreePrinter - LoadPlan(entity=edu.matc.entity.User)
    - Returns
       - EntityReturnImpl(entity=edu.matc.entity.User, querySpaceUid=<gen:0>, path=edu.matc.entity.User)
    - QuerySpaces
       - EntityQuerySpaceImpl(uid=<gen:0>, entity=edu.matc.entity.User)
          - SQL table alias mapping - user0_
          - alias suffix - 0_
          - suffixed key columns - {id1_0_0_}

[DEBUG] 2018-02-07 20:54:28.182 [main] EntityLoader - Static select for entity edu.matc.entity.User [UPGRADE_NOWAIT]: select user0_.id as id1_0_0_, user0_.first_name as first_na2_0_0_, user0_.last_name as last_nam3_0_0_ from users user0_ where user0_.id=? for update
[DEBUG] 2018-02-07 20:54:28.182 [main] QuerySpacesImpl - Adding QuerySpace : uid = <gen:0> -> org.hibernate.loader.plan.build.internal.spaces.EntityQuerySpaceImpl@30272916]
[DEBUG] 2018-02-07 20:54:28.182 [main] MetamodelGraphWalker - Visiting attribute path : firstName
[DEBUG] 2018-02-07 20:54:28.182 [main] MetamodelGraphWalker - Visiting attribute path : lastName
[DEBUG] 2018-02-07 20:54:28.182 [main] FetchStyleLoadPlanBuildingAssociationVisitationStrategy - Building LoadPlan...
[DEBUG] 2018-02-07 20:54:28.183 [main] LoadQueryJoinAndFetchProcessor - processing queryspace <gen:0>
[DEBUG] 2018-02-07 20:54:28.183 [main] LoadPlanTreePrinter - LoadPlan(entity=edu.matc.entity.User)
    - Returns
       - EntityReturnImpl(entity=edu.matc.entity.User, querySpaceUid=<gen:0>, path=edu.matc.entity.User)
    - QuerySpaces
       - EntityQuerySpaceImpl(uid=<gen:0>, entity=edu.matc.entity.User)
          - SQL table alias mapping - user0_
          - alias suffix - 0_
          - suffixed key columns - {id1_0_0_}

[DEBUG] 2018-02-07 20:54:28.183 [main] EntityLoader - Static select for entity edu.matc.entity.User [UPGRADE_SKIPLOCKED]: select user0_.id as id1_0_0_, user0_.first_name as first_na2_0_0_, user0_.last_name as last_nam3_0_0_ from users user0_ where user0_.id=? for update
[DEBUG] 2018-02-07 20:54:28.183 [main] QuerySpacesImpl - Adding QuerySpace : uid = <gen:0> -> org.hibernate.loader.plan.build.internal.spaces.EntityQuerySpaceImpl@5bf61e67]
[DEBUG] 2018-02-07 20:54:28.183 [main] MetamodelGraphWalker - Visiting attribute path : firstName
[DEBUG] 2018-02-07 20:54:28.184 [main] MetamodelGraphWalker - Visiting attribute path : lastName
[DEBUG] 2018-02-07 20:54:28.184 [main] FetchStyleLoadPlanBuildingAssociationVisitationStrategy - Building LoadPlan...
[DEBUG] 2018-02-07 20:54:28.184 [main] LoadQueryJoinAndFetchProcessor - processing queryspace <gen:0>
[DEBUG] 2018-02-07 20:54:28.185 [main] LoadPlanTreePrinter - LoadPlan(entity=edu.matc.entity.User)
    - Returns
       - EntityReturnImpl(entity=edu.matc.entity.User, querySpaceUid=<gen:0>, path=edu.matc.entity.User)
    - QuerySpaces
       - EntityQuerySpaceImpl(uid=<gen:0>, entity=edu.matc.entity.User)
          - SQL table alias mapping - user0_
          - alias suffix - 0_
          - suffixed key columns - {id1_0_0_}

[DEBUG] 2018-02-07 20:54:28.185 [main] EntityLoader - Static select for entity edu.matc.entity.User [FORCE]: select user0_.id as id1_0_0_, user0_.first_name as first_na2_0_0_, user0_.last_name as last_nam3_0_0_ from users user0_ where user0_.id=? for update
[DEBUG] 2018-02-07 20:54:28.185 [main] QuerySpacesImpl - Adding QuerySpace : uid = <gen:0> -> org.hibernate.loader.plan.build.internal.spaces.EntityQuerySpaceImpl@b273a59]
[DEBUG] 2018-02-07 20:54:28.185 [main] MetamodelGraphWalker - Visiting attribute path : firstName
[DEBUG] 2018-02-07 20:54:28.185 [main] MetamodelGraphWalker - Visiting attribute path : lastName
[DEBUG] 2018-02-07 20:54:28.185 [main] FetchStyleLoadPlanBuildingAssociationVisitationStrategy - Building LoadPlan...
[DEBUG] 2018-02-07 20:54:28.186 [main] LoadQueryJoinAndFetchProcessor - processing queryspace <gen:0>
[DEBUG] 2018-02-07 20:54:28.186 [main] LoadPlanTreePrinter - LoadPlan(entity=edu.matc.entity.User)
    - Returns
       - EntityReturnImpl(entity=edu.matc.entity.User, querySpaceUid=<gen:0>, path=edu.matc.entity.User)
    - QuerySpaces
       - EntityQuerySpaceImpl(uid=<gen:0>, entity=edu.matc.entity.User)
          - SQL table alias mapping - user0_
          - alias suffix - 0_
          - suffixed key columns - {id1_0_0_}

[DEBUG] 2018-02-07 20:54:28.186 [main] EntityLoader - Static select for entity edu.matc.entity.User [PESSIMISTIC_READ]: select user0_.id as id1_0_0_, user0_.first_name as first_na2_0_0_, user0_.last_name as last_nam3_0_0_ from users user0_ where user0_.id=? lock in share mode
[DEBUG] 2018-02-07 20:54:28.186 [main] QuerySpacesImpl - Adding QuerySpace : uid = <gen:0> -> org.hibernate.loader.plan.build.internal.spaces.EntityQuerySpaceImpl@251ebf23]
[DEBUG] 2018-02-07 20:54:28.186 [main] MetamodelGraphWalker - Visiting attribute path : firstName
[DEBUG] 2018-02-07 20:54:28.186 [main] MetamodelGraphWalker - Visiting attribute path : lastName
[DEBUG] 2018-02-07 20:54:28.187 [main] FetchStyleLoadPlanBuildingAssociationVisitationStrategy - Building LoadPlan...
[DEBUG] 2018-02-07 20:54:28.187 [main] LoadQueryJoinAndFetchProcessor - processing queryspace <gen:0>
[DEBUG] 2018-02-07 20:54:28.187 [main] LoadPlanTreePrinter - LoadPlan(entity=edu.matc.entity.User)
    - Returns
       - EntityReturnImpl(entity=edu.matc.entity.User, querySpaceUid=<gen:0>, path=edu.matc.entity.User)
    - QuerySpaces
       - EntityQuerySpaceImpl(uid=<gen:0>, entity=edu.matc.entity.User)
          - SQL table alias mapping - user0_
          - alias suffix - 0_
          - suffixed key columns - {id1_0_0_}

[DEBUG] 2018-02-07 20:54:28.187 [main] EntityLoader - Static select for entity edu.matc.entity.User [PESSIMISTIC_WRITE]: select user0_.id as id1_0_0_, user0_.first_name as first_na2_0_0_, user0_.last_name as last_nam3_0_0_ from users user0_ where user0_.id=? for update
[DEBUG] 2018-02-07 20:54:28.187 [main] QuerySpacesImpl - Adding QuerySpace : uid = <gen:0> -> org.hibernate.loader.plan.build.internal.spaces.EntityQuerySpaceImpl@1b70203f]
[DEBUG] 2018-02-07 20:54:28.187 [main] MetamodelGraphWalker - Visiting attribute path : firstName
[DEBUG] 2018-02-07 20:54:28.187 [main] MetamodelGraphWalker - Visiting attribute path : lastName
[DEBUG] 2018-02-07 20:54:28.188 [main] FetchStyleLoadPlanBuildingAssociationVisitationStrategy - Building LoadPlan...
[DEBUG] 2018-02-07 20:54:28.188 [main] LoadQueryJoinAndFetchProcessor - processing queryspace <gen:0>
[DEBUG] 2018-02-07 20:54:28.188 [main] LoadPlanTreePrinter - LoadPlan(entity=edu.matc.entity.User)
    - Returns
       - EntityReturnImpl(entity=edu.matc.entity.User, querySpaceUid=<gen:0>, path=edu.matc.entity.User)
    - QuerySpaces
       - EntityQuerySpaceImpl(uid=<gen:0>, entity=edu.matc.entity.User)
          - SQL table alias mapping - user0_
          - alias suffix - 0_
          - suffixed key columns - {id1_0_0_}

[DEBUG] 2018-02-07 20:54:28.188 [main] EntityLoader - Static select for entity edu.matc.entity.User [PESSIMISTIC_FORCE_INCREMENT]: select user0_.id as id1_0_0_, user0_.first_name as first_na2_0_0_, user0_.last_name as last_nam3_0_0_ from users user0_ where user0_.id=? for update
[DEBUG] 2018-02-07 20:54:28.188 [main] QuerySpacesImpl - Adding QuerySpace : uid = <gen:0> -> org.hibernate.loader.plan.build.internal.spaces.EntityQuerySpaceImpl@15051a0]
[DEBUG] 2018-02-07 20:54:28.188 [main] MetamodelGraphWalker - Visiting attribute path : firstName
[DEBUG] 2018-02-07 20:54:28.188 [main] MetamodelGraphWalker - Visiting attribute path : lastName
[DEBUG] 2018-02-07 20:54:28.189 [main] FetchStyleLoadPlanBuildingAssociationVisitationStrategy - Building LoadPlan...
[DEBUG] 2018-02-07 20:54:28.189 [main] LoadQueryJoinAndFetchProcessor - processing queryspace <gen:0>
[DEBUG] 2018-02-07 20:54:28.189 [main] LoadPlanTreePrinter - LoadPlan(entity=edu.matc.entity.User)
    - Returns
       - EntityReturnImpl(entity=edu.matc.entity.User, querySpaceUid=<gen:0>, path=edu.matc.entity.User)
    - QuerySpaces
       - EntityQuerySpaceImpl(uid=<gen:0>, entity=edu.matc.entity.User)
          - SQL table alias mapping - user0_
          - alias suffix - 0_
          - suffixed key columns - {id1_0_0_}

[DEBUG] 2018-02-07 20:54:28.189 [main] EntityLoader - Static select for entity edu.matc.entity.User [OPTIMISTIC]: select user0_.id as id1_0_0_, user0_.first_name as first_na2_0_0_, user0_.last_name as last_nam3_0_0_ from users user0_ where user0_.id=?
[DEBUG] 2018-02-07 20:54:28.189 [main] QuerySpacesImpl - Adding QuerySpace : uid = <gen:0> -> org.hibernate.loader.plan.build.internal.spaces.EntityQuerySpaceImpl@b09fac1]
[DEBUG] 2018-02-07 20:54:28.190 [main] MetamodelGraphWalker - Visiting attribute path : firstName
[DEBUG] 2018-02-07 20:54:28.190 [main] MetamodelGraphWalker - Visiting attribute path : lastName
[DEBUG] 2018-02-07 20:54:28.190 [main] FetchStyleLoadPlanBuildingAssociationVisitationStrategy - Building LoadPlan...
[DEBUG] 2018-02-07 20:54:28.190 [main] LoadQueryJoinAndFetchProcessor - processing queryspace <gen:0>
[DEBUG] 2018-02-07 20:54:28.190 [main] LoadPlanTreePrinter - LoadPlan(entity=edu.matc.entity.User)
    - Returns
       - EntityReturnImpl(entity=edu.matc.entity.User, querySpaceUid=<gen:0>, path=edu.matc.entity.User)
    - QuerySpaces
       - EntityQuerySpaceImpl(uid=<gen:0>, entity=edu.matc.entity.User)
          - SQL table alias mapping - user0_
          - alias suffix - 0_
          - suffixed key columns - {id1_0_0_}

[DEBUG] 2018-02-07 20:54:28.190 [main] EntityLoader - Static select for entity edu.matc.entity.User [OPTIMISTIC_FORCE_INCREMENT]: select user0_.id as id1_0_0_, user0_.first_name as first_na2_0_0_, user0_.last_name as last_nam3_0_0_ from users user0_ where user0_.id=?
[DEBUG] 2018-02-07 20:54:28.211 [main] Loader - Static select for action ACTION_MERGE on entity edu.matc.entity.User: select user0_.id as id1_0_0_, user0_.first_name as first_na2_0_0_, user0_.last_name as last_nam3_0_0_ from users user0_ where user0_.id=?
[DEBUG] 2018-02-07 20:54:28.212 [main] Loader - Static select for action ACTION_REFRESH on entity edu.matc.entity.User: select user0_.id as id1_0_0_, user0_.first_name as first_na2_0_0_, user0_.last_name as last_nam3_0_0_ from users user0_ where user0_.id=?
[DEBUG] 2018-02-07 20:54:28.241 [main] SchemaManagementToolCoordinator - No actions specified; doing nothing
[DEBUG] 2018-02-07 20:54:28.242 [main] JtaPlatformInitiator - No JtaPlatform was specified, checking resolver
[DEBUG] 2018-02-07 20:54:28.242 [main] JtaPlatformResolverInitiator - No JtaPlatformResolver was specified, using default [org.hibernate.engine.transaction.jta.platform.internal.StandardJtaPlatformResolver]
[DEBUG] 2018-02-07 20:54:28.248 [main] StandardJtaPlatformResolver - Could not resolve JtaPlatform, using default [org.hibernate.engine.transaction.jta.platform.internal.NoJtaPlatform]
[DEBUG] 2018-02-07 20:54:28.249 [main] NamedQueryRepository - Checking 0 named HQL queries
[DEBUG] 2018-02-07 20:54:28.250 [main] NamedQueryRepository - Checking 0 named SQL queries
[DEBUG] 2018-02-07 20:54:28.252 [main] SessionFactoryRegistry - Initializing SessionFactoryRegistry : org.hibernate.internal.SessionFactoryRegistry@1bdbf9be
[DEBUG] 2018-02-07 20:54:28.254 [main] SessionFactoryRegistry - Registering SessionFactory: 94280fee-890b-42c5-a9cf-15e4f30a5b21 (<unnamed>)
[DEBUG] 2018-02-07 20:54:28.255 [main] SessionFactoryRegistry - Not binding SessionFactory to JNDI, no JNDI name configured
[DEBUG] 2018-02-07 20:54:28.476 [main] StatisticsInitiator - Statistics initialized [enabled=false]
[DEBUG] 2018-02-07 20:54:28.563 [main] SQL - select user0_.id as id1_0_0_, user0_.first_name as first_na2_0_0_, user0_.last_name as last_nam3_0_0_ from users user0_ where user0_.id=?
[DEBUG] 2018-02-07 20:54:28.604 [main] ResultSetProcessorImpl - Starting ResultSet row #0
[DEBUG] 2018-02-07 20:54:28.605 [main] EntityReferenceInitializerImpl - On call to EntityIdentifierReaderImpl#resolve, EntityKey was already known; should only happen on root returns with an optional identifier specified
[DEBUG] 2018-02-07 20:54:28.621 [main] TwoPhaseLoad - Resolving associations for [edu.matc.entity.User#5]
[DEBUG] 2018-02-07 20:54:28.627 [main] TwoPhaseLoad - Done materializing entity [edu.matc.entity.User#5]
[DEBUG] 2018-02-07 20:54:28.627 [main] ResourceRegistryStandardImpl - HHH000387: ResultSet's statement was not registered
[DEBUG] 2018-02-07 20:54:28.628 [main] AbstractLoadPlanBasedEntityLoader - Done entity load : edu.matc.entity.User#5
[DEBUG] 2018-02-07 20:54:28.628 [main] LogicalConnectionManagedImpl - Initiating JDBC connection release from afterTransaction
[DEBUG] 2018-02-07 20:54:28.633 [main] TransactionImpl - begin
[DEBUG] 2018-02-07 20:54:28.644 [main] TransactionImpl - committing
[DEBUG] 2018-02-07 20:54:28.645 [main] AbstractFlushingEventListener - Processing flush-time cascades
[DEBUG] 2018-02-07 20:54:28.645 [main] AbstractFlushingEventListener - Dirty checking collections
[DEBUG] 2018-02-07 20:54:28.647 [main] AbstractFlushingEventListener - Flushed: 0 insertions, 0 updates, 1 deletions to 1 objects
[DEBUG] 2018-02-07 20:54:28.647 [main] AbstractFlushingEventListener - Flushed: 0 (re)creations, 0 updates, 0 removals to 0 collections
[DEBUG] 2018-02-07 20:54:28.649 [main] EntityPrinter - Listing entities:
[DEBUG] 2018-02-07 20:54:28.649 [main] EntityPrinter - edu.matc.entity.User{firstName=Dianne, lastName=Klein, id=5}
[DEBUG] 2018-02-07 20:54:28.661 [main] SQL - delete from users where id=?
[DEBUG] 2018-02-07 20:54:28.666 [main] LogicalConnectionManagedImpl - Initiating JDBC connection release from afterTransaction
[DEBUG] 2018-02-07 20:54:28.666 [main] LogicalConnectionManagedImpl - Initiating JDBC connection release from afterTransaction
[DEBUG] 2018-02-07 20:54:28.667 [main] JdbcCoordinatorImpl - HHH000420: Closing un-released batch
[DEBUG] 2018-02-07 20:54:28.668 [main] SQL - select user0_.id as id1_0_0_, user0_.first_name as first_na2_0_0_, user0_.last_name as last_nam3_0_0_ from users user0_ where user0_.id=?
[DEBUG] 2018-02-07 20:54:28.670 [main] ResourceRegistryStandardImpl - HHH000387: ResultSet's statement was not registered
[DEBUG] 2018-02-07 20:54:28.670 [main] AbstractLoadPlanBasedEntityLoader - Done entity load : edu.matc.entity.User#5
[DEBUG] 2018-02-07 20:54:28.671 [main] LogicalConnectionManagedImpl - Initiating JDBC connection release from afterTransaction
[DEBUG] 2018-02-07 20:54:28.740 [main] CriteriaQueryImpl - Rendered criteria query -> select generatedAlias0 from User as generatedAlias0 where generatedAlias0.firstName like :param0
[DEBUG] 2018-02-07 20:54:28.762 [main] QueryTranslatorFactoryInitiator - QueryTranslatorFactory : org.hibernate.hql.internal.ast.ASTQueryTranslatorFactory@1917d90f
[INFO ] 2018-02-07 20:54:28.763 [main] QueryTranslatorFactoryInitiator - HHH000397: Using ASTQueryTranslatorFactory
[DEBUG] 2018-02-07 20:54:28.831 [main] QueryTranslatorImpl - parse() - HQL: select generatedAlias0 from edu.matc.entity.User as generatedAlias0 where generatedAlias0.firstName like :param0
[DEBUG] 2018-02-07 20:54:28.864 [main] ErrorCounter - throwQueryException() : no errors
[DEBUG] 2018-02-07 20:54:28.867 [main] QueryTranslatorImpl - --- HQL AST ---
 \-[QUERY] Node: 'query'
    +-[SELECT_FROM] Node: 'SELECT_FROM'
    |  +-[FROM] Node: 'from'
    |  |  \-[RANGE] Node: 'RANGE'
    |  |     +-[DOT] Node: '.'
    |  |     |  +-[DOT] Node: '.'
    |  |     |  |  +-[DOT] Node: '.'
    |  |     |  |  |  +-[IDENT] Node: 'edu'
    |  |     |  |  |  \-[IDENT] Node: 'matc'
    |  |     |  |  \-[IDENT] Node: 'entity'
    |  |     |  \-[IDENT] Node: 'User'
    |  |     \-[ALIAS] Node: 'generatedAlias0'
    |  \-[SELECT] Node: 'select'
    |     \-[IDENT] Node: 'generatedAlias0'
    \-[WHERE] Node: 'where'
       \-[LIKE] Node: 'like'
          +-[DOT] Node: '.'
          |  +-[IDENT] Node: 'generatedAlias0'
          |  \-[IDENT] Node: 'firstName'
          \-[COLON] Node: ':'
             \-[IDENT] Node: 'param0'

[DEBUG] 2018-02-07 20:54:28.909 [main] HqlSqlBaseWalker - select << begin [level=1, statement=select]
[DEBUG] 2018-02-07 20:54:28.926 [main] FromElement - FromClause{level=1} : edu.matc.entity.User (generatedAlias0) -> user0_
[DEBUG] 2018-02-07 20:54:28.927 [main] FromReferenceNode - Resolved : generatedAlias0 -> user0_.id
[DEBUG] 2018-02-07 20:54:28.931 [main] FromReferenceNode - Resolved : generatedAlias0 -> user0_.id
[DEBUG] 2018-02-07 20:54:28.935 [main] DotNode - getDataType() : firstName -> org.hibernate.type.StringType@2235eaab
[DEBUG] 2018-02-07 20:54:28.936 [main] FromReferenceNode - Resolved : generatedAlias0.firstName -> user0_.first_name
[DEBUG] 2018-02-07 20:54:28.938 [main] HqlSqlBaseWalker - select : finishing up [level=1, statement=select]
[DEBUG] 2018-02-07 20:54:28.939 [main] HqlSqlWalker - processQuery() :  ( SELECT ( {select clause} user0_.id ) ( FromClause{level=1} users user0_ ) ( where ( like ( user0_.first_name user0_.id firstName ) ? ) ) )
[DEBUG] 2018-02-07 20:54:28.957 [main] JoinProcessor - Using FROM fragment [users user0_]
[DEBUG] 2018-02-07 20:54:28.957 [main] HqlSqlBaseWalker - select >> end [level=1, statement=select]
[DEBUG] 2018-02-07 20:54:28.958 [main] QueryTranslatorImpl - --- SQL AST ---
 \-[SELECT] QueryNode: 'SELECT'  querySpaces (users)
    +-[SELECT_CLAUSE] SelectClause: '{select clause}'
    |  +-[ALIAS_REF] IdentNode: 'user0_.id as id1_0_' {alias=generatedAlias0, className=edu.matc.entity.User, tableAlias=user0_}
    |  \-[SQL_TOKEN] SqlFragment: 'user0_.first_name as first_na2_0_, user0_.last_name as last_nam3_0_'
    +-[FROM] FromClause: 'from' FromClause{level=1, fromElementCounter=1, fromElements=1, fromElementByClassAlias=[generatedAlias0], fromElementByTableAlias=[user0_], fromElementsByPath=[], collectionJoinFromElementsByPath=[], impliedElements=[]}
    |  \-[FROM_FRAGMENT] FromElement: 'users user0_' FromElement{explicit,not a collection join,not a fetch join,fetch non-lazy properties,classAlias=generatedAlias0,role=null,tableName=users,tableAlias=user0_,origin=null,columns={,className=edu.matc.entity.User}}
    \-[WHERE] SqlNode: 'where'
       \-[LIKE] BinaryLogicOperatorNode: 'like'
          +-[DOT] DotNode: 'user0_.first_name' {propertyName=firstName,dereferenceType=PRIMITIVE,getPropertyPath=firstName,path=generatedAlias0.firstName,tableAlias=user0_,className=edu.matc.entity.User,classAlias=generatedAlias0}
          |  +-[ALIAS_REF] IdentNode: 'user0_.id' {alias=generatedAlias0, className=edu.matc.entity.User, tableAlias=user0_}
          |  \-[IDENT] IdentNode: 'firstName' {originalText=firstName}
          \-[NAMED_PARAM] ParameterNode: '?' {name=param0, expectedType=org.hibernate.type.StringType@2235eaab}

[DEBUG] 2018-02-07 20:54:28.958 [main] ErrorCounter - throwQueryException() : no errors
[DEBUG] 2018-02-07 20:54:28.969 [main] QueryTranslatorImpl - HQL: select generatedAlias0 from edu.matc.entity.User as generatedAlias0 where generatedAlias0.firstName like :param0
[DEBUG] 2018-02-07 20:54:28.969 [main] QueryTranslatorImpl - SQL: select user0_.id as id1_0_, user0_.first_name as first_na2_0_, user0_.last_name as last_nam3_0_ from users user0_ where user0_.first_name like ?
[DEBUG] 2018-02-07 20:54:28.969 [main] ErrorCounter - throwQueryException() : no errors
[DEBUG] 2018-02-07 20:54:29.001 [main] SQL - select user0_.id as id1_0_, user0_.first_name as first_na2_0_, user0_.last_name as last_nam3_0_ from users user0_ where user0_.first_name like ?
[DEBUG] 2018-02-07 20:54:29.011 [main] Loader - Result set row: 0
[DEBUG] 2018-02-07 20:54:29.012 [main] Loader - Result row: EntityKey[edu.matc.entity.User#3]
[DEBUG] 2018-02-07 20:54:29.012 [main] Loader - Result set row: 1
[DEBUG] 2018-02-07 20:54:29.013 [main] Loader - Result row: EntityKey[edu.matc.entity.User#4]
[DEBUG] 2018-02-07 20:54:29.013 [main] TwoPhaseLoad - Resolving associations for [edu.matc.entity.User#3]
[DEBUG] 2018-02-07 20:54:29.013 [main] TwoPhaseLoad - Done materializing entity [edu.matc.entity.User#3]
[DEBUG] 2018-02-07 20:54:29.013 [main] TwoPhaseLoad - Resolving associations for [edu.matc.entity.User#4]
[DEBUG] 2018-02-07 20:54:29.013 [main] TwoPhaseLoad - Done materializing entity [edu.matc.entity.User#4]
[DEBUG] 2018-02-07 20:54:29.016 [main] LogicalConnectionManagedImpl - Initiating JDBC connection release from afterTransaction
[DEBUG] 2018-02-07 20:54:29.049 [main] SQL - select user0_.id as id1_0_0_, user0_.first_name as first_na2_0_0_, user0_.last_name as last_nam3_0_0_ from users user0_ where user0_.id=?
[DEBUG] 2018-02-07 20:54:29.050 [main] ResultSetProcessorImpl - Starting ResultSet row #0
[DEBUG] 2018-02-07 20:54:29.050 [main] EntityReferenceInitializerImpl - On call to EntityIdentifierReaderImpl#resolve, EntityKey was already known; should only happen on root returns with an optional identifier specified
[DEBUG] 2018-02-07 20:54:29.051 [main] TwoPhaseLoad - Resolving associations for [edu.matc.entity.User#3]
[DEBUG] 2018-02-07 20:54:29.051 [main] TwoPhaseLoad - Done materializing entity [edu.matc.entity.User#3]
[DEBUG] 2018-02-07 20:54:29.051 [main] ResourceRegistryStandardImpl - HHH000387: ResultSet's statement was not registered
[DEBUG] 2018-02-07 20:54:29.052 [main] AbstractLoadPlanBasedEntityLoader - Done entity load : edu.matc.entity.User#3
[DEBUG] 2018-02-07 20:54:29.052 [main] LogicalConnectionManagedImpl - Initiating JDBC connection release from afterTransaction
[DEBUG] 2018-02-07 20:54:29.084 [main] SQL - select user0_.id as id1_0_0_, user0_.first_name as first_na2_0_0_, user0_.last_name as last_nam3_0_0_ from users user0_ where user0_.id=?
[DEBUG] 2018-02-07 20:54:29.092 [main] ResultSetProcessorImpl - Starting ResultSet row #0
[DEBUG] 2018-02-07 20:54:29.092 [main] EntityReferenceInitializerImpl - On call to EntityIdentifierReaderImpl#resolve, EntityKey was already known; should only happen on root returns with an optional identifier specified
[DEBUG] 2018-02-07 20:54:29.093 [main] TwoPhaseLoad - Resolving associations for [edu.matc.entity.User#3]
[DEBUG] 2018-02-07 20:54:29.093 [main] TwoPhaseLoad - Done materializing entity [edu.matc.entity.User#3]
[DEBUG] 2018-02-07 20:54:29.093 [main] ResourceRegistryStandardImpl - HHH000387: ResultSet's statement was not registered
[DEBUG] 2018-02-07 20:54:29.093 [main] AbstractLoadPlanBasedEntityLoader - Done entity load : edu.matc.entity.User#3
[DEBUG] 2018-02-07 20:54:29.093 [main] LogicalConnectionManagedImpl - Initiating JDBC connection release from afterTransaction
[DEBUG] 2018-02-07 20:54:29.143 [main] SQL - select user0_.id as id1_0_0_, user0_.first_name as first_na2_0_0_, user0_.last_name as last_nam3_0_0_ from users user0_ where user0_.id=?
[DEBUG] 2018-02-07 20:54:29.145 [main] ResultSetProcessorImpl - Starting ResultSet row #0
[DEBUG] 2018-02-07 20:54:29.146 [main] EntityReferenceInitializerImpl - On call to EntityIdentifierReaderImpl#resolve, EntityKey was already known; should only happen on root returns with an optional identifier specified
[DEBUG] 2018-02-07 20:54:29.146 [main] TwoPhaseLoad - Resolving associations for [edu.matc.entity.User#3]
[DEBUG] 2018-02-07 20:54:29.147 [main] TwoPhaseLoad - Done materializing entity [edu.matc.entity.User#3]
[DEBUG] 2018-02-07 20:54:29.147 [main] ResourceRegistryStandardImpl - HHH000387: ResultSet's statement was not registered
[DEBUG] 2018-02-07 20:54:29.147 [main] AbstractLoadPlanBasedEntityLoader - Done entity load : edu.matc.entity.User#3
[DEBUG] 2018-02-07 20:54:29.147 [main] LogicalConnectionManagedImpl - Initiating JDBC connection release from afterTransaction
[DEBUG] 2018-02-07 20:54:29.152 [main] TransactionImpl - begin
[DEBUG] 2018-02-07 20:54:29.154 [main] TransactionImpl - committing
[DEBUG] 2018-02-07 20:54:29.154 [main] AbstractFlushingEventListener - Processing flush-time cascades
[DEBUG] 2018-02-07 20:54:29.154 [main] AbstractFlushingEventListener - Dirty checking collections
[DEBUG] 2018-02-07 20:54:29.156 [main] AbstractFlushingEventListener - Flushed: 0 insertions, 1 updates, 0 deletions to 1 objects
[DEBUG] 2018-02-07 20:54:29.156 [main] AbstractFlushingEventListener - Flushed: 0 (re)creations, 0 updates, 0 removals to 0 collections
[DEBUG] 2018-02-07 20:54:29.156 [main] EntityPrinter - Listing entities:
[DEBUG] 2018-02-07 20:54:29.156 [main] EntityPrinter - edu.matc.entity.User{firstName=Barney, lastName=Wolfenstein, id=3}
[DEBUG] 2018-02-07 20:54:29.157 [main] SQL - update users set first_name=?, last_name=? where id=?
[DEBUG] 2018-02-07 20:54:29.159 [main] LogicalConnectionManagedImpl - Initiating JDBC connection release from afterTransaction
[DEBUG] 2018-02-07 20:54:29.160 [main] LogicalConnectionManagedImpl - Initiating JDBC connection release from afterTransaction
[DEBUG] 2018-02-07 20:54:29.160 [main] JdbcCoordinatorImpl - HHH000420: Closing un-released batch
[DEBUG] 2018-02-07 20:54:29.161 [main] SQL - select user0_.id as id1_0_0_, user0_.first_name as first_na2_0_0_, user0_.last_name as last_nam3_0_0_ from users user0_ where user0_.id=?
[DEBUG] 2018-02-07 20:54:29.162 [main] ResultSetProcessorImpl - Starting ResultSet row #0
[DEBUG] 2018-02-07 20:54:29.162 [main] EntityReferenceInitializerImpl - On call to EntityIdentifierReaderImpl#resolve, EntityKey was already known; should only happen on root returns with an optional identifier specified
[DEBUG] 2018-02-07 20:54:29.162 [main] TwoPhaseLoad - Resolving associations for [edu.matc.entity.User#3]
[DEBUG] 2018-02-07 20:54:29.163 [main] TwoPhaseLoad - Done materializing entity [edu.matc.entity.User#3]
[DEBUG] 2018-02-07 20:54:29.163 [main] ResourceRegistryStandardImpl - HHH000387: ResultSet's statement was not registered
[DEBUG] 2018-02-07 20:54:29.163 [main] AbstractLoadPlanBasedEntityLoader - Done entity load : edu.matc.entity.User#3
[DEBUG] 2018-02-07 20:54:29.163 [main] LogicalConnectionManagedImpl - Initiating JDBC connection release from afterTransaction
[DEBUG] 2018-02-07 20:54:29.195 [main] CriteriaQueryImpl - Rendered criteria query -> select generatedAlias0 from User as generatedAlias0
[DEBUG] 2018-02-07 20:54:29.196 [main] QueryTranslatorImpl - parse() - HQL: select generatedAlias0 from edu.matc.entity.User as generatedAlias0
[DEBUG] 2018-02-07 20:54:29.196 [main] ErrorCounter - throwQueryException() : no errors
[DEBUG] 2018-02-07 20:54:29.197 [main] QueryTranslatorImpl - --- HQL AST ---
 \-[QUERY] Node: 'query'
    \-[SELECT_FROM] Node: 'SELECT_FROM'
       +-[FROM] Node: 'from'
       |  \-[RANGE] Node: 'RANGE'
       |     +-[DOT] Node: '.'
       |     |  +-[DOT] Node: '.'
       |     |  |  +-[DOT] Node: '.'
       |     |  |  |  +-[IDENT] Node: 'edu'
       |     |  |  |  \-[IDENT] Node: 'matc'
       |     |  |  \-[IDENT] Node: 'entity'
       |     |  \-[IDENT] Node: 'User'
       |     \-[ALIAS] Node: 'generatedAlias0'
       \-[SELECT] Node: 'select'
          \-[IDENT] Node: 'generatedAlias0'

[DEBUG] 2018-02-07 20:54:29.197 [main] HqlSqlBaseWalker - select << begin [level=1, statement=select]
[DEBUG] 2018-02-07 20:54:29.197 [main] FromElement - FromClause{level=1} : edu.matc.entity.User (generatedAlias0) -> user0_
[DEBUG] 2018-02-07 20:54:29.198 [main] FromReferenceNode - Resolved : generatedAlias0 -> user0_.id
[DEBUG] 2018-02-07 20:54:29.198 [main] HqlSqlBaseWalker - select : finishing up [level=1, statement=select]
[DEBUG] 2018-02-07 20:54:29.198 [main] HqlSqlWalker - processQuery() :  ( SELECT ( {select clause} user0_.id ) ( FromClause{level=1} users user0_ ) )
[DEBUG] 2018-02-07 20:54:29.198 [main] JoinProcessor - Using FROM fragment [users user0_]
[DEBUG] 2018-02-07 20:54:29.198 [main] HqlSqlBaseWalker - select >> end [level=1, statement=select]
[DEBUG] 2018-02-07 20:54:29.198 [main] QueryTranslatorImpl - --- SQL AST ---
 \-[SELECT] QueryNode: 'SELECT'  querySpaces (users)
    +-[SELECT_CLAUSE] SelectClause: '{select clause}'
    |  +-[ALIAS_REF] IdentNode: 'user0_.id as id1_0_' {alias=generatedAlias0, className=edu.matc.entity.User, tableAlias=user0_}
    |  \-[SQL_TOKEN] SqlFragment: 'user0_.first_name as first_na2_0_, user0_.last_name as last_nam3_0_'
    \-[FROM] FromClause: 'from' FromClause{level=1, fromElementCounter=1, fromElements=1, fromElementByClassAlias=[generatedAlias0], fromElementByTableAlias=[user0_], fromElementsByPath=[], collectionJoinFromElementsByPath=[], impliedElements=[]}
       \-[FROM_FRAGMENT] FromElement: 'users user0_' FromElement{explicit,not a collection join,not a fetch join,fetch non-lazy properties,classAlias=generatedAlias0,role=null,tableName=users,tableAlias=user0_,origin=null,columns={,className=edu.matc.entity.User}}

[DEBUG] 2018-02-07 20:54:29.199 [main] ErrorCounter - throwQueryException() : no errors
[DEBUG] 2018-02-07 20:54:29.199 [main] QueryTranslatorImpl - HQL: select generatedAlias0 from edu.matc.entity.User as generatedAlias0
[DEBUG] 2018-02-07 20:54:29.199 [main] QueryTranslatorImpl - SQL: select user0_.id as id1_0_, user0_.first_name as first_na2_0_, user0_.last_name as last_nam3_0_ from users user0_
[DEBUG] 2018-02-07 20:54:29.199 [main] ErrorCounter - throwQueryException() : no errors
[DEBUG] 2018-02-07 20:54:29.199 [main] SQL - select user0_.id as id1_0_, user0_.first_name as first_na2_0_, user0_.last_name as last_nam3_0_ from users user0_
[DEBUG] 2018-02-07 20:54:29.202 [main] Loader - Result set row: 0
[DEBUG] 2018-02-07 20:54:29.202 [main] Loader - Result row: EntityKey[edu.matc.entity.User#1]
[DEBUG] 2018-02-07 20:54:29.202 [main] Loader - Result set row: 1
[DEBUG] 2018-02-07 20:54:29.202 [main] Loader - Result row: EntityKey[edu.matc.entity.User#2]
[DEBUG] 2018-02-07 20:54:29.203 [main] Loader - Result set row: 2
[DEBUG] 2018-02-07 20:54:29.203 [main] Loader - Result row: EntityKey[edu.matc.entity.User#3]
[DEBUG] 2018-02-07 20:54:29.203 [main] Loader - Result set row: 3
[DEBUG] 2018-02-07 20:54:29.203 [main] Loader - Result row: EntityKey[edu.matc.entity.User#4]
[DEBUG] 2018-02-07 20:54:29.203 [main] Loader - Result set row: 4
[DEBUG] 2018-02-07 20:54:29.203 [main] Loader - Result row: EntityKey[edu.matc.entity.User#5]
[DEBUG] 2018-02-07 20:54:29.203 [main] Loader - Result set row: 5
[DEBUG] 2018-02-07 20:54:29.203 [main] Loader - Result row: EntityKey[edu.matc.entity.User#6]
[DEBUG] 2018-02-07 20:54:29.204 [main] TwoPhaseLoad - Resolving associations for [edu.matc.entity.User#1]
[DEBUG] 2018-02-07 20:54:29.204 [main] TwoPhaseLoad - Done materializing entity [edu.matc.entity.User#1]
[DEBUG] 2018-02-07 20:54:29.204 [main] TwoPhaseLoad - Resolving associations for [edu.matc.entity.User#2]
[DEBUG] 2018-02-07 20:54:29.204 [main] TwoPhaseLoad - Done materializing entity [edu.matc.entity.User#2]
[DEBUG] 2018-02-07 20:54:29.204 [main] TwoPhaseLoad - Resolving associations for [edu.matc.entity.User#3]
[DEBUG] 2018-02-07 20:54:29.204 [main] TwoPhaseLoad - Done materializing entity [edu.matc.entity.User#3]
[DEBUG] 2018-02-07 20:54:29.204 [main] TwoPhaseLoad - Resolving associations for [edu.matc.entity.User#4]
[DEBUG] 2018-02-07 20:54:29.204 [main] TwoPhaseLoad - Done materializing entity [edu.matc.entity.User#4]
[DEBUG] 2018-02-07 20:54:29.204 [main] TwoPhaseLoad - Resolving associations for [edu.matc.entity.User#5]
[DEBUG] 2018-02-07 20:54:29.204 [main] TwoPhaseLoad - Done materializing entity [edu.matc.entity.User#5]
[DEBUG] 2018-02-07 20:54:29.204 [main] TwoPhaseLoad - Resolving associations for [edu.matc.entity.User#6]
[DEBUG] 2018-02-07 20:54:29.205 [main] TwoPhaseLoad - Done materializing entity [edu.matc.entity.User#6]
[DEBUG] 2018-02-07 20:54:29.205 [main] LogicalConnectionManagedImpl - Initiating JDBC connection release from afterTransaction
[DEBUG] 2018-02-07 20:54:29.234 [main] TransactionImpl - begin
[DEBUG] 2018-02-07 20:54:29.245 [main] ActionQueue - Executing identity-insert immediately
[DEBUG] 2018-02-07 20:54:29.247 [main] SQL - insert into users (first_name, last_name) values (?, ?)
[DEBUG] 2018-02-07 20:54:29.251 [main] IdentifierGeneratorHelper - Natively generated identity: 18
[DEBUG] 2018-02-07 20:54:29.251 [main] ResourceRegistryStandardImpl - HHH000387: ResultSet's statement was not registered
[DEBUG] 2018-02-07 20:54:29.251 [main] TransactionImpl - committing
[DEBUG] 2018-02-07 20:54:29.251 [main] AbstractFlushingEventListener - Processing flush-time cascades
[DEBUG] 2018-02-07 20:54:29.251 [main] AbstractFlushingEventListener - Dirty checking collections
[DEBUG] 2018-02-07 20:54:29.252 [main] AbstractFlushingEventListener - Flushed: 0 insertions, 0 updates, 0 deletions to 1 objects
[DEBUG] 2018-02-07 20:54:29.252 [main] AbstractFlushingEventListener - Flushed: 0 (re)creations, 0 updates, 0 removals to 0 collections
[DEBUG] 2018-02-07 20:54:29.252 [main] EntityPrinter - Listing entities:
[DEBUG] 2018-02-07 20:54:29.252 [main] EntityPrinter - edu.matc.entity.User{firstName=Joe, lastName=Trebek, id=18}
[DEBUG] 2018-02-07 20:54:29.253 [main] LogicalConnectionManagedImpl - Initiating JDBC connection release from afterTransaction
[DEBUG] 2018-02-07 20:54:29.253 [main] LogicalConnectionManagedImpl - Initiating JDBC connection release from afterTransaction
[DEBUG] 2018-02-07 20:54:29.259 [main] SQL - select user0_.id as id1_0_0_, user0_.first_name as first_na2_0_0_, user0_.last_name as last_nam3_0_0_ from users user0_ where user0_.id=?
[DEBUG] 2018-02-07 20:54:29.261 [main] ResultSetProcessorImpl - Starting ResultSet row #0
[DEBUG] 2018-02-07 20:54:29.262 [main] EntityReferenceInitializerImpl - On call to EntityIdentifierReaderImpl#resolve, EntityKey was already known; should only happen on root returns with an optional identifier specified
[DEBUG] 2018-02-07 20:54:29.262 [main] TwoPhaseLoad - Resolving associations for [edu.matc.entity.User#18]
[DEBUG] 2018-02-07 20:54:29.262 [main] TwoPhaseLoad - Done materializing entity [edu.matc.entity.User#18]
[DEBUG] 2018-02-07 20:54:29.262 [main] ResourceRegistryStandardImpl - HHH000387: ResultSet's statement was not registered
[DEBUG] 2018-02-07 20:54:29.262 [main] AbstractLoadPlanBasedEntityLoader - Done entity load : edu.matc.entity.User#18
[DEBUG] 2018-02-07 20:54:29.262 [main] LogicalConnectionManagedImpl - Initiating JDBC connection release from afterTransaction
