[DEBUG] 2018-02-07 20:54:13.363 [main] IntegratorServiceImpl - Adding Integrator [org.hibernate.cfg.beanvalidation.BeanValidationIntegrator].
[DEBUG] 2018-02-07 20:54:13.374 [main] IntegratorServiceImpl - Adding Integrator [org.hibernate.secure.spi.JaccIntegrator].
[DEBUG] 2018-02-07 20:54:13.385 [main] IntegratorServiceImpl - Adding Integrator [org.hibernate.cache.internal.CollectionCacheInvalidator].
[INFO ] 2018-02-07 20:54:13.539 [main] Version - HHH000412: Hibernate Core {5.2.12.Final}
[INFO ] 2018-02-07 20:54:13.544 [main] Environment - HHH000206: hibernate.properties not found
[DEBUG] 2018-02-07 20:54:13.614 [main] LocalXmlResourceResolver - Interpreting public/system identifier : [-//Hibernate/Hibernate Configuration DTD//EN] - [http://www.hibernate.org/dtd/hibernate-configuration-3.0.dtd]
[DEBUG] 2018-02-07 20:54:13.615 [main] LocalXmlResourceResolver - Recognized hibernate-configuration identifier; attempting to resolve on classpath under org/hibernate/
[DEBUG] 2018-02-07 20:54:13.625 [main] JaxbCfgProcessor - cfg.xml document did not define namespaces; wrapping in custom event reader to introduce namespace information
[DEBUG] 2018-02-07 20:54:13.974 [main] ServiceBinding - Overriding existing service binding [org.hibernate.secure.spi.JaccService]
[DEBUG] 2018-02-07 20:54:14.003 [main] RegionFactoryInitiator - Cache region factory : org.hibernate.cache.internal.NoCachingRegionFactory
[INFO ] 2018-02-07 20:54:14.014 [main] Version - HCANN000001: Hibernate Commons Annotations {5.0.1.Final}
[DEBUG] 2018-02-07 20:54:14.043 [main] BasicTypeRegistry - Adding type registration boolean -> org.hibernate.type.BooleanType@1807f5a7
[DEBUG] 2018-02-07 20:54:14.044 [main] BasicTypeRegistry - Adding type registration boolean -> org.hibernate.type.BooleanType@1807f5a7
[DEBUG] 2018-02-07 20:54:14.044 [main] BasicTypeRegistry - Adding type registration java.lang.Boolean -> org.hibernate.type.BooleanType@1807f5a7
[DEBUG] 2018-02-07 20:54:14.045 [main] BasicTypeRegistry - Adding type registration numeric_boolean -> org.hibernate.type.NumericBooleanType@7dfd3c81
[DEBUG] 2018-02-07 20:54:14.047 [main] BasicTypeRegistry - Adding type registration true_false -> org.hibernate.type.TrueFalseType@169bb4dd
[DEBUG] 2018-02-07 20:54:14.047 [main] BasicTypeRegistry - Adding type registration yes_no -> org.hibernate.type.YesNoType@d23e042
[DEBUG] 2018-02-07 20:54:14.049 [main] BasicTypeRegistry - Adding type registration byte -> org.hibernate.type.ByteType@2254127a
[DEBUG] 2018-02-07 20:54:14.050 [main] BasicTypeRegistry - Adding type registration byte -> org.hibernate.type.ByteType@2254127a
[DEBUG] 2018-02-07 20:54:14.050 [main] BasicTypeRegistry - Adding type registration java.lang.Byte -> org.hibernate.type.ByteType@2254127a
[DEBUG] 2018-02-07 20:54:14.052 [main] BasicTypeRegistry - Adding type registration character -> org.hibernate.type.CharacterType@14bdbc74
[DEBUG] 2018-02-07 20:54:14.052 [main] BasicTypeRegistry - Adding type registration char -> org.hibernate.type.CharacterType@14bdbc74
[DEBUG] 2018-02-07 20:54:14.052 [main] BasicTypeRegistry - Adding type registration java.lang.Character -> org.hibernate.type.CharacterType@14bdbc74
[DEBUG] 2018-02-07 20:54:14.054 [main] BasicTypeRegistry - Adding type registration short -> org.hibernate.type.ShortType@24c1b2d2
[DEBUG] 2018-02-07 20:54:14.054 [main] BasicTypeRegistry - Adding type registration short -> org.hibernate.type.ShortType@24c1b2d2
[DEBUG] 2018-02-07 20:54:14.054 [main] BasicTypeRegistry - Adding type registration java.lang.Short -> org.hibernate.type.ShortType@24c1b2d2
[DEBUG] 2018-02-07 20:54:14.056 [main] BasicTypeRegistry - Adding type registration integer -> org.hibernate.type.IntegerType@465232e9
[DEBUG] 2018-02-07 20:54:14.056 [main] BasicTypeRegistry - Adding type registration int -> org.hibernate.type.IntegerType@465232e9
[DEBUG] 2018-02-07 20:54:14.056 [main] BasicTypeRegistry - Adding type registration java.lang.Integer -> org.hibernate.type.IntegerType@465232e9
[DEBUG] 2018-02-07 20:54:14.058 [main] BasicTypeRegistry - Adding type registration long -> org.hibernate.type.LongType@5efa40fe
[DEBUG] 2018-02-07 20:54:14.059 [main] BasicTypeRegistry - Adding type registration long -> org.hibernate.type.LongType@5efa40fe
[DEBUG] 2018-02-07 20:54:14.059 [main] BasicTypeRegistry - Adding type registration java.lang.Long -> org.hibernate.type.LongType@5efa40fe
[DEBUG] 2018-02-07 20:54:14.062 [main] BasicTypeRegistry - Adding type registration float -> org.hibernate.type.FloatType@f58853c
[DEBUG] 2018-02-07 20:54:14.063 [main] BasicTypeRegistry - Adding type registration float -> org.hibernate.type.FloatType@f58853c
[DEBUG] 2018-02-07 20:54:14.063 [main] BasicTypeRegistry - Adding type registration java.lang.Float -> org.hibernate.type.FloatType@f58853c
[DEBUG] 2018-02-07 20:54:14.066 [main] BasicTypeRegistry - Adding type registration double -> org.hibernate.type.DoubleType@13d73f29
[DEBUG] 2018-02-07 20:54:14.066 [main] BasicTypeRegistry - Adding type registration double -> org.hibernate.type.DoubleType@13d73f29
[DEBUG] 2018-02-07 20:54:14.066 [main] BasicTypeRegistry - Adding type registration java.lang.Double -> org.hibernate.type.DoubleType@13d73f29
[DEBUG] 2018-02-07 20:54:14.068 [main] BasicTypeRegistry - Adding type registration big_decimal -> org.hibernate.type.BigDecimalType@6d5620ce
[DEBUG] 2018-02-07 20:54:14.068 [main] BasicTypeRegistry - Adding type registration java.math.BigDecimal -> org.hibernate.type.BigDecimalType@6d5620ce
[DEBUG] 2018-02-07 20:54:14.070 [main] BasicTypeRegistry - Adding type registration big_integer -> org.hibernate.type.BigIntegerType@4f49f6af
[DEBUG] 2018-02-07 20:54:14.070 [main] BasicTypeRegistry - Adding type registration java.math.BigInteger -> org.hibernate.type.BigIntegerType@4f49f6af
[DEBUG] 2018-02-07 20:54:14.072 [main] BasicTypeRegistry - Adding type registration string -> org.hibernate.type.StringType@15d49048
[DEBUG] 2018-02-07 20:54:14.072 [main] BasicTypeRegistry - Adding type registration java.lang.String -> org.hibernate.type.StringType@15d49048
[DEBUG] 2018-02-07 20:54:14.073 [main] BasicTypeRegistry - Adding type registration nstring -> org.hibernate.type.StringNVarcharType@17503f6b
[DEBUG] 2018-02-07 20:54:14.074 [main] BasicTypeRegistry - Adding type registration ncharacter -> org.hibernate.type.CharacterNCharType@730d2164
[DEBUG] 2018-02-07 20:54:14.075 [main] BasicTypeRegistry - Adding type registration url -> org.hibernate.type.UrlType@4ee203eb
[DEBUG] 2018-02-07 20:54:14.075 [main] BasicTypeRegistry - Adding type registration java.net.URL -> org.hibernate.type.UrlType@4ee203eb
[DEBUG] 2018-02-07 20:54:14.077 [main] BasicTypeRegistry - Adding type registration Duration -> org.hibernate.type.DurationType@769a1df5
[DEBUG] 2018-02-07 20:54:14.077 [main] BasicTypeRegistry - Adding type registration java.time.Duration -> org.hibernate.type.DurationType@769a1df5
[DEBUG] 2018-02-07 20:54:14.103 [main] BasicTypeRegistry - Adding type registration Instant -> org.hibernate.type.InstantType@2bdd8394
[DEBUG] 2018-02-07 20:54:14.103 [main] BasicTypeRegistry - Adding type registration java.time.Instant -> org.hibernate.type.InstantType@2bdd8394
[DEBUG] 2018-02-07 20:54:14.105 [main] BasicTypeRegistry - Adding type registration LocalDateTime -> org.hibernate.type.LocalDateTimeType@41488b16
[DEBUG] 2018-02-07 20:54:14.106 [main] BasicTypeRegistry - Adding type registration java.time.LocalDateTime -> org.hibernate.type.LocalDateTimeType@41488b16
[DEBUG] 2018-02-07 20:54:14.108 [main] BasicTypeRegistry - Adding type registration LocalDate -> org.hibernate.type.LocalDateType@16612a51
[DEBUG] 2018-02-07 20:54:14.108 [main] BasicTypeRegistry - Adding type registration java.time.LocalDate -> org.hibernate.type.LocalDateType@16612a51
[DEBUG] 2018-02-07 20:54:14.110 [main] BasicTypeRegistry - Adding type registration LocalTime -> org.hibernate.type.LocalTimeType@4b86805d
[DEBUG] 2018-02-07 20:54:14.110 [main] BasicTypeRegistry - Adding type registration java.time.LocalTime -> org.hibernate.type.LocalTimeType@4b86805d
[DEBUG] 2018-02-07 20:54:14.112 [main] BasicTypeRegistry - Adding type registration OffsetDateTime -> org.hibernate.type.OffsetDateTimeType@38af9828
[DEBUG] 2018-02-07 20:54:14.112 [main] BasicTypeRegistry - Adding type registration java.time.OffsetDateTime -> org.hibernate.type.OffsetDateTimeType@38af9828
[DEBUG] 2018-02-07 20:54:14.114 [main] BasicTypeRegistry - Adding type registration OffsetTime -> org.hibernate.type.OffsetTimeType@34129c78
[DEBUG] 2018-02-07 20:54:14.114 [main] BasicTypeRegistry - Adding type registration java.time.OffsetTime -> org.hibernate.type.OffsetTimeType@34129c78
[DEBUG] 2018-02-07 20:54:14.118 [main] BasicTypeRegistry - Adding type registration ZonedDateTime -> org.hibernate.type.ZonedDateTimeType@1cf56a1c
[DEBUG] 2018-02-07 20:54:14.118 [main] BasicTypeRegistry - Adding type registration java.time.ZonedDateTime -> org.hibernate.type.ZonedDateTimeType@1cf56a1c
[DEBUG] 2018-02-07 20:54:14.120 [main] BasicTypeRegistry - Adding type registration date -> org.hibernate.type.DateType@b86de0d
[DEBUG] 2018-02-07 20:54:14.120 [main] BasicTypeRegistry - Adding type registration java.sql.Date -> org.hibernate.type.DateType@b86de0d
[DEBUG] 2018-02-07 20:54:14.121 [main] BasicTypeRegistry - Adding type registration time -> org.hibernate.type.TimeType@4808bc9b
[DEBUG] 2018-02-07 20:54:14.122 [main] BasicTypeRegistry - Adding type registration java.sql.Time -> org.hibernate.type.TimeType@4808bc9b
[DEBUG] 2018-02-07 20:54:14.123 [main] BasicTypeRegistry - Adding type registration timestamp -> org.hibernate.type.TimestampType@72d6b3ba
[DEBUG] 2018-02-07 20:54:14.123 [main] BasicTypeRegistry - Adding type registration java.sql.Timestamp -> org.hibernate.type.TimestampType@72d6b3ba
[DEBUG] 2018-02-07 20:54:14.123 [main] BasicTypeRegistry - Adding type registration java.util.Date -> org.hibernate.type.TimestampType@72d6b3ba
[DEBUG] 2018-02-07 20:54:14.125 [main] BasicTypeRegistry - Adding type registration dbtimestamp -> org.hibernate.type.DbTimestampType@163370c2
[DEBUG] 2018-02-07 20:54:14.127 [main] BasicTypeRegistry - Adding type registration calendar -> org.hibernate.type.CalendarType@13d9cbf5
[DEBUG] 2018-02-07 20:54:14.127 [main] BasicTypeRegistry - Adding type registration java.util.Calendar -> org.hibernate.type.CalendarType@13d9cbf5
[DEBUG] 2018-02-07 20:54:14.127 [main] BasicTypeRegistry - Adding type registration java.util.GregorianCalendar -> org.hibernate.type.CalendarType@13d9cbf5
[DEBUG] 2018-02-07 20:54:14.128 [main] BasicTypeRegistry - Adding type registration calendar_date -> org.hibernate.type.CalendarDateType@c667f46
[DEBUG] 2018-02-07 20:54:14.129 [main] BasicTypeRegistry - Adding type registration locale -> org.hibernate.type.LocaleType@19b843ba
[DEBUG] 2018-02-07 20:54:14.130 [main] BasicTypeRegistry - Adding type registration java.util.Locale -> org.hibernate.type.LocaleType@19b843ba
[DEBUG] 2018-02-07 20:54:14.131 [main] BasicTypeRegistry - Adding type registration currency -> org.hibernate.type.CurrencyType@1ec9bd38
[DEBUG] 2018-02-07 20:54:14.131 [main] BasicTypeRegistry - Adding type registration java.util.Currency -> org.hibernate.type.CurrencyType@1ec9bd38
[DEBUG] 2018-02-07 20:54:14.132 [main] BasicTypeRegistry - Adding type registration timezone -> org.hibernate.type.TimeZoneType@928763c
[DEBUG] 2018-02-07 20:54:14.132 [main] BasicTypeRegistry - Adding type registration java.util.TimeZone -> org.hibernate.type.TimeZoneType@928763c
[DEBUG] 2018-02-07 20:54:14.133 [main] BasicTypeRegistry - Adding type registration class -> org.hibernate.type.ClassType@2f666ebb
[DEBUG] 2018-02-07 20:54:14.133 [main] BasicTypeRegistry - Adding type registration java.lang.Class -> org.hibernate.type.ClassType@2f666ebb
[DEBUG] 2018-02-07 20:54:14.135 [main] BasicTypeRegistry - Adding type registration uuid-binary -> org.hibernate.type.UUIDBinaryType@3b5fad2d
[DEBUG] 2018-02-07 20:54:14.135 [main] BasicTypeRegistry - Adding type registration java.util.UUID -> org.hibernate.type.UUIDBinaryType@3b5fad2d
[DEBUG] 2018-02-07 20:54:14.136 [main] BasicTypeRegistry - Adding type registration uuid-char -> org.hibernate.type.UUIDCharType@56dc1551
[DEBUG] 2018-02-07 20:54:14.137 [main] BasicTypeRegistry - Adding type registration binary -> org.hibernate.type.BinaryType@43015c69
[DEBUG] 2018-02-07 20:54:14.137 [main] BasicTypeRegistry - Adding type registration byte[] -> org.hibernate.type.BinaryType@43015c69
[DEBUG] 2018-02-07 20:54:14.137 [main] BasicTypeRegistry - Adding type registration [B -> org.hibernate.type.BinaryType@43015c69
[DEBUG] 2018-02-07 20:54:14.138 [main] BasicTypeRegistry - Adding type registration wrapper-binary -> org.hibernate.type.WrapperBinaryType@2415fc55
[DEBUG] 2018-02-07 20:54:14.138 [main] BasicTypeRegistry - Adding type registration Byte[] -> org.hibernate.type.WrapperBinaryType@2415fc55
[DEBUG] 2018-02-07 20:54:14.138 [main] BasicTypeRegistry - Adding type registration [Ljava.lang.Byte; -> org.hibernate.type.WrapperBinaryType@2415fc55
[DEBUG] 2018-02-07 20:54:14.139 [main] BasicTypeRegistry - Adding type registration row_version -> org.hibernate.type.RowVersionType@cd1e646
[DEBUG] 2018-02-07 20:54:14.140 [main] BasicTypeRegistry - Adding type registration image -> org.hibernate.type.ImageType@2bec854f
[DEBUG] 2018-02-07 20:54:14.141 [main] BasicTypeRegistry - Adding type registration characters -> org.hibernate.type.CharArrayType@205d38da
[DEBUG] 2018-02-07 20:54:14.141 [main] BasicTypeRegistry - Adding type registration char[] -> org.hibernate.type.CharArrayType@205d38da
[DEBUG] 2018-02-07 20:54:14.141 [main] BasicTypeRegistry - Adding type registration [C -> org.hibernate.type.CharArrayType@205d38da
[DEBUG] 2018-02-07 20:54:14.143 [main] BasicTypeRegistry - Adding type registration wrapper-characters -> org.hibernate.type.CharacterArrayType@48b67364
[DEBUG] 2018-02-07 20:54:14.143 [main] BasicTypeRegistry - Adding type registration [Ljava.lang.Character; -> org.hibernate.type.CharacterArrayType@48b67364
[DEBUG] 2018-02-07 20:54:14.143 [main] BasicTypeRegistry - Adding type registration Character[] -> org.hibernate.type.CharacterArrayType@48b67364
[DEBUG] 2018-02-07 20:54:14.146 [main] BasicTypeRegistry - Adding type registration text -> org.hibernate.type.TextType@44be0077
[DEBUG] 2018-02-07 20:54:14.147 [main] BasicTypeRegistry - Adding type registration ntext -> org.hibernate.type.NTextType@51a9ad5e
[DEBUG] 2018-02-07 20:54:14.151 [main] BasicTypeRegistry - Adding type registration blob -> org.hibernate.type.BlobType@3116c353
[DEBUG] 2018-02-07 20:54:14.151 [main] BasicTypeRegistry - Adding type registration java.sql.Blob -> org.hibernate.type.BlobType@3116c353
[DEBUG] 2018-02-07 20:54:14.151 [main] BasicTypeRegistry - Adding type registration materialized_blob -> org.hibernate.type.MaterializedBlobType@352ff4da
[DEBUG] 2018-02-07 20:54:14.156 [main] BasicTypeRegistry - Adding type registration clob -> org.hibernate.type.ClobType@1cb346ea
[DEBUG] 2018-02-07 20:54:14.156 [main] BasicTypeRegistry - Adding type registration java.sql.Clob -> org.hibernate.type.ClobType@1cb346ea
[DEBUG] 2018-02-07 20:54:14.207 [main] BasicTypeRegistry - Adding type registration nclob -> org.hibernate.type.NClobType@62833051
[DEBUG] 2018-02-07 20:54:14.207 [main] BasicTypeRegistry - Adding type registration java.sql.NClob -> org.hibernate.type.NClobType@62833051
[DEBUG] 2018-02-07 20:54:14.208 [main] BasicTypeRegistry - Adding type registration materialized_clob -> org.hibernate.type.MaterializedClobType@5d99c6b5
[DEBUG] 2018-02-07 20:54:14.210 [main] BasicTypeRegistry - Adding type registration materialized_nclob -> org.hibernate.type.MaterializedNClobType@24c4ddae
[DEBUG] 2018-02-07 20:54:14.212 [main] BasicTypeRegistry - Adding type registration serializable -> org.hibernate.type.SerializableType@4e07b95f
[DEBUG] 2018-02-07 20:54:14.218 [main] BasicTypeRegistry - Adding type registration object -> org.hibernate.type.ObjectType@26df6e3a
[DEBUG] 2018-02-07 20:54:14.218 [main] BasicTypeRegistry - Adding type registration java.lang.Object -> org.hibernate.type.ObjectType@26df6e3a
[DEBUG] 2018-02-07 20:54:14.218 [main] BasicTypeRegistry - Adding type registration imm_date -> org.hibernate.type.AdaptedImmutableType@f14a7d4
[DEBUG] 2018-02-07 20:54:14.218 [main] BasicTypeRegistry - Adding type registration imm_time -> org.hibernate.type.AdaptedImmutableType@52e7a6b2
[DEBUG] 2018-02-07 20:54:14.218 [main] BasicTypeRegistry - Adding type registration imm_timestamp -> org.hibernate.type.AdaptedImmutableType@29a5f4e7
[DEBUG] 2018-02-07 20:54:14.218 [main] BasicTypeRegistry - Adding type registration imm_dbtimestamp -> org.hibernate.type.AdaptedImmutableType@79c97cb
[DEBUG] 2018-02-07 20:54:14.218 [main] BasicTypeRegistry - Adding type registration imm_calendar -> org.hibernate.type.AdaptedImmutableType@2d9caaeb
[DEBUG] 2018-02-07 20:54:14.219 [main] BasicTypeRegistry - Adding type registration imm_calendar_date -> org.hibernate.type.AdaptedImmutableType@42a15bdc
[DEBUG] 2018-02-07 20:54:14.219 [main] BasicTypeRegistry - Adding type registration imm_binary -> org.hibernate.type.AdaptedImmutableType@44a59da3
[DEBUG] 2018-02-07 20:54:14.219 [main] BasicTypeRegistry - Adding type registration imm_serializable -> org.hibernate.type.AdaptedImmutableType@27e47833
[INFO ] 2018-02-07 20:54:14.232 [main] C3P0ConnectionProvider - HHH010002: C3P0 using driver: com.mysql.jdbc.Driver at URL: jdbc:mysql://localhost:3306/test_sample
[INFO ] 2018-02-07 20:54:14.233 [main] C3P0ConnectionProvider - HHH10001001: Connection properties: {user=root, password=****}
[INFO ] 2018-02-07 20:54:14.234 [main] C3P0ConnectionProvider - HHH10001003: Autocommit mode: false
[INFO ] 2018-02-07 20:54:14.431 [main] C3P0ConnectionProvider - HHH10001007: JDBC isolation level: <unknown>
[DEBUG] 2018-02-07 20:54:14.899 [main] JdbcEnvironmentInitiator - Database ->
       name : MySQL
    version : 5.7.21
      major : 5
      minor : 7
[DEBUG] 2018-02-07 20:54:14.900 [main] JdbcEnvironmentInitiator - Driver ->
       name : MySQL Connector Java
    version : mysql-connector-java-5.1.39 ( Revision: 3289a357af6d09ecc1a10fd3c26e95183e5790ad )
      major : 5
      minor : 1
[DEBUG] 2018-02-07 20:54:14.901 [main] JdbcEnvironmentInitiator - JDBC version : 4.0
[INFO ] 2018-02-07 20:54:14.920 [main] Dialect - HHH000400: Using dialect: org.hibernate.dialect.MySQL5Dialect
[DEBUG] 2018-02-07 20:54:14.962 [main] IdentifierHelperBuilder - JDBC driver metadata reported database stores quoted identifiers in more than one case
[DEBUG] 2018-02-07 20:54:14.963 [main] IdentifierHelperBuilder - IdentifierCaseStrategy for both quoted and unquoted identifiers was set to the same strategy [MIXED]; that will likely lead to problems in schema update and validation if using quoted identifiers
[DEBUG] 2018-02-07 20:54:15.021 [main] DefaultIdentifierGeneratorFactory - Registering IdentifierGenerator strategy [uuid2] -> [org.hibernate.id.UUIDGenerator]
[DEBUG] 2018-02-07 20:54:15.021 [main] DefaultIdentifierGeneratorFactory - Registering IdentifierGenerator strategy [guid] -> [org.hibernate.id.GUIDGenerator]
[DEBUG] 2018-02-07 20:54:15.022 [main] DefaultIdentifierGeneratorFactory - Registering IdentifierGenerator strategy [uuid] -> [org.hibernate.id.UUIDHexGenerator]
[DEBUG] 2018-02-07 20:54:15.022 [main] DefaultIdentifierGeneratorFactory - Registering IdentifierGenerator strategy [uuid.hex] -> [org.hibernate.id.UUIDHexGenerator]
[DEBUG] 2018-02-07 20:54:15.022 [main] DefaultIdentifierGeneratorFactory - Registering IdentifierGenerator strategy [assigned] -> [org.hibernate.id.Assigned]
[DEBUG] 2018-02-07 20:54:15.023 [main] DefaultIdentifierGeneratorFactory - Registering IdentifierGenerator strategy [identity] -> [org.hibernate.id.IdentityGenerator]
[DEBUG] 2018-02-07 20:54:15.024 [main] DefaultIdentifierGeneratorFactory - Registering IdentifierGenerator strategy [select] -> [org.hibernate.id.SelectGenerator]
[DEBUG] 2018-02-07 20:54:15.025 [main] DefaultIdentifierGeneratorFactory - Registering IdentifierGenerator strategy [sequence] -> [org.hibernate.id.enhanced.SequenceStyleGenerator]
[DEBUG] 2018-02-07 20:54:15.026 [main] DefaultIdentifierGeneratorFactory - Registering IdentifierGenerator strategy [seqhilo] -> [org.hibernate.id.SequenceHiLoGenerator]
[DEBUG] 2018-02-07 20:54:15.026 [main] DefaultIdentifierGeneratorFactory - Registering IdentifierGenerator strategy [increment] -> [org.hibernate.id.IncrementGenerator]
[DEBUG] 2018-02-07 20:54:15.027 [main] DefaultIdentifierGeneratorFactory - Registering IdentifierGenerator strategy [foreign] -> [org.hibernate.id.ForeignGenerator]
[DEBUG] 2018-02-07 20:54:15.027 [main] DefaultIdentifierGeneratorFactory - Registering IdentifierGenerator strategy [sequence-identity] -> [org.hibernate.id.SequenceIdentityGenerator]
[DEBUG] 2018-02-07 20:54:15.027 [main] DefaultIdentifierGeneratorFactory - Registering IdentifierGenerator strategy [enhanced-sequence] -> [org.hibernate.id.enhanced.SequenceStyleGenerator]
[DEBUG] 2018-02-07 20:54:15.028 [main] DefaultIdentifierGeneratorFactory - Registering IdentifierGenerator strategy [enhanced-table] -> [org.hibernate.id.enhanced.TableGenerator]
[DEBUG] 2018-02-07 20:54:15.072 [main] Namespace - Created database namespace [logicalName=Name{catalog=null, schema=null}, physicalName=Name{catalog=null, schema=null}]
[DEBUG] 2018-02-07 20:54:15.125 [main] AnnotationBinder - Binding entity from annotated class: edu.matc.entity.User
[DEBUG] 2018-02-07 20:54:15.157 [main] Ejb3Column - Binding column: Ejb3DiscriminatorColumn{logicalColumnName'DTYPE', discriminatorTypeName='string'}
[DEBUG] 2018-02-07 20:54:15.162 [main] EntityBinder - Import with entity name User
[DEBUG] 2018-02-07 20:54:15.165 [main] EntityBinder - Bind entity edu.matc.entity.User on table users
[DEBUG] 2018-02-07 20:54:15.195 [main] Ejb3Column - Binding column: Ejb3Column{table=org.hibernate.mapping.Table(users), mappingColumn=id, insertable=true, updatable=true, unique=false}
[DEBUG] 2018-02-07 20:54:15.199 [main] PropertyBinder - MetadataSourceProcessor property id with lazy=false
[DEBUG] 2018-02-07 20:54:15.201 [main] AbstractPropertyHolder - Attempting to locate auto-apply AttributeConverter for property [edu.matc.entity.User:id]
[DEBUG] 2018-02-07 20:54:15.203 [main] SimpleValueBinder - building SimpleValue for id
[DEBUG] 2018-02-07 20:54:15.205 [main] PropertyBinder - Building property id
[DEBUG] 2018-02-07 20:54:15.213 [main] Ejb3Column - Binding column: Ejb3Column{table=org.hibernate.mapping.Table(users), mappingColumn=first_name, insertable=true, updatable=true, unique=false}
[DEBUG] 2018-02-07 20:54:15.213 [main] PropertyBinder - MetadataSourceProcessor property firstName with lazy=false
[DEBUG] 2018-02-07 20:54:15.213 [main] AbstractPropertyHolder - Attempting to locate auto-apply AttributeConverter for property [edu.matc.entity.User:firstName]
[DEBUG] 2018-02-07 20:54:15.213 [main] SimpleValueBinder - building SimpleValue for firstName
[DEBUG] 2018-02-07 20:54:15.213 [main] PropertyBinder - Building property firstName
[DEBUG] 2018-02-07 20:54:15.213 [main] Ejb3Column - Binding column: Ejb3Column{table=org.hibernate.mapping.Table(users), mappingColumn=last_name, insertable=true, updatable=true, unique=false}
[DEBUG] 2018-02-07 20:54:15.213 [main] PropertyBinder - MetadataSourceProcessor property lastName with lazy=false
[DEBUG] 2018-02-07 20:54:15.214 [main] AbstractPropertyHolder - Attempting to locate auto-apply AttributeConverter for property [edu.matc.entity.User:lastName]
[DEBUG] 2018-02-07 20:54:15.214 [main] SimpleValueBinder - building SimpleValue for lastName
[DEBUG] 2018-02-07 20:54:15.214 [main] PropertyBinder - Building property lastName
[DEBUG] 2018-02-07 20:54:15.218 [main] SimpleValueBinder - Starting fillSimpleValue for id
[DEBUG] 2018-02-07 20:54:15.218 [main] SimpleValueBinder - Starting fillSimpleValue for firstName
[DEBUG] 2018-02-07 20:54:15.218 [main] SimpleValueBinder - Starting fillSimpleValue for lastName
[DEBUG] 2018-02-07 20:54:15.220 [main] PrimaryKey - Forcing column [id] to be non-null as it is part of the primary key for table [users]
[DEBUG] 2018-02-07 20:54:15.276 [main] SessionFactoryImpl - Building session factory
[DEBUG] 2018-02-07 20:54:15.277 [main] Settings - SessionFactory name : null
[DEBUG] 2018-02-07 20:54:15.277 [main] Settings - Automatic flush during beforeCompletion(): enabled
[DEBUG] 2018-02-07 20:54:15.277 [main] Settings - Automatic session close at end of transaction: disabled
[DEBUG] 2018-02-07 20:54:15.277 [main] Settings - Statistics: disabled
[DEBUG] 2018-02-07 20:54:15.277 [main] Settings - Deleted entity synthetic identifier rollback: disabled
[DEBUG] 2018-02-07 20:54:15.277 [main] Settings - Default entity-mode: pojo
[DEBUG] 2018-02-07 20:54:15.277 [main] Settings - Check Nullability in Core (should be disabled when Bean Validation is on): enabled
[DEBUG] 2018-02-07 20:54:15.277 [main] Settings - Allow initialization of lazy state outside session : disabled
[DEBUG] 2018-02-07 20:54:15.277 [main] Settings - Using BatchFetchStyle : LEGACY
[DEBUG] 2018-02-07 20:54:15.277 [main] Settings - Default batch fetch size: -1
[DEBUG] 2018-02-07 20:54:15.277 [main] Settings - Maximum outer join fetch depth: 2
[DEBUG] 2018-02-07 20:54:15.277 [main] Settings - Default null ordering: NONE
[DEBUG] 2018-02-07 20:54:15.277 [main] Settings - Order SQL updates by primary key: disabled
[DEBUG] 2018-02-07 20:54:15.277 [main] Settings - Order SQL inserts for batching: disabled
[DEBUG] 2018-02-07 20:54:15.277 [main] Settings - multi-tenancy strategy : NONE
[DEBUG] 2018-02-07 20:54:15.278 [main] Settings - JTA Track by Thread: enabled
[DEBUG] 2018-02-07 20:54:15.278 [main] Settings - Query language substitutions: {}
[DEBUG] 2018-02-07 20:54:15.278 [main] Settings - JPA query language strict compliance: disabled
[DEBUG] 2018-02-07 20:54:15.278 [main] Settings - Named query checking : enabled
[DEBUG] 2018-02-07 20:54:15.278 [main] Settings - Second-level cache: enabled
[DEBUG] 2018-02-07 20:54:15.278 [main] Settings - Second-level query cache: disabled
[DEBUG] 2018-02-07 20:54:15.278 [main] Settings - Second-level query cache factory: org.hibernate.cache.internal.StandardQueryCacheFactory@6d0b5baf
[DEBUG] 2018-02-07 20:54:15.278 [main] Settings - Second-level cache region prefix: null
[DEBUG] 2018-02-07 20:54:15.278 [main] Settings - Optimize second-level cache for minimal puts: disabled
[DEBUG] 2018-02-07 20:54:15.278 [main] Settings - Structured second-level cache entries: disabled
[DEBUG] 2018-02-07 20:54:15.278 [main] Settings - Second-level cache direct-reference entries: disabled
[DEBUG] 2018-02-07 20:54:15.278 [main] Settings - Automatic eviction of collection cache: disabled
[DEBUG] 2018-02-07 20:54:15.278 [main] Settings - JDBC batch size: 15
[DEBUG] 2018-02-07 20:54:15.278 [main] Settings - JDBC batch updates for versioned data: enabled
[DEBUG] 2018-02-07 20:54:15.278 [main] Settings - Scrollable result sets: enabled
[DEBUG] 2018-02-07 20:54:15.278 [main] Settings - Wrap result sets: disabled
[DEBUG] 2018-02-07 20:54:15.278 [main] Settings - JDBC3 getGeneratedKeys(): enabled
[DEBUG] 2018-02-07 20:54:15.279 [main] Settings - JDBC result set fetch size: null
[DEBUG] 2018-02-07 20:54:15.279 [main] Settings - Connection release mode: AFTER_TRANSACTION
[DEBUG] 2018-02-07 20:54:15.279 [main] Settings - Generate SQL with comments: disabled
[DEBUG] 2018-02-07 20:54:15.382 [main] SessionFactoryImpl - Session factory constructed with filter configurations : {}
[DEBUG] 2018-02-07 20:54:15.382 [main] SessionFactoryImpl - Instantiating session factory with properties: {gopherProxySet=false, awt.toolkit=sun.lwawt.macosx.LWCToolkit, file.encoding.pkg=sun.io, java.specification.version=1.8, hibernate.c3p0.idle_test_period=3000, sun.cpu.isalist=, sun.jnu.encoding=UTF-8, hibernate.c3p0.min_size=5, java.class.path=/Applications/IntelliJ IDEA.app/Contents/lib/idea_rt.jar:/Applications/IntelliJ IDEA.app/Contents/plugins/junit/lib/junit-rt.jar:/Applications/IntelliJ IDEA.app/Contents/plugins/junit/lib/junit5-rt.jar:/Library/Java/JavaVirtualMachines/jdk1.8.0_162.jdk/Contents/Home/jre/lib/charsets.jar:/Library/Java/JavaVirtualMachines/jdk1.8.0_162.jdk/Contents/Home/jre/lib/deploy.jar:/Library/Java/JavaVirtualMachines/jdk1.8.0_162.jdk/Contents/Home/jre/lib/ext/cldrdata.jar:/Library/Java/JavaVirtualMachines/jdk1.8.0_162.jdk/Contents/Home/jre/lib/ext/dnsns.jar:/Library/Java/JavaVirtualMachines/jdk1.8.0_162.jdk/Contents/Home/jre/lib/ext/jaccess.jar:/Library/Java/JavaVirtualMachines/jdk1.8.0_162.jdk/Contents/Home/jre/lib/ext/jfxrt.jar:/Library/Java/JavaVirtualMachines/jdk1.8.0_162.jdk/Contents/Home/jre/lib/ext/localedata.jar:/Library/Java/JavaVirtualMachines/jdk1.8.0_162.jdk/Contents/Home/jre/lib/ext/nashorn.jar:/Library/Java/JavaVirtualMachines/jdk1.8.0_162.jdk/Contents/Home/jre/lib/ext/sunec.jar:/Library/Java/JavaVirtualMachines/jdk1.8.0_162.jdk/Contents/Home/jre/lib/ext/sunjce_provider.jar:/Library/Java/JavaVirtualMachines/jdk1.8.0_162.jdk/Contents/Home/jre/lib/ext/sunpkcs11.jar:/Library/Java/JavaVirtualMachines/jdk1.8.0_162.jdk/Contents/Home/jre/lib/ext/zipfs.jar:/Library/Java/JavaVirtualMachines/jdk1.8.0_162.jdk/Contents/Home/jre/lib/javaws.jar:/Library/Java/JavaVirtualMachines/jdk1.8.0_162.jdk/Contents/Home/jre/lib/jce.jar:/Library/Java/JavaVirtualMachines/jdk1.8.0_162.jdk/Contents/Home/jre/lib/jfr.jar:/Library/Java/JavaVirtualMachines/jdk1.8.0_162.jdk/Contents/Home/jre/lib/jfxswt.jar:/Library/Java/JavaVirtualMachines/jdk1.8.0_162.jdk/Contents/Home/jre/lib/jsse.jar:/Library/Java/JavaVirtualMachines/jdk1.8.0_162.jdk/Contents/Home/jre/lib/management-agent.jar:/Library/Java/JavaVirtualMachines/jdk1.8.0_162.jdk/Contents/Home/jre/lib/plugin.jar:/Library/Java/JavaVirtualMachines/jdk1.8.0_162.jdk/Contents/Home/jre/lib/resources.jar:/Library/Java/JavaVirtualMachines/jdk1.8.0_162.jdk/Contents/Home/jre/lib/rt.jar:/Library/Java/JavaVirtualMachines/jdk1.8.0_162.jdk/Contents/Home/lib/ant-javafx.jar:/Library/Java/JavaVirtualMachines/jdk1.8.0_162.jdk/Contents/Home/lib/dt.jar:/Library/Java/JavaVirtualMachines/jdk1.8.0_162.jdk/Contents/Home/lib/javafx-mx.jar:/Library/Java/JavaVirtualMachines/jdk1.8.0_162.jdk/Contents/Home/lib/jconsole.jar:/Library/Java/JavaVirtualMachines/jdk1.8.0_162.jdk/Contents/Home/lib/packager.jar:/Library/Java/JavaVirtualMachines/jdk1.8.0_162.jdk/Contents/Home/lib/sa-jdi.jar:/Library/Java/JavaVirtualMachines/jdk1.8.0_162.jdk/Contents/Home/lib/tools.jar:/Users/nicolesteck/IdeaProjects/IndividualProject/target/test-classes:/Users/nicolesteck/IdeaProjects/IndividualProject/target/classes:/Users/nicolesteck/.m2/repository/org/junit/jupiter/junit-jupiter-engine/5.0.0/junit-jupiter-engine-5.0.0.jar:/Users/nicolesteck/.m2/repository/org/apiguardian/apiguardian-api/1.0.0/apiguardian-api-1.0.0.jar:/Users/nicolesteck/.m2/repository/org/junit/platform/junit-platform-engine/1.0.0/junit-platform-engine-1.0.0.jar:/Users/nicolesteck/.m2/repository/org/junit/platform/junit-platform-commons/1.0.0/junit-platform-commons-1.0.0.jar:/Users/nicolesteck/.m2/repository/org/opentest4j/opentest4j/1.0.0/opentest4j-1.0.0.jar:/Users/nicolesteck/.m2/repository/org/junit/jupiter/junit-jupiter-api/5.0.0/junit-jupiter-api-5.0.0.jar:/Users/nicolesteck/.m2/repository/junit/junit/4.12/junit-4.12.jar:/Users/nicolesteck/.m2/repository/org/hamcrest/hamcrest-core/1.3/hamcrest-core-1.3.jar:/Users/nicolesteck/.m2/repository/org/junit/platform/junit-platform-runner/1.0.0/junit-platform-runner-1.0.0.jar:/Users/nicolesteck/.m2/repository/org/junit/platform/junit-platform-launcher/1.0.0/junit-platform-launcher-1.0.0.jar:/Users/nicolesteck/.m2/repository/org/junit/platform/junit-platform-suite-api/1.0.0/junit-platform-suite-api-1.0.0.jar:/Users/nicolesteck/.m2/repository/org/junit/vintage/junit-vintage-engine/4.12.0/junit-vintage-engine-4.12.0.jar:/Users/nicolesteck/.m2/repository/javax/javaee-web-api/7.0/javaee-web-api-7.0.jar:/Users/nicolesteck/.m2/repository/org/apache/logging/log4j/log4j-api/2.10.0/log4j-api-2.10.0.jar:/Users/nicolesteck/.m2/repository/org/apache/logging/log4j/log4j-core/2.10.0/log4j-core-2.10.0.jar:/Users/nicolesteck/.m2/repository/org/hibernate/hibernate-core/5.2.12.Final/hibernate-core-5.2.12.Final.jar:/Users/nicolesteck/.m2/repository/org/jboss/logging/jboss-logging/3.3.0.Final/jboss-logging-3.3.0.Final.jar:/Users/nicolesteck/.m2/repository/org/hibernate/javax/persistence/hibernate-jpa-2.1-api/1.0.0.Final/hibernate-jpa-2.1-api-1.0.0.Final.jar:/Users/nicolesteck/.m2/repository/org/javassist/javassist/3.20.0-GA/javassist-3.20.0-GA.jar:/Users/nicolesteck/.m2/repository/antlr/antlr/2.7.7/antlr-2.7.7.jar:/Users/nicolesteck/.m2/repository/org/jboss/spec/javax/transaction/jboss-transaction-api_1.2_spec/1.0.1.Final/jboss-transaction-api_1.2_spec-1.0.1.Final.jar:/Users/nicolesteck/.m2/repository/org/jboss/jandex/2.0.3.Final/jandex-2.0.3.Final.jar:/Users/nicolesteck/.m2/repository/com/fasterxml/classmate/1.3.0/classmate-1.3.0.jar:/Users/nicolesteck/.m2/repository/dom4j/dom4j/1.6.1/dom4j-1.6.1.jar:/Users/nicolesteck/.m2/repository/org/hibernate/common/hibernate-commons-annotations/5.0.1.Final/hibernate-commons-annotations-5.0.1.Final.jar:/Users/nicolesteck/.m2/repository/org/hibernate/hibernate-c3p0/5.2.12.Final/hibernate-c3p0-5.2.12.Final.jar:/Users/nicolesteck/.m2/repository/com/mchange/c3p0/0.9.5.2/c3p0-0.9.5.2.jar:/Users/nicolesteck/.m2/repository/com/mchange/mchange-commons-java/0.2.11/mchange-commons-java-0.2.11.jar:/Users/nicolesteck/.m2/repository/mysql/mysql-connector-java/5.1.39/mysql-connector-java-5.1.39.jar:/Users/nicolesteck/.m2/repository/jstl/jstl/1.2/jstl-1.2.jar:/Users/nicolesteck/.m2/repository/javax/servlet/jstl/1.2/jstl-1.2.jar:/Applications/IntelliJ IDEA.app/Contents/lib/idea_rt.jar, java.vm.vendor=Oracle Corporation, sun.arch.data.model=64, idea.test.cyclic.buffer.size=1048576, java.vendor.url=http://java.oracle.com/, user.timezone=America/Chicago, os.name=Mac OS X, java.vm.specification.version=1.8, user.country=US, sun.java.launcher=SUN_STANDARD, sun.boot.library.path=/Library/Java/JavaVirtualMachines/jdk1.8.0_162.jdk/Contents/Home/jre/lib, sun.java.command=com.intellij.rt.execution.junit.JUnitStarter -ideVersion5 -junit5 edu.matc.persistence.UserDaoTest,getByPropertyLike, http.nonProxyHosts=local|*.local|169.254/16|*.169.254/16, sun.cpu.endian=little, hibernate.c3p0.max_statements=50, user.home=/Users/nicolesteck, user.language=en, java.specification.vendor=Oracle Corporation, java.home=/Library/Java/JavaVirtualMachines/jdk1.8.0_162.jdk/Contents/Home/jre, file.separator=/, line.separator=
, hibernate.c3p0.timeout=300, java.vm.specification.vendor=Oracle Corporation, java.specification.name=Java Platform API Specification, java.awt.graphicsenv=sun.awt.CGraphicsEnvironment, sun.boot.class.path=/Library/Java/JavaVirtualMachines/jdk1.8.0_162.jdk/Contents/Home/jre/lib/resources.jar:/Library/Java/JavaVirtualMachines/jdk1.8.0_162.jdk/Contents/Home/jre/lib/rt.jar:/Library/Java/JavaVirtualMachines/jdk1.8.0_162.jdk/Contents/Home/jre/lib/sunrsasign.jar:/Library/Java/JavaVirtualMachines/jdk1.8.0_162.jdk/Contents/Home/jre/lib/jsse.jar:/Library/Java/JavaVirtualMachines/jdk1.8.0_162.jdk/Contents/Home/jre/lib/jce.jar:/Library/Java/JavaVirtualMachines/jdk1.8.0_162.jdk/Contents/Home/jre/lib/charsets.jar:/Library/Java/JavaVirtualMachines/jdk1.8.0_162.jdk/Contents/Home/jre/lib/jfr.jar:/Library/Java/JavaVirtualMachines/jdk1.8.0_162.jdk/Contents/Home/jre/classes, connection.password=password, sun.management.compiler=HotSpot 64-Bit Tiered Compilers, hibernate.c3p0.max_size=20, ftp.nonProxyHosts=local|*.local|169.254/16|*.169.254/16, java.runtime.version=1.8.0_162-b12, user.name=nicolesteck, path.separator=:, hibernate.connection.username=root, os.version=10.13.2, java.endorsed.dirs=/Library/Java/JavaVirtualMachines/jdk1.8.0_162.jdk/Contents/Home/jre/lib/endorsed, java.runtime.name=Java(TM) SE Runtime Environment, hibernate.connection.url=jdbc:mysql://localhost:3306/test_sample, file.encoding=UTF-8, java.vm.name=Java HotSpot(TM) 64-Bit Server VM, hibernate.connection.driver_class=com.mysql.jdbc.Driver, java.vendor.url.bug=http://bugreport.sun.com/bugreport/, java.io.tmpdir=/var/folders/cm/7hr4w3956s376pt6xd4jsb3m0000gn/T/, java.version=1.8.0_162, user.dir=/Users/nicolesteck/IdeaProjects/IndividualProject, os.arch=x86_64, connection.username=root, java.vm.specification.name=Java Virtual Machine Specification, hibernate.connection.password=****, java.awt.printerjob=sun.lwawt.macosx.CPrinterJob, sun.os.patch.level=unknown, connection.driver_class=com.mysql.jdbc.Driver, hibernate.boot.CfgXmlAccessService.key=org.hibernate.boot.cfgxml.spi.LoadedConfig@770d4269, java.library.path=/Users/nicolesteck/Library/Java/Extensions:/Library/Java/Extensions:/Network/Library/Java/Extensions:/System/Library/Java/Extensions:/usr/lib/java:., java.vm.info=mixed mode, java.vendor=Oracle Corporation, java.vm.version=25.162-b12, hibernate.bytecode.use_reflection_optimizer=false, java.ext.dirs=/Users/nicolesteck/Library/Java/Extensions:/Library/Java/JavaVirtualMachines/jdk1.8.0_162.jdk/Contents/Home/jre/lib/ext:/Library/Java/Extensions:/Network/Library/Java/Extensions:/System/Library/Java/Extensions:/usr/lib/java, sun.io.unicode.encoding=UnicodeBig, connection.url=jdbc:mysql://localhost:3306/test_sample, java.class.version=52.0, socksNonProxyHosts=local|*.local|169.254/16|*.169.254/16}
[DEBUG] 2018-02-07 20:54:15.402 [main] TypeSafeActivator - Unable to acquire Bean Validation ValidatorFactory, skipping activation
[DEBUG] 2018-02-07 20:54:15.402 [main] JaccIntegrator - Skipping JACC integration as it was not enabled
[DEBUG] 2018-02-07 20:54:15.403 [main] SessionFactoryImpl - Instantiated session factory
[DEBUG] 2018-02-07 20:54:15.475 [main] ClassLoaderAccessImpl - Not known whether passed class name [edu.matc.entity.User] is safe
[DEBUG] 2018-02-07 20:54:15.475 [main] ClassLoaderAccessImpl - No temp ClassLoader provided; using live ClassLoader for loading potentially unsafe class : edu.matc.entity.User
[DEBUG] 2018-02-07 20:54:15.494 [main] ClassLoaderAccessImpl - Not known whether passed class name [edu.matc.entity.User] is safe
[DEBUG] 2018-02-07 20:54:15.494 [main] ClassLoaderAccessImpl - No temp ClassLoader provided; using live ClassLoader for loading potentially unsafe class : edu.matc.entity.User
[DEBUG] 2018-02-07 20:54:15.597 [main] AbstractEntityPersister - Static SQL for entity: edu.matc.entity.User
[DEBUG] 2018-02-07 20:54:15.598 [main] AbstractEntityPersister -  Version select: select id from users where id =?
[DEBUG] 2018-02-07 20:54:15.598 [main] AbstractEntityPersister -  Snapshot select: select user_.id, user_.first_name as first_na2_0_, user_.last_name as last_nam3_0_ from users user_ where user_.id=?
[DEBUG] 2018-02-07 20:54:15.598 [main] AbstractEntityPersister -  Insert 0: insert into users (first_name, last_name, id) values (?, ?, ?)
[DEBUG] 2018-02-07 20:54:15.598 [main] AbstractEntityPersister -  Update 0: update users set first_name=?, last_name=? where id=?
[DEBUG] 2018-02-07 20:54:15.598 [main] AbstractEntityPersister -  Delete 0: delete from users where id=?
[DEBUG] 2018-02-07 20:54:15.598 [main] AbstractEntityPersister -  Identity insert: insert into users (first_name, last_name) values (?, ?)
[DEBUG] 2018-02-07 20:54:15.626 [main] QuerySpacesImpl - Adding QuerySpace : uid = <gen:0> -> org.hibernate.loader.plan.build.internal.spaces.EntityQuerySpaceImpl@6548bb7d]
[DEBUG] 2018-02-07 20:54:15.628 [main] MetamodelGraphWalker - Visiting attribute path : firstName
[DEBUG] 2018-02-07 20:54:15.628 [main] MetamodelGraphWalker - Visiting attribute path : lastName
[DEBUG] 2018-02-07 20:54:15.628 [main] FetchStyleLoadPlanBuildingAssociationVisitationStrategy - Building LoadPlan...
[DEBUG] 2018-02-07 20:54:15.646 [main] LoadQueryJoinAndFetchProcessor - processing queryspace <gen:0>
[DEBUG] 2018-02-07 20:54:15.651 [main] LoadPlanTreePrinter - LoadPlan(entity=edu.matc.entity.User)
    - Returns
       - EntityReturnImpl(entity=edu.matc.entity.User, querySpaceUid=<gen:0>, path=edu.matc.entity.User)
    - QuerySpaces
       - EntityQuerySpaceImpl(uid=<gen:0>, entity=edu.matc.entity.User)
          - SQL table alias mapping - user0_
          - alias suffix - 0_
          - suffixed key columns - {id1_0_0_}

[DEBUG] 2018-02-07 20:54:15.657 [main] EntityLoader - Static select for entity edu.matc.entity.User [NONE]: select user0_.id as id1_0_0_, user0_.first_name as first_na2_0_0_, user0_.last_name as last_nam3_0_0_ from users user0_ where user0_.id=?
[DEBUG] 2018-02-07 20:54:15.658 [main] QuerySpacesImpl - Adding QuerySpace : uid = <gen:0> -> org.hibernate.loader.plan.build.internal.spaces.EntityQuerySpaceImpl@4c432866]
[DEBUG] 2018-02-07 20:54:15.658 [main] MetamodelGraphWalker - Visiting attribute path : firstName
[DEBUG] 2018-02-07 20:54:15.658 [main] MetamodelGraphWalker - Visiting attribute path : lastName
[DEBUG] 2018-02-07 20:54:15.658 [main] FetchStyleLoadPlanBuildingAssociationVisitationStrategy - Building LoadPlan...
[DEBUG] 2018-02-07 20:54:15.658 [main] LoadQueryJoinAndFetchProcessor - processing queryspace <gen:0>
[DEBUG] 2018-02-07 20:54:15.659 [main] LoadPlanTreePrinter - LoadPlan(entity=edu.matc.entity.User)
    - Returns
       - EntityReturnImpl(entity=edu.matc.entity.User, querySpaceUid=<gen:0>, path=edu.matc.entity.User)
    - QuerySpaces
       - EntityQuerySpaceImpl(uid=<gen:0>, entity=edu.matc.entity.User)
          - SQL table alias mapping - user0_
          - alias suffix - 0_
          - suffixed key columns - {id1_0_0_}

[DEBUG] 2018-02-07 20:54:15.661 [main] EntityLoader - Static select for entity edu.matc.entity.User [READ]: select user0_.id as id1_0_0_, user0_.first_name as first_na2_0_0_, user0_.last_name as last_nam3_0_0_ from users user0_ where user0_.id=?
[DEBUG] 2018-02-07 20:54:15.662 [main] QuerySpacesImpl - Adding QuerySpace : uid = <gen:0> -> org.hibernate.loader.plan.build.internal.spaces.EntityQuerySpaceImpl@6105f8a3]
[DEBUG] 2018-02-07 20:54:15.662 [main] MetamodelGraphWalker - Visiting attribute path : firstName
[DEBUG] 2018-02-07 20:54:15.662 [main] MetamodelGraphWalker - Visiting attribute path : lastName
[DEBUG] 2018-02-07 20:54:15.662 [main] FetchStyleLoadPlanBuildingAssociationVisitationStrategy - Building LoadPlan...
[DEBUG] 2018-02-07 20:54:15.662 [main] LoadQueryJoinAndFetchProcessor - processing queryspace <gen:0>
[DEBUG] 2018-02-07 20:54:15.663 [main] LoadPlanTreePrinter - LoadPlan(entity=edu.matc.entity.User)
    - Returns
       - EntityReturnImpl(entity=edu.matc.entity.User, querySpaceUid=<gen:0>, path=edu.matc.entity.User)
    - QuerySpaces
       - EntityQuerySpaceImpl(uid=<gen:0>, entity=edu.matc.entity.User)
          - SQL table alias mapping - user0_
          - alias suffix - 0_
          - suffixed key columns - {id1_0_0_}

[DEBUG] 2018-02-07 20:54:15.663 [main] EntityLoader - Static select for entity edu.matc.entity.User [UPGRADE]: select user0_.id as id1_0_0_, user0_.first_name as first_na2_0_0_, user0_.last_name as last_nam3_0_0_ from users user0_ where user0_.id=? for update
[DEBUG] 2018-02-07 20:54:15.663 [main] QuerySpacesImpl - Adding QuerySpace : uid = <gen:0> -> org.hibernate.loader.plan.build.internal.spaces.EntityQuerySpaceImpl@77e2a6e2]
[DEBUG] 2018-02-07 20:54:15.663 [main] MetamodelGraphWalker - Visiting attribute path : firstName
[DEBUG] 2018-02-07 20:54:15.663 [main] MetamodelGraphWalker - Visiting attribute path : lastName
[DEBUG] 2018-02-07 20:54:15.663 [main] FetchStyleLoadPlanBuildingAssociationVisitationStrategy - Building LoadPlan...
[DEBUG] 2018-02-07 20:54:15.663 [main] LoadQueryJoinAndFetchProcessor - processing queryspace <gen:0>
[DEBUG] 2018-02-07 20:54:15.664 [main] LoadPlanTreePrinter - LoadPlan(entity=edu.matc.entity.User)
    - Returns
       - EntityReturnImpl(entity=edu.matc.entity.User, querySpaceUid=<gen:0>, path=edu.matc.entity.User)
    - QuerySpaces
       - EntityQuerySpaceImpl(uid=<gen:0>, entity=edu.matc.entity.User)
          - SQL table alias mapping - user0_
          - alias suffix - 0_
          - suffixed key columns - {id1_0_0_}

[DEBUG] 2018-02-07 20:54:15.664 [main] EntityLoader - Static select for entity edu.matc.entity.User [UPGRADE_NOWAIT]: select user0_.id as id1_0_0_, user0_.first_name as first_na2_0_0_, user0_.last_name as last_nam3_0_0_ from users user0_ where user0_.id=? for update
[DEBUG] 2018-02-07 20:54:15.664 [main] QuerySpacesImpl - Adding QuerySpace : uid = <gen:0> -> org.hibernate.loader.plan.build.internal.spaces.EntityQuerySpaceImpl@199e4c2b]
[DEBUG] 2018-02-07 20:54:15.664 [main] MetamodelGraphWalker - Visiting attribute path : firstName
[DEBUG] 2018-02-07 20:54:15.664 [main] MetamodelGraphWalker - Visiting attribute path : lastName
[DEBUG] 2018-02-07 20:54:15.664 [main] FetchStyleLoadPlanBuildingAssociationVisitationStrategy - Building LoadPlan...
[DEBUG] 2018-02-07 20:54:15.664 [main] LoadQueryJoinAndFetchProcessor - processing queryspace <gen:0>
[DEBUG] 2018-02-07 20:54:15.665 [main] LoadPlanTreePrinter - LoadPlan(entity=edu.matc.entity.User)
    - Returns
       - EntityReturnImpl(entity=edu.matc.entity.User, querySpaceUid=<gen:0>, path=edu.matc.entity.User)
    - QuerySpaces
       - EntityQuerySpaceImpl(uid=<gen:0>, entity=edu.matc.entity.User)
          - SQL table alias mapping - user0_
          - alias suffix - 0_
          - suffixed key columns - {id1_0_0_}

[DEBUG] 2018-02-07 20:54:15.665 [main] EntityLoader - Static select for entity edu.matc.entity.User [UPGRADE_SKIPLOCKED]: select user0_.id as id1_0_0_, user0_.first_name as first_na2_0_0_, user0_.last_name as last_nam3_0_0_ from users user0_ where user0_.id=? for update
[DEBUG] 2018-02-07 20:54:15.665 [main] QuerySpacesImpl - Adding QuerySpace : uid = <gen:0> -> org.hibernate.loader.plan.build.internal.spaces.EntityQuerySpaceImpl@64d7b720]
[DEBUG] 2018-02-07 20:54:15.665 [main] MetamodelGraphWalker - Visiting attribute path : firstName
[DEBUG] 2018-02-07 20:54:15.665 [main] MetamodelGraphWalker - Visiting attribute path : lastName
[DEBUG] 2018-02-07 20:54:15.665 [main] FetchStyleLoadPlanBuildingAssociationVisitationStrategy - Building LoadPlan...
[DEBUG] 2018-02-07 20:54:15.666 [main] LoadQueryJoinAndFetchProcessor - processing queryspace <gen:0>
[DEBUG] 2018-02-07 20:54:15.666 [main] LoadPlanTreePrinter - LoadPlan(entity=edu.matc.entity.User)
    - Returns
       - EntityReturnImpl(entity=edu.matc.entity.User, querySpaceUid=<gen:0>, path=edu.matc.entity.User)
    - QuerySpaces
       - EntityQuerySpaceImpl(uid=<gen:0>, entity=edu.matc.entity.User)
          - SQL table alias mapping - user0_
          - alias suffix - 0_
          - suffixed key columns - {id1_0_0_}

[DEBUG] 2018-02-07 20:54:15.666 [main] EntityLoader - Static select for entity edu.matc.entity.User [FORCE]: select user0_.id as id1_0_0_, user0_.first_name as first_na2_0_0_, user0_.last_name as last_nam3_0_0_ from users user0_ where user0_.id=? for update
[DEBUG] 2018-02-07 20:54:15.666 [main] QuerySpacesImpl - Adding QuerySpace : uid = <gen:0> -> org.hibernate.loader.plan.build.internal.spaces.EntityQuerySpaceImpl@5bb3d42d]
[DEBUG] 2018-02-07 20:54:15.666 [main] MetamodelGraphWalker - Visiting attribute path : firstName
[DEBUG] 2018-02-07 20:54:15.666 [main] MetamodelGraphWalker - Visiting attribute path : lastName
[DEBUG] 2018-02-07 20:54:15.666 [main] FetchStyleLoadPlanBuildingAssociationVisitationStrategy - Building LoadPlan...
[DEBUG] 2018-02-07 20:54:15.667 [main] LoadQueryJoinAndFetchProcessor - processing queryspace <gen:0>
[DEBUG] 2018-02-07 20:54:15.667 [main] LoadPlanTreePrinter - LoadPlan(entity=edu.matc.entity.User)
    - Returns
       - EntityReturnImpl(entity=edu.matc.entity.User, querySpaceUid=<gen:0>, path=edu.matc.entity.User)
    - QuerySpaces
       - EntityQuerySpaceImpl(uid=<gen:0>, entity=edu.matc.entity.User)
          - SQL table alias mapping - user0_
          - alias suffix - 0_
          - suffixed key columns - {id1_0_0_}

[DEBUG] 2018-02-07 20:54:15.667 [main] EntityLoader - Static select for entity edu.matc.entity.User [PESSIMISTIC_READ]: select user0_.id as id1_0_0_, user0_.first_name as first_na2_0_0_, user0_.last_name as last_nam3_0_0_ from users user0_ where user0_.id=? lock in share mode
[DEBUG] 2018-02-07 20:54:15.667 [main] QuerySpacesImpl - Adding QuerySpace : uid = <gen:0> -> org.hibernate.loader.plan.build.internal.spaces.EntityQuerySpaceImpl@2c1dc8e]
[DEBUG] 2018-02-07 20:54:15.667 [main] MetamodelGraphWalker - Visiting attribute path : firstName
[DEBUG] 2018-02-07 20:54:15.667 [main] MetamodelGraphWalker - Visiting attribute path : lastName
[DEBUG] 2018-02-07 20:54:15.668 [main] FetchStyleLoadPlanBuildingAssociationVisitationStrategy - Building LoadPlan...
[DEBUG] 2018-02-07 20:54:15.668 [main] LoadQueryJoinAndFetchProcessor - processing queryspace <gen:0>
[DEBUG] 2018-02-07 20:54:15.668 [main] LoadPlanTreePrinter - LoadPlan(entity=edu.matc.entity.User)
    - Returns
       - EntityReturnImpl(entity=edu.matc.entity.User, querySpaceUid=<gen:0>, path=edu.matc.entity.User)
    - QuerySpaces
       - EntityQuerySpaceImpl(uid=<gen:0>, entity=edu.matc.entity.User)
          - SQL table alias mapping - user0_
          - alias suffix - 0_
          - suffixed key columns - {id1_0_0_}

[DEBUG] 2018-02-07 20:54:15.668 [main] EntityLoader - Static select for entity edu.matc.entity.User [PESSIMISTIC_WRITE]: select user0_.id as id1_0_0_, user0_.first_name as first_na2_0_0_, user0_.last_name as last_nam3_0_0_ from users user0_ where user0_.id=? for update
[DEBUG] 2018-02-07 20:54:15.669 [main] QuerySpacesImpl - Adding QuerySpace : uid = <gen:0> -> org.hibernate.loader.plan.build.internal.spaces.EntityQuerySpaceImpl@4e7095ac]
[DEBUG] 2018-02-07 20:54:15.669 [main] MetamodelGraphWalker - Visiting attribute path : firstName
[DEBUG] 2018-02-07 20:54:15.669 [main] MetamodelGraphWalker - Visiting attribute path : lastName
[DEBUG] 2018-02-07 20:54:15.669 [main] FetchStyleLoadPlanBuildingAssociationVisitationStrategy - Building LoadPlan...
[DEBUG] 2018-02-07 20:54:15.669 [main] LoadQueryJoinAndFetchProcessor - processing queryspace <gen:0>
[DEBUG] 2018-02-07 20:54:15.669 [main] LoadPlanTreePrinter - LoadPlan(entity=edu.matc.entity.User)
    - Returns
       - EntityReturnImpl(entity=edu.matc.entity.User, querySpaceUid=<gen:0>, path=edu.matc.entity.User)
    - QuerySpaces
       - EntityQuerySpaceImpl(uid=<gen:0>, entity=edu.matc.entity.User)
          - SQL table alias mapping - user0_
          - alias suffix - 0_
          - suffixed key columns - {id1_0_0_}

[DEBUG] 2018-02-07 20:54:15.669 [main] EntityLoader - Static select for entity edu.matc.entity.User [PESSIMISTIC_FORCE_INCREMENT]: select user0_.id as id1_0_0_, user0_.first_name as first_na2_0_0_, user0_.last_name as last_nam3_0_0_ from users user0_ where user0_.id=? for update
[DEBUG] 2018-02-07 20:54:15.670 [main] QuerySpacesImpl - Adding QuerySpace : uid = <gen:0> -> org.hibernate.loader.plan.build.internal.spaces.EntityQuerySpaceImpl@29b732a2]
[DEBUG] 2018-02-07 20:54:15.670 [main] MetamodelGraphWalker - Visiting attribute path : firstName
[DEBUG] 2018-02-07 20:54:15.670 [main] MetamodelGraphWalker - Visiting attribute path : lastName
[DEBUG] 2018-02-07 20:54:15.670 [main] FetchStyleLoadPlanBuildingAssociationVisitationStrategy - Building LoadPlan...
[DEBUG] 2018-02-07 20:54:15.670 [main] LoadQueryJoinAndFetchProcessor - processing queryspace <gen:0>
[DEBUG] 2018-02-07 20:54:15.670 [main] LoadPlanTreePrinter - LoadPlan(entity=edu.matc.entity.User)
    - Returns
       - EntityReturnImpl(entity=edu.matc.entity.User, querySpaceUid=<gen:0>, path=edu.matc.entity.User)
    - QuerySpaces
       - EntityQuerySpaceImpl(uid=<gen:0>, entity=edu.matc.entity.User)
          - SQL table alias mapping - user0_
          - alias suffix - 0_
          - suffixed key columns - {id1_0_0_}

[DEBUG] 2018-02-07 20:54:15.671 [main] EntityLoader - Static select for entity edu.matc.entity.User [OPTIMISTIC]: select user0_.id as id1_0_0_, user0_.first_name as first_na2_0_0_, user0_.last_name as last_nam3_0_0_ from users user0_ where user0_.id=?
[DEBUG] 2018-02-07 20:54:15.671 [main] QuerySpacesImpl - Adding QuerySpace : uid = <gen:0> -> org.hibernate.loader.plan.build.internal.spaces.EntityQuerySpaceImpl@51671b08]
[DEBUG] 2018-02-07 20:54:15.671 [main] MetamodelGraphWalker - Visiting attribute path : firstName
[DEBUG] 2018-02-07 20:54:15.671 [main] MetamodelGraphWalker - Visiting attribute path : lastName
[DEBUG] 2018-02-07 20:54:15.671 [main] FetchStyleLoadPlanBuildingAssociationVisitationStrategy - Building LoadPlan...
[DEBUG] 2018-02-07 20:54:15.671 [main] LoadQueryJoinAndFetchProcessor - processing queryspace <gen:0>
[DEBUG] 2018-02-07 20:54:15.672 [main] LoadPlanTreePrinter - LoadPlan(entity=edu.matc.entity.User)
    - Returns
       - EntityReturnImpl(entity=edu.matc.entity.User, querySpaceUid=<gen:0>, path=edu.matc.entity.User)
    - QuerySpaces
       - EntityQuerySpaceImpl(uid=<gen:0>, entity=edu.matc.entity.User)
          - SQL table alias mapping - user0_
          - alias suffix - 0_
          - suffixed key columns - {id1_0_0_}

[DEBUG] 2018-02-07 20:54:15.672 [main] EntityLoader - Static select for entity edu.matc.entity.User [OPTIMISTIC_FORCE_INCREMENT]: select user0_.id as id1_0_0_, user0_.first_name as first_na2_0_0_, user0_.last_name as last_nam3_0_0_ from users user0_ where user0_.id=?
[DEBUG] 2018-02-07 20:54:15.691 [main] Loader - Static select for action ACTION_MERGE on entity edu.matc.entity.User: select user0_.id as id1_0_0_, user0_.first_name as first_na2_0_0_, user0_.last_name as last_nam3_0_0_ from users user0_ where user0_.id=?
[DEBUG] 2018-02-07 20:54:15.691 [main] Loader - Static select for action ACTION_REFRESH on entity edu.matc.entity.User: select user0_.id as id1_0_0_, user0_.first_name as first_na2_0_0_, user0_.last_name as last_nam3_0_0_ from users user0_ where user0_.id=?
[DEBUG] 2018-02-07 20:54:15.719 [main] SchemaManagementToolCoordinator - No actions specified; doing nothing
[DEBUG] 2018-02-07 20:54:15.719 [main] JtaPlatformInitiator - No JtaPlatform was specified, checking resolver
[DEBUG] 2018-02-07 20:54:15.719 [main] JtaPlatformResolverInitiator - No JtaPlatformResolver was specified, using default [org.hibernate.engine.transaction.jta.platform.internal.StandardJtaPlatformResolver]
[DEBUG] 2018-02-07 20:54:15.733 [main] StandardJtaPlatformResolver - Could not resolve JtaPlatform, using default [org.hibernate.engine.transaction.jta.platform.internal.NoJtaPlatform]
[DEBUG] 2018-02-07 20:54:15.736 [main] NamedQueryRepository - Checking 0 named HQL queries
[DEBUG] 2018-02-07 20:54:15.736 [main] NamedQueryRepository - Checking 0 named SQL queries
[DEBUG] 2018-02-07 20:54:15.738 [main] SessionFactoryRegistry - Initializing SessionFactoryRegistry : org.hibernate.internal.SessionFactoryRegistry@41c89d2f
[DEBUG] 2018-02-07 20:54:15.744 [main] SessionFactoryRegistry - Registering SessionFactory: 6a07db12-6c21-4178-9626-e19a390e1c98 (<unnamed>)
[DEBUG] 2018-02-07 20:54:15.744 [main] SessionFactoryRegistry - Not binding SessionFactory to JNDI, no JNDI name configured
[DEBUG] 2018-02-07 20:54:15.982 [main] StatisticsInitiator - Statistics initialized [enabled=false]
[DEBUG] 2018-02-07 20:54:16.076 [main] CriteriaQueryImpl - Rendered criteria query -> select generatedAlias0 from User as generatedAlias0 where generatedAlias0.firstName like :param0
[DEBUG] 2018-02-07 20:54:16.099 [main] QueryTranslatorFactoryInitiator - QueryTranslatorFactory : org.hibernate.hql.internal.ast.ASTQueryTranslatorFactory@41477a6d
[INFO ] 2018-02-07 20:54:16.099 [main] QueryTranslatorFactoryInitiator - HHH000397: Using ASTQueryTranslatorFactory
[DEBUG] 2018-02-07 20:54:16.161 [main] QueryTranslatorImpl - parse() - HQL: select generatedAlias0 from edu.matc.entity.User as generatedAlias0 where generatedAlias0.firstName like :param0
[DEBUG] 2018-02-07 20:54:16.172 [main] ErrorCounter - throwQueryException() : no errors
[DEBUG] 2018-02-07 20:54:16.175 [main] QueryTranslatorImpl - --- HQL AST ---
 \-[QUERY] Node: 'query'
    +-[SELECT_FROM] Node: 'SELECT_FROM'
    |  +-[FROM] Node: 'from'
    |  |  \-[RANGE] Node: 'RANGE'
    |  |     +-[DOT] Node: '.'
    |  |     |  +-[DOT] Node: '.'
    |  |     |  |  +-[DOT] Node: '.'
    |  |     |  |  |  +-[IDENT] Node: 'edu'
    |  |     |  |  |  \-[IDENT] Node: 'matc'
    |  |     |  |  \-[IDENT] Node: 'entity'
    |  |     |  \-[IDENT] Node: 'User'
    |  |     \-[ALIAS] Node: 'generatedAlias0'
    |  \-[SELECT] Node: 'select'
    |     \-[IDENT] Node: 'generatedAlias0'
    \-[WHERE] Node: 'where'
       \-[LIKE] Node: 'like'
          +-[DOT] Node: '.'
          |  +-[IDENT] Node: 'generatedAlias0'
          |  \-[IDENT] Node: 'firstName'
          \-[COLON] Node: ':'
             \-[IDENT] Node: 'param0'

[DEBUG] 2018-02-07 20:54:16.207 [main] HqlSqlBaseWalker - select << begin [level=1, statement=select]
[DEBUG] 2018-02-07 20:54:16.223 [main] FromElement - FromClause{level=1} : edu.matc.entity.User (generatedAlias0) -> user0_
[DEBUG] 2018-02-07 20:54:16.224 [main] FromReferenceNode - Resolved : generatedAlias0 -> user0_.id
[DEBUG] 2018-02-07 20:54:16.232 [main] FromReferenceNode - Resolved : generatedAlias0 -> user0_.id
[DEBUG] 2018-02-07 20:54:16.237 [main] DotNode - getDataType() : firstName -> org.hibernate.type.StringType@15d49048
[DEBUG] 2018-02-07 20:54:16.239 [main] FromReferenceNode - Resolved : generatedAlias0.firstName -> user0_.first_name
[DEBUG] 2018-02-07 20:54:16.242 [main] HqlSqlBaseWalker - select : finishing up [level=1, statement=select]
[DEBUG] 2018-02-07 20:54:16.242 [main] HqlSqlWalker - processQuery() :  ( SELECT ( {select clause} user0_.id ) ( FromClause{level=1} users user0_ ) ( where ( like ( user0_.first_name user0_.id firstName ) ? ) ) )
[DEBUG] 2018-02-07 20:54:16.259 [main] JoinProcessor - Using FROM fragment [users user0_]
[DEBUG] 2018-02-07 20:54:16.259 [main] HqlSqlBaseWalker - select >> end [level=1, statement=select]
[DEBUG] 2018-02-07 20:54:16.260 [main] QueryTranslatorImpl - --- SQL AST ---
 \-[SELECT] QueryNode: 'SELECT'  querySpaces (users)
    +-[SELECT_CLAUSE] SelectClause: '{select clause}'
    |  +-[ALIAS_REF] IdentNode: 'user0_.id as id1_0_' {alias=generatedAlias0, className=edu.matc.entity.User, tableAlias=user0_}
    |  \-[SQL_TOKEN] SqlFragment: 'user0_.first_name as first_na2_0_, user0_.last_name as last_nam3_0_'
    +-[FROM] FromClause: 'from' FromClause{level=1, fromElementCounter=1, fromElements=1, fromElementByClassAlias=[generatedAlias0], fromElementByTableAlias=[user0_], fromElementsByPath=[], collectionJoinFromElementsByPath=[], impliedElements=[]}
    |  \-[FROM_FRAGMENT] FromElement: 'users user0_' FromElement{explicit,not a collection join,not a fetch join,fetch non-lazy properties,classAlias=generatedAlias0,role=null,tableName=users,tableAlias=user0_,origin=null,columns={,className=edu.matc.entity.User}}
    \-[WHERE] SqlNode: 'where'
       \-[LIKE] BinaryLogicOperatorNode: 'like'
          +-[DOT] DotNode: 'user0_.first_name' {propertyName=firstName,dereferenceType=PRIMITIVE,getPropertyPath=firstName,path=generatedAlias0.firstName,tableAlias=user0_,className=edu.matc.entity.User,classAlias=generatedAlias0}
          |  +-[ALIAS_REF] IdentNode: 'user0_.id' {alias=generatedAlias0, className=edu.matc.entity.User, tableAlias=user0_}
          |  \-[IDENT] IdentNode: 'firstName' {originalText=firstName}
          \-[NAMED_PARAM] ParameterNode: '?' {name=param0, expectedType=org.hibernate.type.StringType@15d49048}

[DEBUG] 2018-02-07 20:54:16.260 [main] ErrorCounter - throwQueryException() : no errors
[DEBUG] 2018-02-07 20:54:16.276 [main] QueryTranslatorImpl - HQL: select generatedAlias0 from edu.matc.entity.User as generatedAlias0 where generatedAlias0.firstName like :param0
[DEBUG] 2018-02-07 20:54:16.276 [main] QueryTranslatorImpl - SQL: select user0_.id as id1_0_, user0_.first_name as first_na2_0_, user0_.last_name as last_nam3_0_ from users user0_ where user0_.first_name like ?
[DEBUG] 2018-02-07 20:54:16.276 [main] ErrorCounter - throwQueryException() : no errors
[DEBUG] 2018-02-07 20:54:16.308 [main] SQL - select user0_.id as id1_0_, user0_.first_name as first_na2_0_, user0_.last_name as last_nam3_0_ from users user0_ where user0_.first_name like ?
[DEBUG] 2018-02-07 20:54:16.347 [main] Loader - Result set row: 0
[DEBUG] 2018-02-07 20:54:16.354 [main] Loader - Result row: EntityKey[edu.matc.entity.User#3]
[DEBUG] 2018-02-07 20:54:16.362 [main] Loader - Result set row: 1
[DEBUG] 2018-02-07 20:54:16.363 [main] Loader - Result row: EntityKey[edu.matc.entity.User#4]
[DEBUG] 2018-02-07 20:54:16.364 [main] TwoPhaseLoad - Resolving associations for [edu.matc.entity.User#3]
[DEBUG] 2018-02-07 20:54:16.367 [main] TwoPhaseLoad - Done materializing entity [edu.matc.entity.User#3]
[DEBUG] 2018-02-07 20:54:16.367 [main] TwoPhaseLoad - Resolving associations for [edu.matc.entity.User#4]
[DEBUG] 2018-02-07 20:54:16.367 [main] TwoPhaseLoad - Done materializing entity [edu.matc.entity.User#4]
[DEBUG] 2018-02-07 20:54:16.370 [main] LogicalConnectionManagedImpl - Initiating JDBC connection release from afterTransaction
