[DEBUG] 2018-02-07 20:43:17.566 [main] IntegratorServiceImpl - Adding Integrator [org.hibernate.cfg.beanvalidation.BeanValidationIntegrator].
[DEBUG] 2018-02-07 20:43:17.578 [main] IntegratorServiceImpl - Adding Integrator [org.hibernate.secure.spi.JaccIntegrator].
[DEBUG] 2018-02-07 20:43:17.584 [main] IntegratorServiceImpl - Adding Integrator [org.hibernate.cache.internal.CollectionCacheInvalidator].
[INFO ] 2018-02-07 20:43:17.756 [main] Version - HHH000412: Hibernate Core {5.2.12.Final}
[INFO ] 2018-02-07 20:43:17.759 [main] Environment - HHH000206: hibernate.properties not found
[DEBUG] 2018-02-07 20:43:17.851 [main] LocalXmlResourceResolver - Interpreting public/system identifier : [-//Hibernate/Hibernate Configuration DTD//EN] - [http://www.hibernate.org/dtd/hibernate-configuration-3.0.dtd]
[DEBUG] 2018-02-07 20:43:17.852 [main] LocalXmlResourceResolver - Recognized hibernate-configuration identifier; attempting to resolve on classpath under org/hibernate/
[DEBUG] 2018-02-07 20:43:17.860 [main] JaxbCfgProcessor - cfg.xml document did not define namespaces; wrapping in custom event reader to introduce namespace information
[DEBUG] 2018-02-07 20:43:18.219 [main] ServiceBinding - Overriding existing service binding [org.hibernate.secure.spi.JaccService]
[DEBUG] 2018-02-07 20:43:18.252 [main] RegionFactoryInitiator - Cache region factory : org.hibernate.cache.internal.NoCachingRegionFactory
[INFO ] 2018-02-07 20:43:18.278 [main] Version - HCANN000001: Hibernate Commons Annotations {5.0.1.Final}
[DEBUG] 2018-02-07 20:43:18.320 [main] BasicTypeRegistry - Adding type registration boolean -> org.hibernate.type.BooleanType@6a4f1a55
[DEBUG] 2018-02-07 20:43:18.320 [main] BasicTypeRegistry - Adding type registration boolean -> org.hibernate.type.BooleanType@6a4f1a55
[DEBUG] 2018-02-07 20:43:18.321 [main] BasicTypeRegistry - Adding type registration java.lang.Boolean -> org.hibernate.type.BooleanType@6a4f1a55
[DEBUG] 2018-02-07 20:43:18.322 [main] BasicTypeRegistry - Adding type registration numeric_boolean -> org.hibernate.type.NumericBooleanType@7d3e8655
[DEBUG] 2018-02-07 20:43:18.328 [main] BasicTypeRegistry - Adding type registration true_false -> org.hibernate.type.TrueFalseType@46d59067
[DEBUG] 2018-02-07 20:43:18.329 [main] BasicTypeRegistry - Adding type registration yes_no -> org.hibernate.type.YesNoType@66ea810
[DEBUG] 2018-02-07 20:43:18.334 [main] BasicTypeRegistry - Adding type registration byte -> org.hibernate.type.ByteType@d2de489
[DEBUG] 2018-02-07 20:43:18.334 [main] BasicTypeRegistry - Adding type registration byte -> org.hibernate.type.ByteType@d2de489
[DEBUG] 2018-02-07 20:43:18.334 [main] BasicTypeRegistry - Adding type registration java.lang.Byte -> org.hibernate.type.ByteType@d2de489
[DEBUG] 2018-02-07 20:43:18.335 [main] BasicTypeRegistry - Adding type registration character -> org.hibernate.type.CharacterType@41330d4f
[DEBUG] 2018-02-07 20:43:18.336 [main] BasicTypeRegistry - Adding type registration char -> org.hibernate.type.CharacterType@41330d4f
[DEBUG] 2018-02-07 20:43:18.336 [main] BasicTypeRegistry - Adding type registration java.lang.Character -> org.hibernate.type.CharacterType@41330d4f
[DEBUG] 2018-02-07 20:43:18.338 [main] BasicTypeRegistry - Adding type registration short -> org.hibernate.type.ShortType@37313c65
[DEBUG] 2018-02-07 20:43:18.338 [main] BasicTypeRegistry - Adding type registration short -> org.hibernate.type.ShortType@37313c65
[DEBUG] 2018-02-07 20:43:18.339 [main] BasicTypeRegistry - Adding type registration java.lang.Short -> org.hibernate.type.ShortType@37313c65
[DEBUG] 2018-02-07 20:43:18.340 [main] BasicTypeRegistry - Adding type registration integer -> org.hibernate.type.IntegerType@7486b455
[DEBUG] 2018-02-07 20:43:18.341 [main] BasicTypeRegistry - Adding type registration int -> org.hibernate.type.IntegerType@7486b455
[DEBUG] 2018-02-07 20:43:18.341 [main] BasicTypeRegistry - Adding type registration java.lang.Integer -> org.hibernate.type.IntegerType@7486b455
[DEBUG] 2018-02-07 20:43:18.348 [main] BasicTypeRegistry - Adding type registration long -> org.hibernate.type.LongType@49c90a9c
[DEBUG] 2018-02-07 20:43:18.348 [main] BasicTypeRegistry - Adding type registration long -> org.hibernate.type.LongType@49c90a9c
[DEBUG] 2018-02-07 20:43:18.348 [main] BasicTypeRegistry - Adding type registration java.lang.Long -> org.hibernate.type.LongType@49c90a9c
[DEBUG] 2018-02-07 20:43:18.350 [main] BasicTypeRegistry - Adding type registration float -> org.hibernate.type.FloatType@3b35a229
[DEBUG] 2018-02-07 20:43:18.351 [main] BasicTypeRegistry - Adding type registration float -> org.hibernate.type.FloatType@3b35a229
[DEBUG] 2018-02-07 20:43:18.351 [main] BasicTypeRegistry - Adding type registration java.lang.Float -> org.hibernate.type.FloatType@3b35a229
[DEBUG] 2018-02-07 20:43:18.353 [main] BasicTypeRegistry - Adding type registration double -> org.hibernate.type.DoubleType@5e3f861
[DEBUG] 2018-02-07 20:43:18.353 [main] BasicTypeRegistry - Adding type registration double -> org.hibernate.type.DoubleType@5e3f861
[DEBUG] 2018-02-07 20:43:18.353 [main] BasicTypeRegistry - Adding type registration java.lang.Double -> org.hibernate.type.DoubleType@5e3f861
[DEBUG] 2018-02-07 20:43:18.361 [main] BasicTypeRegistry - Adding type registration big_decimal -> org.hibernate.type.BigDecimalType@21be3395
[DEBUG] 2018-02-07 20:43:18.361 [main] BasicTypeRegistry - Adding type registration java.math.BigDecimal -> org.hibernate.type.BigDecimalType@21be3395
[DEBUG] 2018-02-07 20:43:18.370 [main] BasicTypeRegistry - Adding type registration big_integer -> org.hibernate.type.BigIntegerType@4470fbd6
[DEBUG] 2018-02-07 20:43:18.370 [main] BasicTypeRegistry - Adding type registration java.math.BigInteger -> org.hibernate.type.BigIntegerType@4470fbd6
[DEBUG] 2018-02-07 20:43:18.371 [main] BasicTypeRegistry - Adding type registration string -> org.hibernate.type.StringType@2235eaab
[DEBUG] 2018-02-07 20:43:18.372 [main] BasicTypeRegistry - Adding type registration java.lang.String -> org.hibernate.type.StringType@2235eaab
[DEBUG] 2018-02-07 20:43:18.373 [main] BasicTypeRegistry - Adding type registration nstring -> org.hibernate.type.StringNVarcharType@20bd8be5
[DEBUG] 2018-02-07 20:43:18.375 [main] BasicTypeRegistry - Adding type registration ncharacter -> org.hibernate.type.CharacterNCharType@461ad730
[DEBUG] 2018-02-07 20:43:18.376 [main] BasicTypeRegistry - Adding type registration url -> org.hibernate.type.UrlType@3e78b6a5
[DEBUG] 2018-02-07 20:43:18.376 [main] BasicTypeRegistry - Adding type registration java.net.URL -> org.hibernate.type.UrlType@3e78b6a5
[DEBUG] 2018-02-07 20:43:18.377 [main] BasicTypeRegistry - Adding type registration Duration -> org.hibernate.type.DurationType@24105dc5
[DEBUG] 2018-02-07 20:43:18.378 [main] BasicTypeRegistry - Adding type registration java.time.Duration -> org.hibernate.type.DurationType@24105dc5
[DEBUG] 2018-02-07 20:43:18.399 [main] BasicTypeRegistry - Adding type registration Instant -> org.hibernate.type.InstantType@68878f6d
[DEBUG] 2018-02-07 20:43:18.399 [main] BasicTypeRegistry - Adding type registration java.time.Instant -> org.hibernate.type.InstantType@68878f6d
[DEBUG] 2018-02-07 20:43:18.401 [main] BasicTypeRegistry - Adding type registration LocalDateTime -> org.hibernate.type.LocalDateTimeType@7fd7a283
[DEBUG] 2018-02-07 20:43:18.401 [main] BasicTypeRegistry - Adding type registration java.time.LocalDateTime -> org.hibernate.type.LocalDateTimeType@7fd7a283
[DEBUG] 2018-02-07 20:43:18.404 [main] BasicTypeRegistry - Adding type registration LocalDate -> org.hibernate.type.LocalDateType@18317edc
[DEBUG] 2018-02-07 20:43:18.404 [main] BasicTypeRegistry - Adding type registration java.time.LocalDate -> org.hibernate.type.LocalDateType@18317edc
[DEBUG] 2018-02-07 20:43:18.407 [main] BasicTypeRegistry - Adding type registration LocalTime -> org.hibernate.type.LocalTimeType@76b07f29
[DEBUG] 2018-02-07 20:43:18.407 [main] BasicTypeRegistry - Adding type registration java.time.LocalTime -> org.hibernate.type.LocalTimeType@76b07f29
[DEBUG] 2018-02-07 20:43:18.409 [main] BasicTypeRegistry - Adding type registration OffsetDateTime -> org.hibernate.type.OffsetDateTimeType@53f3bdbd
[DEBUG] 2018-02-07 20:43:18.409 [main] BasicTypeRegistry - Adding type registration java.time.OffsetDateTime -> org.hibernate.type.OffsetDateTimeType@53f3bdbd
[DEBUG] 2018-02-07 20:43:18.411 [main] BasicTypeRegistry - Adding type registration OffsetTime -> org.hibernate.type.OffsetTimeType@4c2bb6e0
[DEBUG] 2018-02-07 20:43:18.411 [main] BasicTypeRegistry - Adding type registration java.time.OffsetTime -> org.hibernate.type.OffsetTimeType@4c2bb6e0
[DEBUG] 2018-02-07 20:43:18.417 [main] BasicTypeRegistry - Adding type registration ZonedDateTime -> org.hibernate.type.ZonedDateTimeType@3576ddc2
[DEBUG] 2018-02-07 20:43:18.417 [main] BasicTypeRegistry - Adding type registration java.time.ZonedDateTime -> org.hibernate.type.ZonedDateTimeType@3576ddc2
[DEBUG] 2018-02-07 20:43:18.420 [main] BasicTypeRegistry - Adding type registration date -> org.hibernate.type.DateType@2ca26d77
[DEBUG] 2018-02-07 20:43:18.420 [main] BasicTypeRegistry - Adding type registration java.sql.Date -> org.hibernate.type.DateType@2ca26d77
[DEBUG] 2018-02-07 20:43:18.422 [main] BasicTypeRegistry - Adding type registration time -> org.hibernate.type.TimeType@1ebea008
[DEBUG] 2018-02-07 20:43:18.422 [main] BasicTypeRegistry - Adding type registration java.sql.Time -> org.hibernate.type.TimeType@1ebea008
[DEBUG] 2018-02-07 20:43:18.423 [main] BasicTypeRegistry - Adding type registration timestamp -> org.hibernate.type.TimestampType@51bf5add
[DEBUG] 2018-02-07 20:43:18.424 [main] BasicTypeRegistry - Adding type registration java.sql.Timestamp -> org.hibernate.type.TimestampType@51bf5add
[DEBUG] 2018-02-07 20:43:18.425 [main] BasicTypeRegistry - Adding type registration java.util.Date -> org.hibernate.type.TimestampType@51bf5add
[DEBUG] 2018-02-07 20:43:18.427 [main] BasicTypeRegistry - Adding type registration dbtimestamp -> org.hibernate.type.DbTimestampType@389b0789
[DEBUG] 2018-02-07 20:43:18.429 [main] BasicTypeRegistry - Adding type registration calendar -> org.hibernate.type.CalendarType@51bd8b5c
[DEBUG] 2018-02-07 20:43:18.429 [main] BasicTypeRegistry - Adding type registration java.util.Calendar -> org.hibernate.type.CalendarType@51bd8b5c
[DEBUG] 2018-02-07 20:43:18.429 [main] BasicTypeRegistry - Adding type registration java.util.GregorianCalendar -> org.hibernate.type.CalendarType@51bd8b5c
[DEBUG] 2018-02-07 20:43:18.430 [main] BasicTypeRegistry - Adding type registration calendar_date -> org.hibernate.type.CalendarDateType@2462cb01
[DEBUG] 2018-02-07 20:43:18.432 [main] BasicTypeRegistry - Adding type registration locale -> org.hibernate.type.LocaleType@1e13529a
[DEBUG] 2018-02-07 20:43:18.432 [main] BasicTypeRegistry - Adding type registration java.util.Locale -> org.hibernate.type.LocaleType@1e13529a
[DEBUG] 2018-02-07 20:43:18.433 [main] BasicTypeRegistry - Adding type registration currency -> org.hibernate.type.CurrencyType@3cfdd820
[DEBUG] 2018-02-07 20:43:18.433 [main] BasicTypeRegistry - Adding type registration java.util.Currency -> org.hibernate.type.CurrencyType@3cfdd820
[DEBUG] 2018-02-07 20:43:18.434 [main] BasicTypeRegistry - Adding type registration timezone -> org.hibernate.type.TimeZoneType@dc9876b
[DEBUG] 2018-02-07 20:43:18.434 [main] BasicTypeRegistry - Adding type registration java.util.TimeZone -> org.hibernate.type.TimeZoneType@dc9876b
[DEBUG] 2018-02-07 20:43:18.435 [main] BasicTypeRegistry - Adding type registration class -> org.hibernate.type.ClassType@57a3e26a
[DEBUG] 2018-02-07 20:43:18.435 [main] BasicTypeRegistry - Adding type registration java.lang.Class -> org.hibernate.type.ClassType@57a3e26a
[DEBUG] 2018-02-07 20:43:18.436 [main] BasicTypeRegistry - Adding type registration uuid-binary -> org.hibernate.type.UUIDBinaryType@102cec62
[DEBUG] 2018-02-07 20:43:18.436 [main] BasicTypeRegistry - Adding type registration java.util.UUID -> org.hibernate.type.UUIDBinaryType@102cec62
[DEBUG] 2018-02-07 20:43:18.437 [main] BasicTypeRegistry - Adding type registration uuid-char -> org.hibernate.type.UUIDCharType@34b9f960
[DEBUG] 2018-02-07 20:43:18.438 [main] BasicTypeRegistry - Adding type registration binary -> org.hibernate.type.BinaryType@791d1f8b
[DEBUG] 2018-02-07 20:43:18.438 [main] BasicTypeRegistry - Adding type registration byte[] -> org.hibernate.type.BinaryType@791d1f8b
[DEBUG] 2018-02-07 20:43:18.439 [main] BasicTypeRegistry - Adding type registration [B -> org.hibernate.type.BinaryType@791d1f8b
[DEBUG] 2018-02-07 20:43:18.440 [main] BasicTypeRegistry - Adding type registration wrapper-binary -> org.hibernate.type.WrapperBinaryType@93081b6
[DEBUG] 2018-02-07 20:43:18.440 [main] BasicTypeRegistry - Adding type registration Byte[] -> org.hibernate.type.WrapperBinaryType@93081b6
[DEBUG] 2018-02-07 20:43:18.440 [main] BasicTypeRegistry - Adding type registration [Ljava.lang.Byte; -> org.hibernate.type.WrapperBinaryType@93081b6
[DEBUG] 2018-02-07 20:43:18.442 [main] BasicTypeRegistry - Adding type registration row_version -> org.hibernate.type.RowVersionType@16c069df
[DEBUG] 2018-02-07 20:43:18.443 [main] BasicTypeRegistry - Adding type registration image -> org.hibernate.type.ImageType@7c3fdb62
[DEBUG] 2018-02-07 20:43:18.444 [main] BasicTypeRegistry - Adding type registration characters -> org.hibernate.type.CharArrayType@2663e964
[DEBUG] 2018-02-07 20:43:18.444 [main] BasicTypeRegistry - Adding type registration char[] -> org.hibernate.type.CharArrayType@2663e964
[DEBUG] 2018-02-07 20:43:18.444 [main] BasicTypeRegistry - Adding type registration [C -> org.hibernate.type.CharArrayType@2663e964
[DEBUG] 2018-02-07 20:43:18.446 [main] BasicTypeRegistry - Adding type registration wrapper-characters -> org.hibernate.type.CharacterArrayType@39b43d60
[DEBUG] 2018-02-07 20:43:18.448 [main] BasicTypeRegistry - Adding type registration [Ljava.lang.Character; -> org.hibernate.type.CharacterArrayType@39b43d60
[DEBUG] 2018-02-07 20:43:18.449 [main] BasicTypeRegistry - Adding type registration Character[] -> org.hibernate.type.CharacterArrayType@39b43d60
[DEBUG] 2018-02-07 20:43:18.454 [main] BasicTypeRegistry - Adding type registration text -> org.hibernate.type.TextType@5e21e98f
[DEBUG] 2018-02-07 20:43:18.459 [main] BasicTypeRegistry - Adding type registration ntext -> org.hibernate.type.NTextType@3fce8fd9
[DEBUG] 2018-02-07 20:43:18.466 [main] BasicTypeRegistry - Adding type registration blob -> org.hibernate.type.BlobType@3224a577
[DEBUG] 2018-02-07 20:43:18.467 [main] BasicTypeRegistry - Adding type registration java.sql.Blob -> org.hibernate.type.BlobType@3224a577
[DEBUG] 2018-02-07 20:43:18.467 [main] BasicTypeRegistry - Adding type registration materialized_blob -> org.hibernate.type.MaterializedBlobType@3e44f2a5
[DEBUG] 2018-02-07 20:43:18.472 [main] BasicTypeRegistry - Adding type registration clob -> org.hibernate.type.ClobType@4bd31064
[DEBUG] 2018-02-07 20:43:18.472 [main] BasicTypeRegistry - Adding type registration java.sql.Clob -> org.hibernate.type.ClobType@4bd31064
[DEBUG] 2018-02-07 20:43:18.521 [main] BasicTypeRegistry - Adding type registration nclob -> org.hibernate.type.NClobType@266374ef
[DEBUG] 2018-02-07 20:43:18.521 [main] BasicTypeRegistry - Adding type registration java.sql.NClob -> org.hibernate.type.NClobType@266374ef
[DEBUG] 2018-02-07 20:43:18.522 [main] BasicTypeRegistry - Adding type registration materialized_clob -> org.hibernate.type.MaterializedClobType@37fb0bed
[DEBUG] 2018-02-07 20:43:18.523 [main] BasicTypeRegistry - Adding type registration materialized_nclob -> org.hibernate.type.MaterializedNClobType@51c693d
[DEBUG] 2018-02-07 20:43:18.524 [main] BasicTypeRegistry - Adding type registration serializable -> org.hibernate.type.SerializableType@48c76607
[DEBUG] 2018-02-07 20:43:18.528 [main] BasicTypeRegistry - Adding type registration object -> org.hibernate.type.ObjectType@52e7a6b2
[DEBUG] 2018-02-07 20:43:18.529 [main] BasicTypeRegistry - Adding type registration java.lang.Object -> org.hibernate.type.ObjectType@52e7a6b2
[DEBUG] 2018-02-07 20:43:18.529 [main] BasicTypeRegistry - Adding type registration imm_date -> org.hibernate.type.AdaptedImmutableType@2d9caaeb
[DEBUG] 2018-02-07 20:43:18.529 [main] BasicTypeRegistry - Adding type registration imm_time -> org.hibernate.type.AdaptedImmutableType@42a15bdc
[DEBUG] 2018-02-07 20:43:18.530 [main] BasicTypeRegistry - Adding type registration imm_timestamp -> org.hibernate.type.AdaptedImmutableType@44a59da3
[DEBUG] 2018-02-07 20:43:18.530 [main] BasicTypeRegistry - Adding type registration imm_dbtimestamp -> org.hibernate.type.AdaptedImmutableType@27e47833
[DEBUG] 2018-02-07 20:43:18.530 [main] BasicTypeRegistry - Adding type registration imm_calendar -> org.hibernate.type.AdaptedImmutableType@6f6745d6
[DEBUG] 2018-02-07 20:43:18.530 [main] BasicTypeRegistry - Adding type registration imm_calendar_date -> org.hibernate.type.AdaptedImmutableType@27508c5d
[DEBUG] 2018-02-07 20:43:18.530 [main] BasicTypeRegistry - Adding type registration imm_binary -> org.hibernate.type.AdaptedImmutableType@4f704591
[DEBUG] 2018-02-07 20:43:18.530 [main] BasicTypeRegistry - Adding type registration imm_serializable -> org.hibernate.type.AdaptedImmutableType@4b5189ac
[INFO ] 2018-02-07 20:43:18.540 [main] C3P0ConnectionProvider - HHH010002: C3P0 using driver: com.mysql.jdbc.Driver at URL: jdbc:mysql://localhost:3306/test_sample
[INFO ] 2018-02-07 20:43:18.541 [main] C3P0ConnectionProvider - HHH10001001: Connection properties: {user=root, password=****}
[INFO ] 2018-02-07 20:43:18.542 [main] C3P0ConnectionProvider - HHH10001003: Autocommit mode: false
[INFO ] 2018-02-07 20:43:18.770 [main] C3P0ConnectionProvider - HHH10001007: JDBC isolation level: <unknown>
[DEBUG] 2018-02-07 20:43:19.372 [main] JdbcEnvironmentInitiator - Database ->
       name : MySQL
    version : 5.7.21
      major : 5
      minor : 7
[DEBUG] 2018-02-07 20:43:19.374 [main] JdbcEnvironmentInitiator - Driver ->
       name : MySQL Connector Java
    version : mysql-connector-java-5.1.39 ( Revision: 3289a357af6d09ecc1a10fd3c26e95183e5790ad )
      major : 5
      minor : 1
[DEBUG] 2018-02-07 20:43:19.375 [main] JdbcEnvironmentInitiator - JDBC version : 4.0
[INFO ] 2018-02-07 20:43:19.398 [main] Dialect - HHH000400: Using dialect: org.hibernate.dialect.MySQL5Dialect
[DEBUG] 2018-02-07 20:43:19.455 [main] IdentifierHelperBuilder - JDBC driver metadata reported database stores quoted identifiers in more than one case
[DEBUG] 2018-02-07 20:43:19.458 [main] IdentifierHelperBuilder - IdentifierCaseStrategy for both quoted and unquoted identifiers was set to the same strategy [MIXED]; that will likely lead to problems in schema update and validation if using quoted identifiers
[DEBUG] 2018-02-07 20:43:19.523 [main] DefaultIdentifierGeneratorFactory - Registering IdentifierGenerator strategy [uuid2] -> [org.hibernate.id.UUIDGenerator]
[DEBUG] 2018-02-07 20:43:19.523 [main] DefaultIdentifierGeneratorFactory - Registering IdentifierGenerator strategy [guid] -> [org.hibernate.id.GUIDGenerator]
[DEBUG] 2018-02-07 20:43:19.524 [main] DefaultIdentifierGeneratorFactory - Registering IdentifierGenerator strategy [uuid] -> [org.hibernate.id.UUIDHexGenerator]
[DEBUG] 2018-02-07 20:43:19.524 [main] DefaultIdentifierGeneratorFactory - Registering IdentifierGenerator strategy [uuid.hex] -> [org.hibernate.id.UUIDHexGenerator]
[DEBUG] 2018-02-07 20:43:19.525 [main] DefaultIdentifierGeneratorFactory - Registering IdentifierGenerator strategy [assigned] -> [org.hibernate.id.Assigned]
[DEBUG] 2018-02-07 20:43:19.527 [main] DefaultIdentifierGeneratorFactory - Registering IdentifierGenerator strategy [identity] -> [org.hibernate.id.IdentityGenerator]
[DEBUG] 2018-02-07 20:43:19.527 [main] DefaultIdentifierGeneratorFactory - Registering IdentifierGenerator strategy [select] -> [org.hibernate.id.SelectGenerator]
[DEBUG] 2018-02-07 20:43:19.529 [main] DefaultIdentifierGeneratorFactory - Registering IdentifierGenerator strategy [sequence] -> [org.hibernate.id.enhanced.SequenceStyleGenerator]
[DEBUG] 2018-02-07 20:43:19.529 [main] DefaultIdentifierGeneratorFactory - Registering IdentifierGenerator strategy [seqhilo] -> [org.hibernate.id.SequenceHiLoGenerator]
[DEBUG] 2018-02-07 20:43:19.530 [main] DefaultIdentifierGeneratorFactory - Registering IdentifierGenerator strategy [increment] -> [org.hibernate.id.IncrementGenerator]
[DEBUG] 2018-02-07 20:43:19.530 [main] DefaultIdentifierGeneratorFactory - Registering IdentifierGenerator strategy [foreign] -> [org.hibernate.id.ForeignGenerator]
[DEBUG] 2018-02-07 20:43:19.531 [main] DefaultIdentifierGeneratorFactory - Registering IdentifierGenerator strategy [sequence-identity] -> [org.hibernate.id.SequenceIdentityGenerator]
[DEBUG] 2018-02-07 20:43:19.531 [main] DefaultIdentifierGeneratorFactory - Registering IdentifierGenerator strategy [enhanced-sequence] -> [org.hibernate.id.enhanced.SequenceStyleGenerator]
[DEBUG] 2018-02-07 20:43:19.532 [main] DefaultIdentifierGeneratorFactory - Registering IdentifierGenerator strategy [enhanced-table] -> [org.hibernate.id.enhanced.TableGenerator]
[DEBUG] 2018-02-07 20:43:19.613 [main] Namespace - Created database namespace [logicalName=Name{catalog=null, schema=null}, physicalName=Name{catalog=null, schema=null}]
[DEBUG] 2018-02-07 20:43:19.655 [main] AnnotationBinder - Binding entity from annotated class: edu.matc.entity.User
[DEBUG] 2018-02-07 20:43:19.700 [main] Ejb3Column - Binding column: Ejb3DiscriminatorColumn{logicalColumnName'DTYPE', discriminatorTypeName='string'}
[DEBUG] 2018-02-07 20:43:19.709 [main] EntityBinder - Import with entity name User
[DEBUG] 2018-02-07 20:43:19.715 [main] EntityBinder - Bind entity edu.matc.entity.User on table users
[DEBUG] 2018-02-07 20:43:19.761 [main] Ejb3Column - Binding column: Ejb3Column{table=org.hibernate.mapping.Table(users), mappingColumn=id, insertable=true, updatable=true, unique=false}
[DEBUG] 2018-02-07 20:43:19.780 [main] PropertyBinder - MetadataSourceProcessor property id with lazy=false
[DEBUG] 2018-02-07 20:43:19.782 [main] AbstractPropertyHolder - Attempting to locate auto-apply AttributeConverter for property [edu.matc.entity.User:id]
[DEBUG] 2018-02-07 20:43:19.784 [main] SimpleValueBinder - building SimpleValue for id
[DEBUG] 2018-02-07 20:43:19.786 [main] PropertyBinder - Building property id
[DEBUG] 2018-02-07 20:43:19.794 [main] Ejb3Column - Binding column: Ejb3Column{table=org.hibernate.mapping.Table(users), mappingColumn=first_name, insertable=true, updatable=true, unique=false}
[DEBUG] 2018-02-07 20:43:19.794 [main] PropertyBinder - MetadataSourceProcessor property firstName with lazy=false
[DEBUG] 2018-02-07 20:43:19.794 [main] AbstractPropertyHolder - Attempting to locate auto-apply AttributeConverter for property [edu.matc.entity.User:firstName]
[DEBUG] 2018-02-07 20:43:19.794 [main] SimpleValueBinder - building SimpleValue for firstName
[DEBUG] 2018-02-07 20:43:19.794 [main] PropertyBinder - Building property firstName
[DEBUG] 2018-02-07 20:43:19.795 [main] Ejb3Column - Binding column: Ejb3Column{table=org.hibernate.mapping.Table(users), mappingColumn=last_name, insertable=true, updatable=true, unique=false}
[DEBUG] 2018-02-07 20:43:19.795 [main] PropertyBinder - MetadataSourceProcessor property lastName with lazy=false
[DEBUG] 2018-02-07 20:43:19.796 [main] AbstractPropertyHolder - Attempting to locate auto-apply AttributeConverter for property [edu.matc.entity.User:lastName]
[DEBUG] 2018-02-07 20:43:19.796 [main] SimpleValueBinder - building SimpleValue for lastName
[DEBUG] 2018-02-07 20:43:19.796 [main] PropertyBinder - Building property lastName
[DEBUG] 2018-02-07 20:43:19.802 [main] SimpleValueBinder - Starting fillSimpleValue for id
[DEBUG] 2018-02-07 20:43:19.802 [main] SimpleValueBinder - Starting fillSimpleValue for firstName
[DEBUG] 2018-02-07 20:43:19.802 [main] SimpleValueBinder - Starting fillSimpleValue for lastName
[DEBUG] 2018-02-07 20:43:19.804 [main] PrimaryKey - Forcing column [id] to be non-null as it is part of the primary key for table [users]
[DEBUG] 2018-02-07 20:43:19.871 [main] SessionFactoryImpl - Building session factory
[DEBUG] 2018-02-07 20:43:19.876 [main] Settings - SessionFactory name : null
[DEBUG] 2018-02-07 20:43:19.877 [main] Settings - Automatic flush during beforeCompletion(): enabled
[DEBUG] 2018-02-07 20:43:19.878 [main] Settings - Automatic session close at end of transaction: disabled
[DEBUG] 2018-02-07 20:43:19.879 [main] Settings - Statistics: disabled
[DEBUG] 2018-02-07 20:43:19.879 [main] Settings - Deleted entity synthetic identifier rollback: disabled
[DEBUG] 2018-02-07 20:43:19.879 [main] Settings - Default entity-mode: pojo
[DEBUG] 2018-02-07 20:43:19.879 [main] Settings - Check Nullability in Core (should be disabled when Bean Validation is on): enabled
[DEBUG] 2018-02-07 20:43:19.880 [main] Settings - Allow initialization of lazy state outside session : disabled
[DEBUG] 2018-02-07 20:43:19.880 [main] Settings - Using BatchFetchStyle : LEGACY
[DEBUG] 2018-02-07 20:43:19.880 [main] Settings - Default batch fetch size: -1
[DEBUG] 2018-02-07 20:43:19.880 [main] Settings - Maximum outer join fetch depth: 2
[DEBUG] 2018-02-07 20:43:19.880 [main] Settings - Default null ordering: NONE
[DEBUG] 2018-02-07 20:43:19.880 [main] Settings - Order SQL updates by primary key: disabled
[DEBUG] 2018-02-07 20:43:19.880 [main] Settings - Order SQL inserts for batching: disabled
[DEBUG] 2018-02-07 20:43:19.880 [main] Settings - multi-tenancy strategy : NONE
[DEBUG] 2018-02-07 20:43:19.881 [main] Settings - JTA Track by Thread: enabled
[DEBUG] 2018-02-07 20:43:19.881 [main] Settings - Query language substitutions: {}
[DEBUG] 2018-02-07 20:43:19.881 [main] Settings - JPA query language strict compliance: disabled
[DEBUG] 2018-02-07 20:43:19.881 [main] Settings - Named query checking : enabled
[DEBUG] 2018-02-07 20:43:19.881 [main] Settings - Second-level cache: enabled
[DEBUG] 2018-02-07 20:43:19.881 [main] Settings - Second-level query cache: disabled
[DEBUG] 2018-02-07 20:43:19.881 [main] Settings - Second-level query cache factory: org.hibernate.cache.internal.StandardQueryCacheFactory@34a75079
[DEBUG] 2018-02-07 20:43:19.882 [main] Settings - Second-level cache region prefix: null
[DEBUG] 2018-02-07 20:43:19.882 [main] Settings - Optimize second-level cache for minimal puts: disabled
[DEBUG] 2018-02-07 20:43:19.882 [main] Settings - Structured second-level cache entries: disabled
[DEBUG] 2018-02-07 20:43:19.882 [main] Settings - Second-level cache direct-reference entries: disabled
[DEBUG] 2018-02-07 20:43:19.882 [main] Settings - Automatic eviction of collection cache: disabled
[DEBUG] 2018-02-07 20:43:19.882 [main] Settings - JDBC batch size: 15
[DEBUG] 2018-02-07 20:43:19.882 [main] Settings - JDBC batch updates for versioned data: enabled
[DEBUG] 2018-02-07 20:43:19.882 [main] Settings - Scrollable result sets: enabled
[DEBUG] 2018-02-07 20:43:19.883 [main] Settings - Wrap result sets: disabled
[DEBUG] 2018-02-07 20:43:19.883 [main] Settings - JDBC3 getGeneratedKeys(): enabled
[DEBUG] 2018-02-07 20:43:19.883 [main] Settings - JDBC result set fetch size: null
[DEBUG] 2018-02-07 20:43:19.883 [main] Settings - Connection release mode: AFTER_TRANSACTION
[DEBUG] 2018-02-07 20:43:19.883 [main] Settings - Generate SQL with comments: disabled
[DEBUG] 2018-02-07 20:43:19.951 [main] SessionFactoryImpl - Session factory constructed with filter configurations : {}
[DEBUG] 2018-02-07 20:43:19.951 [main] SessionFactoryImpl - Instantiating session factory with properties: {gopherProxySet=false, awt.toolkit=sun.lwawt.macosx.LWCToolkit, file.encoding.pkg=sun.io, java.specification.version=1.8, hibernate.c3p0.idle_test_period=3000, sun.cpu.isalist=, sun.jnu.encoding=UTF-8, hibernate.c3p0.min_size=5, java.class.path=/Applications/IntelliJ IDEA.app/Contents/lib/idea_rt.jar:/Applications/IntelliJ IDEA.app/Contents/plugins/junit/lib/junit-rt.jar:/Applications/IntelliJ IDEA.app/Contents/plugins/junit/lib/junit5-rt.jar:/Library/Java/JavaVirtualMachines/jdk1.8.0_162.jdk/Contents/Home/jre/lib/charsets.jar:/Library/Java/JavaVirtualMachines/jdk1.8.0_162.jdk/Contents/Home/jre/lib/deploy.jar:/Library/Java/JavaVirtualMachines/jdk1.8.0_162.jdk/Contents/Home/jre/lib/ext/cldrdata.jar:/Library/Java/JavaVirtualMachines/jdk1.8.0_162.jdk/Contents/Home/jre/lib/ext/dnsns.jar:/Library/Java/JavaVirtualMachines/jdk1.8.0_162.jdk/Contents/Home/jre/lib/ext/jaccess.jar:/Library/Java/JavaVirtualMachines/jdk1.8.0_162.jdk/Contents/Home/jre/lib/ext/jfxrt.jar:/Library/Java/JavaVirtualMachines/jdk1.8.0_162.jdk/Contents/Home/jre/lib/ext/localedata.jar:/Library/Java/JavaVirtualMachines/jdk1.8.0_162.jdk/Contents/Home/jre/lib/ext/nashorn.jar:/Library/Java/JavaVirtualMachines/jdk1.8.0_162.jdk/Contents/Home/jre/lib/ext/sunec.jar:/Library/Java/JavaVirtualMachines/jdk1.8.0_162.jdk/Contents/Home/jre/lib/ext/sunjce_provider.jar:/Library/Java/JavaVirtualMachines/jdk1.8.0_162.jdk/Contents/Home/jre/lib/ext/sunpkcs11.jar:/Library/Java/JavaVirtualMachines/jdk1.8.0_162.jdk/Contents/Home/jre/lib/ext/zipfs.jar:/Library/Java/JavaVirtualMachines/jdk1.8.0_162.jdk/Contents/Home/jre/lib/javaws.jar:/Library/Java/JavaVirtualMachines/jdk1.8.0_162.jdk/Contents/Home/jre/lib/jce.jar:/Library/Java/JavaVirtualMachines/jdk1.8.0_162.jdk/Contents/Home/jre/lib/jfr.jar:/Library/Java/JavaVirtualMachines/jdk1.8.0_162.jdk/Contents/Home/jre/lib/jfxswt.jar:/Library/Java/JavaVirtualMachines/jdk1.8.0_162.jdk/Contents/Home/jre/lib/jsse.jar:/Library/Java/JavaVirtualMachines/jdk1.8.0_162.jdk/Contents/Home/jre/lib/management-agent.jar:/Library/Java/JavaVirtualMachines/jdk1.8.0_162.jdk/Contents/Home/jre/lib/plugin.jar:/Library/Java/JavaVirtualMachines/jdk1.8.0_162.jdk/Contents/Home/jre/lib/resources.jar:/Library/Java/JavaVirtualMachines/jdk1.8.0_162.jdk/Contents/Home/jre/lib/rt.jar:/Library/Java/JavaVirtualMachines/jdk1.8.0_162.jdk/Contents/Home/lib/ant-javafx.jar:/Library/Java/JavaVirtualMachines/jdk1.8.0_162.jdk/Contents/Home/lib/dt.jar:/Library/Java/JavaVirtualMachines/jdk1.8.0_162.jdk/Contents/Home/lib/javafx-mx.jar:/Library/Java/JavaVirtualMachines/jdk1.8.0_162.jdk/Contents/Home/lib/jconsole.jar:/Library/Java/JavaVirtualMachines/jdk1.8.0_162.jdk/Contents/Home/lib/packager.jar:/Library/Java/JavaVirtualMachines/jdk1.8.0_162.jdk/Contents/Home/lib/sa-jdi.jar:/Library/Java/JavaVirtualMachines/jdk1.8.0_162.jdk/Contents/Home/lib/tools.jar:/Users/nicolesteck/IdeaProjects/IndividualProject/target/test-classes:/Users/nicolesteck/IdeaProjects/IndividualProject/target/classes:/Users/nicolesteck/.m2/repository/org/junit/jupiter/junit-jupiter-engine/5.0.0/junit-jupiter-engine-5.0.0.jar:/Users/nicolesteck/.m2/repository/org/apiguardian/apiguardian-api/1.0.0/apiguardian-api-1.0.0.jar:/Users/nicolesteck/.m2/repository/org/junit/platform/junit-platform-engine/1.0.0/junit-platform-engine-1.0.0.jar:/Users/nicolesteck/.m2/repository/org/junit/platform/junit-platform-commons/1.0.0/junit-platform-commons-1.0.0.jar:/Users/nicolesteck/.m2/repository/org/opentest4j/opentest4j/1.0.0/opentest4j-1.0.0.jar:/Users/nicolesteck/.m2/repository/org/junit/jupiter/junit-jupiter-api/5.0.0/junit-jupiter-api-5.0.0.jar:/Users/nicolesteck/.m2/repository/junit/junit/4.12/junit-4.12.jar:/Users/nicolesteck/.m2/repository/org/hamcrest/hamcrest-core/1.3/hamcrest-core-1.3.jar:/Users/nicolesteck/.m2/repository/org/junit/platform/junit-platform-runner/1.0.0/junit-platform-runner-1.0.0.jar:/Users/nicolesteck/.m2/repository/org/junit/platform/junit-platform-launcher/1.0.0/junit-platform-launcher-1.0.0.jar:/Users/nicolesteck/.m2/repository/org/junit/platform/junit-platform-suite-api/1.0.0/junit-platform-suite-api-1.0.0.jar:/Users/nicolesteck/.m2/repository/org/junit/vintage/junit-vintage-engine/4.12.0/junit-vintage-engine-4.12.0.jar:/Users/nicolesteck/.m2/repository/javax/javaee-web-api/7.0/javaee-web-api-7.0.jar:/Users/nicolesteck/.m2/repository/org/apache/logging/log4j/log4j-api/2.10.0/log4j-api-2.10.0.jar:/Users/nicolesteck/.m2/repository/org/apache/logging/log4j/log4j-core/2.10.0/log4j-core-2.10.0.jar:/Users/nicolesteck/.m2/repository/org/hibernate/hibernate-core/5.2.12.Final/hibernate-core-5.2.12.Final.jar:/Users/nicolesteck/.m2/repository/org/jboss/logging/jboss-logging/3.3.0.Final/jboss-logging-3.3.0.Final.jar:/Users/nicolesteck/.m2/repository/org/hibernate/javax/persistence/hibernate-jpa-2.1-api/1.0.0.Final/hibernate-jpa-2.1-api-1.0.0.Final.jar:/Users/nicolesteck/.m2/repository/org/javassist/javassist/3.20.0-GA/javassist-3.20.0-GA.jar:/Users/nicolesteck/.m2/repository/antlr/antlr/2.7.7/antlr-2.7.7.jar:/Users/nicolesteck/.m2/repository/org/jboss/spec/javax/transaction/jboss-transaction-api_1.2_spec/1.0.1.Final/jboss-transaction-api_1.2_spec-1.0.1.Final.jar:/Users/nicolesteck/.m2/repository/org/jboss/jandex/2.0.3.Final/jandex-2.0.3.Final.jar:/Users/nicolesteck/.m2/repository/com/fasterxml/classmate/1.3.0/classmate-1.3.0.jar:/Users/nicolesteck/.m2/repository/dom4j/dom4j/1.6.1/dom4j-1.6.1.jar:/Users/nicolesteck/.m2/repository/org/hibernate/common/hibernate-commons-annotations/5.0.1.Final/hibernate-commons-annotations-5.0.1.Final.jar:/Users/nicolesteck/.m2/repository/org/hibernate/hibernate-c3p0/5.2.12.Final/hibernate-c3p0-5.2.12.Final.jar:/Users/nicolesteck/.m2/repository/com/mchange/c3p0/0.9.5.2/c3p0-0.9.5.2.jar:/Users/nicolesteck/.m2/repository/com/mchange/mchange-commons-java/0.2.11/mchange-commons-java-0.2.11.jar:/Users/nicolesteck/.m2/repository/mysql/mysql-connector-java/5.1.39/mysql-connector-java-5.1.39.jar:/Users/nicolesteck/.m2/repository/jstl/jstl/1.2/jstl-1.2.jar:/Users/nicolesteck/.m2/repository/javax/servlet/jstl/1.2/jstl-1.2.jar:/Applications/IntelliJ IDEA.app/Contents/lib/idea_rt.jar, java.vm.vendor=Oracle Corporation, sun.arch.data.model=64, idea.test.cyclic.buffer.size=1048576, java.vendor.url=http://java.oracle.com/, user.timezone=America/Chicago, os.name=Mac OS X, java.vm.specification.version=1.8, user.country=US, sun.java.launcher=SUN_STANDARD, sun.boot.library.path=/Library/Java/JavaVirtualMachines/jdk1.8.0_162.jdk/Contents/Home/jre/lib, sun.java.command=com.intellij.rt.execution.junit.JUnitStarter -ideVersion5 -junit5 edu.matc.persistence.UserDaoTest, http.nonProxyHosts=local|*.local|169.254/16|*.169.254/16, sun.cpu.endian=little, hibernate.c3p0.max_statements=50, user.home=/Users/nicolesteck, user.language=en, java.specification.vendor=Oracle Corporation, java.home=/Library/Java/JavaVirtualMachines/jdk1.8.0_162.jdk/Contents/Home/jre, file.separator=/, line.separator=
, hibernate.c3p0.timeout=300, java.vm.specification.vendor=Oracle Corporation, java.specification.name=Java Platform API Specification, java.awt.graphicsenv=sun.awt.CGraphicsEnvironment, sun.boot.class.path=/Library/Java/JavaVirtualMachines/jdk1.8.0_162.jdk/Contents/Home/jre/lib/resources.jar:/Library/Java/JavaVirtualMachines/jdk1.8.0_162.jdk/Contents/Home/jre/lib/rt.jar:/Library/Java/JavaVirtualMachines/jdk1.8.0_162.jdk/Contents/Home/jre/lib/sunrsasign.jar:/Library/Java/JavaVirtualMachines/jdk1.8.0_162.jdk/Contents/Home/jre/lib/jsse.jar:/Library/Java/JavaVirtualMachines/jdk1.8.0_162.jdk/Contents/Home/jre/lib/jce.jar:/Library/Java/JavaVirtualMachines/jdk1.8.0_162.jdk/Contents/Home/jre/lib/charsets.jar:/Library/Java/JavaVirtualMachines/jdk1.8.0_162.jdk/Contents/Home/jre/lib/jfr.jar:/Library/Java/JavaVirtualMachines/jdk1.8.0_162.jdk/Contents/Home/jre/classes, connection.password=password, sun.management.compiler=HotSpot 64-Bit Tiered Compilers, hibernate.c3p0.max_size=20, ftp.nonProxyHosts=local|*.local|169.254/16|*.169.254/16, java.runtime.version=1.8.0_162-b12, user.name=nicolesteck, path.separator=:, hibernate.connection.username=root, os.version=10.13.2, java.endorsed.dirs=/Library/Java/JavaVirtualMachines/jdk1.8.0_162.jdk/Contents/Home/jre/lib/endorsed, java.runtime.name=Java(TM) SE Runtime Environment, hibernate.connection.url=jdbc:mysql://localhost:3306/test_sample, file.encoding=UTF-8, java.vm.name=Java HotSpot(TM) 64-Bit Server VM, hibernate.connection.driver_class=com.mysql.jdbc.Driver, java.vendor.url.bug=http://bugreport.sun.com/bugreport/, java.io.tmpdir=/var/folders/cm/7hr4w3956s376pt6xd4jsb3m0000gn/T/, java.version=1.8.0_162, user.dir=/Users/nicolesteck/IdeaProjects/IndividualProject, os.arch=x86_64, connection.username=root, java.vm.specification.name=Java Virtual Machine Specification, hibernate.connection.password=****, java.awt.printerjob=sun.lwawt.macosx.CPrinterJob, sun.os.patch.level=unknown, connection.driver_class=com.mysql.jdbc.Driver, hibernate.boot.CfgXmlAccessService.key=org.hibernate.boot.cfgxml.spi.LoadedConfig@76a82f33, java.library.path=/Users/nicolesteck/Library/Java/Extensions:/Library/Java/Extensions:/Network/Library/Java/Extensions:/System/Library/Java/Extensions:/usr/lib/java:., java.vm.info=mixed mode, java.vendor=Oracle Corporation, java.vm.version=25.162-b12, hibernate.bytecode.use_reflection_optimizer=false, java.ext.dirs=/Users/nicolesteck/Library/Java/Extensions:/Library/Java/JavaVirtualMachines/jdk1.8.0_162.jdk/Contents/Home/jre/lib/ext:/Library/Java/Extensions:/Network/Library/Java/Extensions:/System/Library/Java/Extensions:/usr/lib/java, sun.io.unicode.encoding=UnicodeBig, connection.url=jdbc:mysql://localhost:3306/test_sample, java.class.version=52.0, socksNonProxyHosts=local|*.local|169.254/16|*.169.254/16}
[DEBUG] 2018-02-07 20:43:19.979 [main] TypeSafeActivator - Unable to acquire Bean Validation ValidatorFactory, skipping activation
[DEBUG] 2018-02-07 20:43:19.979 [main] JaccIntegrator - Skipping JACC integration as it was not enabled
[DEBUG] 2018-02-07 20:43:19.981 [main] SessionFactoryImpl - Instantiated session factory
[DEBUG] 2018-02-07 20:43:20.056 [main] ClassLoaderAccessImpl - Not known whether passed class name [edu.matc.entity.User] is safe
[DEBUG] 2018-02-07 20:43:20.057 [main] ClassLoaderAccessImpl - No temp ClassLoader provided; using live ClassLoader for loading potentially unsafe class : edu.matc.entity.User
[DEBUG] 2018-02-07 20:43:20.084 [main] ClassLoaderAccessImpl - Not known whether passed class name [edu.matc.entity.User] is safe
[DEBUG] 2018-02-07 20:43:20.084 [main] ClassLoaderAccessImpl - No temp ClassLoader provided; using live ClassLoader for loading potentially unsafe class : edu.matc.entity.User
[DEBUG] 2018-02-07 20:43:20.203 [main] AbstractEntityPersister - Static SQL for entity: edu.matc.entity.User
[DEBUG] 2018-02-07 20:43:20.203 [main] AbstractEntityPersister -  Version select: select id from users where id =?
[DEBUG] 2018-02-07 20:43:20.203 [main] AbstractEntityPersister -  Snapshot select: select user_.id, user_.first_name as first_na2_0_, user_.last_name as last_nam3_0_ from users user_ where user_.id=?
[DEBUG] 2018-02-07 20:43:20.203 [main] AbstractEntityPersister -  Insert 0: insert into users (first_name, last_name, id) values (?, ?, ?)
[DEBUG] 2018-02-07 20:43:20.203 [main] AbstractEntityPersister -  Update 0: update users set first_name=?, last_name=? where id=?
[DEBUG] 2018-02-07 20:43:20.203 [main] AbstractEntityPersister -  Delete 0: delete from users where id=?
[DEBUG] 2018-02-07 20:43:20.203 [main] AbstractEntityPersister -  Identity insert: insert into users (first_name, last_name) values (?, ?)
[DEBUG] 2018-02-07 20:43:20.226 [main] QuerySpacesImpl - Adding QuerySpace : uid = <gen:0> -> org.hibernate.loader.plan.build.internal.spaces.EntityQuerySpaceImpl@1556f2dd]
[DEBUG] 2018-02-07 20:43:20.227 [main] MetamodelGraphWalker - Visiting attribute path : firstName
[DEBUG] 2018-02-07 20:43:20.227 [main] MetamodelGraphWalker - Visiting attribute path : lastName
[DEBUG] 2018-02-07 20:43:20.227 [main] FetchStyleLoadPlanBuildingAssociationVisitationStrategy - Building LoadPlan...
[DEBUG] 2018-02-07 20:43:20.246 [main] LoadQueryJoinAndFetchProcessor - processing queryspace <gen:0>
[DEBUG] 2018-02-07 20:43:20.251 [main] LoadPlanTreePrinter - LoadPlan(entity=edu.matc.entity.User)
    - Returns
       - EntityReturnImpl(entity=edu.matc.entity.User, querySpaceUid=<gen:0>, path=edu.matc.entity.User)
    - QuerySpaces
       - EntityQuerySpaceImpl(uid=<gen:0>, entity=edu.matc.entity.User)
          - SQL table alias mapping - user0_
          - alias suffix - 0_
          - suffixed key columns - {id1_0_0_}

[DEBUG] 2018-02-07 20:43:20.254 [main] EntityLoader - Static select for entity edu.matc.entity.User [NONE]: select user0_.id as id1_0_0_, user0_.first_name as first_na2_0_0_, user0_.last_name as last_nam3_0_0_ from users user0_ where user0_.id=?
[DEBUG] 2018-02-07 20:43:20.255 [main] QuerySpacesImpl - Adding QuerySpace : uid = <gen:0> -> org.hibernate.loader.plan.build.internal.spaces.EntityQuerySpaceImpl@2237bada]
[DEBUG] 2018-02-07 20:43:20.255 [main] MetamodelGraphWalker - Visiting attribute path : firstName
[DEBUG] 2018-02-07 20:43:20.255 [main] MetamodelGraphWalker - Visiting attribute path : lastName
[DEBUG] 2018-02-07 20:43:20.255 [main] FetchStyleLoadPlanBuildingAssociationVisitationStrategy - Building LoadPlan...
[DEBUG] 2018-02-07 20:43:20.255 [main] LoadQueryJoinAndFetchProcessor - processing queryspace <gen:0>
[DEBUG] 2018-02-07 20:43:20.256 [main] LoadPlanTreePrinter - LoadPlan(entity=edu.matc.entity.User)
    - Returns
       - EntityReturnImpl(entity=edu.matc.entity.User, querySpaceUid=<gen:0>, path=edu.matc.entity.User)
    - QuerySpaces
       - EntityQuerySpaceImpl(uid=<gen:0>, entity=edu.matc.entity.User)
          - SQL table alias mapping - user0_
          - alias suffix - 0_
          - suffixed key columns - {id1_0_0_}

[DEBUG] 2018-02-07 20:43:20.256 [main] EntityLoader - Static select for entity edu.matc.entity.User [READ]: select user0_.id as id1_0_0_, user0_.first_name as first_na2_0_0_, user0_.last_name as last_nam3_0_0_ from users user0_ where user0_.id=?
[DEBUG] 2018-02-07 20:43:20.256 [main] QuerySpacesImpl - Adding QuerySpace : uid = <gen:0> -> org.hibernate.loader.plan.build.internal.spaces.EntityQuerySpaceImpl@5710768a]
[DEBUG] 2018-02-07 20:43:20.256 [main] MetamodelGraphWalker - Visiting attribute path : firstName
[DEBUG] 2018-02-07 20:43:20.256 [main] MetamodelGraphWalker - Visiting attribute path : lastName
[DEBUG] 2018-02-07 20:43:20.256 [main] FetchStyleLoadPlanBuildingAssociationVisitationStrategy - Building LoadPlan...
[DEBUG] 2018-02-07 20:43:20.257 [main] LoadQueryJoinAndFetchProcessor - processing queryspace <gen:0>
[DEBUG] 2018-02-07 20:43:20.257 [main] LoadPlanTreePrinter - LoadPlan(entity=edu.matc.entity.User)
    - Returns
       - EntityReturnImpl(entity=edu.matc.entity.User, querySpaceUid=<gen:0>, path=edu.matc.entity.User)
    - QuerySpaces
       - EntityQuerySpaceImpl(uid=<gen:0>, entity=edu.matc.entity.User)
          - SQL table alias mapping - user0_
          - alias suffix - 0_
          - suffixed key columns - {id1_0_0_}

[DEBUG] 2018-02-07 20:43:20.257 [main] EntityLoader - Static select for entity edu.matc.entity.User [UPGRADE]: select user0_.id as id1_0_0_, user0_.first_name as first_na2_0_0_, user0_.last_name as last_nam3_0_0_ from users user0_ where user0_.id=? for update
[DEBUG] 2018-02-07 20:43:20.257 [main] QuerySpacesImpl - Adding QuerySpace : uid = <gen:0> -> org.hibernate.loader.plan.build.internal.spaces.EntityQuerySpaceImpl@6e0d4a8]
[DEBUG] 2018-02-07 20:43:20.257 [main] MetamodelGraphWalker - Visiting attribute path : firstName
[DEBUG] 2018-02-07 20:43:20.258 [main] MetamodelGraphWalker - Visiting attribute path : lastName
[DEBUG] 2018-02-07 20:43:20.258 [main] FetchStyleLoadPlanBuildingAssociationVisitationStrategy - Building LoadPlan...
[DEBUG] 2018-02-07 20:43:20.258 [main] LoadQueryJoinAndFetchProcessor - processing queryspace <gen:0>
[DEBUG] 2018-02-07 20:43:20.258 [main] LoadPlanTreePrinter - LoadPlan(entity=edu.matc.entity.User)
    - Returns
       - EntityReturnImpl(entity=edu.matc.entity.User, querySpaceUid=<gen:0>, path=edu.matc.entity.User)
    - QuerySpaces
       - EntityQuerySpaceImpl(uid=<gen:0>, entity=edu.matc.entity.User)
          - SQL table alias mapping - user0_
          - alias suffix - 0_
          - suffixed key columns - {id1_0_0_}

[DEBUG] 2018-02-07 20:43:20.258 [main] EntityLoader - Static select for entity edu.matc.entity.User [UPGRADE_NOWAIT]: select user0_.id as id1_0_0_, user0_.first_name as first_na2_0_0_, user0_.last_name as last_nam3_0_0_ from users user0_ where user0_.id=? for update
[DEBUG] 2018-02-07 20:43:20.258 [main] QuerySpacesImpl - Adding QuerySpace : uid = <gen:0> -> org.hibernate.loader.plan.build.internal.spaces.EntityQuerySpaceImpl@30272916]
[DEBUG] 2018-02-07 20:43:20.259 [main] MetamodelGraphWalker - Visiting attribute path : firstName
[DEBUG] 2018-02-07 20:43:20.259 [main] MetamodelGraphWalker - Visiting attribute path : lastName
[DEBUG] 2018-02-07 20:43:20.259 [main] FetchStyleLoadPlanBuildingAssociationVisitationStrategy - Building LoadPlan...
[DEBUG] 2018-02-07 20:43:20.259 [main] LoadQueryJoinAndFetchProcessor - processing queryspace <gen:0>
[DEBUG] 2018-02-07 20:43:20.259 [main] LoadPlanTreePrinter - LoadPlan(entity=edu.matc.entity.User)
    - Returns
       - EntityReturnImpl(entity=edu.matc.entity.User, querySpaceUid=<gen:0>, path=edu.matc.entity.User)
    - QuerySpaces
       - EntityQuerySpaceImpl(uid=<gen:0>, entity=edu.matc.entity.User)
          - SQL table alias mapping - user0_
          - alias suffix - 0_
          - suffixed key columns - {id1_0_0_}

[DEBUG] 2018-02-07 20:43:20.260 [main] EntityLoader - Static select for entity edu.matc.entity.User [UPGRADE_SKIPLOCKED]: select user0_.id as id1_0_0_, user0_.first_name as first_na2_0_0_, user0_.last_name as last_nam3_0_0_ from users user0_ where user0_.id=? for update
[DEBUG] 2018-02-07 20:43:20.260 [main] QuerySpacesImpl - Adding QuerySpace : uid = <gen:0> -> org.hibernate.loader.plan.build.internal.spaces.EntityQuerySpaceImpl@5bf61e67]
[DEBUG] 2018-02-07 20:43:20.260 [main] MetamodelGraphWalker - Visiting attribute path : firstName
[DEBUG] 2018-02-07 20:43:20.261 [main] MetamodelGraphWalker - Visiting attribute path : lastName
[DEBUG] 2018-02-07 20:43:20.261 [main] FetchStyleLoadPlanBuildingAssociationVisitationStrategy - Building LoadPlan...
[DEBUG] 2018-02-07 20:43:20.261 [main] LoadQueryJoinAndFetchProcessor - processing queryspace <gen:0>
[DEBUG] 2018-02-07 20:43:20.262 [main] LoadPlanTreePrinter - LoadPlan(entity=edu.matc.entity.User)
    - Returns
       - EntityReturnImpl(entity=edu.matc.entity.User, querySpaceUid=<gen:0>, path=edu.matc.entity.User)
    - QuerySpaces
       - EntityQuerySpaceImpl(uid=<gen:0>, entity=edu.matc.entity.User)
          - SQL table alias mapping - user0_
          - alias suffix - 0_
          - suffixed key columns - {id1_0_0_}

[DEBUG] 2018-02-07 20:43:20.262 [main] EntityLoader - Static select for entity edu.matc.entity.User [FORCE]: select user0_.id as id1_0_0_, user0_.first_name as first_na2_0_0_, user0_.last_name as last_nam3_0_0_ from users user0_ where user0_.id=? for update
[DEBUG] 2018-02-07 20:43:20.262 [main] QuerySpacesImpl - Adding QuerySpace : uid = <gen:0> -> org.hibernate.loader.plan.build.internal.spaces.EntityQuerySpaceImpl@b273a59]
[DEBUG] 2018-02-07 20:43:20.263 [main] MetamodelGraphWalker - Visiting attribute path : firstName
[DEBUG] 2018-02-07 20:43:20.263 [main] MetamodelGraphWalker - Visiting attribute path : lastName
[DEBUG] 2018-02-07 20:43:20.263 [main] FetchStyleLoadPlanBuildingAssociationVisitationStrategy - Building LoadPlan...
[DEBUG] 2018-02-07 20:43:20.263 [main] LoadQueryJoinAndFetchProcessor - processing queryspace <gen:0>
[DEBUG] 2018-02-07 20:43:20.263 [main] LoadPlanTreePrinter - LoadPlan(entity=edu.matc.entity.User)
    - Returns
       - EntityReturnImpl(entity=edu.matc.entity.User, querySpaceUid=<gen:0>, path=edu.matc.entity.User)
    - QuerySpaces
       - EntityQuerySpaceImpl(uid=<gen:0>, entity=edu.matc.entity.User)
          - SQL table alias mapping - user0_
          - alias suffix - 0_
          - suffixed key columns - {id1_0_0_}

[DEBUG] 2018-02-07 20:43:20.264 [main] EntityLoader - Static select for entity edu.matc.entity.User [PESSIMISTIC_READ]: select user0_.id as id1_0_0_, user0_.first_name as first_na2_0_0_, user0_.last_name as last_nam3_0_0_ from users user0_ where user0_.id=? lock in share mode
[DEBUG] 2018-02-07 20:43:20.264 [main] QuerySpacesImpl - Adding QuerySpace : uid = <gen:0> -> org.hibernate.loader.plan.build.internal.spaces.EntityQuerySpaceImpl@251ebf23]
[DEBUG] 2018-02-07 20:43:20.264 [main] MetamodelGraphWalker - Visiting attribute path : firstName
[DEBUG] 2018-02-07 20:43:20.264 [main] MetamodelGraphWalker - Visiting attribute path : lastName
[DEBUG] 2018-02-07 20:43:20.264 [main] FetchStyleLoadPlanBuildingAssociationVisitationStrategy - Building LoadPlan...
[DEBUG] 2018-02-07 20:43:20.264 [main] LoadQueryJoinAndFetchProcessor - processing queryspace <gen:0>
[DEBUG] 2018-02-07 20:43:20.264 [main] LoadPlanTreePrinter - LoadPlan(entity=edu.matc.entity.User)
    - Returns
       - EntityReturnImpl(entity=edu.matc.entity.User, querySpaceUid=<gen:0>, path=edu.matc.entity.User)
    - QuerySpaces
       - EntityQuerySpaceImpl(uid=<gen:0>, entity=edu.matc.entity.User)
          - SQL table alias mapping - user0_
          - alias suffix - 0_
          - suffixed key columns - {id1_0_0_}

[DEBUG] 2018-02-07 20:43:20.265 [main] EntityLoader - Static select for entity edu.matc.entity.User [PESSIMISTIC_WRITE]: select user0_.id as id1_0_0_, user0_.first_name as first_na2_0_0_, user0_.last_name as last_nam3_0_0_ from users user0_ where user0_.id=? for update
[DEBUG] 2018-02-07 20:43:20.265 [main] QuerySpacesImpl - Adding QuerySpace : uid = <gen:0> -> org.hibernate.loader.plan.build.internal.spaces.EntityQuerySpaceImpl@1b70203f]
[DEBUG] 2018-02-07 20:43:20.265 [main] MetamodelGraphWalker - Visiting attribute path : firstName
[DEBUG] 2018-02-07 20:43:20.265 [main] MetamodelGraphWalker - Visiting attribute path : lastName
[DEBUG] 2018-02-07 20:43:20.265 [main] FetchStyleLoadPlanBuildingAssociationVisitationStrategy - Building LoadPlan...
[DEBUG] 2018-02-07 20:43:20.265 [main] LoadQueryJoinAndFetchProcessor - processing queryspace <gen:0>
[DEBUG] 2018-02-07 20:43:20.266 [main] LoadPlanTreePrinter - LoadPlan(entity=edu.matc.entity.User)
    - Returns
       - EntityReturnImpl(entity=edu.matc.entity.User, querySpaceUid=<gen:0>, path=edu.matc.entity.User)
    - QuerySpaces
       - EntityQuerySpaceImpl(uid=<gen:0>, entity=edu.matc.entity.User)
          - SQL table alias mapping - user0_
          - alias suffix - 0_
          - suffixed key columns - {id1_0_0_}

[DEBUG] 2018-02-07 20:43:20.266 [main] EntityLoader - Static select for entity edu.matc.entity.User [PESSIMISTIC_FORCE_INCREMENT]: select user0_.id as id1_0_0_, user0_.first_name as first_na2_0_0_, user0_.last_name as last_nam3_0_0_ from users user0_ where user0_.id=? for update
[DEBUG] 2018-02-07 20:43:20.266 [main] QuerySpacesImpl - Adding QuerySpace : uid = <gen:0> -> org.hibernate.loader.plan.build.internal.spaces.EntityQuerySpaceImpl@15051a0]
[DEBUG] 2018-02-07 20:43:20.266 [main] MetamodelGraphWalker - Visiting attribute path : firstName
[DEBUG] 2018-02-07 20:43:20.266 [main] MetamodelGraphWalker - Visiting attribute path : lastName
[DEBUG] 2018-02-07 20:43:20.266 [main] FetchStyleLoadPlanBuildingAssociationVisitationStrategy - Building LoadPlan...
[DEBUG] 2018-02-07 20:43:20.266 [main] LoadQueryJoinAndFetchProcessor - processing queryspace <gen:0>
[DEBUG] 2018-02-07 20:43:20.267 [main] LoadPlanTreePrinter - LoadPlan(entity=edu.matc.entity.User)
    - Returns
       - EntityReturnImpl(entity=edu.matc.entity.User, querySpaceUid=<gen:0>, path=edu.matc.entity.User)
    - QuerySpaces
       - EntityQuerySpaceImpl(uid=<gen:0>, entity=edu.matc.entity.User)
          - SQL table alias mapping - user0_
          - alias suffix - 0_
          - suffixed key columns - {id1_0_0_}

[DEBUG] 2018-02-07 20:43:20.267 [main] EntityLoader - Static select for entity edu.matc.entity.User [OPTIMISTIC]: select user0_.id as id1_0_0_, user0_.first_name as first_na2_0_0_, user0_.last_name as last_nam3_0_0_ from users user0_ where user0_.id=?
[DEBUG] 2018-02-07 20:43:20.267 [main] QuerySpacesImpl - Adding QuerySpace : uid = <gen:0> -> org.hibernate.loader.plan.build.internal.spaces.EntityQuerySpaceImpl@b09fac1]
[DEBUG] 2018-02-07 20:43:20.267 [main] MetamodelGraphWalker - Visiting attribute path : firstName
[DEBUG] 2018-02-07 20:43:20.267 [main] MetamodelGraphWalker - Visiting attribute path : lastName
[DEBUG] 2018-02-07 20:43:20.267 [main] FetchStyleLoadPlanBuildingAssociationVisitationStrategy - Building LoadPlan...
[DEBUG] 2018-02-07 20:43:20.267 [main] LoadQueryJoinAndFetchProcessor - processing queryspace <gen:0>
[DEBUG] 2018-02-07 20:43:20.268 [main] LoadPlanTreePrinter - LoadPlan(entity=edu.matc.entity.User)
    - Returns
       - EntityReturnImpl(entity=edu.matc.entity.User, querySpaceUid=<gen:0>, path=edu.matc.entity.User)
    - QuerySpaces
       - EntityQuerySpaceImpl(uid=<gen:0>, entity=edu.matc.entity.User)
          - SQL table alias mapping - user0_
          - alias suffix - 0_
          - suffixed key columns - {id1_0_0_}

[DEBUG] 2018-02-07 20:43:20.268 [main] EntityLoader - Static select for entity edu.matc.entity.User [OPTIMISTIC_FORCE_INCREMENT]: select user0_.id as id1_0_0_, user0_.first_name as first_na2_0_0_, user0_.last_name as last_nam3_0_0_ from users user0_ where user0_.id=?
[DEBUG] 2018-02-07 20:43:20.305 [main] Loader - Static select for action ACTION_MERGE on entity edu.matc.entity.User: select user0_.id as id1_0_0_, user0_.first_name as first_na2_0_0_, user0_.last_name as last_nam3_0_0_ from users user0_ where user0_.id=?
[DEBUG] 2018-02-07 20:43:20.305 [main] Loader - Static select for action ACTION_REFRESH on entity edu.matc.entity.User: select user0_.id as id1_0_0_, user0_.first_name as first_na2_0_0_, user0_.last_name as last_nam3_0_0_ from users user0_ where user0_.id=?
[DEBUG] 2018-02-07 20:43:20.360 [main] SchemaManagementToolCoordinator - No actions specified; doing nothing
[DEBUG] 2018-02-07 20:43:20.360 [main] JtaPlatformInitiator - No JtaPlatform was specified, checking resolver
[DEBUG] 2018-02-07 20:43:20.361 [main] JtaPlatformResolverInitiator - No JtaPlatformResolver was specified, using default [org.hibernate.engine.transaction.jta.platform.internal.StandardJtaPlatformResolver]
[DEBUG] 2018-02-07 20:43:20.373 [main] StandardJtaPlatformResolver - Could not resolve JtaPlatform, using default [org.hibernate.engine.transaction.jta.platform.internal.NoJtaPlatform]
[DEBUG] 2018-02-07 20:43:20.377 [main] NamedQueryRepository - Checking 0 named HQL queries
[DEBUG] 2018-02-07 20:43:20.377 [main] NamedQueryRepository - Checking 0 named SQL queries
[DEBUG] 2018-02-07 20:43:20.380 [main] SessionFactoryRegistry - Initializing SessionFactoryRegistry : org.hibernate.internal.SessionFactoryRegistry@1bdbf9be
[DEBUG] 2018-02-07 20:43:20.391 [main] SessionFactoryRegistry - Registering SessionFactory: b4fd632d-0059-4204-80cf-334ea0785df2 (<unnamed>)
[DEBUG] 2018-02-07 20:43:20.391 [main] SessionFactoryRegistry - Not binding SessionFactory to JNDI, no JNDI name configured
[DEBUG] 2018-02-07 20:43:20.708 [main] StatisticsInitiator - Statistics initialized [enabled=false]
[DEBUG] 2018-02-07 20:43:20.727 [main] SQL - select user0_.id as id1_0_0_, user0_.first_name as first_na2_0_0_, user0_.last_name as last_nam3_0_0_ from users user0_ where user0_.id=?
[DEBUG] 2018-02-07 20:43:20.772 [main] ResultSetProcessorImpl - Starting ResultSet row #0
[DEBUG] 2018-02-07 20:43:20.773 [main] EntityReferenceInitializerImpl - On call to EntityIdentifierReaderImpl#resolve, EntityKey was already known; should only happen on root returns with an optional identifier specified
[DEBUG] 2018-02-07 20:43:20.790 [main] TwoPhaseLoad - Resolving associations for [edu.matc.entity.User#5]
[DEBUG] 2018-02-07 20:43:20.794 [main] TwoPhaseLoad - Done materializing entity [edu.matc.entity.User#5]
[DEBUG] 2018-02-07 20:43:20.794 [main] ResourceRegistryStandardImpl - HHH000387: ResultSet's statement was not registered
[DEBUG] 2018-02-07 20:43:20.795 [main] AbstractLoadPlanBasedEntityLoader - Done entity load : edu.matc.entity.User#5
[DEBUG] 2018-02-07 20:43:20.795 [main] LogicalConnectionManagedImpl - Initiating JDBC connection release from afterTransaction
[DEBUG] 2018-02-07 20:43:20.800 [main] TransactionImpl - begin
[DEBUG] 2018-02-07 20:43:20.817 [main] TransactionImpl - committing
[DEBUG] 2018-02-07 20:43:20.818 [main] AbstractFlushingEventListener - Processing flush-time cascades
[DEBUG] 2018-02-07 20:43:20.818 [main] AbstractFlushingEventListener - Dirty checking collections
[DEBUG] 2018-02-07 20:43:20.820 [main] AbstractFlushingEventListener - Flushed: 0 insertions, 0 updates, 1 deletions to 1 objects
[DEBUG] 2018-02-07 20:43:20.820 [main] AbstractFlushingEventListener - Flushed: 0 (re)creations, 0 updates, 0 removals to 0 collections
[DEBUG] 2018-02-07 20:43:20.826 [main] EntityPrinter - Listing entities:
[DEBUG] 2018-02-07 20:43:20.826 [main] EntityPrinter - edu.matc.entity.User{firstName=Dianne, lastName=Klein, id=5}
[DEBUG] 2018-02-07 20:43:20.835 [main] SQL - delete from users where id=?
[DEBUG] 2018-02-07 20:43:20.842 [main] LogicalConnectionManagedImpl - Initiating JDBC connection release from afterTransaction
[DEBUG] 2018-02-07 20:43:20.845 [main] LogicalConnectionManagedImpl - Initiating JDBC connection release from afterTransaction
[DEBUG] 2018-02-07 20:43:20.845 [main] JdbcCoordinatorImpl - HHH000420: Closing un-released batch
[DEBUG] 2018-02-07 20:43:20.846 [main] SQL - select user0_.id as id1_0_0_, user0_.first_name as first_na2_0_0_, user0_.last_name as last_nam3_0_0_ from users user0_ where user0_.id=?
[DEBUG] 2018-02-07 20:43:20.847 [main] ResourceRegistryStandardImpl - HHH000387: ResultSet's statement was not registered
[DEBUG] 2018-02-07 20:43:20.847 [main] AbstractLoadPlanBasedEntityLoader - Done entity load : edu.matc.entity.User#5
[DEBUG] 2018-02-07 20:43:20.847 [main] LogicalConnectionManagedImpl - Initiating JDBC connection release from afterTransaction
[DEBUG] 2018-02-07 20:43:20.945 [main] SQL - select user0_.id as id1_0_0_, user0_.first_name as first_na2_0_0_, user0_.last_name as last_nam3_0_0_ from users user0_ where user0_.id=?
[DEBUG] 2018-02-07 20:43:20.946 [main] ResultSetProcessorImpl - Starting ResultSet row #0
[DEBUG] 2018-02-07 20:43:20.947 [main] EntityReferenceInitializerImpl - On call to EntityIdentifierReaderImpl#resolve, EntityKey was already known; should only happen on root returns with an optional identifier specified
[DEBUG] 2018-02-07 20:43:20.947 [main] TwoPhaseLoad - Resolving associations for [edu.matc.entity.User#3]
[DEBUG] 2018-02-07 20:43:20.947 [main] TwoPhaseLoad - Done materializing entity [edu.matc.entity.User#3]
[DEBUG] 2018-02-07 20:43:20.947 [main] ResourceRegistryStandardImpl - HHH000387: ResultSet's statement was not registered
[DEBUG] 2018-02-07 20:43:20.947 [main] AbstractLoadPlanBasedEntityLoader - Done entity load : edu.matc.entity.User#3
[DEBUG] 2018-02-07 20:43:20.948 [main] LogicalConnectionManagedImpl - Initiating JDBC connection release from afterTransaction
[DEBUG] 2018-02-07 20:43:20.971 [main] SQL - select user0_.id as id1_0_0_, user0_.first_name as first_na2_0_0_, user0_.last_name as last_nam3_0_0_ from users user0_ where user0_.id=?
[DEBUG] 2018-02-07 20:43:20.974 [main] ResultSetProcessorImpl - Starting ResultSet row #0
[DEBUG] 2018-02-07 20:43:20.975 [main] EntityReferenceInitializerImpl - On call to EntityIdentifierReaderImpl#resolve, EntityKey was already known; should only happen on root returns with an optional identifier specified
[DEBUG] 2018-02-07 20:43:20.976 [main] TwoPhaseLoad - Resolving associations for [edu.matc.entity.User#3]
[DEBUG] 2018-02-07 20:43:20.977 [main] TwoPhaseLoad - Done materializing entity [edu.matc.entity.User#3]
[DEBUG] 2018-02-07 20:43:20.978 [main] ResourceRegistryStandardImpl - HHH000387: ResultSet's statement was not registered
[DEBUG] 2018-02-07 20:43:20.978 [main] AbstractLoadPlanBasedEntityLoader - Done entity load : edu.matc.entity.User#3
[DEBUG] 2018-02-07 20:43:20.979 [main] LogicalConnectionManagedImpl - Initiating JDBC connection release from afterTransaction
[DEBUG] 2018-02-07 20:43:20.981 [main] TransactionImpl - begin
[DEBUG] 2018-02-07 20:43:20.989 [main] TransactionImpl - committing
[DEBUG] 2018-02-07 20:43:20.990 [main] AbstractFlushingEventListener - Processing flush-time cascades
[DEBUG] 2018-02-07 20:43:20.991 [main] AbstractFlushingEventListener - Dirty checking collections
[DEBUG] 2018-02-07 20:43:20.994 [main] AbstractFlushingEventListener - Flushed: 0 insertions, 1 updates, 0 deletions to 1 objects
[DEBUG] 2018-02-07 20:43:20.995 [main] AbstractFlushingEventListener - Flushed: 0 (re)creations, 0 updates, 0 removals to 0 collections
[DEBUG] 2018-02-07 20:43:20.995 [main] EntityPrinter - Listing entities:
[DEBUG] 2018-02-07 20:43:20.996 [main] EntityPrinter - edu.matc.entity.User{firstName=Barney, lastName=Wolfenstein, id=3}
[DEBUG] 2018-02-07 20:43:20.996 [main] SQL - update users set first_name=?, last_name=? where id=?
[DEBUG] 2018-02-07 20:43:20.999 [main] LogicalConnectionManagedImpl - Initiating JDBC connection release from afterTransaction
[DEBUG] 2018-02-07 20:43:21.001 [main] LogicalConnectionManagedImpl - Initiating JDBC connection release from afterTransaction
[DEBUG] 2018-02-07 20:43:21.001 [main] JdbcCoordinatorImpl - HHH000420: Closing un-released batch
[DEBUG] 2018-02-07 20:43:21.001 [main] SQL - select user0_.id as id1_0_0_, user0_.first_name as first_na2_0_0_, user0_.last_name as last_nam3_0_0_ from users user0_ where user0_.id=?
[DEBUG] 2018-02-07 20:43:21.004 [main] ResultSetProcessorImpl - Starting ResultSet row #0
[DEBUG] 2018-02-07 20:43:21.004 [main] EntityReferenceInitializerImpl - On call to EntityIdentifierReaderImpl#resolve, EntityKey was already known; should only happen on root returns with an optional identifier specified
[DEBUG] 2018-02-07 20:43:21.004 [main] TwoPhaseLoad - Resolving associations for [edu.matc.entity.User#3]
[DEBUG] 2018-02-07 20:43:21.005 [main] TwoPhaseLoad - Done materializing entity [edu.matc.entity.User#3]
[DEBUG] 2018-02-07 20:43:21.005 [main] ResourceRegistryStandardImpl - HHH000387: ResultSet's statement was not registered
[DEBUG] 2018-02-07 20:43:21.005 [main] AbstractLoadPlanBasedEntityLoader - Done entity load : edu.matc.entity.User#3
[DEBUG] 2018-02-07 20:43:21.005 [main] LogicalConnectionManagedImpl - Initiating JDBC connection release from afterTransaction
[DEBUG] 2018-02-07 20:43:21.073 [main] CriteriaQueryImpl - Rendered criteria query -> select generatedAlias0 from User as generatedAlias0
[DEBUG] 2018-02-07 20:43:21.103 [main] QueryTranslatorFactoryInitiator - QueryTranslatorFactory : org.hibernate.hql.internal.ast.ASTQueryTranslatorFactory@79767781
[INFO ] 2018-02-07 20:43:21.104 [main] QueryTranslatorFactoryInitiator - HHH000397: Using ASTQueryTranslatorFactory
[DEBUG] 2018-02-07 20:43:21.200 [main] QueryTranslatorImpl - parse() - HQL: select generatedAlias0 from edu.matc.entity.User as generatedAlias0
[DEBUG] 2018-02-07 20:43:21.209 [main] ErrorCounter - throwQueryException() : no errors
[DEBUG] 2018-02-07 20:43:21.212 [main] QueryTranslatorImpl - --- HQL AST ---
 \-[QUERY] Node: 'query'
    \-[SELECT_FROM] Node: 'SELECT_FROM'
       +-[FROM] Node: 'from'
       |  \-[RANGE] Node: 'RANGE'
       |     +-[DOT] Node: '.'
       |     |  +-[DOT] Node: '.'
       |     |  |  +-[DOT] Node: '.'
       |     |  |  |  +-[IDENT] Node: 'edu'
       |     |  |  |  \-[IDENT] Node: 'matc'
       |     |  |  \-[IDENT] Node: 'entity'
       |     |  \-[IDENT] Node: 'User'
       |     \-[ALIAS] Node: 'generatedAlias0'
       \-[SELECT] Node: 'select'
          \-[IDENT] Node: 'generatedAlias0'

[DEBUG] 2018-02-07 20:43:21.253 [main] HqlSqlBaseWalker - select << begin [level=1, statement=select]
[DEBUG] 2018-02-07 20:43:21.278 [main] FromElement - FromClause{level=1} : edu.matc.entity.User (generatedAlias0) -> user0_
[DEBUG] 2018-02-07 20:43:21.280 [main] FromReferenceNode - Resolved : generatedAlias0 -> user0_.id
[DEBUG] 2018-02-07 20:43:21.283 [main] HqlSqlBaseWalker - select : finishing up [level=1, statement=select]
[DEBUG] 2018-02-07 20:43:21.286 [main] HqlSqlWalker - processQuery() :  ( SELECT ( {select clause} user0_.id ) ( FromClause{level=1} users user0_ ) )
[DEBUG] 2018-02-07 20:43:21.303 [main] JoinProcessor - Using FROM fragment [users user0_]
[DEBUG] 2018-02-07 20:43:21.305 [main] HqlSqlBaseWalker - select >> end [level=1, statement=select]
[DEBUG] 2018-02-07 20:43:21.306 [main] QueryTranslatorImpl - --- SQL AST ---
 \-[SELECT] QueryNode: 'SELECT'  querySpaces (users)
    +-[SELECT_CLAUSE] SelectClause: '{select clause}'
    |  +-[ALIAS_REF] IdentNode: 'user0_.id as id1_0_' {alias=generatedAlias0, className=edu.matc.entity.User, tableAlias=user0_}
    |  \-[SQL_TOKEN] SqlFragment: 'user0_.first_name as first_na2_0_, user0_.last_name as last_nam3_0_'
    \-[FROM] FromClause: 'from' FromClause{level=1, fromElementCounter=1, fromElements=1, fromElementByClassAlias=[generatedAlias0], fromElementByTableAlias=[user0_], fromElementsByPath=[], collectionJoinFromElementsByPath=[], impliedElements=[]}
       \-[FROM_FRAGMENT] FromElement: 'users user0_' FromElement{explicit,not a collection join,not a fetch join,fetch non-lazy properties,classAlias=generatedAlias0,role=null,tableName=users,tableAlias=user0_,origin=null,columns={,className=edu.matc.entity.User}}

[DEBUG] 2018-02-07 20:43:21.306 [main] ErrorCounter - throwQueryException() : no errors
[DEBUG] 2018-02-07 20:43:21.318 [main] QueryTranslatorImpl - HQL: select generatedAlias0 from edu.matc.entity.User as generatedAlias0
[DEBUG] 2018-02-07 20:43:21.318 [main] QueryTranslatorImpl - SQL: select user0_.id as id1_0_, user0_.first_name as first_na2_0_, user0_.last_name as last_nam3_0_ from users user0_
[DEBUG] 2018-02-07 20:43:21.318 [main] ErrorCounter - throwQueryException() : no errors
[DEBUG] 2018-02-07 20:43:21.345 [main] SQL - select user0_.id as id1_0_, user0_.first_name as first_na2_0_, user0_.last_name as last_nam3_0_ from users user0_
[DEBUG] 2018-02-07 20:43:21.348 [main] Loader - Result set row: 0
[DEBUG] 2018-02-07 20:43:21.349 [main] Loader - Result row: EntityKey[edu.matc.entity.User#1]
[DEBUG] 2018-02-07 20:43:21.349 [main] Loader - Result set row: 1
[DEBUG] 2018-02-07 20:43:21.350 [main] Loader - Result row: EntityKey[edu.matc.entity.User#2]
[DEBUG] 2018-02-07 20:43:21.350 [main] Loader - Result set row: 2
[DEBUG] 2018-02-07 20:43:21.350 [main] Loader - Result row: EntityKey[edu.matc.entity.User#3]
[DEBUG] 2018-02-07 20:43:21.350 [main] Loader - Result set row: 3
[DEBUG] 2018-02-07 20:43:21.350 [main] Loader - Result row: EntityKey[edu.matc.entity.User#4]
[DEBUG] 2018-02-07 20:43:21.350 [main] Loader - Result set row: 4
[DEBUG] 2018-02-07 20:43:21.351 [main] Loader - Result row: EntityKey[edu.matc.entity.User#5]
[DEBUG] 2018-02-07 20:43:21.351 [main] Loader - Result set row: 5
[DEBUG] 2018-02-07 20:43:21.351 [main] Loader - Result row: EntityKey[edu.matc.entity.User#6]
[DEBUG] 2018-02-07 20:43:21.351 [main] TwoPhaseLoad - Resolving associations for [edu.matc.entity.User#1]
[DEBUG] 2018-02-07 20:43:21.351 [main] TwoPhaseLoad - Done materializing entity [edu.matc.entity.User#1]
[DEBUG] 2018-02-07 20:43:21.351 [main] TwoPhaseLoad - Resolving associations for [edu.matc.entity.User#2]
[DEBUG] 2018-02-07 20:43:21.351 [main] TwoPhaseLoad - Done materializing entity [edu.matc.entity.User#2]
[DEBUG] 2018-02-07 20:43:21.351 [main] TwoPhaseLoad - Resolving associations for [edu.matc.entity.User#3]
[DEBUG] 2018-02-07 20:43:21.352 [main] TwoPhaseLoad - Done materializing entity [edu.matc.entity.User#3]
[DEBUG] 2018-02-07 20:43:21.352 [main] TwoPhaseLoad - Resolving associations for [edu.matc.entity.User#4]
[DEBUG] 2018-02-07 20:43:21.352 [main] TwoPhaseLoad - Done materializing entity [edu.matc.entity.User#4]
[DEBUG] 2018-02-07 20:43:21.352 [main] TwoPhaseLoad - Resolving associations for [edu.matc.entity.User#5]
[DEBUG] 2018-02-07 20:43:21.352 [main] TwoPhaseLoad - Done materializing entity [edu.matc.entity.User#5]
[DEBUG] 2018-02-07 20:43:21.352 [main] TwoPhaseLoad - Resolving associations for [edu.matc.entity.User#6]
[DEBUG] 2018-02-07 20:43:21.352 [main] TwoPhaseLoad - Done materializing entity [edu.matc.entity.User#6]
[DEBUG] 2018-02-07 20:43:21.357 [main] LogicalConnectionManagedImpl - Initiating JDBC connection release from afterTransaction
[DEBUG] 2018-02-07 20:43:21.385 [main] TransactionImpl - begin
[DEBUG] 2018-02-07 20:43:21.392 [main] ActionQueue - Executing identity-insert immediately
[DEBUG] 2018-02-07 20:43:21.396 [main] SQL - insert into users (first_name, last_name) values (?, ?)
[DEBUG] 2018-02-07 20:43:21.401 [main] IdentifierGeneratorHelper - Natively generated identity: 17
[DEBUG] 2018-02-07 20:43:21.401 [main] ResourceRegistryStandardImpl - HHH000387: ResultSet's statement was not registered
[DEBUG] 2018-02-07 20:43:21.401 [main] TransactionImpl - committing
[DEBUG] 2018-02-07 20:43:21.401 [main] AbstractFlushingEventListener - Processing flush-time cascades
[DEBUG] 2018-02-07 20:43:21.401 [main] AbstractFlushingEventListener - Dirty checking collections
[DEBUG] 2018-02-07 20:43:21.402 [main] AbstractFlushingEventListener - Flushed: 0 insertions, 0 updates, 0 deletions to 1 objects
[DEBUG] 2018-02-07 20:43:21.402 [main] AbstractFlushingEventListener - Flushed: 0 (re)creations, 0 updates, 0 removals to 0 collections
[DEBUG] 2018-02-07 20:43:21.402 [main] EntityPrinter - Listing entities:
[DEBUG] 2018-02-07 20:43:21.402 [main] EntityPrinter - edu.matc.entity.User{firstName=Joe, lastName=Trebek, id=17}
[DEBUG] 2018-02-07 20:43:21.402 [main] LogicalConnectionManagedImpl - Initiating JDBC connection release from afterTransaction
[DEBUG] 2018-02-07 20:43:21.403 [main] LogicalConnectionManagedImpl - Initiating JDBC connection release from afterTransaction
[DEBUG] 2018-02-07 20:43:21.405 [main] SQL - select user0_.id as id1_0_0_, user0_.first_name as first_na2_0_0_, user0_.last_name as last_nam3_0_0_ from users user0_ where user0_.id=?
[DEBUG] 2018-02-07 20:43:21.407 [main] ResultSetProcessorImpl - Starting ResultSet row #0
[DEBUG] 2018-02-07 20:43:21.407 [main] EntityReferenceInitializerImpl - On call to EntityIdentifierReaderImpl#resolve, EntityKey was already known; should only happen on root returns with an optional identifier specified
[DEBUG] 2018-02-07 20:43:21.407 [main] TwoPhaseLoad - Resolving associations for [edu.matc.entity.User#17]
[DEBUG] 2018-02-07 20:43:21.407 [main] TwoPhaseLoad - Done materializing entity [edu.matc.entity.User#17]
[DEBUG] 2018-02-07 20:43:21.408 [main] ResourceRegistryStandardImpl - HHH000387: ResultSet's statement was not registered
[DEBUG] 2018-02-07 20:43:21.408 [main] AbstractLoadPlanBasedEntityLoader - Done entity load : edu.matc.entity.User#17
[DEBUG] 2018-02-07 20:43:21.408 [main] LogicalConnectionManagedImpl - Initiating JDBC connection release from afterTransaction
